================================================================================
 ERROR ANALYSIS: Myanmar Sign Language Recognition
================================================================================

[1] CLASSES FAILED BY ALL 3 MODELS (F1 < 1.0 on test set)
--------------------------------------------------------------------------------
  None! All models achieved 100% F1-score on all test classes.

[2] UNIQUE STRENGTHS (Only this model got F1=100% where others failed)
--------------------------------------------------------------------------------

[3] DETAILED ERROR TABLE (True Gloss -> Predicted Gloss)
-----------------------------------------------------------------------------------------------
Model      | True Gloss                               | Pred Gloss                               | Video Path                    
-----------------------------------------------------------------------------------------------

  Bi-LSTM: No errors on test set.

  Transformer (1 errors):
    True: လူ ကိုယ်ခန္ဓာ မီး စွဲလောင် ရင် ရေ စို အဝတ် နဲ့ မီး ငြှိမ်းသတ် ပါ ။ -> Pred: ရေ စို တဲ့ အဝတ် နဲ့ မီးလောင် နေ တဲ့ သူ ကို ဖုံးအုပ် ပေး ပါ ။ | 66.6% | data/videos/idx20-109.mp4

  ST-GCN: No errors on test set.

[4] TOP CONFUSION PAIRS PER MODEL (True -> Predicted)
--------------------------------------------------------------------------------

  Bi-LSTM:
  True Class                               Predicted Class                          Count
  ---------------------------------------------------------------------------
    မီး ။                                    -> ဖယောင်းတိုင် ။                           | 0 times
    မီး ။                                    -> ခြင်ဆေးခွေ ။                             | 0 times
    မီး ။                                    -> အမွှေးတိုင် ။                            | 0 times
    မီး ။                                    -> မီးခိုး ။                                | 0 times
    မီး ။                                    -> အောက်စီဂျင် ။                            | 0 times

  Transformer:
  True Class                               Predicted Class                          Count
  ---------------------------------------------------------------------------
    လူ ကိုယ်ခန္ဓာ မီး စွဲလောင် ရင် ရေ စို အဝတ် နဲ့ မီး ငြှိမ်းသတ် ပါ ။ -> ရေ စို တဲ့ အဝတ် နဲ့ မီးလောင် နေ တဲ့ သူ ကို ဖုံးအုပ် ပေး ပါ ။ | 1 times
    များ တယ် ။                               -> ကျေးဇူး ပြု ပြီး လူနာတင်ကား ခေါ် ပေး လို့ ရ မ လား ။ | 0 times
    များ တယ် ။                               -> သူ့ သမီး ဘာ ဖြစ် တာ လဲ ။                 | 0 times
    များ တယ် ။                               -> ခြေတောက် ပေါ် ရေနွေးပူ လောင် သွား လို့ ။ | 0 times
    များ တယ် ။                               -> ရေနွေးပူ လောင် တာ တော်တော် များ လား ။    | 0 times

  ST-GCN:
  True Class                               Predicted Class                          Count
  ---------------------------------------------------------------------------
    မီး ။                                    -> ဖယောင်းတိုင် ။                           | 0 times
    မီး ။                                    -> ခြင်ဆေးခွေ ။                             | 0 times
    မီး ။                                    -> အမွှေးတိုင် ။                            | 0 times
    မီး ။                                    -> မီးခိုး ။                                | 0 times
    မီး ။                                    -> အောက်စီဂျင် ။                            | 0 times
