shard_size = 0 shard_count = 0
Seeding random numbers with system clock 
name: case value: true
Data::m_score_type BLEU
Data::Scorer type from Scorer: BLEU
Loading Data from: run1.scores.dat and run1.features.dat
loading feature data from run1.features.dat
loading score data from run1.scores.dat
Loading Data from: run2.scores.dat and run2.features.dat
loading feature data from run2.features.dat
loading score data from run2.scores.dat
Loading Data from: run3.scores.dat and run3.features.dat
loading feature data from run3.features.dat
loading score data from run3.scores.dat
Loading Data from: run4.scores.dat and run4.features.dat
loading feature data from run4.features.dat
loading score data from run4.scores.dat
Data loaded : [Wall 1.97734 CPU 1.97735] seconds.
Creating a pool of 1 threads
Best point: 0.0509812 0.00936201 0.373714 0.00285585 0.0305738 0.00690717 0.0383497 0.0711531 0.105663 0.0482536 0.175883 -0.0283298 -0.00624768 0.0517257  => 0.695346
Stopping... : [Wall 51.3025 CPU 51.2986] seconds.
