shard_size = 0 shard_count = 0
Seeding random numbers with system clock 
name: case value: true
Data::m_score_type BLEU
Data::Scorer type from Scorer: BLEU
Loading Data from: run1.scores.dat and run1.features.dat
loading feature data from run1.features.dat
loading score data from run1.scores.dat
Loading Data from: run2.scores.dat and run2.features.dat
loading feature data from run2.features.dat
loading score data from run2.scores.dat
Loading Data from: run3.scores.dat and run3.features.dat
loading feature data from run3.features.dat
loading score data from run3.scores.dat
Loading Data from: run4.scores.dat and run4.features.dat
loading feature data from run4.features.dat
loading score data from run4.scores.dat
Loading Data from: run5.scores.dat and run5.features.dat
loading feature data from run5.features.dat
loading score data from run5.scores.dat
Data loaded : [Wall 1.16072 CPU 1.16026] seconds.
Creating a pool of 1 threads
Best point: 0.174376 0.0616415 0.0352055 0.0361827 0.0259832 -0.00367122 0.0374046 0.0467651 0.0327804 -0.4759 0.00937208 0.0366289 0.0168183 -0.00727067  => 0.786746
Stopping... : [Wall 37.4273 CPU 37.4106] seconds.
