shard_size = 0 shard_count = 0
Seeding random numbers with system clock 
name: case value: true
Data::m_score_type BLEU
Data::Scorer type from Scorer: BLEU
Loading Data from: run1.scores.dat and run1.features.dat
loading feature data from run1.features.dat
loading score data from run1.scores.dat
Loading Data from: run2.scores.dat and run2.features.dat
loading feature data from run2.features.dat
loading score data from run2.scores.dat
Loading Data from: run3.scores.dat and run3.features.dat
loading feature data from run3.features.dat
loading score data from run3.scores.dat
Loading Data from: run4.scores.dat and run4.features.dat
loading feature data from run4.features.dat
loading score data from run4.scores.dat
Data loaded : [Wall 0.945252 CPU 0.944998] seconds.
Creating a pool of 1 threads
Best point: 0.000975366 0.000846558 0.000808173 -0.0014565 0.000480538 5.24171e-06 0.000510734 0.00101355 0.000788219 -0.991686 0.000297463 0.000719187 0.000341363 -7.12129e-05  => 0.787236
Stopping... : [Wall 40.5869 CPU 40.5719] seconds.
