shard_size = 0 shard_count = 0
Seeding random numbers with system clock 
name: case value: true
Data::m_score_type BLEU
Data::Scorer type from Scorer: BLEU
Loading Data from: run1.scores.dat and run1.features.dat
loading feature data from run1.features.dat
loading score data from run1.scores.dat
Loading Data from: run2.scores.dat and run2.features.dat
loading feature data from run2.features.dat
loading score data from run2.scores.dat
Loading Data from: run3.scores.dat and run3.features.dat
loading feature data from run3.features.dat
loading score data from run3.scores.dat
Loading Data from: run4.scores.dat and run4.features.dat
loading feature data from run4.features.dat
loading score data from run4.scores.dat
Data loaded : [Wall 0.952546 CPU 0.952309] seconds.
Creating a pool of 1 threads
Best point: 0.0223408 0.0464121 0.124318 -0.11118 0.0246535 0.0542031 0.0450528 0.0987189 0.0330411 -0.305462 0.0339514 0.0670772 0.0301837 -0.00340507  => 0.786947
Stopping... : [Wall 37.3169 CPU 37.3033] seconds.
