shard_size = 0 shard_count = 0
Seeding random numbers with system clock 
name: case value: true
Data::m_score_type BLEU
Data::Scorer type from Scorer: BLEU
Loading Data from: run1.scores.dat and run1.features.dat
loading feature data from run1.features.dat
loading score data from run1.scores.dat
Loading Data from: run2.scores.dat and run2.features.dat
loading feature data from run2.features.dat
loading score data from run2.scores.dat
Loading Data from: run3.scores.dat and run3.features.dat
loading feature data from run3.features.dat
loading score data from run3.scores.dat
Loading Data from: run4.scores.dat and run4.features.dat
loading feature data from run4.features.dat
loading score data from run4.scores.dat
Loading Data from: run5.scores.dat and run5.features.dat
loading feature data from run5.features.dat
loading score data from run5.scores.dat
Data loaded : [Wall 1.1556 CPU 1.15529] seconds.
Creating a pool of 1 threads
Best point: 0.0206555 0.0464921 0.124532 -0.111372 0.024696 0.0542966 0.0451305 0.0988891 0.0330981 -0.305989 0.0340099 0.0671928 0.0302357 -0.00341094  => 0.786947
Stopping... : [Wall 36.0518 CPU 36.0374] seconds.
