perl: warning: Setting locale failed.
perl: warning: Please check that your locale settings:
	LANGUAGE = (unset),
	LC_ALL = (unset),
	LC_CTYPE = "C.UTF-8",
	LANG = "en_US.UTF-8"
    are supported and installed on your system.
perl: warning: Falling back to the standard locale ("C").
Using SCRIPTS_ROOTDIR: /home/kyalkalay/tools/mosesdecoder/scripts
Asking moses for feature names and values from /media/kyalkalay/Data/AI-Class/assignment-6_aung_hein/pbsmt_original_clean_experiments/pbsmt_5gram_nbest200/ph-my/tuning/moses.filtered.ini.1
Executing: /home/kyalkalay/tools/mosesdecoder/bin/moses  -v 0  -config /media/kyalkalay/Data/AI-Class/assignment-6_aung_hein/pbsmt_original_clean_experiments/pbsmt_5gram_nbest200/ph-my/tuning/moses.filtered.ini.1 -show-weights
exec: /home/kyalkalay/tools/mosesdecoder/bin/moses  -v 0  -config /media/kyalkalay/Data/AI-Class/assignment-6_aung_hein/pbsmt_original_clean_experiments/pbsmt_5gram_nbest200/ph-my/tuning/moses.filtered.ini.1 -show-weights
Executing: /home/kyalkalay/tools/mosesdecoder/bin/moses  -v 0  -config /media/kyalkalay/Data/AI-Class/assignment-6_aung_hein/pbsmt_original_clean_experiments/pbsmt_5gram_nbest200/ph-my/tuning/moses.filtered.ini.1 -show-weights > ./features.list 2> /dev/null
MERT starting values and ranges for random generation:
  LexicalReordering0 =   0.300 ( 0.00 ..  1.00)
  LexicalReordering0 =   0.300 ( 0.00 ..  1.00)
  LexicalReordering0 =   0.300 ( 0.00 ..  1.00)
  LexicalReordering0 =   0.300 ( 0.00 ..  1.00)
  LexicalReordering0 =   0.300 ( 0.00 ..  1.00)
  LexicalReordering0 =   0.300 ( 0.00 ..  1.00)
  Distortion0 =   0.300 ( 0.00 ..  1.00)
    LM0 =   0.500 ( 0.00 ..  1.00)
  WordPenalty0 =  -1.000 ( 0.00 ..  1.00)
  PhrasePenalty0 =   0.200 ( 0.00 ..  1.00)
  TranslationModel0 =   0.200 ( 0.00 ..  1.00)
  TranslationModel0 =   0.200 ( 0.00 ..  1.00)
  TranslationModel0 =   0.200 ( 0.00 ..  1.00)
  TranslationModel0 =   0.200 ( 0.00 ..  1.00)
featlist: LexicalReordering0=0.300000 
featlist: LexicalReordering0=0.300000 
featlist: LexicalReordering0=0.300000 
featlist: LexicalReordering0=0.300000 
featlist: LexicalReordering0=0.300000 
featlist: LexicalReordering0=0.300000 
featlist: Distortion0=0.300000 
featlist: LM0=0.500000 
featlist: WordPenalty0=-1.000000 
featlist: PhrasePenalty0=0.200000 
featlist: TranslationModel0=0.200000 
featlist: TranslationModel0=0.200000 
featlist: TranslationModel0=0.200000 
featlist: TranslationModel0=0.200000 
Saved: ./run1.moses.ini
Normalizing lambdas: 0.300000 0.300000 0.300000 0.300000 0.300000 0.300000 0.300000 0.500000 -1.000000 0.200000 0.200000 0.200000 0.200000 0.200000
DECODER_CFG = -weight-overwrite 'Distortion0= 0.065217 WordPenalty0= -0.217391 LexicalReordering0= 0.065217 0.065217 0.065217 0.065217 0.065217 0.065217 PhrasePenalty0= 0.043478 TranslationModel0= 0.043478 0.043478 0.043478 0.043478 LM0= 0.108696'
Executing: /home/kyalkalay/tools/mosesdecoder/bin/moses -v 0   -config /media/kyalkalay/Data/AI-Class/assignment-6_aung_hein/pbsmt_original_clean_experiments/pbsmt_5gram_nbest200/ph-my/tuning/moses.filtered.ini.1 -weight-overwrite 'Distortion0= 0.065217 WordPenalty0= -0.217391 LexicalReordering0= 0.065217 0.065217 0.065217 0.065217 0.065217 0.065217 PhrasePenalty0= 0.043478 TranslationModel0= 0.043478 0.043478 0.043478 0.043478 LM0= 0.108696'  -n-best-list run1.best200.out 200 distinct  -input-file /media/kyalkalay/Data/AI-Class/assignment-6_aung_hein/g2p-par/dev_clean.ph > run1.out 
Executing: /home/kyalkalay/tools/mosesdecoder/bin/moses -v 0   -config /media/kyalkalay/Data/AI-Class/assignment-6_aung_hein/pbsmt_original_clean_experiments/pbsmt_5gram_nbest200/ph-my/tuning/moses.filtered.ini.1 -weight-overwrite 'Distortion0= 0.065217 WordPenalty0= -0.217391 LexicalReordering0= 0.065217 0.065217 0.065217 0.065217 0.065217 0.065217 PhrasePenalty0= 0.043478 TranslationModel0= 0.043478 0.043478 0.043478 0.043478 LM0= 0.108696'  -n-best-list run1.best200.out 200 distinct  -input-file /media/kyalkalay/Data/AI-Class/assignment-6_aung_hein/g2p-par/dev_clean.ph > run1.out
Loading table into memory...done.
Name:moses	VmPeak:158212 kB	VmRSS:24608 kB	RSSMax:25056 kB	user:1.935	sys:0.042	CPU:1.977	real:1.940
The decoder returns the scores in this order: LexicalReordering0 LexicalReordering0 LexicalReordering0 LexicalReordering0 LexicalReordering0 LexicalReordering0 Distortion0 LM0 WordPenalty0 PhrasePenalty0 TranslationModel0 TranslationModel0 TranslationModel0 TranslationModel0
Executing: gzip -f run1.best200.out
Scoring the nbestlist.
exec: /media/kyalkalay/Data/AI-Class/assignment-6_aung_hein/pbsmt_original_clean_experiments/pbsmt_5gram_nbest200/ph-my/tuning/tmp.1/extractor.sh
Executing: /media/kyalkalay/Data/AI-Class/assignment-6_aung_hein/pbsmt_original_clean_experiments/pbsmt_5gram_nbest200/ph-my/tuning/tmp.1/extractor.sh > extract.out 2> extract.err
Executing: \cp -f init.opt run1.init.opt
exec: /home/kyalkalay/tools/mosesdecoder/bin/mert -d 14  --sctype BLEU --scconfig case:true --ffile run1.features.dat --scfile run1.scores.dat --ifile run1.init.opt -n 20
Executing: /home/kyalkalay/tools/mosesdecoder/bin/mert -d 14  --sctype BLEU --scconfig case:true --ffile run1.features.dat --scfile run1.scores.dat --ifile run1.init.opt -n 20 > mert.out 2> mert.log
Executing: \cp -f extract.err run1.extract.err
Executing: \cp -f extract.out run1.extract.out
Executing: \cp -f mert.out run1.mert.out
Executing: \cp -f mert.log run1.mert.log
Executing: touch mert.log run1.mert.log
Executing: \cp -f weights.txt run1.weights.txt
featlist: LexicalReordering0=-0.0824863 
featlist: LexicalReordering0=0.200248 
featlist: LexicalReordering0=0.0683974 
featlist: LexicalReordering0=0.0483748 
featlist: LexicalReordering0=0.0263934 
featlist: LexicalReordering0=0.000280173 
featlist: Distortion0=0.0782272 
featlist: LM0=0.0998806 
featlist: WordPenalty0=0.0307038 
featlist: PhrasePenalty0=-0.213164 
featlist: TranslationModel0=0.0696222 
featlist: TranslationModel0=0.0577984 
featlist: TranslationModel0=-0.0086249 
featlist: TranslationModel0=0.0157985 
Saved: ./run2.moses.ini
DECODER_CFG = -weight-overwrite 'LM0= 0.099881 TranslationModel0= 0.069622 0.057798 -0.008625 0.015799 PhrasePenalty0= -0.213164 LexicalReordering0= -0.082486 0.200248 0.068397 0.048375 0.026393 0.000280 WordPenalty0= 0.030704 Distortion0= 0.078227'
Executing: /home/kyalkalay/tools/mosesdecoder/bin/moses -v 0   -config /media/kyalkalay/Data/AI-Class/assignment-6_aung_hein/pbsmt_original_clean_experiments/pbsmt_5gram_nbest200/ph-my/tuning/moses.filtered.ini.1 -weight-overwrite 'LM0= 0.099881 TranslationModel0= 0.069622 0.057798 -0.008625 0.015799 PhrasePenalty0= -0.213164 LexicalReordering0= -0.082486 0.200248 0.068397 0.048375 0.026393 0.000280 WordPenalty0= 0.030704 Distortion0= 0.078227'  -n-best-list run2.best200.out 200 distinct  -input-file /media/kyalkalay/Data/AI-Class/assignment-6_aung_hein/g2p-par/dev_clean.ph > run2.out 
Executing: /home/kyalkalay/tools/mosesdecoder/bin/moses -v 0   -config /media/kyalkalay/Data/AI-Class/assignment-6_aung_hein/pbsmt_original_clean_experiments/pbsmt_5gram_nbest200/ph-my/tuning/moses.filtered.ini.1 -weight-overwrite 'LM0= 0.099881 TranslationModel0= 0.069622 0.057798 -0.008625 0.015799 PhrasePenalty0= -0.213164 LexicalReordering0= -0.082486 0.200248 0.068397 0.048375 0.026393 0.000280 WordPenalty0= 0.030704 Distortion0= 0.078227'  -n-best-list run2.best200.out 200 distinct  -input-file /media/kyalkalay/Data/AI-Class/assignment-6_aung_hein/g2p-par/dev_clean.ph > run2.out
Loading table into memory...done.
Name:moses	VmPeak:158212 kB	VmRSS:18628 kB	RSSMax:25428 kB	user:2.003	sys:0.038	CPU:2.042	real:2.010
The decoder returns the scores in this order: LexicalReordering0 LexicalReordering0 LexicalReordering0 LexicalReordering0 LexicalReordering0 LexicalReordering0 Distortion0 LM0 WordPenalty0 PhrasePenalty0 TranslationModel0 TranslationModel0 TranslationModel0 TranslationModel0
Executing: gzip -f run2.best200.out
Scoring the nbestlist.
exec: /media/kyalkalay/Data/AI-Class/assignment-6_aung_hein/pbsmt_original_clean_experiments/pbsmt_5gram_nbest200/ph-my/tuning/tmp.1/extractor.sh
Executing: /media/kyalkalay/Data/AI-Class/assignment-6_aung_hein/pbsmt_original_clean_experiments/pbsmt_5gram_nbest200/ph-my/tuning/tmp.1/extractor.sh > extract.out 2> extract.err
Executing: \cp -f init.opt run2.init.opt
exec: /home/kyalkalay/tools/mosesdecoder/bin/mert -d 14  --sctype BLEU --scconfig case:true --ffile run1.features.dat,run2.features.dat --scfile run1.scores.dat,run2.scores.dat --ifile run2.init.opt -n 20
Executing: /home/kyalkalay/tools/mosesdecoder/bin/mert -d 14  --sctype BLEU --scconfig case:true --ffile run1.features.dat,run2.features.dat --scfile run1.scores.dat,run2.scores.dat --ifile run2.init.opt -n 20 > mert.out 2> mert.log
Executing: \cp -f extract.err run2.extract.err
Executing: \cp -f extract.out run2.extract.out
Executing: \cp -f mert.out run2.mert.out
Executing: \cp -f mert.log run2.mert.log
Executing: touch mert.log run2.mert.log
Executing: \cp -f weights.txt run2.weights.txt
featlist: LexicalReordering0=-0.206469 
featlist: LexicalReordering0=0.0774998 
featlist: LexicalReordering0=0.0354919 
featlist: LexicalReordering0=0.00709966 
featlist: LexicalReordering0=0.0265321 
featlist: LexicalReordering0=0.0128824 
featlist: Distortion0=0.0559814 
featlist: LM0=0.0768553 
featlist: WordPenalty0=0.0266026 
featlist: PhrasePenalty0=-0.336826 
featlist: TranslationModel0=0.025836 
featlist: TranslationModel0=0.0688127 
featlist: TranslationModel0=0.0343404 
featlist: TranslationModel0=-0.00877147 
Saved: ./run3.moses.ini
DECODER_CFG = -weight-overwrite 'Distortion0= 0.055981 LexicalReordering0= -0.206469 0.077500 0.035492 0.007100 0.026532 0.012882 WordPenalty0= 0.026603 LM0= 0.076855 TranslationModel0= 0.025836 0.068813 0.034340 -0.008771 PhrasePenalty0= -0.336826'
Executing: /home/kyalkalay/tools/mosesdecoder/bin/moses -v 0   -config /media/kyalkalay/Data/AI-Class/assignment-6_aung_hein/pbsmt_original_clean_experiments/pbsmt_5gram_nbest200/ph-my/tuning/moses.filtered.ini.1 -weight-overwrite 'Distortion0= 0.055981 LexicalReordering0= -0.206469 0.077500 0.035492 0.007100 0.026532 0.012882 WordPenalty0= 0.026603 LM0= 0.076855 TranslationModel0= 0.025836 0.068813 0.034340 -0.008771 PhrasePenalty0= -0.336826'  -n-best-list run3.best200.out 200 distinct  -input-file /media/kyalkalay/Data/AI-Class/assignment-6_aung_hein/g2p-par/dev_clean.ph > run3.out 
Executing: /home/kyalkalay/tools/mosesdecoder/bin/moses -v 0   -config /media/kyalkalay/Data/AI-Class/assignment-6_aung_hein/pbsmt_original_clean_experiments/pbsmt_5gram_nbest200/ph-my/tuning/moses.filtered.ini.1 -weight-overwrite 'Distortion0= 0.055981 LexicalReordering0= -0.206469 0.077500 0.035492 0.007100 0.026532 0.012882 WordPenalty0= 0.026603 LM0= 0.076855 TranslationModel0= 0.025836 0.068813 0.034340 -0.008771 PhrasePenalty0= -0.336826'  -n-best-list run3.best200.out 200 distinct  -input-file /media/kyalkalay/Data/AI-Class/assignment-6_aung_hein/g2p-par/dev_clean.ph > run3.out
Loading table into memory...done.
Name:moses	VmPeak:158212 kB	VmRSS:20128 kB	RSSMax:25836 kB	user:2.067	sys:0.051	CPU:2.118	real:2.084
The decoder returns the scores in this order: LexicalReordering0 LexicalReordering0 LexicalReordering0 LexicalReordering0 LexicalReordering0 LexicalReordering0 Distortion0 LM0 WordPenalty0 PhrasePenalty0 TranslationModel0 TranslationModel0 TranslationModel0 TranslationModel0
Executing: gzip -f run3.best200.out
Scoring the nbestlist.
exec: /media/kyalkalay/Data/AI-Class/assignment-6_aung_hein/pbsmt_original_clean_experiments/pbsmt_5gram_nbest200/ph-my/tuning/tmp.1/extractor.sh
Executing: /media/kyalkalay/Data/AI-Class/assignment-6_aung_hein/pbsmt_original_clean_experiments/pbsmt_5gram_nbest200/ph-my/tuning/tmp.1/extractor.sh > extract.out 2> extract.err
Executing: \cp -f init.opt run3.init.opt
exec: /home/kyalkalay/tools/mosesdecoder/bin/mert -d 14  --sctype BLEU --scconfig case:true --ffile run1.features.dat,run2.features.dat,run3.features.dat --scfile run1.scores.dat,run2.scores.dat,run3.scores.dat --ifile run3.init.opt -n 20
Executing: /home/kyalkalay/tools/mosesdecoder/bin/mert -d 14  --sctype BLEU --scconfig case:true --ffile run1.features.dat,run2.features.dat,run3.features.dat --scfile run1.scores.dat,run2.scores.dat,run3.scores.dat --ifile run3.init.opt -n 20 > mert.out 2> mert.log
Executing: \cp -f extract.err run3.extract.err
Executing: \cp -f extract.out run3.extract.out
Executing: \cp -f mert.out run3.mert.out
Executing: \cp -f mert.log run3.mert.log
Executing: touch mert.log run3.mert.log
Executing: \cp -f weights.txt run3.weights.txt
featlist: LexicalReordering0=0.00229236 
featlist: LexicalReordering0=0.000577233 
featlist: LexicalReordering0=0.000683124 
featlist: LexicalReordering0=0.000346532 
featlist: LexicalReordering0=0.000727995 
featlist: LexicalReordering0=0.000526451 
featlist: Distortion0=0.000229114 
featlist: LM0=0.000702561 
featlist: WordPenalty0=0.000348049 
featlist: PhrasePenalty0=-0.992475 
featlist: TranslationModel0=0.000103947 
featlist: TranslationModel0=0.000610749 
featlist: TranslationModel0=0.000232272 
featlist: TranslationModel0=-0.000144136 
Saved: ./run4.moses.ini
DECODER_CFG = -weight-overwrite 'LexicalReordering0= 0.002292 0.000577 0.000683 0.000347 0.000728 0.000526 WordPenalty0= 0.000348 Distortion0= 0.000229 TranslationModel0= 0.000104 0.000611 0.000232 -0.000144 LM0= 0.000703 PhrasePenalty0= -0.992475'
Executing: /home/kyalkalay/tools/mosesdecoder/bin/moses -v 0   -config /media/kyalkalay/Data/AI-Class/assignment-6_aung_hein/pbsmt_original_clean_experiments/pbsmt_5gram_nbest200/ph-my/tuning/moses.filtered.ini.1 -weight-overwrite 'LexicalReordering0= 0.002292 0.000577 0.000683 0.000347 0.000728 0.000526 WordPenalty0= 0.000348 Distortion0= 0.000229 TranslationModel0= 0.000104 0.000611 0.000232 -0.000144 LM0= 0.000703 PhrasePenalty0= -0.992475'  -n-best-list run4.best200.out 200 distinct  -input-file /media/kyalkalay/Data/AI-Class/assignment-6_aung_hein/g2p-par/dev_clean.ph > run4.out 
Executing: /home/kyalkalay/tools/mosesdecoder/bin/moses -v 0   -config /media/kyalkalay/Data/AI-Class/assignment-6_aung_hein/pbsmt_original_clean_experiments/pbsmt_5gram_nbest200/ph-my/tuning/moses.filtered.ini.1 -weight-overwrite 'LexicalReordering0= 0.002292 0.000577 0.000683 0.000347 0.000728 0.000526 WordPenalty0= 0.000348 Distortion0= 0.000229 TranslationModel0= 0.000104 0.000611 0.000232 -0.000144 LM0= 0.000703 PhrasePenalty0= -0.992475'  -n-best-list run4.best200.out 200 distinct  -input-file /media/kyalkalay/Data/AI-Class/assignment-6_aung_hein/g2p-par/dev_clean.ph > run4.out
Loading table into memory...done.
Name:moses	VmPeak:158212 kB	VmRSS:18148 kB	RSSMax:25964 kB	user:2.000	sys:0.054	CPU:2.054	real:2.020
The decoder returns the scores in this order: LexicalReordering0 LexicalReordering0 LexicalReordering0 LexicalReordering0 LexicalReordering0 LexicalReordering0 Distortion0 LM0 WordPenalty0 PhrasePenalty0 TranslationModel0 TranslationModel0 TranslationModel0 TranslationModel0
Executing: gzip -f run4.best200.out
Scoring the nbestlist.
exec: /media/kyalkalay/Data/AI-Class/assignment-6_aung_hein/pbsmt_original_clean_experiments/pbsmt_5gram_nbest200/ph-my/tuning/tmp.1/extractor.sh
Executing: /media/kyalkalay/Data/AI-Class/assignment-6_aung_hein/pbsmt_original_clean_experiments/pbsmt_5gram_nbest200/ph-my/tuning/tmp.1/extractor.sh > extract.out 2> extract.err
Executing: \cp -f init.opt run4.init.opt
exec: /home/kyalkalay/tools/mosesdecoder/bin/mert -d 14  --sctype BLEU --scconfig case:true --ffile run1.features.dat,run2.features.dat,run3.features.dat,run4.features.dat --scfile run1.scores.dat,run2.scores.dat,run3.scores.dat,run4.scores.dat --ifile run4.init.opt -n 20
Executing: /home/kyalkalay/tools/mosesdecoder/bin/mert -d 14  --sctype BLEU --scconfig case:true --ffile run1.features.dat,run2.features.dat,run3.features.dat,run4.features.dat --scfile run1.scores.dat,run2.scores.dat,run3.scores.dat,run4.scores.dat --ifile run4.init.opt -n 20 > mert.out 2> mert.log
Executing: \cp -f extract.err run4.extract.err
Executing: \cp -f extract.out run4.extract.out
Executing: \cp -f mert.out run4.mert.out
Executing: \cp -f mert.log run4.mert.log
Executing: touch mert.log run4.mert.log
Executing: \cp -f weights.txt run4.weights.txt
None of the weights changed more than 1e-05. Stopping.
Executing: \cp -f init.opt run4.init.opt
Executing: \cp -f mert.log run4.mert.log
featlist: LexicalReordering0=0.00229236 
featlist: LexicalReordering0=0.000577233 
featlist: LexicalReordering0=0.000683124 
featlist: LexicalReordering0=0.000346532 
featlist: LexicalReordering0=0.000727995 
featlist: LexicalReordering0=0.000526451 
featlist: Distortion0=0.000229114 
featlist: LM0=0.000702561 
featlist: WordPenalty0=0.000348049 
featlist: PhrasePenalty0=-0.992475 
featlist: TranslationModel0=0.000103947 
featlist: TranslationModel0=0.000610749 
featlist: TranslationModel0=0.000232272 
featlist: TranslationModel0=-0.000144136 
Saved: ./moses.ini
