perl: warning: Setting locale failed.
perl: warning: Please check that your locale settings:
	LANGUAGE = (unset),
	LC_ALL = (unset),
	LC_CTYPE = "C.UTF-8",
	LANG = "en_US.UTF-8"
    are supported and installed on your system.
perl: warning: Falling back to the standard locale ("C").
Using SCRIPTS_ROOTDIR: /home/kyalkalay/tools/mosesdecoder/scripts
Asking moses for feature names and values from /media/kyalkalay/Data/AI-Class/assignment-6_aung_hein/pbsmt_original_clean_experiments/pbsmt_5gram_search10000/ph-my/tuning/moses.filtered.ini.1
Executing: /home/kyalkalay/tools/mosesdecoder/bin/moses  -v 0  -config /media/kyalkalay/Data/AI-Class/assignment-6_aung_hein/pbsmt_original_clean_experiments/pbsmt_5gram_search10000/ph-my/tuning/moses.filtered.ini.1 -show-weights
exec: /home/kyalkalay/tools/mosesdecoder/bin/moses  -v 0  -config /media/kyalkalay/Data/AI-Class/assignment-6_aung_hein/pbsmt_original_clean_experiments/pbsmt_5gram_search10000/ph-my/tuning/moses.filtered.ini.1 -show-weights
Executing: /home/kyalkalay/tools/mosesdecoder/bin/moses  -v 0  -config /media/kyalkalay/Data/AI-Class/assignment-6_aung_hein/pbsmt_original_clean_experiments/pbsmt_5gram_search10000/ph-my/tuning/moses.filtered.ini.1 -show-weights > ./features.list 2> /dev/null
MERT starting values and ranges for random generation:
  LexicalReordering0 =   0.300 ( 0.00 ..  1.00)
  LexicalReordering0 =   0.300 ( 0.00 ..  1.00)
  LexicalReordering0 =   0.300 ( 0.00 ..  1.00)
  LexicalReordering0 =   0.300 ( 0.00 ..  1.00)
  LexicalReordering0 =   0.300 ( 0.00 ..  1.00)
  LexicalReordering0 =   0.300 ( 0.00 ..  1.00)
  Distortion0 =   0.300 ( 0.00 ..  1.00)
    LM0 =   0.500 ( 0.00 ..  1.00)
  WordPenalty0 =  -1.000 ( 0.00 ..  1.00)
  PhrasePenalty0 =   0.200 ( 0.00 ..  1.00)
  TranslationModel0 =   0.200 ( 0.00 ..  1.00)
  TranslationModel0 =   0.200 ( 0.00 ..  1.00)
  TranslationModel0 =   0.200 ( 0.00 ..  1.00)
  TranslationModel0 =   0.200 ( 0.00 ..  1.00)
featlist: LexicalReordering0=0.300000 
featlist: LexicalReordering0=0.300000 
featlist: LexicalReordering0=0.300000 
featlist: LexicalReordering0=0.300000 
featlist: LexicalReordering0=0.300000 
featlist: LexicalReordering0=0.300000 
featlist: Distortion0=0.300000 
featlist: LM0=0.500000 
featlist: WordPenalty0=-1.000000 
featlist: PhrasePenalty0=0.200000 
featlist: TranslationModel0=0.200000 
featlist: TranslationModel0=0.200000 
featlist: TranslationModel0=0.200000 
featlist: TranslationModel0=0.200000 
Saved: ./run1.moses.ini
Normalizing lambdas: 0.300000 0.300000 0.300000 0.300000 0.300000 0.300000 0.300000 0.500000 -1.000000 0.200000 0.200000 0.200000 0.200000 0.200000
DECODER_CFG = -weight-overwrite 'LexicalReordering0= 0.065217 0.065217 0.065217 0.065217 0.065217 0.065217 Distortion0= 0.065217 LM0= 0.108696 TranslationModel0= 0.043478 0.043478 0.043478 0.043478 PhrasePenalty0= 0.043478 WordPenalty0= -0.217391'
Executing: /home/kyalkalay/tools/mosesdecoder/bin/moses -v 0   -config /media/kyalkalay/Data/AI-Class/assignment-6_aung_hein/pbsmt_original_clean_experiments/pbsmt_5gram_search10000/ph-my/tuning/moses.filtered.ini.1 -weight-overwrite 'LexicalReordering0= 0.065217 0.065217 0.065217 0.065217 0.065217 0.065217 Distortion0= 0.065217 LM0= 0.108696 TranslationModel0= 0.043478 0.043478 0.043478 0.043478 PhrasePenalty0= 0.043478 WordPenalty0= -0.217391'  -n-best-list run1.best100.out 100 distinct  -input-file /media/kyalkalay/Data/AI-Class/assignment-6_aung_hein/g2p-par/dev_clean.ph > run1.out 
Executing: /home/kyalkalay/tools/mosesdecoder/bin/moses -v 0   -config /media/kyalkalay/Data/AI-Class/assignment-6_aung_hein/pbsmt_original_clean_experiments/pbsmt_5gram_search10000/ph-my/tuning/moses.filtered.ini.1 -weight-overwrite 'LexicalReordering0= 0.065217 0.065217 0.065217 0.065217 0.065217 0.065217 Distortion0= 0.065217 LM0= 0.108696 TranslationModel0= 0.043478 0.043478 0.043478 0.043478 PhrasePenalty0= 0.043478 WordPenalty0= -0.217391'  -n-best-list run1.best100.out 100 distinct  -input-file /media/kyalkalay/Data/AI-Class/assignment-6_aung_hein/g2p-par/dev_clean.ph > run1.out
Loading table into memory...done.
Name:moses	VmPeak:158080 kB	VmRSS:21424 kB	RSSMax:24720 kB	user:1.650	sys:0.036	CPU:1.686	real:1.673
The decoder returns the scores in this order: LexicalReordering0 LexicalReordering0 LexicalReordering0 LexicalReordering0 LexicalReordering0 LexicalReordering0 Distortion0 LM0 WordPenalty0 PhrasePenalty0 TranslationModel0 TranslationModel0 TranslationModel0 TranslationModel0
Executing: gzip -f run1.best100.out
Scoring the nbestlist.
exec: /media/kyalkalay/Data/AI-Class/assignment-6_aung_hein/pbsmt_original_clean_experiments/pbsmt_5gram_search10000/ph-my/tuning/tmp.1/extractor.sh
Executing: /media/kyalkalay/Data/AI-Class/assignment-6_aung_hein/pbsmt_original_clean_experiments/pbsmt_5gram_search10000/ph-my/tuning/tmp.1/extractor.sh > extract.out 2> extract.err
Executing: \cp -f init.opt run1.init.opt
exec: /home/kyalkalay/tools/mosesdecoder/bin/mert -d 14  --sctype BLEU --scconfig case:true --ffile run1.features.dat --scfile run1.scores.dat --ifile run1.init.opt -n 20
Executing: /home/kyalkalay/tools/mosesdecoder/bin/mert -d 14  --sctype BLEU --scconfig case:true --ffile run1.features.dat --scfile run1.scores.dat --ifile run1.init.opt -n 20 > mert.out 2> mert.log
Executing: \cp -f extract.err run1.extract.err
Executing: \cp -f extract.out run1.extract.out
Executing: \cp -f mert.out run1.mert.out
Executing: \cp -f mert.log run1.mert.log
Executing: touch mert.log run1.mert.log
Executing: \cp -f weights.txt run1.weights.txt
featlist: LexicalReordering0=0.031752 
featlist: LexicalReordering0=0.176603 
featlist: LexicalReordering0=0.0369119 
featlist: LexicalReordering0=-0.283581 
featlist: LexicalReordering0=0.00422361 
featlist: LexicalReordering0=0.0324179 
featlist: Distortion0=0.0748705 
featlist: LM0=0.105397 
featlist: WordPenalty0=0.0113137 
featlist: PhrasePenalty0=-0.0678329 
featlist: TranslationModel0=0.0883716 
featlist: TranslationModel0=0.0472413 
featlist: TranslationModel0=0.0268165 
featlist: TranslationModel0=-0.0126669 
Saved: ./run2.moses.ini
DECODER_CFG = -weight-overwrite 'WordPenalty0= 0.011314 TranslationModel0= 0.088372 0.047241 0.026817 -0.012667 PhrasePenalty0= -0.067833 LM0= 0.105397 LexicalReordering0= 0.031752 0.176603 0.036912 -0.283581 0.004224 0.032418 Distortion0= 0.074871'
Executing: /home/kyalkalay/tools/mosesdecoder/bin/moses -v 0   -config /media/kyalkalay/Data/AI-Class/assignment-6_aung_hein/pbsmt_original_clean_experiments/pbsmt_5gram_search10000/ph-my/tuning/moses.filtered.ini.1 -weight-overwrite 'WordPenalty0= 0.011314 TranslationModel0= 0.088372 0.047241 0.026817 -0.012667 PhrasePenalty0= -0.067833 LM0= 0.105397 LexicalReordering0= 0.031752 0.176603 0.036912 -0.283581 0.004224 0.032418 Distortion0= 0.074871'  -n-best-list run2.best100.out 100 distinct  -input-file /media/kyalkalay/Data/AI-Class/assignment-6_aung_hein/g2p-par/dev_clean.ph > run2.out 
Executing: /home/kyalkalay/tools/mosesdecoder/bin/moses -v 0   -config /media/kyalkalay/Data/AI-Class/assignment-6_aung_hein/pbsmt_original_clean_experiments/pbsmt_5gram_search10000/ph-my/tuning/moses.filtered.ini.1 -weight-overwrite 'WordPenalty0= 0.011314 TranslationModel0= 0.088372 0.047241 0.026817 -0.012667 PhrasePenalty0= -0.067833 LM0= 0.105397 LexicalReordering0= 0.031752 0.176603 0.036912 -0.283581 0.004224 0.032418 Distortion0= 0.074871'  -n-best-list run2.best100.out 100 distinct  -input-file /media/kyalkalay/Data/AI-Class/assignment-6_aung_hein/g2p-par/dev_clean.ph > run2.out
Loading table into memory...done.
Name:moses	VmPeak:158080 kB	VmRSS:16348 kB	RSSMax:25056 kB	user:1.667	sys:0.036	CPU:1.703	real:1.670
The decoder returns the scores in this order: LexicalReordering0 LexicalReordering0 LexicalReordering0 LexicalReordering0 LexicalReordering0 LexicalReordering0 Distortion0 LM0 WordPenalty0 PhrasePenalty0 TranslationModel0 TranslationModel0 TranslationModel0 TranslationModel0
Executing: gzip -f run2.best100.out
Scoring the nbestlist.
exec: /media/kyalkalay/Data/AI-Class/assignment-6_aung_hein/pbsmt_original_clean_experiments/pbsmt_5gram_search10000/ph-my/tuning/tmp.1/extractor.sh
Executing: /media/kyalkalay/Data/AI-Class/assignment-6_aung_hein/pbsmt_original_clean_experiments/pbsmt_5gram_search10000/ph-my/tuning/tmp.1/extractor.sh > extract.out 2> extract.err
Executing: \cp -f init.opt run2.init.opt
exec: /home/kyalkalay/tools/mosesdecoder/bin/mert -d 14  --sctype BLEU --scconfig case:true --ffile run1.features.dat,run2.features.dat --scfile run1.scores.dat,run2.scores.dat --ifile run2.init.opt -n 20
Executing: /home/kyalkalay/tools/mosesdecoder/bin/mert -d 14  --sctype BLEU --scconfig case:true --ffile run1.features.dat,run2.features.dat --scfile run1.scores.dat,run2.scores.dat --ifile run2.init.opt -n 20 > mert.out 2> mert.log
Executing: \cp -f extract.err run2.extract.err
Executing: \cp -f extract.out run2.extract.out
Executing: \cp -f mert.out run2.mert.out
Executing: \cp -f mert.log run2.mert.log
Executing: touch mert.log run2.mert.log
Executing: \cp -f weights.txt run2.weights.txt
featlist: LexicalReordering0=0.030269 
featlist: LexicalReordering0=0.0468908 
featlist: LexicalReordering0=0.0135777 
featlist: LexicalReordering0=-0.182447 
featlist: LexicalReordering0=0.0164043 
featlist: LexicalReordering0=0.015025 
featlist: Distortion0=0.121274 
featlist: LM0=0.0900545 
featlist: WordPenalty0=0.020971 
featlist: PhrasePenalty0=-0.283881 
featlist: TranslationModel0=0.021511 
featlist: TranslationModel0=0.0873993 
featlist: TranslationModel0=0.0474657 
featlist: TranslationModel0=-0.022829 
Saved: ./run3.moses.ini
DECODER_CFG = -weight-overwrite 'TranslationModel0= 0.021511 0.087399 0.047466 -0.022829 PhrasePenalty0= -0.283881 WordPenalty0= 0.020971 LexicalReordering0= 0.030269 0.046891 0.013578 -0.182447 0.016404 0.015025 Distortion0= 0.121274 LM0= 0.090054'
Executing: /home/kyalkalay/tools/mosesdecoder/bin/moses -v 0   -config /media/kyalkalay/Data/AI-Class/assignment-6_aung_hein/pbsmt_original_clean_experiments/pbsmt_5gram_search10000/ph-my/tuning/moses.filtered.ini.1 -weight-overwrite 'TranslationModel0= 0.021511 0.087399 0.047466 -0.022829 PhrasePenalty0= -0.283881 WordPenalty0= 0.020971 LexicalReordering0= 0.030269 0.046891 0.013578 -0.182447 0.016404 0.015025 Distortion0= 0.121274 LM0= 0.090054'  -n-best-list run3.best100.out 100 distinct  -input-file /media/kyalkalay/Data/AI-Class/assignment-6_aung_hein/g2p-par/dev_clean.ph > run3.out 
Executing: /home/kyalkalay/tools/mosesdecoder/bin/moses -v 0   -config /media/kyalkalay/Data/AI-Class/assignment-6_aung_hein/pbsmt_original_clean_experiments/pbsmt_5gram_search10000/ph-my/tuning/moses.filtered.ini.1 -weight-overwrite 'TranslationModel0= 0.021511 0.087399 0.047466 -0.022829 PhrasePenalty0= -0.283881 WordPenalty0= 0.020971 LexicalReordering0= 0.030269 0.046891 0.013578 -0.182447 0.016404 0.015025 Distortion0= 0.121274 LM0= 0.090054'  -n-best-list run3.best100.out 100 distinct  -input-file /media/kyalkalay/Data/AI-Class/assignment-6_aung_hein/g2p-par/dev_clean.ph > run3.out
Loading table into memory...done.
Name:moses	VmPeak:158212 kB	VmRSS:20532 kB	RSSMax:24996 kB	user:1.666	sys:0.044	CPU:1.710	real:1.675
The decoder returns the scores in this order: LexicalReordering0 LexicalReordering0 LexicalReordering0 LexicalReordering0 LexicalReordering0 LexicalReordering0 Distortion0 LM0 WordPenalty0 PhrasePenalty0 TranslationModel0 TranslationModel0 TranslationModel0 TranslationModel0
Executing: gzip -f run3.best100.out
Scoring the nbestlist.
exec: /media/kyalkalay/Data/AI-Class/assignment-6_aung_hein/pbsmt_original_clean_experiments/pbsmt_5gram_search10000/ph-my/tuning/tmp.1/extractor.sh
Executing: /media/kyalkalay/Data/AI-Class/assignment-6_aung_hein/pbsmt_original_clean_experiments/pbsmt_5gram_search10000/ph-my/tuning/tmp.1/extractor.sh > extract.out 2> extract.err
Executing: \cp -f init.opt run3.init.opt
exec: /home/kyalkalay/tools/mosesdecoder/bin/mert -d 14  --sctype BLEU --scconfig case:true --ffile run1.features.dat,run2.features.dat,run3.features.dat --scfile run1.scores.dat,run2.scores.dat,run3.scores.dat --ifile run3.init.opt -n 20
Executing: /home/kyalkalay/tools/mosesdecoder/bin/mert -d 14  --sctype BLEU --scconfig case:true --ffile run1.features.dat,run2.features.dat,run3.features.dat --scfile run1.scores.dat,run2.scores.dat,run3.scores.dat --ifile run3.init.opt -n 20 > mert.out 2> mert.log
Executing: \cp -f extract.err run3.extract.err
Executing: \cp -f extract.out run3.extract.out
Executing: \cp -f mert.out run3.mert.out
Executing: \cp -f mert.log run3.mert.log
Executing: touch mert.log run3.mert.log
Executing: \cp -f weights.txt run3.weights.txt
featlist: LexicalReordering0=0.000289258 
featlist: LexicalReordering0=0.000677627 
featlist: LexicalReordering0=0.000861221 
featlist: LexicalReordering0=0.000727754 
featlist: LexicalReordering0=0.000537983 
featlist: LexicalReordering0=0.000479315 
featlist: Distortion0=5.36927e-05 
featlist: LM0=0.000303248 
featlist: WordPenalty0=4.69683e-05 
featlist: PhrasePenalty0=-0.995624 
featlist: TranslationModel0=8.54403e-05 
featlist: TranslationModel0=0.000281603 
featlist: TranslationModel0=1.81098e-05 
featlist: TranslationModel0=1.40292e-05 
Saved: ./run4.moses.ini
DECODER_CFG = -weight-overwrite 'TranslationModel0= 0.000085 0.000282 0.000018 0.000014 PhrasePenalty0= -0.995624 WordPenalty0= 0.000047 Distortion0= 0.000054 LexicalReordering0= 0.000289 0.000678 0.000861 0.000728 0.000538 0.000479 LM0= 0.000303'
Executing: /home/kyalkalay/tools/mosesdecoder/bin/moses -v 0   -config /media/kyalkalay/Data/AI-Class/assignment-6_aung_hein/pbsmt_original_clean_experiments/pbsmt_5gram_search10000/ph-my/tuning/moses.filtered.ini.1 -weight-overwrite 'TranslationModel0= 0.000085 0.000282 0.000018 0.000014 PhrasePenalty0= -0.995624 WordPenalty0= 0.000047 Distortion0= 0.000054 LexicalReordering0= 0.000289 0.000678 0.000861 0.000728 0.000538 0.000479 LM0= 0.000303'  -n-best-list run4.best100.out 100 distinct  -input-file /media/kyalkalay/Data/AI-Class/assignment-6_aung_hein/g2p-par/dev_clean.ph > run4.out 
Executing: /home/kyalkalay/tools/mosesdecoder/bin/moses -v 0   -config /media/kyalkalay/Data/AI-Class/assignment-6_aung_hein/pbsmt_original_clean_experiments/pbsmt_5gram_search10000/ph-my/tuning/moses.filtered.ini.1 -weight-overwrite 'TranslationModel0= 0.000085 0.000282 0.000018 0.000014 PhrasePenalty0= -0.995624 WordPenalty0= 0.000047 Distortion0= 0.000054 LexicalReordering0= 0.000289 0.000678 0.000861 0.000728 0.000538 0.000479 LM0= 0.000303'  -n-best-list run4.best100.out 100 distinct  -input-file /media/kyalkalay/Data/AI-Class/assignment-6_aung_hein/g2p-par/dev_clean.ph > run4.out
Loading table into memory...done.
Name:moses	VmPeak:158212 kB	VmRSS:23564 kB	RSSMax:26304 kB	user:1.623	sys:0.034	CPU:1.658	real:1.623
The decoder returns the scores in this order: LexicalReordering0 LexicalReordering0 LexicalReordering0 LexicalReordering0 LexicalReordering0 LexicalReordering0 Distortion0 LM0 WordPenalty0 PhrasePenalty0 TranslationModel0 TranslationModel0 TranslationModel0 TranslationModel0
Executing: gzip -f run4.best100.out
Scoring the nbestlist.
exec: /media/kyalkalay/Data/AI-Class/assignment-6_aung_hein/pbsmt_original_clean_experiments/pbsmt_5gram_search10000/ph-my/tuning/tmp.1/extractor.sh
Executing: /media/kyalkalay/Data/AI-Class/assignment-6_aung_hein/pbsmt_original_clean_experiments/pbsmt_5gram_search10000/ph-my/tuning/tmp.1/extractor.sh > extract.out 2> extract.err
Executing: \cp -f init.opt run4.init.opt
exec: /home/kyalkalay/tools/mosesdecoder/bin/mert -d 14  --sctype BLEU --scconfig case:true --ffile run1.features.dat,run2.features.dat,run3.features.dat,run4.features.dat --scfile run1.scores.dat,run2.scores.dat,run3.scores.dat,run4.scores.dat --ifile run4.init.opt -n 20
Executing: /home/kyalkalay/tools/mosesdecoder/bin/mert -d 14  --sctype BLEU --scconfig case:true --ffile run1.features.dat,run2.features.dat,run3.features.dat,run4.features.dat --scfile run1.scores.dat,run2.scores.dat,run3.scores.dat,run4.scores.dat --ifile run4.init.opt -n 20 > mert.out 2> mert.log
Executing: \cp -f extract.err run4.extract.err
Executing: \cp -f extract.out run4.extract.out
Executing: \cp -f mert.out run4.mert.out
Executing: \cp -f mert.log run4.mert.log
Executing: touch mert.log run4.mert.log
Executing: \cp -f weights.txt run4.weights.txt
None of the weights changed more than 1e-05. Stopping.
Executing: \cp -f init.opt run4.init.opt
Executing: \cp -f mert.log run4.mert.log
featlist: LexicalReordering0=0.000289258 
featlist: LexicalReordering0=0.000677627 
featlist: LexicalReordering0=0.000861221 
featlist: LexicalReordering0=0.000727754 
featlist: LexicalReordering0=0.000537983 
featlist: LexicalReordering0=0.000479315 
featlist: Distortion0=5.36927e-05 
featlist: LM0=0.000303248 
featlist: WordPenalty0=4.69683e-05 
featlist: PhrasePenalty0=-0.995624 
featlist: TranslationModel0=8.54403e-05 
featlist: TranslationModel0=0.000281603 
featlist: TranslationModel0=1.81098e-05 
featlist: TranslationModel0=1.40292e-05 
Saved: ./moses.ini
