shard_size = 0 shard_count = 0
Seeding random numbers with system clock 
name: case value: true
Data::m_score_type BLEU
Data::Scorer type from Scorer: BLEU
Loading Data from: run1.scores.dat and run1.features.dat
loading feature data from run1.features.dat
loading score data from run1.scores.dat
Loading Data from: run2.scores.dat and run2.features.dat
loading feature data from run2.features.dat
loading score data from run2.scores.dat
Loading Data from: run3.scores.dat and run3.features.dat
loading feature data from run3.features.dat
loading score data from run3.scores.dat
Loading Data from: run4.scores.dat and run4.features.dat
loading feature data from run4.features.dat
loading score data from run4.scores.dat
Loading Data from: run5.scores.dat and run5.features.dat
loading feature data from run5.features.dat
loading score data from run5.scores.dat
Data loaded : [Wall 1.2975 CPU 1.29656] seconds.
Creating a pool of 1 threads
Best point: 0.0180542 0.117945 0.104048 0.122505 0.0251743 0.000409658 0.00966821 0.0585602 0.274862 0.0892075 0.125312 -0.0310093 0.0211711 0.00207355  => 0.685031
Stopping... : [Wall 36.0001 CPU 35.9812] seconds.
