Executing: /home/lawun330/NLP/ubuntu-17.04/moses/bin/lmplz --text /home/lawun330/Desktop/basic-statistical-machine-translation/data/cleaned_2/train.my --order 5 --arpa /home/lawun330/Desktop/basic-statistical-machine-translation/baseline2/ph-my/lm/myg2p-data.lm.1 --prune 0 0 1 --discount_fallback -T /home/lawun330/Desktop/basic-statistical-machine-translation/baseline2/ph-my/lm -S 20%
=== 1/5 Counting and sorting n-grams ===
Reading /home/lawun330/Desktop/basic-statistical-machine-translation/data/cleaned_2/train.my
----5---10---15---20---25---30---35---40---45---50---55---60---65---70---75---80---85---90---95--100
****************************************************************************************************
Unigram tokens 57286 types 2285
=== 2/5 Calculating and sorting adjusted counts ===
Chain sizes: 1:27420 2:159351472 3:298784000 4:478054400 5:697162688
Statistics:
1 2285 D1=0.493908 D2=0.896938 D3+=1.4765
2 27526 D1=0.806399 D2=1.24469 D3+=1.25313
3 6384/44955 D1=0.859944 D2=1.3372 D3+=1.64631
4 1735/35160 D1=0.938297 D2=1.69398 D3+=1.72826
5 447/16826 D1=0.951217 D2=1.82335 D3+=2.85366
Memory estimate for binary LM:
type      kB
probing  901 assuming -p 1.5
probing 1119 assuming -r models -p 1.5
trie     436 without quantization
trie     237 assuming -q 8 -b 8 quantization 
trie     403 assuming -a 22 array pointer compression
trie     204 assuming -a 22 -q 8 -b 8 array pointer compression and quantization
=== 3/5 Calculating and sorting initial probabilities ===
Chain sizes: 1:27420 2:440416 3:127680 4:41640 5:12516
=== 4/5 Calculating and writing order-interpolated probabilities ===
Chain sizes: 1:27420 2:440416 3:127680 4:41640 5:12516
=== 5/5 Writing ARPA model ===
Name:lmplz	VmPeak:1889888 kB	VmRSS:7008 kB	RSSMax:300072 kB	user:0.107551	sys:0.138422	CPU:0.245973	real:0.20859
