starting at Fri May 22 04:25:16 AM +07 2026 on ROG-Strix-Hero-II
/home/lawun330/NLP/giza-pp/GIZA++-v2/snt2cooc.out /home/lawun330/Desktop/basic-statistical-machine-translation/baseline2/ph-my/training/prepared.1/my.vcb /home/lawun330/Desktop/basic-statistical-machine-translation/baseline2/ph-my/training/prepared.1/ph.vcb /home/lawun330/Desktop/basic-statistical-machine-translation/baseline2/ph-my/training/prepared.1/ph-my-int-train.snt > /home/lawun330/Desktop/basic-statistical-machine-translation/baseline2/ph-my/training/giza-inverse.1/ph-my.cooc
/home/lawun330/NLP/giza-pp/GIZA++-v2/GIZA++  -CoocurrenceFile /home/lawun330/Desktop/basic-statistical-machine-translation/baseline2/ph-my/training/giza-inverse.1/ph-my.cooc -c /home/lawun330/Desktop/basic-statistical-machine-translation/baseline2/ph-my/training/prepared.1/ph-my-int-train.snt -m1 5 -m2 0 -m3 3 -m4 3 -model1dumpfrequency 1 -model4smoothfactor 0.4 -nodumps 1 -nsmooth 4 -o /home/lawun330/Desktop/basic-statistical-machine-translation/baseline2/ph-my/training/giza-inverse.1/ph-my -onlyaldumps 1 -p0 0.999 -s /home/lawun330/Desktop/basic-statistical-machine-translation/baseline2/ph-my/training/prepared.1/my.vcb -t /home/lawun330/Desktop/basic-statistical-machine-translation/baseline2/ph-my/training/prepared.1/ph.vcb
Parameter 'coocurrencefile' changed from '' to '/home/lawun330/Desktop/basic-statistical-machine-translation/baseline2/ph-my/training/giza-inverse.1/ph-my.cooc'
Parameter 'c' changed from '' to '/home/lawun330/Desktop/basic-statistical-machine-translation/baseline2/ph-my/training/prepared.1/ph-my-int-train.snt'
Parameter 'm3' changed from '5' to '3'
Parameter 'm4' changed from '5' to '3'
Parameter 'model1dumpfrequency' changed from '0' to '1'
Parameter 'model4smoothfactor' changed from '0.2' to '0.4'
Parameter 'nodumps' changed from '0' to '1'
Parameter 'nsmooth' changed from '64' to '4'
Parameter 'o' changed from '2026-05-22.042516.lawun330' to '/home/lawun330/Desktop/basic-statistical-machine-translation/baseline2/ph-my/training/giza-inverse.1/ph-my'
Parameter 'onlyaldumps' changed from '0' to '1'
Parameter 'p0' changed from '-1' to '0.999'
Parameter 's' changed from '' to '/home/lawun330/Desktop/basic-statistical-machine-translation/baseline2/ph-my/training/prepared.1/my.vcb'
Parameter 't' changed from '' to '/home/lawun330/Desktop/basic-statistical-machine-translation/baseline2/ph-my/training/prepared.1/ph.vcb'
general parameters:
-------------------
ml = 101  (maximum sentence length)

No. of iterations:
-------------------
hmmiterations = 5  (mh)
model1iterations = 5  (number of iterations for Model 1)
model2iterations = 0  (number of iterations for Model 2)
model3iterations = 3  (number of iterations for Model 3)
model4iterations = 3  (number of iterations for Model 4)
model5iterations = 0  (number of iterations for Model 5)
model6iterations = 0  (number of iterations for Model 6)

parameter for various heuristics in GIZA++ for efficient training:
------------------------------------------------------------------
countincreasecutoff = 1e-06  (Counts increment cutoff threshold)
countincreasecutoffal = 1e-05  (Counts increment cutoff threshold for alignments in training of fertility models)
mincountincrease = 1e-07  (minimal count increase)
peggedcutoff = 0.03  (relative cutoff probability for alignment-centers in pegging)
probcutoff = 1e-07  (Probability cutoff threshold for lexicon probabilities)
probsmooth = 1e-07  (probability smoothing (floor) value )

parameters for describing the type and amount of output:
-----------------------------------------------------------
compactalignmentformat = 0  (0: detailled alignment format, 1: compact alignment format )
hmmdumpfrequency = 0  (dump frequency of HMM)
l = 2026-05-22.042516.lawun330.log  (log file name)
log = 0  (0: no logfile; 1: logfile)
model1dumpfrequency = 1  (dump frequency of Model 1)
model2dumpfrequency = 0  (dump frequency of Model 2)
model345dumpfrequency = 0  (dump frequency of Model 3/4/5)
nbestalignments = 0  (for printing the n best alignments)
nodumps = 1  (1: do not write any files)
o = /home/lawun330/Desktop/basic-statistical-machine-translation/baseline2/ph-my/training/giza-inverse.1/ph-my  (output file prefix)
onlyaldumps = 1  (1: do not write any files)
outputpath =   (output path)
transferdumpfrequency = 0  (output: dump of transfer from Model 2 to 3)
verbose = 0  (0: not verbose; 1: verbose)
verbosesentence = -10  (number of sentence for which a lot of information should be printed (negative: no output))

parameters describing input files:
----------------------------------
c = /home/lawun330/Desktop/basic-statistical-machine-translation/baseline2/ph-my/training/prepared.1/ph-my-int-train.snt  (training corpus file name)
d =   (dictionary file name)
s = /home/lawun330/Desktop/basic-statistical-machine-translation/baseline2/ph-my/training/prepared.1/my.vcb  (source vocabulary file name)
t = /home/lawun330/Desktop/basic-statistical-machine-translation/baseline2/ph-my/training/prepared.1/ph.vcb  (target vocabulary file name)
tc =   (test corpus file name)

smoothing parameters:
---------------------
emalsmooth = 0.2  (f-b-trn: smoothing factor for HMM alignment model (can be ignored by -emSmoothHMM))
model23smoothfactor = 0  (smoothing parameter for IBM-2/3 (interpolation with constant))
model4smoothfactor = 0.4  (smooting parameter for alignment probabilities in Model 4)
model5smoothfactor = 0.1  (smooting parameter for distortion probabilities in Model 5 (linear interpolation with constant))
nsmooth = 4  (smoothing for fertility parameters (good value: 64): weight for wordlength-dependent fertility parameters)
nsmoothgeneral = 0  (smoothing for fertility parameters (default: 0): weight for word-independent fertility parameters)

parameters modifying the models:
--------------------------------
compactadtable = 1  (1: only 3-dimensional alignment table for IBM-2 and IBM-3)
deficientdistortionforemptyword = 0  (0: IBM-3/IBM-4 as described in (Brown et al. 1993); 1: distortion model of empty word is deficient; 2: distoriton model of empty word is deficient (differently); setting this parameter also helps to avoid that during IBM-3 and IBM-4 training too many words are aligned with the empty word)
depm4 = 76  (d_{=1}: &1:l, &2:m, &4:F, &8:E, d_{>1}&16:l, &32:m, &64:F, &128:E)
depm5 = 68  (d_{=1}: &1:l, &2:m, &4:F, &8:E, d_{>1}&16:l, &32:m, &64:F, &128:E)
emalignmentdependencies = 2  (lextrain: dependencies in the HMM alignment model.  &1: sentence length; &2: previous class; &4: previous position;  &8: French position; &16: French class)
emprobforempty = 0.4  (f-b-trn: probability for empty word)

parameters modifying the EM-algorithm:
--------------------------------------
m5p0 = -1  (fixed value for parameter p_0 in IBM-5 (if negative then it is determined in training))
manlexfactor1 = 0  ()
manlexfactor2 = 0  ()
manlexmaxmultiplicity = 20  ()
maxfertility = 10  (maximal fertility for fertility models)
p0 = 0.999  (fixed value for parameter p_0 in IBM-3/4 (if negative then it is determined in training))
pegging = 0  (0: no pegging; 1: do pegging)

general parameters:
-------------------
ml = 101  (maximum sentence length)

No. of iterations:
-------------------
hmmiterations = 5  (mh)
model1iterations = 5  (number of iterations for Model 1)
model2iterations = 0  (number of iterations for Model 2)
model3iterations = 3  (number of iterations for Model 3)
model4iterations = 3  (number of iterations for Model 4)
model5iterations = 0  (number of iterations for Model 5)
model6iterations = 0  (number of iterations for Model 6)

parameter for various heuristics in GIZA++ for efficient training:
------------------------------------------------------------------
countincreasecutoff = 1e-06  (Counts increment cutoff threshold)
countincreasecutoffal = 1e-05  (Counts increment cutoff threshold for alignments in training of fertility models)
mincountincrease = 1e-07  (minimal count increase)
peggedcutoff = 0.03  (relative cutoff probability for alignment-centers in pegging)
probcutoff = 1e-07  (Probability cutoff threshold for lexicon probabilities)
probsmooth = 1e-07  (probability smoothing (floor) value )

parameters for describing the type and amount of output:
-----------------------------------------------------------
compactalignmentformat = 0  (0: detailled alignment format, 1: compact alignment format )
hmmdumpfrequency = 0  (dump frequency of HMM)
l = 2026-05-22.042516.lawun330.log  (log file name)
log = 0  (0: no logfile; 1: logfile)
model1dumpfrequency = 1  (dump frequency of Model 1)
model2dumpfrequency = 0  (dump frequency of Model 2)
model345dumpfrequency = 0  (dump frequency of Model 3/4/5)
nbestalignments = 0  (for printing the n best alignments)
nodumps = 1  (1: do not write any files)
o = /home/lawun330/Desktop/basic-statistical-machine-translation/baseline2/ph-my/training/giza-inverse.1/ph-my  (output file prefix)
onlyaldumps = 1  (1: do not write any files)
outputpath =   (output path)
transferdumpfrequency = 0  (output: dump of transfer from Model 2 to 3)
verbose = 0  (0: not verbose; 1: verbose)
verbosesentence = -10  (number of sentence for which a lot of information should be printed (negative: no output))

parameters describing input files:
----------------------------------
c = /home/lawun330/Desktop/basic-statistical-machine-translation/baseline2/ph-my/training/prepared.1/ph-my-int-train.snt  (training corpus file name)
d =   (dictionary file name)
s = /home/lawun330/Desktop/basic-statistical-machine-translation/baseline2/ph-my/training/prepared.1/my.vcb  (source vocabulary file name)
t = /home/lawun330/Desktop/basic-statistical-machine-translation/baseline2/ph-my/training/prepared.1/ph.vcb  (target vocabulary file name)
tc =   (test corpus file name)

smoothing parameters:
---------------------
emalsmooth = 0.2  (f-b-trn: smoothing factor for HMM alignment model (can be ignored by -emSmoothHMM))
model23smoothfactor = 0  (smoothing parameter for IBM-2/3 (interpolation with constant))
model4smoothfactor = 0.4  (smooting parameter for alignment probabilities in Model 4)
model5smoothfactor = 0.1  (smooting parameter for distortion probabilities in Model 5 (linear interpolation with constant))
nsmooth = 4  (smoothing for fertility parameters (good value: 64): weight for wordlength-dependent fertility parameters)
nsmoothgeneral = 0  (smoothing for fertility parameters (default: 0): weight for word-independent fertility parameters)

parameters modifying the models:
--------------------------------
compactadtable = 1  (1: only 3-dimensional alignment table for IBM-2 and IBM-3)
deficientdistortionforemptyword = 0  (0: IBM-3/IBM-4 as described in (Brown et al. 1993); 1: distortion model of empty word is deficient; 2: distoriton model of empty word is deficient (differently); setting this parameter also helps to avoid that during IBM-3 and IBM-4 training too many words are aligned with the empty word)
depm4 = 76  (d_{=1}: &1:l, &2:m, &4:F, &8:E, d_{>1}&16:l, &32:m, &64:F, &128:E)
depm5 = 68  (d_{=1}: &1:l, &2:m, &4:F, &8:E, d_{>1}&16:l, &32:m, &64:F, &128:E)
emalignmentdependencies = 2  (lextrain: dependencies in the HMM alignment model.  &1: sentence length; &2: previous class; &4: previous position;  &8: French position; &16: French class)
emprobforempty = 0.4  (f-b-trn: probability for empty word)

parameters modifying the EM-algorithm:
--------------------------------------
m5p0 = -1  (fixed value for parameter p_0 in IBM-5 (if negative then it is determined in training))
manlexfactor1 = 0  ()
manlexfactor2 = 0  ()
manlexmaxmultiplicity = 20  ()
maxfertility = 10  (maximal fertility for fertility models)
p0 = 0.999  (fixed value for parameter p_0 in IBM-3/4 (if negative then it is determined in training))
pegging = 0  (0: no pegging; 1: do pegging)

reading vocabulary files 
Source vocabulary list has 2284 unique tokens 
Target vocabulary list has 1835 unique tokens 
Calculating vocabulary frequencies from corpus /home/lawun330/Desktop/basic-statistical-machine-translation/baseline2/ph-my/training/prepared.1/ph-my-int-train.snt
Reading more sentence pairs into memory ... 
Corpus fits in memory, corpus has: 20000 sentence pairs.
 Train total # sentence pairs (weighted): 20000
Size of source portion of the training corpus: 57286 tokens
Size of the target portion of the training corpus: 57346 tokens 
In source portion of the training corpus, only 2283 unique tokens appeared
In target portion of the training corpus, only 1833 unique tokens appeared
lambda for PP calculation in IBM-1,IBM-2,HMM:= 57346/(77286-20000)== 1.00105
There are 74728 74728 entries in table
==========================================================
Model1 Training Started at: Fri May 22 04:25:16 2026

-----------
Model1: Iteration 1
Model1: (1) TRAIN CROSS-ENTROPY 11.5777 PERPLEXITY 3056.55
Model1: (1) VITERBI TRAIN CROSS-ENTROPY 13.6007 PERPLEXITY 12422.9
Model 1 Iteration: 1 took: 0 seconds
-----------
Model1: Iteration 2
Model1: (2) TRAIN CROSS-ENTROPY 4.52823 PERPLEXITY 23.0746
Model1: (2) VITERBI TRAIN CROSS-ENTROPY 4.87988 PERPLEXITY 29.4435
Model 1 Iteration: 2 took: 0 seconds
-----------
Model1: Iteration 3
Model1: (3) TRAIN CROSS-ENTROPY 3.46431 PERPLEXITY 11.0372
Model1: (3) VITERBI TRAIN CROSS-ENTROPY 3.66207 PERPLEXITY 12.6588
Model 1 Iteration: 3 took: 0 seconds
-----------
Model1: Iteration 4
Model1: (4) TRAIN CROSS-ENTROPY 3.33688 PERPLEXITY 10.1042
Model1: (4) VITERBI TRAIN CROSS-ENTROPY 3.51196 PERPLEXITY 11.4079
Model 1 Iteration: 4 took: 0 seconds
-----------
Model1: Iteration 5
Model1: (5) TRAIN CROSS-ENTROPY 3.31515 PERPLEXITY 9.95312
Model1: (5) VITERBI TRAIN CROSS-ENTROPY 3.48182 PERPLEXITY 11.1721
Model 1 Iteration: 5 took: 0 seconds
Entire Model1 Training took: 0 seconds
NOTE: I am doing iterations with the HMM model!
Read classes: #words: 2283  #classes: 51
Read classes: #words: 1834  #classes: 51

==========================================================
Hmm Training Started at: Fri May 22 04:25:16 2026

-----------
Hmm: Iteration 1
A/D table contains 633 parameters.
Hmm: (1) TRAIN CROSS-ENTROPY 3.30917 PERPLEXITY 9.91193
Hmm: (1) VITERBI TRAIN CROSS-ENTROPY 3.47187 PERPLEXITY 11.0953

Hmm Iteration: 1 took: 0 seconds

-----------
Hmm: Iteration 2
A/D table contains 633 parameters.
Hmm: (2) TRAIN CROSS-ENTROPY 1.29403 PERPLEXITY 2.45211
Hmm: (2) VITERBI TRAIN CROSS-ENTROPY 1.30716 PERPLEXITY 2.47454

Hmm Iteration: 2 took: 0 seconds

-----------
Hmm: Iteration 3
A/D table contains 633 parameters.
Hmm: (3) TRAIN CROSS-ENTROPY 1.12059 PERPLEXITY 2.17436
Hmm: (3) VITERBI TRAIN CROSS-ENTROPY 1.12596 PERPLEXITY 2.18247

Hmm Iteration: 3 took: 0 seconds

-----------
Hmm: Iteration 4
A/D table contains 633 parameters.
Hmm: (4) TRAIN CROSS-ENTROPY 1.08553 PERPLEXITY 2.12215
Hmm: (4) VITERBI TRAIN CROSS-ENTROPY 1.08901 PERPLEXITY 2.12728

Hmm Iteration: 4 took: 1 seconds

-----------
Hmm: Iteration 5
A/D table contains 633 parameters.
Hmm: (5) TRAIN CROSS-ENTROPY 1.07195 PERPLEXITY 2.10227
Hmm: (5) VITERBI TRAIN CROSS-ENTROPY 1.07452 PERPLEXITY 2.10602

Hmm Iteration: 5 took: 0 seconds

Entire Hmm Training took: 1 seconds
==========================================================
Read classes: #words: 2283  #classes: 51
Read classes: #words: 1834  #classes: 51
Read classes: #words: 2283  #classes: 51
Read classes: #words: 1834  #classes: 51

==========================================================
Starting H333444:  Viterbi Training
 H333444 Training Started at: Fri May 22 04:25:17 2026


---------------------
THTo3: Iteration 1
#centers(pre/hillclimbed/real): 1 1 1  #al: 13.3348 #alsophisticatedcountcollection: 0 #hcsteps: 0
#peggingImprovements: 0
A/D table contains 633 parameters.
A/D table contains 594 parameters.
p0_count is 57249.3 and p1 is 48.3539; p0 is 0.999 p1: 0.001
THTo3: TRAIN CROSS-ENTROPY 0.330747 PERPLEXITY 1.25766
THTo3: (1) TRAIN VITERBI CROSS-ENTROPY 0.332962 PERPLEXITY 1.2596

THTo3 Viterbi Iteration : 1 took: 0 seconds

---------------------
Model3: Iteration 2
#centers(pre/hillclimbed/real): 1 1 1  #al: 13.3369 #alsophisticatedcountcollection: 0 #hcsteps: 1.00255
#peggingImprovements: 0
A/D table contains 633 parameters.
A/D table contains 582 parameters.
p0_count is 57323.7 and p1 is 11.167; p0 is 0.999 p1: 0.001
Model3: TRAIN CROSS-ENTROPY 0.763273 PERPLEXITY 1.69734
Model3: (2) TRAIN VITERBI CROSS-ENTROPY 0.763435 PERPLEXITY 1.69753

Model3 Viterbi Iteration : 2 took: 0 seconds

---------------------
Model3: Iteration 3
#centers(pre/hillclimbed/real): 1 1 1  #al: 13.3377 #alsophisticatedcountcollection: 0 #hcsteps: 1.00185
#peggingImprovements: 0
A/D table contains 633 parameters.
A/D table contains 572 parameters.
p0_count is 57343.2 and p1 is 1.41803; p0 is 0.999 p1: 0.001
Model3: TRAIN CROSS-ENTROPY 0.750421 PERPLEXITY 1.68228
Model3: (3) TRAIN VITERBI CROSS-ENTROPY 0.750468 PERPLEXITY 1.68234

Model3 Viterbi Iteration : 3 took: 0 seconds

---------------------
T3To4: Iteration 4
#centers(pre/hillclimbed/real): 1 1 1  #al: 13.3377 #alsophisticatedcountcollection: 1.0012 #hcsteps: 1.0012
#peggingImprovements: 0
D4 table contains 486997 parameters.
A/D table contains 633 parameters.
A/D table contains 548 parameters.
p0_count is 57345.2 and p1 is 0.40296; p0 is 0.999 p1: 0.001
T3To4: TRAIN CROSS-ENTROPY 0.747563 PERPLEXITY 1.67895
T3To4: (4) TRAIN VITERBI CROSS-ENTROPY 0.747579 PERPLEXITY 1.67897

T3To4 Viterbi Iteration : 4 took: 0 seconds

---------------------
Model4: Iteration 5
#centers(pre/hillclimbed/real): 1 1 1  #al: 13.3377 #alsophisticatedcountcollection: 1.12965 #hcsteps: 1.00035
#peggingImprovements: 0
D4 table contains 486997 parameters.
A/D table contains 633 parameters.
A/D table contains 542 parameters.
p0_count is 57345.6 and p1 is 0.219857; p0 is 0.999 p1: 0.001
Model4: TRAIN CROSS-ENTROPY 1.27107 PERPLEXITY 2.41341
Model4: (5) TRAIN VITERBI CROSS-ENTROPY 1.27133 PERPLEXITY 2.41383

Model4 Viterbi Iteration : 5 took: 0 seconds

---------------------
Model4: Iteration 6
#centers(pre/hillclimbed/real): 1 1 1  #al: 13.3377 #alsophisticatedcountcollection: 1.12935 #hcsteps: 1.00025
#peggingImprovements: 0
D4 table contains 486997 parameters.
A/D table contains 633 parameters.
A/D table contains 533 parameters.
p0_count is 57345.5 and p1 is 0.233439; p0 is 0.999 p1: 0.001
Model4: TRAIN CROSS-ENTROPY 1.27137 PERPLEXITY 2.41391
Model4: (6) TRAIN VITERBI CROSS-ENTROPY 1.27163 PERPLEXITY 2.41434

Model4 Viterbi Iteration : 6 took: 0 seconds
H333444 Training Finished at: Fri May 22 04:25:17 2026


Entire Viterbi H333444 Training took: 0 seconds
==========================================================

Entire Training took: 1 seconds
Program Finished at: Fri May 22 04:25:17 2026

==========================================================
finished at Fri May 22 04:25:17 AM +07 2026
