starting at Fri May 22 04:26:33 AM +07 2026 on ROG-Strix-Hero-II
run 1 start at Fri May 22 04:26:33 AM +07 2026
Parsing --decoder-flags: | -v 0 |
Saving new config to: ./run1.moses.ini
1-10.20.2 0.2 0.2 0.20.3 0.3 0.3 0.3 0.3 0.30.30.5(1) run decoder to produce n-best lists
params = -v 0 
decoder_config = -weight-overwrite 'Distortion0= 0.065217 WordPenalty0= -0.217391 TranslationModel0= 0.043478 0.043478 0.043478 0.043478 LexicalReordering0= 0.065217 0.065217 0.065217 0.065217 0.065217 0.065217 LM0= 0.108696 PhrasePenalty0= 0.043478'
run 1 end at Fri May 22 04:27:19 AM +07 2026
(1) BEST at 1: 0.0600976 0.0596965 0.0596965 -0.155055 0.0596965 0.0121343 0.0596965 0.0996282 -0.198988 0.0349837 0.0397976 0.0887562 0.0397976 -0.0319758 => 0.773117 at Fri May 22 04:27:19 AM +07 2026
loading data from 1 to 1 (prev_aggregate_nbl_size=-1)
loading data from run1.features.dat
loading data from run1.scores.dat
loading data from run1.init.opt
run 2 start at Fri May 22 04:27:19 AM +07 2026
Parsing --decoder-flags: |-v 0 |
Saving new config to: ./run2.moses.ini
1-10.20.2 0.2 0.2 0.20.3 0.3 0.3 0.3 0.3 0.30.30.5(2) run decoder to produce n-best lists
params = -v 0 
decoder_config = -weight-overwrite 'PhrasePenalty0= 0.034984 LM0= 0.099628 LexicalReordering0= 0.060098 0.059696 0.059696 -0.155055 0.059696 0.012134 TranslationModel0= 0.039798 0.088756 0.039798 -0.031976 WordPenalty0= -0.198988 Distortion0= 0.059696'
run 2 end at Fri May 22 04:28:06 AM +07 2026
(2) BEST at 2: 0.0427357 0.0229101 0.00400793 -0.252088 0.0342899 0.0269462 0.0686611 0.0669771 -0.26333 0.0705749 0.0374791 0.0380629 0.0438978 -0.0280393 => 0.775389 at Fri May 22 04:28:06 AM +07 2026
loading data from 1 to 2 (prev_aggregate_nbl_size=-1)
loading data from run1.features.dat,run2.features.dat
loading data from run1.scores.dat,run2.scores.dat
loading data from run1.init.opt,run2.init.opt
run 3 start at Fri May 22 04:28:06 AM +07 2026
Parsing --decoder-flags: |-v 0 |
Saving new config to: ./run3.moses.ini
1-10.20.2 0.2 0.2 0.20.3 0.3 0.3 0.3 0.3 0.30.30.5(3) run decoder to produce n-best lists
params = -v 0 
decoder_config = -weight-overwrite 'TranslationModel0= 0.037479 0.038063 0.043898 -0.028039 Distortion0= 0.068661 WordPenalty0= -0.263330 LexicalReordering0= 0.042736 0.022910 0.004008 -0.252088 0.034290 0.026946 LM0= 0.066977 PhrasePenalty0= 0.070575'
run 3 end at Fri May 22 04:29:05 AM +07 2026
(3) BEST at 3: 0.0208017 0.10065 0.0543688 -0.222137 0.0365578 0.0126834 0.0300339 0.0800783 -0.314817 0.000345935 0.0451395 0.0467385 0.0285675 -0.00708145 => 0.776514 at Fri May 22 04:29:05 AM +07 2026
loading data from 1 to 3 (prev_aggregate_nbl_size=-1)
loading data from run1.features.dat,run2.features.dat,run3.features.dat
loading data from run1.scores.dat,run2.scores.dat,run3.scores.dat
loading data from run1.init.opt,run2.init.opt,run3.init.opt
run 4 start at Fri May 22 04:29:05 AM +07 2026
Parsing --decoder-flags: |-v 0 |
Saving new config to: ./run4.moses.ini
1-10.20.2 0.2 0.2 0.20.3 0.3 0.3 0.3 0.3 0.30.30.5(4) run decoder to produce n-best lists
params = -v 0 
decoder_config = -weight-overwrite 'LexicalReordering0= 0.020802 0.100650 0.054369 -0.222137 0.036558 0.012683 PhrasePenalty0= 0.000346 LM0= 0.080078 TranslationModel0= 0.045139 0.046739 0.028567 -0.007081 Distortion0= 0.030034 WordPenalty0= -0.314817'
run 4 end at Fri May 22 04:30:07 AM +07 2026
(4) BEST at 4: 0.056705 0.0652716 0.0613926 -0.224447 0.00930164 0.00194017 0.0266888 0.0508742 0.254542 -0.161929 0.0186257 0.0421273 0.0202902 -0.00586427 => 0.779242 at Fri May 22 04:30:07 AM +07 2026
loading data from 1 to 4 (prev_aggregate_nbl_size=-1)
loading data from run1.features.dat,run2.features.dat,run3.features.dat,run4.features.dat
loading data from run1.scores.dat,run2.scores.dat,run3.scores.dat,run4.scores.dat
loading data from run1.init.opt,run2.init.opt,run3.init.opt,run4.init.opt
run 5 start at Fri May 22 04:30:07 AM +07 2026
Parsing --decoder-flags: |-v 0 |
Saving new config to: ./run5.moses.ini
1-10.20.2 0.2 0.2 0.20.3 0.3 0.3 0.3 0.3 0.30.30.5(5) run decoder to produce n-best lists
params = -v 0 
decoder_config = -weight-overwrite 'TranslationModel0= 0.018626 0.042127 0.020290 -0.005864 WordPenalty0= 0.254542 Distortion0= 0.026689 LM0= 0.050874 PhrasePenalty0= -0.161929 LexicalReordering0= 0.056705 0.065272 0.061393 -0.224447 0.009302 0.001940'
run 5 end at Fri May 22 04:31:06 AM +07 2026
(5) BEST at 5: 0.117419 0.0931957 0.06723 0.00765825 0.061793 0.0493968 0.00311746 0.0678525 -0.173155 -0.261003 0.0111088 0.0573265 0.0211929 -0.00855098 => 0.784714 at Fri May 22 04:31:06 AM +07 2026
loading data from 1 to 5 (prev_aggregate_nbl_size=-1)
loading data from run1.features.dat,run2.features.dat,run3.features.dat,run4.features.dat,run5.features.dat
loading data from run1.scores.dat,run2.scores.dat,run3.scores.dat,run4.scores.dat,run5.scores.dat
loading data from run1.init.opt,run2.init.opt,run3.init.opt,run4.init.opt,run5.init.opt
run 6 start at Fri May 22 04:31:06 AM +07 2026
Parsing --decoder-flags: |-v 0 |
Saving new config to: ./run6.moses.ini
1-10.20.2 0.2 0.2 0.20.3 0.3 0.3 0.3 0.3 0.30.30.5(6) run decoder to produce n-best lists
params = -v 0 
decoder_config = -weight-overwrite 'WordPenalty0= -0.173155 Distortion0= 0.003117 TranslationModel0= 0.011109 0.057327 0.021193 -0.008551 LM0= 0.067852 PhrasePenalty0= -0.261003 LexicalReordering0= 0.117419 0.093196 0.067230 0.007658 0.061793 0.049397'
run 6 end at Fri May 22 04:32:15 AM +07 2026
(6) BEST at 6: 0.0701699 0.124398 0.0396647 -0.0671482 0.00915067 0.0485099 0.0139433 0.06169 -0.231657 -0.242814 0.00743111 0.0550164 0.0216246 -0.00678114 => 0.785609 at Fri May 22 04:32:15 AM +07 2026
loading data from 1 to 6 (prev_aggregate_nbl_size=-1)
loading data from run1.features.dat,run2.features.dat,run3.features.dat,run4.features.dat,run5.features.dat,run6.features.dat
loading data from run1.scores.dat,run2.scores.dat,run3.scores.dat,run4.scores.dat,run5.scores.dat,run6.scores.dat
loading data from run1.init.opt,run2.init.opt,run3.init.opt,run4.init.opt,run5.init.opt,run6.init.opt
run 7 start at Fri May 22 04:32:15 AM +07 2026
Parsing --decoder-flags: |-v 0 |
Saving new config to: ./run7.moses.ini
1-10.20.2 0.2 0.2 0.20.3 0.3 0.3 0.3 0.3 0.30.30.5(7) run decoder to produce n-best lists
params = -v 0 
decoder_config = -weight-overwrite 'LexicalReordering0= 0.070170 0.124398 0.039665 -0.067148 0.009151 0.048510 LM0= 0.061690 PhrasePenalty0= -0.242814 TranslationModel0= 0.007431 0.055016 0.021625 -0.006781 Distortion0= 0.013943 WordPenalty0= -0.231657'
run 7 end at Fri May 22 04:33:20 AM +07 2026
(7) BEST at 7: 0.07017 0.124398 0.0396647 -0.0671483 0.00915068 0.0485099 0.0139433 0.0616901 -0.231657 -0.242814 0.00743112 0.0550165 0.0216246 -0.00678115 => 0.785609 at Fri May 22 04:33:20 AM +07 2026
Parsing --decoder-flags: |-v 0 |
Saving new config to: ./moses.ini
1-10.20.2 0.2 0.2 0.20.3 0.3 0.3 0.3 0.3 0.30.30.5Training finished at Fri May 22 04:33:20 AM +07 2026
finished at Fri May 22 04:33:20 AM +07 2026
