perl: warning: Setting locale failed.
perl: warning: Please check that your locale settings:
	LANGUAGE = (unset),
	LC_ALL = (unset),
	LC_CTYPE = "C.UTF-8",
	LANG = "en_US.UTF-8"
    are supported and installed on your system.
perl: warning: Falling back to the standard locale ("C").
Using SCRIPTS_ROOTDIR: /home/kyalkalay/tools/mosesdecoder/scripts
using gzip 
(6) score phrases @ Mon Jun  1 23:06:27 +0630 2026
(6.1)  creating table half /media/kyalkalay/Data/AI-Class/assignment-6_aung_hein/pbsmt-big-normalize/baseline/ph-my/model/phrase-table.1.half.e2f @ Mon Jun  1 23:06:27 +0630 2026
/home/kyalkalay/tools/mosesdecoder/scripts/generic/score-parallel.perl 12 "sort    " /home/kyalkalay/tools/mosesdecoder/scripts/../bin/score /media/kyalkalay/Data/AI-Class/assignment-6_aung_hein/pbsmt-big-normalize/baseline/ph-my/model/extract.1.inv.sorted.gz /media/kyalkalay/Data/AI-Class/assignment-6_aung_hein/pbsmt-big-normalize/baseline/ph-my/model/lex.1.e2f /media/kyalkalay/Data/AI-Class/assignment-6_aung_hein/pbsmt-big-normalize/baseline/ph-my/model/phrase-table.1.half.e2f.gz --Inverse  1 
Executing: /home/kyalkalay/tools/mosesdecoder/scripts/generic/score-parallel.perl 12 "sort    " /home/kyalkalay/tools/mosesdecoder/scripts/../bin/score /media/kyalkalay/Data/AI-Class/assignment-6_aung_hein/pbsmt-big-normalize/baseline/ph-my/model/extract.1.inv.sorted.gz /media/kyalkalay/Data/AI-Class/assignment-6_aung_hein/pbsmt-big-normalize/baseline/ph-my/model/lex.1.e2f /media/kyalkalay/Data/AI-Class/assignment-6_aung_hein/pbsmt-big-normalize/baseline/ph-my/model/phrase-table.1.half.e2f.gz --Inverse  1 
(6.1)  creating table half /media/kyalkalay/Data/AI-Class/assignment-6_aung_hein/pbsmt-big-normalize/baseline/ph-my/model/phrase-table.1.half.f2e @ Mon Jun  1 23:06:27 +0630 2026
/home/kyalkalay/tools/mosesdecoder/scripts/generic/score-parallel.perl 12 "sort    " /home/kyalkalay/tools/mosesdecoder/scripts/../bin/score /media/kyalkalay/Data/AI-Class/assignment-6_aung_hein/pbsmt-big-normalize/baseline/ph-my/model/extract.1.sorted.gz /media/kyalkalay/Data/AI-Class/assignment-6_aung_hein/pbsmt-big-normalize/baseline/ph-my/model/lex.1.f2e /media/kyalkalay/Data/AI-Class/assignment-6_aung_hein/pbsmt-big-normalize/baseline/ph-my/model/phrase-table.1.half.f2e.gz  --GoodTuring  0 
Executing: /home/kyalkalay/tools/mosesdecoder/scripts/generic/score-parallel.perl 12 "sort    " /home/kyalkalay/tools/mosesdecoder/scripts/../bin/score /media/kyalkalay/Data/AI-Class/assignment-6_aung_hein/pbsmt-big-normalize/baseline/ph-my/model/extract.1.sorted.gz /media/kyalkalay/Data/AI-Class/assignment-6_aung_hein/pbsmt-big-normalize/baseline/ph-my/model/lex.1.f2e /media/kyalkalay/Data/AI-Class/assignment-6_aung_hein/pbsmt-big-normalize/baseline/ph-my/model/phrase-table.1.half.f2e.gz  --GoodTuring  0 
using gzip 
Started Mon Jun  1 23:06:27 2026
using gzip 
Started Mon Jun  1 23:06:27 2026
/home/kyalkalay/tools/mosesdecoder/scripts/../bin/score /media/kyalkalay/Data/AI-Class/assignment-6_aung_hein/pbsmt-big-normalize/baseline/ph-my/model/tmp.1292529/extract.0.gz /media/kyalkalay/Data/AI-Class/assignment-6_aung_hein/pbsmt-big-normalize/baseline/ph-my/model/lex.1.e2f /media/kyalkalay/Data/AI-Class/assignment-6_aung_hein/pbsmt-big-normalize/baseline/ph-my/model/tmp.1292529/phrase-table.half.0000000.gz --Inverse  2>> /dev/stderr 
/media/kyalkalay/Data/AI-Class/assignment-6_aung_hein/pbsmt-big-normalize/baseline/ph-my/model/tmp.1292529/run.0.sh/media/kyalkalay/Data/AI-Class/assignment-6_aung_hein/pbsmt-big-normalize/baseline/ph-my/model/tmp.1292529/run.1.sh/media/kyalkalay/Data/AI-Class/assignment-6_aung_hein/pbsmt-big-normalize/baseline/ph-my/model/tmp.1292529/run.2.sh/media/kyalkalay/Data/AI-Class/assignment-6_aung_hein/pbsmt-big-normalize/baseline/ph-my/model/tmp.1292529/run.3.sh/media/kyalkalay/Data/AI-Class/assignment-6_aung_hein/pbsmt-big-normalize/baseline/ph-my/model/tmp.1292529/run.4.sh/media/kyalkalay/Data/AI-Class/assignment-6_aung_hein/pbsmt-big-normalize/baseline/ph-my/model/tmp.1292529/run.5.sh/media/kyalkalay/Data/AI-Class/assignment-6_aung_hein/pbsmt-big-normalize/baseline/ph-my/model/tmp.1292529/run.6.sh/media/kyalkalay/Data/AI-Class/assignment-6_aung_hein/pbsmt-big-normalize/baseline/ph-my/model/tmp.1292529/run.7.sh/media/kyalkalay/Data/AI-Class/assignment-6_aung_hein/pbsmt-big-normalize/baseline/ph-my/model/tmp.1292529/run.8.sh/media/kyalkalay/Data/AI-Class/assignment-6_aung_hein/pbsmt-big-normalize/baseline/ph-my/model/tmp.1292529/run.10.sh/media/kyalkalay/Data/AI-Class/assignment-6_aung_hein/pbsmt-big-normalize/baseline/ph-my/model/tmp.1292529/run.11.sh/media/kyalkalay/Data/AI-Class/assignment-6_aung_hein/pbsmt-big-normalize/baseline/ph-my/model/tmp.1292529/run.9.sh/home/kyalkalay/tools/mosesdecoder/scripts/../bin/score /media/kyalkalay/Data/AI-Class/assignment-6_aung_hein/pbsmt-big-normalize/baseline/ph-my/model/tmp.1292528/extract.0.gz /media/kyalkalay/Data/AI-Class/assignment-6_aung_hein/pbsmt-big-normalize/baseline/ph-my/model/lex.1.f2e /media/kyalkalay/Data/AI-Class/assignment-6_aung_hein/pbsmt-big-normalize/baseline/ph-my/model/tmp.1292528/phrase-table.half.0000000.gz --GoodTuring  2>> /dev/stderr 
/media/kyalkalay/Data/AI-Class/assignment-6_aung_hein/pbsmt-big-normalize/baseline/ph-my/model/tmp.1292528/run.0.sh/media/kyalkalay/Data/AI-Class/assignment-6_aung_hein/pbsmt-big-normalize/baseline/ph-my/model/tmp.1292528/run.1.sh/media/kyalkalay/Data/AI-Class/assignment-6_aung_hein/pbsmt-big-normalize/baseline/ph-my/model/tmp.1292528/run.2.sh/media/kyalkalay/Data/AI-Class/assignment-6_aung_hein/pbsmt-big-normalize/baseline/ph-my/model/tmp.1292528/run.3.sh/media/kyalkalay/Data/AI-Class/assignment-6_aung_hein/pbsmt-big-normalize/baseline/ph-my/model/tmp.1292528/run.4.sh/media/kyalkalay/Data/AI-Class/assignment-6_aung_hein/pbsmt-big-normalize/baseline/ph-my/model/tmp.1292528/run.7.sh/media/kyalkalay/Data/AI-Class/assignment-6_aung_hein/pbsmt-big-normalize/baseline/ph-my/model/tmp.1292528/run.8.sh/media/kyalkalay/Data/AI-Class/assignment-6_aung_hein/pbsmt-big-normalize/baseline/ph-my/model/tmp.1292528/run.10.sh/media/kyalkalay/Data/AI-Class/assignment-6_aung_hein/pbsmt-big-normalize/baseline/ph-my/model/tmp.1292528/run.5.sh/media/kyalkalay/Data/AI-Class/assignment-6_aung_hein/pbsmt-big-normalize/baseline/ph-my/model/tmp.1292528/run.6.sh/media/kyalkalay/Data/AI-Class/assignment-6_aung_hein/pbsmt-big-normalize/baseline/ph-my/model/tmp.1292528/run.9.sh/media/kyalkalay/Data/AI-Class/assignment-6_aung_hein/pbsmt-big-normalize/baseline/ph-my/model/tmp.1292528/run.11.shmv /media/kyalkalay/Data/AI-Class/assignment-6_aung_hein/pbsmt-big-normalize/baseline/ph-my/model/tmp.1292528/phrase-table.half.0000000.gz /media/kyalkalay/Data/AI-Class/assignment-6_aung_hein/pbsmt-big-normalize/baseline/ph-my/model/phrase-table.1.half.f2e.gzrm -rf /media/kyalkalay/Data/AI-Class/assignment-6_aung_hein/pbsmt-big-normalize/baseline/ph-my/model/tmp.1292528 
Finished Mon Jun  1 23:06:27 2026
gunzip -c /media/kyalkalay/Data/AI-Class/assignment-6_aung_hein/pbsmt-big-normalize/baseline/ph-my/model/tmp.1292529/phrase-table.half.*.gz 2>> /dev/stderr| LC_ALL=C sort     -T /media/kyalkalay/Data/AI-Class/assignment-6_aung_hein/pbsmt-big-normalize/baseline/ph-my/model/tmp.1292529  | gzip -c > /media/kyalkalay/Data/AI-Class/assignment-6_aung_hein/pbsmt-big-normalize/baseline/ph-my/model/phrase-table.1.half.e2f.gz  2>> /dev/stderr rm -rf /media/kyalkalay/Data/AI-Class/assignment-6_aung_hein/pbsmt-big-normalize/baseline/ph-my/model/tmp.1292529 
Finished Mon Jun  1 23:06:28 2026
(6.6) consolidating the two halves @ Mon Jun  1 23:06:28 +0630 2026
Executing: /home/kyalkalay/tools/mosesdecoder/scripts/../bin/consolidate /media/kyalkalay/Data/AI-Class/assignment-6_aung_hein/pbsmt-big-normalize/baseline/ph-my/model/phrase-table.1.half.f2e.gz /media/kyalkalay/Data/AI-Class/assignment-6_aung_hein/pbsmt-big-normalize/baseline/ph-my/model/phrase-table.1.half.e2f.gz /dev/stdout --GoodTuring /media/kyalkalay/Data/AI-Class/assignment-6_aung_hein/pbsmt-big-normalize/baseline/ph-my/model/phrase-table.1.half.f2e.gz.coc | gzip -c > /media/kyalkalay/Data/AI-Class/assignment-6_aung_hein/pbsmt-big-normalize/baseline/ph-my/model/phrase-table.1.gz
Consolidate v2.0 written by Philipp Koehn
consolidating direct and indirect rule tables
adjusting phrase translation probabilities with Good Turing discounting

Executing: rm -f /media/kyalkalay/Data/AI-Class/assignment-6_aung_hein/pbsmt-big-normalize/baseline/ph-my/model/phrase-table.1.half.*
