starting at Mon Jun 1 23:07:07 +0630 2026 on kyalkalay-HP
run 1 start at Mon Jun  1 23:07:07 +0630 2026
Parsing --decoder-flags: | -v 0 |
Saving new config to: ./run1.moses.ini
1-10.20.2 0.2 0.2 0.20.3 0.3 0.3 0.3 0.3 0.30.30.5(1) run decoder to produce n-best lists
params = -v 0 
decoder_config = -weight-overwrite 'Distortion0= 0.065217 WordPenalty0= -0.217391 PhrasePenalty0= 0.043478 TranslationModel0= 0.043478 0.043478 0.043478 0.043478 LM0= 0.108696 LexicalReordering0= 0.065217 0.065217 0.065217 0.065217 0.065217 0.065217'
run 1 end at Mon Jun  1 23:07:43 +0630 2026
(1) BEST at 1: -0.00195153 0.19568 0.0342036 -0.145825 0.00984785 0.0375113 0.123883 0.127718 0.00753606 -0.111021 0.155469 0.0308277 0.00021475 -0.0183098 => 0.774907 at Mon Jun  1 23:07:43 +0630 2026
loading data from 1 to 1 (prev_aggregate_nbl_size=-1)
loading data from run1.features.dat
loading data from run1.scores.dat
loading data from run1.init.opt
run 2 start at Mon Jun  1 23:07:43 +0630 2026
Parsing --decoder-flags: |-v 0 |
Saving new config to: ./run2.moses.ini
1-10.20.2 0.2 0.2 0.20.3 0.3 0.3 0.3 0.3 0.30.30.5(2) run decoder to produce n-best lists
params = -v 0 
decoder_config = -weight-overwrite 'WordPenalty0= 0.007536 Distortion0= 0.123883 LexicalReordering0= -0.001952 0.195680 0.034204 -0.145825 0.009848 0.037511 LM0= 0.127718 TranslationModel0= 0.155469 0.030828 0.000215 -0.018310 PhrasePenalty0= -0.111021'
run 2 end at Mon Jun  1 23:08:29 +0630 2026
(2) BEST at 2: 0.114271 0.041177 0.0172827 0.0114373 0.0336727 0.0137165 0.191396 0.124669 0.0310793 -0.250142 0.0774566 0.0703951 0.0180837 0.00522287 => 0.783884 at Mon Jun  1 23:08:29 +0630 2026
loading data from 1 to 2 (prev_aggregate_nbl_size=-1)
loading data from run1.features.dat,run2.features.dat
loading data from run1.scores.dat,run2.scores.dat
loading data from run1.init.opt,run2.init.opt
run 3 start at Mon Jun  1 23:08:29 +0630 2026
Parsing --decoder-flags: |-v 0 |
Saving new config to: ./run3.moses.ini
1-10.20.2 0.2 0.2 0.20.3 0.3 0.3 0.3 0.3 0.30.30.5(3) run decoder to produce n-best lists
params = -v 0 
decoder_config = -weight-overwrite 'TranslationModel0= 0.077457 0.070395 0.018084 0.005223 PhrasePenalty0= -0.250142 LM0= 0.124669 LexicalReordering0= 0.114271 0.041177 0.017283 0.011437 0.033673 0.013716 Distortion0= 0.191396 WordPenalty0= 0.031079'
run 3 end at Mon Jun  1 23:09:14 +0630 2026
(3) BEST at 3: 0.0143586 0.0295244 0.0656846 -0.142407 0.0403196 0.00286336 0.0833459 0.104937 0.0533501 -0.273395 0.0322956 0.0969595 0.0448778 -0.0156809 => 0.785206 at Mon Jun  1 23:09:14 +0630 2026
loading data from 1 to 3 (prev_aggregate_nbl_size=-1)
loading data from run1.features.dat,run2.features.dat,run3.features.dat
loading data from run1.scores.dat,run2.scores.dat,run3.scores.dat
loading data from run1.init.opt,run2.init.opt,run3.init.opt
run 4 start at Mon Jun  1 23:09:14 +0630 2026
Parsing --decoder-flags: |-v 0 |
Saving new config to: ./run4.moses.ini
1-10.20.2 0.2 0.2 0.20.3 0.3 0.3 0.3 0.3 0.30.30.5(4) run decoder to produce n-best lists
params = -v 0 
decoder_config = -weight-overwrite 'Distortion0= 0.083346 WordPenalty0= 0.053350 TranslationModel0= 0.032296 0.096960 0.044878 -0.015681 PhrasePenalty0= -0.273395 LexicalReordering0= 0.014359 0.029524 0.065685 -0.142407 0.040320 0.002863 LM0= 0.104937'
run 4 end at Mon Jun  1 23:10:03 +0630 2026
(4) BEST at 4: 0.0144765 0.0297668 0.0662239 -0.143576 0.0406506 0.00288687 0.0840302 0.105799 0.0537881 -0.27564 0.0325608 0.0977556 0.0394371 -0.0134093 => 0.787059 at Mon Jun  1 23:10:03 +0630 2026
loading data from 1 to 4 (prev_aggregate_nbl_size=-1)
loading data from run1.features.dat,run2.features.dat,run3.features.dat,run4.features.dat
loading data from run1.scores.dat,run2.scores.dat,run3.scores.dat,run4.scores.dat
loading data from run1.init.opt,run2.init.opt,run3.init.opt,run4.init.opt
run 5 start at Mon Jun  1 23:10:03 +0630 2026
Parsing --decoder-flags: |-v 0 |
Saving new config to: ./run5.moses.ini
1-10.20.2 0.2 0.2 0.20.3 0.3 0.3 0.3 0.3 0.30.30.5(5) run decoder to produce n-best lists
params = -v 0 
decoder_config = -weight-overwrite 'WordPenalty0= 0.053788 Distortion0= 0.084030 LexicalReordering0= 0.014476 0.029767 0.066224 -0.143576 0.040651 0.002887 LM0= 0.105799 TranslationModel0= 0.032561 0.097756 0.039437 -0.013409 PhrasePenalty0= -0.275640'
run 5 end at Mon Jun  1 23:10:54 +0630 2026
(5) BEST at 5: 0.0144765 0.0297668 0.0662238 -0.143576 0.0406506 0.00288687 0.0840301 0.105799 0.0537881 -0.27564 0.0325608 0.0977555 0.0394371 -0.0134093 => 0.787059 at Mon Jun  1 23:10:54 +0630 2026
Parsing --decoder-flags: |-v 0 |
Saving new config to: ./moses.ini
1-10.20.2 0.2 0.2 0.20.3 0.3 0.3 0.3 0.3 0.30.30.5Training finished at Mon Jun  1 23:10:54 +0630 2026
finished at Mon Jun 1 23:10:54 +0630 2026
