perl: warning: Setting locale failed.
perl: warning: Please check that your locale settings:
	LANGUAGE = (unset),
	LC_ALL = (unset),
	LC_CTYPE = "C.UTF-8",
	LANG = "en_US.UTF-8"
    are supported and installed on your system.
perl: warning: Falling back to the standard locale ("C").
Using SCRIPTS_ROOTDIR: /home/kyalkalay/tools/mosesdecoder/scripts
Asking moses for feature names and values from /media/kyalkalay/Data/AI-Class/assignment-6_aung_hein/pbsmt-big-normalize/baseline/ph-my/tuning/moses.filtered.ini.1
Executing: /home/kyalkalay/tools/mosesdecoder/bin/moses  -v 0  -config /media/kyalkalay/Data/AI-Class/assignment-6_aung_hein/pbsmt-big-normalize/baseline/ph-my/tuning/moses.filtered.ini.1 -show-weights
exec: /home/kyalkalay/tools/mosesdecoder/bin/moses  -v 0  -config /media/kyalkalay/Data/AI-Class/assignment-6_aung_hein/pbsmt-big-normalize/baseline/ph-my/tuning/moses.filtered.ini.1 -show-weights
Executing: /home/kyalkalay/tools/mosesdecoder/bin/moses  -v 0  -config /media/kyalkalay/Data/AI-Class/assignment-6_aung_hein/pbsmt-big-normalize/baseline/ph-my/tuning/moses.filtered.ini.1 -show-weights > ./features.list 2> /dev/null
MERT starting values and ranges for random generation:
  LexicalReordering0 =   0.300 ( 0.00 ..  1.00)
  LexicalReordering0 =   0.300 ( 0.00 ..  1.00)
  LexicalReordering0 =   0.300 ( 0.00 ..  1.00)
  LexicalReordering0 =   0.300 ( 0.00 ..  1.00)
  LexicalReordering0 =   0.300 ( 0.00 ..  1.00)
  LexicalReordering0 =   0.300 ( 0.00 ..  1.00)
  Distortion0 =   0.300 ( 0.00 ..  1.00)
    LM0 =   0.500 ( 0.00 ..  1.00)
  WordPenalty0 =  -1.000 ( 0.00 ..  1.00)
  PhrasePenalty0 =   0.200 ( 0.00 ..  1.00)
  TranslationModel0 =   0.200 ( 0.00 ..  1.00)
  TranslationModel0 =   0.200 ( 0.00 ..  1.00)
  TranslationModel0 =   0.200 ( 0.00 ..  1.00)
  TranslationModel0 =   0.200 ( 0.00 ..  1.00)
featlist: LexicalReordering0=0.300000 
featlist: LexicalReordering0=0.300000 
featlist: LexicalReordering0=0.300000 
featlist: LexicalReordering0=0.300000 
featlist: LexicalReordering0=0.300000 
featlist: LexicalReordering0=0.300000 
featlist: Distortion0=0.300000 
featlist: LM0=0.500000 
featlist: WordPenalty0=-1.000000 
featlist: PhrasePenalty0=0.200000 
featlist: TranslationModel0=0.200000 
featlist: TranslationModel0=0.200000 
featlist: TranslationModel0=0.200000 
featlist: TranslationModel0=0.200000 
Saved: ./run1.moses.ini
Normalizing lambdas: 0.300000 0.300000 0.300000 0.300000 0.300000 0.300000 0.300000 0.500000 -1.000000 0.200000 0.200000 0.200000 0.200000 0.200000
DECODER_CFG = -weight-overwrite 'Distortion0= 0.065217 WordPenalty0= -0.217391 PhrasePenalty0= 0.043478 TranslationModel0= 0.043478 0.043478 0.043478 0.043478 LM0= 0.108696 LexicalReordering0= 0.065217 0.065217 0.065217 0.065217 0.065217 0.065217'
Executing: /home/kyalkalay/tools/mosesdecoder/bin/moses -v 0   -config /media/kyalkalay/Data/AI-Class/assignment-6_aung_hein/pbsmt-big-normalize/baseline/ph-my/tuning/moses.filtered.ini.1 -weight-overwrite 'Distortion0= 0.065217 WordPenalty0= -0.217391 PhrasePenalty0= 0.043478 TranslationModel0= 0.043478 0.043478 0.043478 0.043478 LM0= 0.108696 LexicalReordering0= 0.065217 0.065217 0.065217 0.065217 0.065217 0.065217'  -n-best-list run1.best100.out 100 distinct  -input-file /media/kyalkalay/Data/AI-Class/assignment-6_aung_hein/g2p-par/dev_clean.ph > run1.out 
Executing: /home/kyalkalay/tools/mosesdecoder/bin/moses -v 0   -config /media/kyalkalay/Data/AI-Class/assignment-6_aung_hein/pbsmt-big-normalize/baseline/ph-my/tuning/moses.filtered.ini.1 -weight-overwrite 'Distortion0= 0.065217 WordPenalty0= -0.217391 PhrasePenalty0= 0.043478 TranslationModel0= 0.043478 0.043478 0.043478 0.043478 LM0= 0.108696 LexicalReordering0= 0.065217 0.065217 0.065217 0.065217 0.065217 0.065217'  -n-best-list run1.best100.out 100 distinct  -input-file /media/kyalkalay/Data/AI-Class/assignment-6_aung_hein/g2p-par/dev_clean.ph > run1.out
Loading table into memory...done.
Name:moses	VmPeak:158080 kB	VmRSS:21628 kB	RSSMax:24520 kB	user:1.844	sys:0.073	CPU:1.917	real:1.882
The decoder returns the scores in this order: LexicalReordering0 LexicalReordering0 LexicalReordering0 LexicalReordering0 LexicalReordering0 LexicalReordering0 Distortion0 LM0 WordPenalty0 PhrasePenalty0 TranslationModel0 TranslationModel0 TranslationModel0 TranslationModel0
Executing: gzip -f run1.best100.out
Scoring the nbestlist.
exec: /media/kyalkalay/Data/AI-Class/assignment-6_aung_hein/pbsmt-big-normalize/baseline/ph-my/tuning/tmp.1/extractor.sh
Executing: /media/kyalkalay/Data/AI-Class/assignment-6_aung_hein/pbsmt-big-normalize/baseline/ph-my/tuning/tmp.1/extractor.sh > extract.out 2> extract.err
Executing: \cp -f init.opt run1.init.opt
exec: /home/kyalkalay/tools/mosesdecoder/bin/mert -d 14  --sctype BLEU --scconfig case:true --ffile run1.features.dat --scfile run1.scores.dat --ifile run1.init.opt -n 20
Executing: /home/kyalkalay/tools/mosesdecoder/bin/mert -d 14  --sctype BLEU --scconfig case:true --ffile run1.features.dat --scfile run1.scores.dat --ifile run1.init.opt -n 20 > mert.out 2> mert.log
Executing: \cp -f extract.err run1.extract.err
Executing: \cp -f extract.out run1.extract.out
Executing: \cp -f mert.out run1.mert.out
Executing: \cp -f mert.log run1.mert.log
Executing: touch mert.log run1.mert.log
Executing: \cp -f weights.txt run1.weights.txt
featlist: LexicalReordering0=-0.00195153 
featlist: LexicalReordering0=0.19568 
featlist: LexicalReordering0=0.0342036 
featlist: LexicalReordering0=-0.145825 
featlist: LexicalReordering0=0.00984785 
featlist: LexicalReordering0=0.0375113 
featlist: Distortion0=0.123883 
featlist: LM0=0.127718 
featlist: WordPenalty0=0.00753606 
featlist: PhrasePenalty0=-0.111021 
featlist: TranslationModel0=0.155469 
featlist: TranslationModel0=0.0308277 
featlist: TranslationModel0=0.00021475 
featlist: TranslationModel0=-0.0183098 
Saved: ./run2.moses.ini
DECODER_CFG = -weight-overwrite 'WordPenalty0= 0.007536 Distortion0= 0.123883 LexicalReordering0= -0.001952 0.195680 0.034204 -0.145825 0.009848 0.037511 LM0= 0.127718 TranslationModel0= 0.155469 0.030828 0.000215 -0.018310 PhrasePenalty0= -0.111021'
Executing: /home/kyalkalay/tools/mosesdecoder/bin/moses -v 0   -config /media/kyalkalay/Data/AI-Class/assignment-6_aung_hein/pbsmt-big-normalize/baseline/ph-my/tuning/moses.filtered.ini.1 -weight-overwrite 'WordPenalty0= 0.007536 Distortion0= 0.123883 LexicalReordering0= -0.001952 0.195680 0.034204 -0.145825 0.009848 0.037511 LM0= 0.127718 TranslationModel0= 0.155469 0.030828 0.000215 -0.018310 PhrasePenalty0= -0.111021'  -n-best-list run2.best100.out 100 distinct  -input-file /media/kyalkalay/Data/AI-Class/assignment-6_aung_hein/g2p-par/dev_clean.ph > run2.out 
Executing: /home/kyalkalay/tools/mosesdecoder/bin/moses -v 0   -config /media/kyalkalay/Data/AI-Class/assignment-6_aung_hein/pbsmt-big-normalize/baseline/ph-my/tuning/moses.filtered.ini.1 -weight-overwrite 'WordPenalty0= 0.007536 Distortion0= 0.123883 LexicalReordering0= -0.001952 0.195680 0.034204 -0.145825 0.009848 0.037511 LM0= 0.127718 TranslationModel0= 0.155469 0.030828 0.000215 -0.018310 PhrasePenalty0= -0.111021'  -n-best-list run2.best100.out 100 distinct  -input-file /media/kyalkalay/Data/AI-Class/assignment-6_aung_hein/g2p-par/dev_clean.ph > run2.out
Loading table into memory...done.
Name:moses	VmPeak:158080 kB	VmRSS:16500 kB	RSSMax:25228 kB	user:1.991	sys:0.047	CPU:2.038	real:2.003
The decoder returns the scores in this order: LexicalReordering0 LexicalReordering0 LexicalReordering0 LexicalReordering0 LexicalReordering0 LexicalReordering0 Distortion0 LM0 WordPenalty0 PhrasePenalty0 TranslationModel0 TranslationModel0 TranslationModel0 TranslationModel0
Executing: gzip -f run2.best100.out
Scoring the nbestlist.
exec: /media/kyalkalay/Data/AI-Class/assignment-6_aung_hein/pbsmt-big-normalize/baseline/ph-my/tuning/tmp.1/extractor.sh
Executing: /media/kyalkalay/Data/AI-Class/assignment-6_aung_hein/pbsmt-big-normalize/baseline/ph-my/tuning/tmp.1/extractor.sh > extract.out 2> extract.err
Executing: \cp -f init.opt run2.init.opt
exec: /home/kyalkalay/tools/mosesdecoder/bin/mert -d 14  --sctype BLEU --scconfig case:true --ffile run1.features.dat,run2.features.dat --scfile run1.scores.dat,run2.scores.dat --ifile run2.init.opt -n 20
Executing: /home/kyalkalay/tools/mosesdecoder/bin/mert -d 14  --sctype BLEU --scconfig case:true --ffile run1.features.dat,run2.features.dat --scfile run1.scores.dat,run2.scores.dat --ifile run2.init.opt -n 20 > mert.out 2> mert.log
Executing: \cp -f extract.err run2.extract.err
Executing: \cp -f extract.out run2.extract.out
Executing: \cp -f mert.out run2.mert.out
Executing: \cp -f mert.log run2.mert.log
Executing: touch mert.log run2.mert.log
Executing: \cp -f weights.txt run2.weights.txt
featlist: LexicalReordering0=0.114271 
featlist: LexicalReordering0=0.041177 
featlist: LexicalReordering0=0.0172827 
featlist: LexicalReordering0=0.0114373 
featlist: LexicalReordering0=0.0336727 
featlist: LexicalReordering0=0.0137165 
featlist: Distortion0=0.191396 
featlist: LM0=0.124669 
featlist: WordPenalty0=0.0310793 
featlist: PhrasePenalty0=-0.250142 
featlist: TranslationModel0=0.0774566 
featlist: TranslationModel0=0.0703951 
featlist: TranslationModel0=0.0180837 
featlist: TranslationModel0=0.00522287 
Saved: ./run3.moses.ini
DECODER_CFG = -weight-overwrite 'TranslationModel0= 0.077457 0.070395 0.018084 0.005223 PhrasePenalty0= -0.250142 LM0= 0.124669 LexicalReordering0= 0.114271 0.041177 0.017283 0.011437 0.033673 0.013716 Distortion0= 0.191396 WordPenalty0= 0.031079'
Executing: /home/kyalkalay/tools/mosesdecoder/bin/moses -v 0   -config /media/kyalkalay/Data/AI-Class/assignment-6_aung_hein/pbsmt-big-normalize/baseline/ph-my/tuning/moses.filtered.ini.1 -weight-overwrite 'TranslationModel0= 0.077457 0.070395 0.018084 0.005223 PhrasePenalty0= -0.250142 LM0= 0.124669 LexicalReordering0= 0.114271 0.041177 0.017283 0.011437 0.033673 0.013716 Distortion0= 0.191396 WordPenalty0= 0.031079'  -n-best-list run3.best100.out 100 distinct  -input-file /media/kyalkalay/Data/AI-Class/assignment-6_aung_hein/g2p-par/dev_clean.ph > run3.out 
Executing: /home/kyalkalay/tools/mosesdecoder/bin/moses -v 0   -config /media/kyalkalay/Data/AI-Class/assignment-6_aung_hein/pbsmt-big-normalize/baseline/ph-my/tuning/moses.filtered.ini.1 -weight-overwrite 'TranslationModel0= 0.077457 0.070395 0.018084 0.005223 PhrasePenalty0= -0.250142 LM0= 0.124669 LexicalReordering0= 0.114271 0.041177 0.017283 0.011437 0.033673 0.013716 Distortion0= 0.191396 WordPenalty0= 0.031079'  -n-best-list run3.best100.out 100 distinct  -input-file /media/kyalkalay/Data/AI-Class/assignment-6_aung_hein/g2p-par/dev_clean.ph > run3.out
Loading table into memory...done.
Name:moses	VmPeak:158080 kB	VmRSS:16140 kB	RSSMax:24168 kB	user:2.369	sys:0.069	CPU:2.438	real:2.405
The decoder returns the scores in this order: LexicalReordering0 LexicalReordering0 LexicalReordering0 LexicalReordering0 LexicalReordering0 LexicalReordering0 Distortion0 LM0 WordPenalty0 PhrasePenalty0 TranslationModel0 TranslationModel0 TranslationModel0 TranslationModel0
Executing: gzip -f run3.best100.out
Scoring the nbestlist.
exec: /media/kyalkalay/Data/AI-Class/assignment-6_aung_hein/pbsmt-big-normalize/baseline/ph-my/tuning/tmp.1/extractor.sh
Executing: /media/kyalkalay/Data/AI-Class/assignment-6_aung_hein/pbsmt-big-normalize/baseline/ph-my/tuning/tmp.1/extractor.sh > extract.out 2> extract.err
Executing: \cp -f init.opt run3.init.opt
exec: /home/kyalkalay/tools/mosesdecoder/bin/mert -d 14  --sctype BLEU --scconfig case:true --ffile run1.features.dat,run2.features.dat,run3.features.dat --scfile run1.scores.dat,run2.scores.dat,run3.scores.dat --ifile run3.init.opt -n 20
Executing: /home/kyalkalay/tools/mosesdecoder/bin/mert -d 14  --sctype BLEU --scconfig case:true --ffile run1.features.dat,run2.features.dat,run3.features.dat --scfile run1.scores.dat,run2.scores.dat,run3.scores.dat --ifile run3.init.opt -n 20 > mert.out 2> mert.log
Executing: \cp -f extract.err run3.extract.err
Executing: \cp -f extract.out run3.extract.out
Executing: \cp -f mert.out run3.mert.out
Executing: \cp -f mert.log run3.mert.log
Executing: touch mert.log run3.mert.log
Executing: \cp -f weights.txt run3.weights.txt
featlist: LexicalReordering0=0.0143586 
featlist: LexicalReordering0=0.0295244 
featlist: LexicalReordering0=0.0656846 
featlist: LexicalReordering0=-0.142407 
featlist: LexicalReordering0=0.0403196 
featlist: LexicalReordering0=0.00286336 
featlist: Distortion0=0.0833459 
featlist: LM0=0.104937 
featlist: WordPenalty0=0.0533501 
featlist: PhrasePenalty0=-0.273395 
featlist: TranslationModel0=0.0322956 
featlist: TranslationModel0=0.0969595 
featlist: TranslationModel0=0.0448778 
featlist: TranslationModel0=-0.0156809 
Saved: ./run4.moses.ini
DECODER_CFG = -weight-overwrite 'Distortion0= 0.083346 WordPenalty0= 0.053350 TranslationModel0= 0.032296 0.096960 0.044878 -0.015681 PhrasePenalty0= -0.273395 LexicalReordering0= 0.014359 0.029524 0.065685 -0.142407 0.040320 0.002863 LM0= 0.104937'
Executing: /home/kyalkalay/tools/mosesdecoder/bin/moses -v 0   -config /media/kyalkalay/Data/AI-Class/assignment-6_aung_hein/pbsmt-big-normalize/baseline/ph-my/tuning/moses.filtered.ini.1 -weight-overwrite 'Distortion0= 0.083346 WordPenalty0= 0.053350 TranslationModel0= 0.032296 0.096960 0.044878 -0.015681 PhrasePenalty0= -0.273395 LexicalReordering0= 0.014359 0.029524 0.065685 -0.142407 0.040320 0.002863 LM0= 0.104937'  -n-best-list run4.best100.out 100 distinct  -input-file /media/kyalkalay/Data/AI-Class/assignment-6_aung_hein/g2p-par/dev_clean.ph > run4.out 
Executing: /home/kyalkalay/tools/mosesdecoder/bin/moses -v 0   -config /media/kyalkalay/Data/AI-Class/assignment-6_aung_hein/pbsmt-big-normalize/baseline/ph-my/tuning/moses.filtered.ini.1 -weight-overwrite 'Distortion0= 0.083346 WordPenalty0= 0.053350 TranslationModel0= 0.032296 0.096960 0.044878 -0.015681 PhrasePenalty0= -0.273395 LexicalReordering0= 0.014359 0.029524 0.065685 -0.142407 0.040320 0.002863 LM0= 0.104937'  -n-best-list run4.best100.out 100 distinct  -input-file /media/kyalkalay/Data/AI-Class/assignment-6_aung_hein/g2p-par/dev_clean.ph > run4.out
Loading table into memory...done.
Name:moses	VmPeak:158080 kB	VmRSS:16780 kB	RSSMax:24844 kB	user:2.335	sys:0.053	CPU:2.388	real:2.354
The decoder returns the scores in this order: LexicalReordering0 LexicalReordering0 LexicalReordering0 LexicalReordering0 LexicalReordering0 LexicalReordering0 Distortion0 LM0 WordPenalty0 PhrasePenalty0 TranslationModel0 TranslationModel0 TranslationModel0 TranslationModel0
Executing: gzip -f run4.best100.out
Scoring the nbestlist.
exec: /media/kyalkalay/Data/AI-Class/assignment-6_aung_hein/pbsmt-big-normalize/baseline/ph-my/tuning/tmp.1/extractor.sh
Executing: /media/kyalkalay/Data/AI-Class/assignment-6_aung_hein/pbsmt-big-normalize/baseline/ph-my/tuning/tmp.1/extractor.sh > extract.out 2> extract.err
Executing: \cp -f init.opt run4.init.opt
exec: /home/kyalkalay/tools/mosesdecoder/bin/mert -d 14  --sctype BLEU --scconfig case:true --ffile run1.features.dat,run2.features.dat,run3.features.dat,run4.features.dat --scfile run1.scores.dat,run2.scores.dat,run3.scores.dat,run4.scores.dat --ifile run4.init.opt -n 20
Executing: /home/kyalkalay/tools/mosesdecoder/bin/mert -d 14  --sctype BLEU --scconfig case:true --ffile run1.features.dat,run2.features.dat,run3.features.dat,run4.features.dat --scfile run1.scores.dat,run2.scores.dat,run3.scores.dat,run4.scores.dat --ifile run4.init.opt -n 20 > mert.out 2> mert.log
Executing: \cp -f extract.err run4.extract.err
Executing: \cp -f extract.out run4.extract.out
Executing: \cp -f mert.out run4.mert.out
Executing: \cp -f mert.log run4.mert.log
Executing: touch mert.log run4.mert.log
Executing: \cp -f weights.txt run4.weights.txt
featlist: LexicalReordering0=0.0144765 
featlist: LexicalReordering0=0.0297668 
featlist: LexicalReordering0=0.0662239 
featlist: LexicalReordering0=-0.143576 
featlist: LexicalReordering0=0.0406506 
featlist: LexicalReordering0=0.00288687 
featlist: Distortion0=0.0840302 
featlist: LM0=0.105799 
featlist: WordPenalty0=0.0537881 
featlist: PhrasePenalty0=-0.27564 
featlist: TranslationModel0=0.0325608 
featlist: TranslationModel0=0.0977556 
featlist: TranslationModel0=0.0394371 
featlist: TranslationModel0=-0.0134093 
Saved: ./run5.moses.ini
DECODER_CFG = -weight-overwrite 'WordPenalty0= 0.053788 Distortion0= 0.084030 LexicalReordering0= 0.014476 0.029767 0.066224 -0.143576 0.040651 0.002887 LM0= 0.105799 TranslationModel0= 0.032561 0.097756 0.039437 -0.013409 PhrasePenalty0= -0.275640'
Executing: /home/kyalkalay/tools/mosesdecoder/bin/moses -v 0   -config /media/kyalkalay/Data/AI-Class/assignment-6_aung_hein/pbsmt-big-normalize/baseline/ph-my/tuning/moses.filtered.ini.1 -weight-overwrite 'WordPenalty0= 0.053788 Distortion0= 0.084030 LexicalReordering0= 0.014476 0.029767 0.066224 -0.143576 0.040651 0.002887 LM0= 0.105799 TranslationModel0= 0.032561 0.097756 0.039437 -0.013409 PhrasePenalty0= -0.275640'  -n-best-list run5.best100.out 100 distinct  -input-file /media/kyalkalay/Data/AI-Class/assignment-6_aung_hein/g2p-par/dev_clean.ph > run5.out 
Executing: /home/kyalkalay/tools/mosesdecoder/bin/moses -v 0   -config /media/kyalkalay/Data/AI-Class/assignment-6_aung_hein/pbsmt-big-normalize/baseline/ph-my/tuning/moses.filtered.ini.1 -weight-overwrite 'WordPenalty0= 0.053788 Distortion0= 0.084030 LexicalReordering0= 0.014476 0.029767 0.066224 -0.143576 0.040651 0.002887 LM0= 0.105799 TranslationModel0= 0.032561 0.097756 0.039437 -0.013409 PhrasePenalty0= -0.275640'  -n-best-list run5.best100.out 100 distinct  -input-file /media/kyalkalay/Data/AI-Class/assignment-6_aung_hein/g2p-par/dev_clean.ph > run5.out
Loading table into memory...done.
Name:moses	VmPeak:158080 kB	VmRSS:16380 kB	RSSMax:24712 kB	user:1.945	sys:0.036	CPU:1.981	real:1.953
The decoder returns the scores in this order: LexicalReordering0 LexicalReordering0 LexicalReordering0 LexicalReordering0 LexicalReordering0 LexicalReordering0 Distortion0 LM0 WordPenalty0 PhrasePenalty0 TranslationModel0 TranslationModel0 TranslationModel0 TranslationModel0
Executing: gzip -f run5.best100.out
Scoring the nbestlist.
exec: /media/kyalkalay/Data/AI-Class/assignment-6_aung_hein/pbsmt-big-normalize/baseline/ph-my/tuning/tmp.1/extractor.sh
Executing: /media/kyalkalay/Data/AI-Class/assignment-6_aung_hein/pbsmt-big-normalize/baseline/ph-my/tuning/tmp.1/extractor.sh > extract.out 2> extract.err
Executing: \cp -f init.opt run5.init.opt
exec: /home/kyalkalay/tools/mosesdecoder/bin/mert -d 14  --sctype BLEU --scconfig case:true --ffile run1.features.dat,run2.features.dat,run3.features.dat,run4.features.dat,run5.features.dat --scfile run1.scores.dat,run2.scores.dat,run3.scores.dat,run4.scores.dat,run5.scores.dat --ifile run5.init.opt -n 20
Executing: /home/kyalkalay/tools/mosesdecoder/bin/mert -d 14  --sctype BLEU --scconfig case:true --ffile run1.features.dat,run2.features.dat,run3.features.dat,run4.features.dat,run5.features.dat --scfile run1.scores.dat,run2.scores.dat,run3.scores.dat,run4.scores.dat,run5.scores.dat --ifile run5.init.opt -n 20 > mert.out 2> mert.log
Executing: \cp -f extract.err run5.extract.err
Executing: \cp -f extract.out run5.extract.out
Executing: \cp -f mert.out run5.mert.out
Executing: \cp -f mert.log run5.mert.log
Executing: touch mert.log run5.mert.log
Executing: \cp -f weights.txt run5.weights.txt
None of the weights changed more than 1e-05. Stopping.
Executing: \cp -f init.opt run5.init.opt
Executing: \cp -f mert.log run5.mert.log
featlist: LexicalReordering0=0.0144765 
featlist: LexicalReordering0=0.0297668 
featlist: LexicalReordering0=0.0662238 
featlist: LexicalReordering0=-0.143576 
featlist: LexicalReordering0=0.0406506 
featlist: LexicalReordering0=0.00288687 
featlist: Distortion0=0.0840301 
featlist: LM0=0.105799 
featlist: WordPenalty0=0.0537881 
featlist: PhrasePenalty0=-0.27564 
featlist: TranslationModel0=0.0325608 
featlist: TranslationModel0=0.0977555 
featlist: TranslationModel0=0.0394371 
featlist: TranslationModel0=-0.0134093 
Saved: ./moses.ini
