perl: warning: Setting locale failed.
perl: warning: Please check that your locale settings:
	LANGUAGE = (unset),
	LC_ALL = (unset),
	LC_CTYPE = "C.UTF-8",
	LANG = "en_US.UTF-8"
    are supported and installed on your system.
perl: warning: Falling back to the standard locale ("C").
Using SCRIPTS_ROOTDIR: /home/kyalkalay/tools/mosesdecoder/scripts
Asking moses for feature names and values from /media/kyalkalay/Data/AI-Class/assignment-6_aung_hein/pbsmt_original_clean_experiments/pbsmt_5gram_phrase11/my-ph/tuning/moses.filtered.ini.1
Executing: /home/kyalkalay/tools/mosesdecoder/bin/moses  -v 0  -config /media/kyalkalay/Data/AI-Class/assignment-6_aung_hein/pbsmt_original_clean_experiments/pbsmt_5gram_phrase11/my-ph/tuning/moses.filtered.ini.1 -show-weights
exec: /home/kyalkalay/tools/mosesdecoder/bin/moses  -v 0  -config /media/kyalkalay/Data/AI-Class/assignment-6_aung_hein/pbsmt_original_clean_experiments/pbsmt_5gram_phrase11/my-ph/tuning/moses.filtered.ini.1 -show-weights
Executing: /home/kyalkalay/tools/mosesdecoder/bin/moses  -v 0  -config /media/kyalkalay/Data/AI-Class/assignment-6_aung_hein/pbsmt_original_clean_experiments/pbsmt_5gram_phrase11/my-ph/tuning/moses.filtered.ini.1 -show-weights > ./features.list 2> /dev/null
MERT starting values and ranges for random generation:
  LexicalReordering0 =   0.300 ( 0.00 ..  1.00)
  LexicalReordering0 =   0.300 ( 0.00 ..  1.00)
  LexicalReordering0 =   0.300 ( 0.00 ..  1.00)
  LexicalReordering0 =   0.300 ( 0.00 ..  1.00)
  LexicalReordering0 =   0.300 ( 0.00 ..  1.00)
  LexicalReordering0 =   0.300 ( 0.00 ..  1.00)
  Distortion0 =   0.300 ( 0.00 ..  1.00)
    LM0 =   0.500 ( 0.00 ..  1.00)
  WordPenalty0 =  -1.000 ( 0.00 ..  1.00)
  PhrasePenalty0 =   0.200 ( 0.00 ..  1.00)
  TranslationModel0 =   0.200 ( 0.00 ..  1.00)
  TranslationModel0 =   0.200 ( 0.00 ..  1.00)
  TranslationModel0 =   0.200 ( 0.00 ..  1.00)
  TranslationModel0 =   0.200 ( 0.00 ..  1.00)
featlist: LexicalReordering0=0.300000 
featlist: LexicalReordering0=0.300000 
featlist: LexicalReordering0=0.300000 
featlist: LexicalReordering0=0.300000 
featlist: LexicalReordering0=0.300000 
featlist: LexicalReordering0=0.300000 
featlist: Distortion0=0.300000 
featlist: LM0=0.500000 
featlist: WordPenalty0=-1.000000 
featlist: PhrasePenalty0=0.200000 
featlist: TranslationModel0=0.200000 
featlist: TranslationModel0=0.200000 
featlist: TranslationModel0=0.200000 
featlist: TranslationModel0=0.200000 
Saved: ./run1.moses.ini
Normalizing lambdas: 0.300000 0.300000 0.300000 0.300000 0.300000 0.300000 0.300000 0.500000 -1.000000 0.200000 0.200000 0.200000 0.200000 0.200000
DECODER_CFG = -weight-overwrite 'WordPenalty0= -0.217391 LexicalReordering0= 0.065217 0.065217 0.065217 0.065217 0.065217 0.065217 LM0= 0.108696 PhrasePenalty0= 0.043478 TranslationModel0= 0.043478 0.043478 0.043478 0.043478 Distortion0= 0.065217'
Executing: /home/kyalkalay/tools/mosesdecoder/bin/moses -v 0   -config /media/kyalkalay/Data/AI-Class/assignment-6_aung_hein/pbsmt_original_clean_experiments/pbsmt_5gram_phrase11/my-ph/tuning/moses.filtered.ini.1 -weight-overwrite 'WordPenalty0= -0.217391 LexicalReordering0= 0.065217 0.065217 0.065217 0.065217 0.065217 0.065217 LM0= 0.108696 PhrasePenalty0= 0.043478 TranslationModel0= 0.043478 0.043478 0.043478 0.043478 Distortion0= 0.065217'  -n-best-list run1.best100.out 100 distinct  -input-file /media/kyalkalay/Data/AI-Class/assignment-6_aung_hein/g2p-par/dev_clean.my > run1.out 
Executing: /home/kyalkalay/tools/mosesdecoder/bin/moses -v 0   -config /media/kyalkalay/Data/AI-Class/assignment-6_aung_hein/pbsmt_original_clean_experiments/pbsmt_5gram_phrase11/my-ph/tuning/moses.filtered.ini.1 -weight-overwrite 'WordPenalty0= -0.217391 LexicalReordering0= 0.065217 0.065217 0.065217 0.065217 0.065217 0.065217 LM0= 0.108696 PhrasePenalty0= 0.043478 TranslationModel0= 0.043478 0.043478 0.043478 0.043478 Distortion0= 0.065217'  -n-best-list run1.best100.out 100 distinct  -input-file /media/kyalkalay/Data/AI-Class/assignment-6_aung_hein/g2p-par/dev_clean.my > run1.out
Loading table into memory...done.
Name:moses	VmPeak:158304 kB	VmRSS:22428 kB	RSSMax:22944 kB	user:1.610	sys:0.045	CPU:1.655	real:1.620
The decoder returns the scores in this order: LexicalReordering0 LexicalReordering0 LexicalReordering0 LexicalReordering0 LexicalReordering0 LexicalReordering0 Distortion0 LM0 WordPenalty0 PhrasePenalty0 TranslationModel0 TranslationModel0 TranslationModel0 TranslationModel0
Executing: gzip -f run1.best100.out
Scoring the nbestlist.
exec: /media/kyalkalay/Data/AI-Class/assignment-6_aung_hein/pbsmt_original_clean_experiments/pbsmt_5gram_phrase11/my-ph/tuning/tmp.1/extractor.sh
Executing: /media/kyalkalay/Data/AI-Class/assignment-6_aung_hein/pbsmt_original_clean_experiments/pbsmt_5gram_phrase11/my-ph/tuning/tmp.1/extractor.sh > extract.out 2> extract.err
Executing: \cp -f init.opt run1.init.opt
exec: /home/kyalkalay/tools/mosesdecoder/bin/mert -d 14  --sctype BLEU --scconfig case:true --ffile run1.features.dat --scfile run1.scores.dat --ifile run1.init.opt -n 20
Executing: /home/kyalkalay/tools/mosesdecoder/bin/mert -d 14  --sctype BLEU --scconfig case:true --ffile run1.features.dat --scfile run1.scores.dat --ifile run1.init.opt -n 20 > mert.out 2> mert.log
Executing: \cp -f extract.err run1.extract.err
Executing: \cp -f extract.out run1.extract.out
Executing: \cp -f mert.out run1.mert.out
Executing: \cp -f mert.log run1.mert.log
Executing: touch mert.log run1.mert.log
Executing: \cp -f weights.txt run1.weights.txt
featlist: LexicalReordering0=0.0363836 
featlist: LexicalReordering0=0.0676031 
featlist: LexicalReordering0=0.0352788 
featlist: LexicalReordering0=0.213089 
featlist: LexicalReordering0=0.0382987 
featlist: LexicalReordering0=0.00248878 
featlist: Distortion0=0.0724038 
featlist: LM0=0.0754069 
featlist: WordPenalty0=0.287789 
featlist: PhrasePenalty0=0.000904774 
featlist: TranslationModel0=0.131325 
featlist: TranslationModel0=-0.00911341 
featlist: TranslationModel0=0.0182201 
featlist: TranslationModel0=0.0116943 
Saved: ./run2.moses.ini
DECODER_CFG = -weight-overwrite 'WordPenalty0= 0.287789 LexicalReordering0= 0.036384 0.067603 0.035279 0.213089 0.038299 0.002489 LM0= 0.075407 PhrasePenalty0= 0.000905 TranslationModel0= 0.131325 -0.009113 0.018220 0.011694 Distortion0= 0.072404'
Executing: /home/kyalkalay/tools/mosesdecoder/bin/moses -v 0   -config /media/kyalkalay/Data/AI-Class/assignment-6_aung_hein/pbsmt_original_clean_experiments/pbsmt_5gram_phrase11/my-ph/tuning/moses.filtered.ini.1 -weight-overwrite 'WordPenalty0= 0.287789 LexicalReordering0= 0.036384 0.067603 0.035279 0.213089 0.038299 0.002489 LM0= 0.075407 PhrasePenalty0= 0.000905 TranslationModel0= 0.131325 -0.009113 0.018220 0.011694 Distortion0= 0.072404'  -n-best-list run2.best100.out 100 distinct  -input-file /media/kyalkalay/Data/AI-Class/assignment-6_aung_hein/g2p-par/dev_clean.my > run2.out 
Executing: /home/kyalkalay/tools/mosesdecoder/bin/moses -v 0   -config /media/kyalkalay/Data/AI-Class/assignment-6_aung_hein/pbsmt_original_clean_experiments/pbsmt_5gram_phrase11/my-ph/tuning/moses.filtered.ini.1 -weight-overwrite 'WordPenalty0= 0.287789 LexicalReordering0= 0.036384 0.067603 0.035279 0.213089 0.038299 0.002489 LM0= 0.075407 PhrasePenalty0= 0.000905 TranslationModel0= 0.131325 -0.009113 0.018220 0.011694 Distortion0= 0.072404'  -n-best-list run2.best100.out 100 distinct  -input-file /media/kyalkalay/Data/AI-Class/assignment-6_aung_hein/g2p-par/dev_clean.my > run2.out
Loading table into memory...done.
Name:moses	VmPeak:158304 kB	VmRSS:20400 kB	RSSMax:23312 kB	user:1.396	sys:0.036	CPU:1.432	real:1.420
The decoder returns the scores in this order: LexicalReordering0 LexicalReordering0 LexicalReordering0 LexicalReordering0 LexicalReordering0 LexicalReordering0 Distortion0 LM0 WordPenalty0 PhrasePenalty0 TranslationModel0 TranslationModel0 TranslationModel0 TranslationModel0
Executing: gzip -f run2.best100.out
Scoring the nbestlist.
exec: /media/kyalkalay/Data/AI-Class/assignment-6_aung_hein/pbsmt_original_clean_experiments/pbsmt_5gram_phrase11/my-ph/tuning/tmp.1/extractor.sh
Executing: /media/kyalkalay/Data/AI-Class/assignment-6_aung_hein/pbsmt_original_clean_experiments/pbsmt_5gram_phrase11/my-ph/tuning/tmp.1/extractor.sh > extract.out 2> extract.err
Executing: \cp -f init.opt run2.init.opt
exec: /home/kyalkalay/tools/mosesdecoder/bin/mert -d 14  --sctype BLEU --scconfig case:true --ffile run1.features.dat,run2.features.dat --scfile run1.scores.dat,run2.scores.dat --ifile run2.init.opt -n 20
Executing: /home/kyalkalay/tools/mosesdecoder/bin/mert -d 14  --sctype BLEU --scconfig case:true --ffile run1.features.dat,run2.features.dat --scfile run1.scores.dat,run2.scores.dat --ifile run2.init.opt -n 20 > mert.out 2> mert.log
Executing: \cp -f extract.err run2.extract.err
Executing: \cp -f extract.out run2.extract.out
Executing: \cp -f mert.out run2.mert.out
Executing: \cp -f mert.log run2.mert.log
Executing: touch mert.log run2.mert.log
Executing: \cp -f weights.txt run2.weights.txt
featlist: LexicalReordering0=0.279769 
featlist: LexicalReordering0=0.096889 
featlist: LexicalReordering0=0.0463123 
featlist: LexicalReordering0=0.033214 
featlist: LexicalReordering0=0.00471325 
featlist: LexicalReordering0=0.0310655 
featlist: Distortion0=0.0625958 
featlist: LM0=0.0659972 
featlist: WordPenalty0=0.199916 
featlist: PhrasePenalty0=-0.0612686 
featlist: TranslationModel0=0.0824373 
featlist: TranslationModel0=0.00351431 
featlist: TranslationModel0=0.0221472 
featlist: TranslationModel0=-0.010161 
Saved: ./run3.moses.ini
DECODER_CFG = -weight-overwrite 'TranslationModel0= 0.082437 0.003514 0.022147 -0.010161 Distortion0= 0.062596 WordPenalty0= 0.199916 LM0= 0.065997 LexicalReordering0= 0.279769 0.096889 0.046312 0.033214 0.004713 0.031065 PhrasePenalty0= -0.061269'
Executing: /home/kyalkalay/tools/mosesdecoder/bin/moses -v 0   -config /media/kyalkalay/Data/AI-Class/assignment-6_aung_hein/pbsmt_original_clean_experiments/pbsmt_5gram_phrase11/my-ph/tuning/moses.filtered.ini.1 -weight-overwrite 'TranslationModel0= 0.082437 0.003514 0.022147 -0.010161 Distortion0= 0.062596 WordPenalty0= 0.199916 LM0= 0.065997 LexicalReordering0= 0.279769 0.096889 0.046312 0.033214 0.004713 0.031065 PhrasePenalty0= -0.061269'  -n-best-list run3.best100.out 100 distinct  -input-file /media/kyalkalay/Data/AI-Class/assignment-6_aung_hein/g2p-par/dev_clean.my > run3.out 
Executing: /home/kyalkalay/tools/mosesdecoder/bin/moses -v 0   -config /media/kyalkalay/Data/AI-Class/assignment-6_aung_hein/pbsmt_original_clean_experiments/pbsmt_5gram_phrase11/my-ph/tuning/moses.filtered.ini.1 -weight-overwrite 'TranslationModel0= 0.082437 0.003514 0.022147 -0.010161 Distortion0= 0.062596 WordPenalty0= 0.199916 LM0= 0.065997 LexicalReordering0= 0.279769 0.096889 0.046312 0.033214 0.004713 0.031065 PhrasePenalty0= -0.061269'  -n-best-list run3.best100.out 100 distinct  -input-file /media/kyalkalay/Data/AI-Class/assignment-6_aung_hein/g2p-par/dev_clean.my > run3.out
Loading table into memory...done.
Name:moses	VmPeak:158304 kB	VmRSS:17892 kB	RSSMax:22896 kB	user:1.506	sys:0.035	CPU:1.541	real:1.504
The decoder returns the scores in this order: LexicalReordering0 LexicalReordering0 LexicalReordering0 LexicalReordering0 LexicalReordering0 LexicalReordering0 Distortion0 LM0 WordPenalty0 PhrasePenalty0 TranslationModel0 TranslationModel0 TranslationModel0 TranslationModel0
Executing: gzip -f run3.best100.out
Scoring the nbestlist.
exec: /media/kyalkalay/Data/AI-Class/assignment-6_aung_hein/pbsmt_original_clean_experiments/pbsmt_5gram_phrase11/my-ph/tuning/tmp.1/extractor.sh
Executing: /media/kyalkalay/Data/AI-Class/assignment-6_aung_hein/pbsmt_original_clean_experiments/pbsmt_5gram_phrase11/my-ph/tuning/tmp.1/extractor.sh > extract.out 2> extract.err
Executing: \cp -f init.opt run3.init.opt
exec: /home/kyalkalay/tools/mosesdecoder/bin/mert -d 14  --sctype BLEU --scconfig case:true --ffile run1.features.dat,run2.features.dat,run3.features.dat --scfile run1.scores.dat,run2.scores.dat,run3.scores.dat --ifile run3.init.opt -n 20
Executing: /home/kyalkalay/tools/mosesdecoder/bin/mert -d 14  --sctype BLEU --scconfig case:true --ffile run1.features.dat,run2.features.dat,run3.features.dat --scfile run1.scores.dat,run2.scores.dat,run3.scores.dat --ifile run3.init.opt -n 20 > mert.out 2> mert.log
Executing: \cp -f extract.err run3.extract.err
Executing: \cp -f extract.out run3.extract.out
Executing: \cp -f mert.out run3.mert.out
Executing: \cp -f mert.log run3.mert.log
Executing: touch mert.log run3.mert.log
Executing: \cp -f weights.txt run3.weights.txt
featlist: LexicalReordering0=0.0180558 
featlist: LexicalReordering0=0.117955 
featlist: LexicalReordering0=0.104057 
featlist: LexicalReordering0=0.122516 
featlist: LexicalReordering0=0.0251765 
featlist: LexicalReordering0=0.000409694 
featlist: Distortion0=0.00966906 
featlist: LM0=0.0585653 
featlist: WordPenalty0=0.275589 
featlist: PhrasePenalty0=0.0892153 
featlist: TranslationModel0=0.125323 
featlist: TranslationModel0=-0.0302224 
featlist: TranslationModel0=0.021173 
featlist: TranslationModel0=0.00207373 
Saved: ./run4.moses.ini
DECODER_CFG = -weight-overwrite 'TranslationModel0= 0.125323 -0.030222 0.021173 0.002074 Distortion0= 0.009669 PhrasePenalty0= 0.089215 WordPenalty0= 0.275589 LM0= 0.058565 LexicalReordering0= 0.018056 0.117955 0.104057 0.122516 0.025177 0.000410'
Executing: /home/kyalkalay/tools/mosesdecoder/bin/moses -v 0   -config /media/kyalkalay/Data/AI-Class/assignment-6_aung_hein/pbsmt_original_clean_experiments/pbsmt_5gram_phrase11/my-ph/tuning/moses.filtered.ini.1 -weight-overwrite 'TranslationModel0= 0.125323 -0.030222 0.021173 0.002074 Distortion0= 0.009669 PhrasePenalty0= 0.089215 WordPenalty0= 0.275589 LM0= 0.058565 LexicalReordering0= 0.018056 0.117955 0.104057 0.122516 0.025177 0.000410'  -n-best-list run4.best100.out 100 distinct  -input-file /media/kyalkalay/Data/AI-Class/assignment-6_aung_hein/g2p-par/dev_clean.my > run4.out 
Executing: /home/kyalkalay/tools/mosesdecoder/bin/moses -v 0   -config /media/kyalkalay/Data/AI-Class/assignment-6_aung_hein/pbsmt_original_clean_experiments/pbsmt_5gram_phrase11/my-ph/tuning/moses.filtered.ini.1 -weight-overwrite 'TranslationModel0= 0.125323 -0.030222 0.021173 0.002074 Distortion0= 0.009669 PhrasePenalty0= 0.089215 WordPenalty0= 0.275589 LM0= 0.058565 LexicalReordering0= 0.018056 0.117955 0.104057 0.122516 0.025177 0.000410'  -n-best-list run4.best100.out 100 distinct  -input-file /media/kyalkalay/Data/AI-Class/assignment-6_aung_hein/g2p-par/dev_clean.my > run4.out
Loading table into memory...done.
Name:moses	VmPeak:158304 kB	VmRSS:17872 kB	RSSMax:23152 kB	user:1.579	sys:0.046	CPU:1.626	real:1.591
The decoder returns the scores in this order: LexicalReordering0 LexicalReordering0 LexicalReordering0 LexicalReordering0 LexicalReordering0 LexicalReordering0 Distortion0 LM0 WordPenalty0 PhrasePenalty0 TranslationModel0 TranslationModel0 TranslationModel0 TranslationModel0
Executing: gzip -f run4.best100.out
Scoring the nbestlist.
exec: /media/kyalkalay/Data/AI-Class/assignment-6_aung_hein/pbsmt_original_clean_experiments/pbsmt_5gram_phrase11/my-ph/tuning/tmp.1/extractor.sh
Executing: /media/kyalkalay/Data/AI-Class/assignment-6_aung_hein/pbsmt_original_clean_experiments/pbsmt_5gram_phrase11/my-ph/tuning/tmp.1/extractor.sh > extract.out 2> extract.err
Executing: \cp -f init.opt run4.init.opt
exec: /home/kyalkalay/tools/mosesdecoder/bin/mert -d 14  --sctype BLEU --scconfig case:true --ffile run1.features.dat,run2.features.dat,run3.features.dat,run4.features.dat --scfile run1.scores.dat,run2.scores.dat,run3.scores.dat,run4.scores.dat --ifile run4.init.opt -n 20
Executing: /home/kyalkalay/tools/mosesdecoder/bin/mert -d 14  --sctype BLEU --scconfig case:true --ffile run1.features.dat,run2.features.dat,run3.features.dat,run4.features.dat --scfile run1.scores.dat,run2.scores.dat,run3.scores.dat,run4.scores.dat --ifile run4.init.opt -n 20 > mert.out 2> mert.log
Executing: \cp -f extract.err run4.extract.err
Executing: \cp -f extract.out run4.extract.out
Executing: \cp -f mert.out run4.mert.out
Executing: \cp -f mert.log run4.mert.log
Executing: touch mert.log run4.mert.log
Executing: \cp -f weights.txt run4.weights.txt
featlist: LexicalReordering0=0.0180542 
featlist: LexicalReordering0=0.117945 
featlist: LexicalReordering0=0.104048 
featlist: LexicalReordering0=0.122505 
featlist: LexicalReordering0=0.0251743 
featlist: LexicalReordering0=0.000409658 
featlist: Distortion0=0.00966821 
featlist: LM0=0.0585602 
featlist: WordPenalty0=0.274862 
featlist: PhrasePenalty0=0.0892075 
featlist: TranslationModel0=0.125312 
featlist: TranslationModel0=-0.0310093 
featlist: TranslationModel0=0.0211711 
featlist: TranslationModel0=0.00207355 
Saved: ./run5.moses.ini
DECODER_CFG = -weight-overwrite 'Distortion0= 0.009668 TranslationModel0= 0.125312 -0.031009 0.021171 0.002074 PhrasePenalty0= 0.089207 WordPenalty0= 0.274862 LM0= 0.058560 LexicalReordering0= 0.018054 0.117945 0.104048 0.122505 0.025174 0.000410'
Executing: /home/kyalkalay/tools/mosesdecoder/bin/moses -v 0   -config /media/kyalkalay/Data/AI-Class/assignment-6_aung_hein/pbsmt_original_clean_experiments/pbsmt_5gram_phrase11/my-ph/tuning/moses.filtered.ini.1 -weight-overwrite 'Distortion0= 0.009668 TranslationModel0= 0.125312 -0.031009 0.021171 0.002074 PhrasePenalty0= 0.089207 WordPenalty0= 0.274862 LM0= 0.058560 LexicalReordering0= 0.018054 0.117945 0.104048 0.122505 0.025174 0.000410'  -n-best-list run5.best100.out 100 distinct  -input-file /media/kyalkalay/Data/AI-Class/assignment-6_aung_hein/g2p-par/dev_clean.my > run5.out 
Executing: /home/kyalkalay/tools/mosesdecoder/bin/moses -v 0   -config /media/kyalkalay/Data/AI-Class/assignment-6_aung_hein/pbsmt_original_clean_experiments/pbsmt_5gram_phrase11/my-ph/tuning/moses.filtered.ini.1 -weight-overwrite 'Distortion0= 0.009668 TranslationModel0= 0.125312 -0.031009 0.021171 0.002074 PhrasePenalty0= 0.089207 WordPenalty0= 0.274862 LM0= 0.058560 LexicalReordering0= 0.018054 0.117945 0.104048 0.122505 0.025174 0.000410'  -n-best-list run5.best100.out 100 distinct  -input-file /media/kyalkalay/Data/AI-Class/assignment-6_aung_hein/g2p-par/dev_clean.my > run5.out
Loading table into memory...done.
Name:moses	VmPeak:158304 kB	VmRSS:19608 kB	RSSMax:22848 kB	user:1.481	sys:0.044	CPU:1.525	real:1.493
The decoder returns the scores in this order: LexicalReordering0 LexicalReordering0 LexicalReordering0 LexicalReordering0 LexicalReordering0 LexicalReordering0 Distortion0 LM0 WordPenalty0 PhrasePenalty0 TranslationModel0 TranslationModel0 TranslationModel0 TranslationModel0
Executing: gzip -f run5.best100.out
Scoring the nbestlist.
exec: /media/kyalkalay/Data/AI-Class/assignment-6_aung_hein/pbsmt_original_clean_experiments/pbsmt_5gram_phrase11/my-ph/tuning/tmp.1/extractor.sh
Executing: /media/kyalkalay/Data/AI-Class/assignment-6_aung_hein/pbsmt_original_clean_experiments/pbsmt_5gram_phrase11/my-ph/tuning/tmp.1/extractor.sh > extract.out 2> extract.err
Executing: \cp -f init.opt run5.init.opt
exec: /home/kyalkalay/tools/mosesdecoder/bin/mert -d 14  --sctype BLEU --scconfig case:true --ffile run1.features.dat,run2.features.dat,run3.features.dat,run4.features.dat,run5.features.dat --scfile run1.scores.dat,run2.scores.dat,run3.scores.dat,run4.scores.dat,run5.scores.dat --ifile run5.init.opt -n 20
Executing: /home/kyalkalay/tools/mosesdecoder/bin/mert -d 14  --sctype BLEU --scconfig case:true --ffile run1.features.dat,run2.features.dat,run3.features.dat,run4.features.dat,run5.features.dat --scfile run1.scores.dat,run2.scores.dat,run3.scores.dat,run4.scores.dat,run5.scores.dat --ifile run5.init.opt -n 20 > mert.out 2> mert.log
Executing: \cp -f extract.err run5.extract.err
Executing: \cp -f extract.out run5.extract.out
Executing: \cp -f mert.out run5.mert.out
Executing: \cp -f mert.log run5.mert.log
Executing: touch mert.log run5.mert.log
Executing: \cp -f weights.txt run5.weights.txt
None of the weights changed more than 1e-05. Stopping.
Executing: \cp -f init.opt run5.init.opt
Executing: \cp -f mert.log run5.mert.log
featlist: LexicalReordering0=0.0180542 
featlist: LexicalReordering0=0.117945 
featlist: LexicalReordering0=0.104048 
featlist: LexicalReordering0=0.122505 
featlist: LexicalReordering0=0.0251743 
featlist: LexicalReordering0=0.000409658 
featlist: Distortion0=0.00966821 
featlist: LM0=0.0585602 
featlist: WordPenalty0=0.274862 
featlist: PhrasePenalty0=0.0892075 
featlist: TranslationModel0=0.125312 
featlist: TranslationModel0=-0.0310093 
featlist: TranslationModel0=0.0211711 
featlist: TranslationModel0=0.00207355 
Saved: ./moses.ini
