shard_size = 0 shard_count = 0
Seeding random numbers with system clock 
name: case value: true
Data::m_score_type BLEU
Data::Scorer type from Scorer: BLEU
Loading Data from: run1.scores.dat and run1.features.dat
loading feature data from run1.features.dat
loading score data from run1.scores.dat
Loading Data from: run2.scores.dat and run2.features.dat
loading feature data from run2.features.dat
loading score data from run2.scores.dat
Loading Data from: run3.scores.dat and run3.features.dat
loading feature data from run3.features.dat
loading score data from run3.scores.dat
Loading Data from: run4.scores.dat and run4.features.dat
loading feature data from run4.features.dat
loading score data from run4.scores.dat
Data loaded : [Wall 1.06692 CPU 1.06662] seconds.
Creating a pool of 1 threads
Best point: 0.000289258 0.000677627 0.000861221 0.000727754 0.000537983 0.000479315 5.36927e-05 0.000303248 4.69683e-05 -0.995624 8.54403e-05 0.000281603 1.81098e-05 1.40292e-05  => 0.785071
Stopping... : [Wall 34.73 CPU 34.6993] seconds.
