perl: warning: Setting locale failed.
perl: warning: Please check that your locale settings:
	LANGUAGE = (unset),
	LC_ALL = (unset),
	LC_CTYPE = "C.UTF-8",
	LANG = "en_US.UTF-8"
    are supported and installed on your system.
perl: warning: Falling back to the standard locale ("C").
Executing: /home/kyalkalay/tools/mosesdecoder/bin/lmplz --text /media/kyalkalay/Data/AI-Class/assignment-6_aung_hein/g2p-par/train_clean.ph --order 5 --arpa /media/kyalkalay/Data/AI-Class/assignment-6_aung_hein/pbsmt_original_clean_experiments/pbsmt_5gram_phrase13/my-ph/lm/myph.lm.1 --prune 0 0 1 --discount_fallback -T /media/kyalkalay/Data/AI-Class/assignment-6_aung_hein/pbsmt_original_clean_experiments/pbsmt_5gram_phrase13/my-ph/lm -S 20%
=== 1/5 Counting and sorting n-grams ===
Reading /media/kyalkalay/Data/AI-Class/assignment-6_aung_hein/g2p-par/train_clean.ph
----5---10---15---20---25---30---35---40---45---50---55---60---65---70---75---80---85---90---95--100
****************************************************************************************************
Unigram tokens 57346 types 1836
=== 2/5 Calculating and sorting adjusted counts ===
Chain sizes: 1:22032 2:320487328 3:600913792 4:961462016 5:1402132224
Statistics:
1 1836 D1=0.45679 D2=0.896585 D3+=1.23178
2 27905 D1=0.822695 D2=1.27535 D3+=1.11889
3 5667/46127 D1=0.869811 D2=1.29785 D3+=1.58656
4 1109/35930 D1=0.957094 D2=1.6008 D3+=1.9112
5 166/17169 D1=0.982094 D2=1.79091 D3+=3
Memory estimate for binary LM:
type      kB
probing  862 assuming -p 1.5
probing 1072 assuming -r models -p 1.5
trie     410 without quantization
trie     217 assuming -q 8 -b 8 quantization 
trie     376 assuming -a 22 array pointer compression
trie     184 assuming -a 22 -q 8 -b 8 array pointer compression and quantization
=== 3/5 Calculating and sorting initial probabilities ===
Chain sizes: 1:22032 2:446480 3:113340 4:26616 5:4648
=== 4/5 Calculating and writing order-interpolated probabilities ===
Chain sizes: 1:22032 2:446480 3:113340 4:26616 5:4648
=== 5/5 Writing ARPA model ===
Name:lmplz	VmPeak:3568432 kB	VmRSS:7200 kB	RSSMax:576356 kB	user:0.114235	sys:0.268607	CPU:0.382842	real:0.346626
