perl: warning: Setting locale failed.
perl: warning: Please check that your locale settings:
	LANGUAGE = (unset),
	LC_ALL = (unset),
	LC_CTYPE = "C.UTF-8",
	LANG = "en_US.UTF-8"
    are supported and installed on your system.
perl: warning: Falling back to the standard locale ("C").
Using SCRIPTS_ROOTDIR: /home/kyalkalay/tools/mosesdecoder/scripts
Asking moses for feature names and values from /media/kyalkalay/Data/AI-Class/assignment-6_aung_hein/pbsmt_original_clean_experiments/pbsmt_5gram_phrase13/my-ph/tuning/moses.filtered.ini.1
Executing: /home/kyalkalay/tools/mosesdecoder/bin/moses  -v 0  -config /media/kyalkalay/Data/AI-Class/assignment-6_aung_hein/pbsmt_original_clean_experiments/pbsmt_5gram_phrase13/my-ph/tuning/moses.filtered.ini.1 -show-weights
exec: /home/kyalkalay/tools/mosesdecoder/bin/moses  -v 0  -config /media/kyalkalay/Data/AI-Class/assignment-6_aung_hein/pbsmt_original_clean_experiments/pbsmt_5gram_phrase13/my-ph/tuning/moses.filtered.ini.1 -show-weights
Executing: /home/kyalkalay/tools/mosesdecoder/bin/moses  -v 0  -config /media/kyalkalay/Data/AI-Class/assignment-6_aung_hein/pbsmt_original_clean_experiments/pbsmt_5gram_phrase13/my-ph/tuning/moses.filtered.ini.1 -show-weights > ./features.list 2> /dev/null
MERT starting values and ranges for random generation:
  LexicalReordering0 =   0.300 ( 0.00 ..  1.00)
  LexicalReordering0 =   0.300 ( 0.00 ..  1.00)
  LexicalReordering0 =   0.300 ( 0.00 ..  1.00)
  LexicalReordering0 =   0.300 ( 0.00 ..  1.00)
  LexicalReordering0 =   0.300 ( 0.00 ..  1.00)
  LexicalReordering0 =   0.300 ( 0.00 ..  1.00)
  Distortion0 =   0.300 ( 0.00 ..  1.00)
    LM0 =   0.500 ( 0.00 ..  1.00)
  WordPenalty0 =  -1.000 ( 0.00 ..  1.00)
  PhrasePenalty0 =   0.200 ( 0.00 ..  1.00)
  TranslationModel0 =   0.200 ( 0.00 ..  1.00)
  TranslationModel0 =   0.200 ( 0.00 ..  1.00)
  TranslationModel0 =   0.200 ( 0.00 ..  1.00)
  TranslationModel0 =   0.200 ( 0.00 ..  1.00)
featlist: LexicalReordering0=0.300000 
featlist: LexicalReordering0=0.300000 
featlist: LexicalReordering0=0.300000 
featlist: LexicalReordering0=0.300000 
featlist: LexicalReordering0=0.300000 
featlist: LexicalReordering0=0.300000 
featlist: Distortion0=0.300000 
featlist: LM0=0.500000 
featlist: WordPenalty0=-1.000000 
featlist: PhrasePenalty0=0.200000 
featlist: TranslationModel0=0.200000 
featlist: TranslationModel0=0.200000 
featlist: TranslationModel0=0.200000 
featlist: TranslationModel0=0.200000 
Saved: ./run1.moses.ini
Normalizing lambdas: 0.300000 0.300000 0.300000 0.300000 0.300000 0.300000 0.300000 0.500000 -1.000000 0.200000 0.200000 0.200000 0.200000 0.200000
DECODER_CFG = -weight-overwrite 'WordPenalty0= -0.217391 LM0= 0.108696 LexicalReordering0= 0.065217 0.065217 0.065217 0.065217 0.065217 0.065217 TranslationModel0= 0.043478 0.043478 0.043478 0.043478 Distortion0= 0.065217 PhrasePenalty0= 0.043478'
Executing: /home/kyalkalay/tools/mosesdecoder/bin/moses -v 0   -config /media/kyalkalay/Data/AI-Class/assignment-6_aung_hein/pbsmt_original_clean_experiments/pbsmt_5gram_phrase13/my-ph/tuning/moses.filtered.ini.1 -weight-overwrite 'WordPenalty0= -0.217391 LM0= 0.108696 LexicalReordering0= 0.065217 0.065217 0.065217 0.065217 0.065217 0.065217 TranslationModel0= 0.043478 0.043478 0.043478 0.043478 Distortion0= 0.065217 PhrasePenalty0= 0.043478'  -n-best-list run1.best100.out 100 distinct  -input-file /media/kyalkalay/Data/AI-Class/assignment-6_aung_hein/g2p-par/dev_clean.my > run1.out 
Executing: /home/kyalkalay/tools/mosesdecoder/bin/moses -v 0   -config /media/kyalkalay/Data/AI-Class/assignment-6_aung_hein/pbsmt_original_clean_experiments/pbsmt_5gram_phrase13/my-ph/tuning/moses.filtered.ini.1 -weight-overwrite 'WordPenalty0= -0.217391 LM0= 0.108696 LexicalReordering0= 0.065217 0.065217 0.065217 0.065217 0.065217 0.065217 TranslationModel0= 0.043478 0.043478 0.043478 0.043478 Distortion0= 0.065217 PhrasePenalty0= 0.043478'  -n-best-list run1.best100.out 100 distinct  -input-file /media/kyalkalay/Data/AI-Class/assignment-6_aung_hein/g2p-par/dev_clean.my > run1.out
Loading table into memory...done.
Name:moses	VmPeak:158304 kB	VmRSS:17752 kB	RSSMax:22904 kB	user:1.279	sys:0.039	CPU:1.317	real:1.278
The decoder returns the scores in this order: LexicalReordering0 LexicalReordering0 LexicalReordering0 LexicalReordering0 LexicalReordering0 LexicalReordering0 Distortion0 LM0 WordPenalty0 PhrasePenalty0 TranslationModel0 TranslationModel0 TranslationModel0 TranslationModel0
Executing: gzip -f run1.best100.out
Scoring the nbestlist.
exec: /media/kyalkalay/Data/AI-Class/assignment-6_aung_hein/pbsmt_original_clean_experiments/pbsmt_5gram_phrase13/my-ph/tuning/tmp.1/extractor.sh
Executing: /media/kyalkalay/Data/AI-Class/assignment-6_aung_hein/pbsmt_original_clean_experiments/pbsmt_5gram_phrase13/my-ph/tuning/tmp.1/extractor.sh > extract.out 2> extract.err
Executing: \cp -f init.opt run1.init.opt
exec: /home/kyalkalay/tools/mosesdecoder/bin/mert -d 14  --sctype BLEU --scconfig case:true --ffile run1.features.dat --scfile run1.scores.dat --ifile run1.init.opt -n 20
Executing: /home/kyalkalay/tools/mosesdecoder/bin/mert -d 14  --sctype BLEU --scconfig case:true --ffile run1.features.dat --scfile run1.scores.dat --ifile run1.init.opt -n 20 > mert.out 2> mert.log
Executing: \cp -f extract.err run1.extract.err
Executing: \cp -f extract.out run1.extract.out
Executing: \cp -f mert.out run1.mert.out
Executing: \cp -f mert.log run1.mert.log
Executing: touch mert.log run1.mert.log
Executing: \cp -f weights.txt run1.weights.txt
featlist: LexicalReordering0=0.0443905 
featlist: LexicalReordering0=0.0482443 
featlist: LexicalReordering0=0.104849 
featlist: LexicalReordering0=0.0243535 
featlist: LexicalReordering0=0.0373942 
featlist: LexicalReordering0=0.0701702 
featlist: Distortion0=0.0128547 
featlist: LM0=0.0842592 
featlist: WordPenalty0=0.343259 
featlist: PhrasePenalty0=0.0388016 
featlist: TranslationModel0=0.159805 
featlist: TranslationModel0=0.00176805 
featlist: TranslationModel0=0.0276119 
featlist: TranslationModel0=0.00223876 
Saved: ./run2.moses.ini
DECODER_CFG = -weight-overwrite 'PhrasePenalty0= 0.038802 TranslationModel0= 0.159805 0.001768 0.027612 0.002239 Distortion0= 0.012855 LM0= 0.084259 LexicalReordering0= 0.044390 0.048244 0.104849 0.024354 0.037394 0.070170 WordPenalty0= 0.343259'
Executing: /home/kyalkalay/tools/mosesdecoder/bin/moses -v 0   -config /media/kyalkalay/Data/AI-Class/assignment-6_aung_hein/pbsmt_original_clean_experiments/pbsmt_5gram_phrase13/my-ph/tuning/moses.filtered.ini.1 -weight-overwrite 'PhrasePenalty0= 0.038802 TranslationModel0= 0.159805 0.001768 0.027612 0.002239 Distortion0= 0.012855 LM0= 0.084259 LexicalReordering0= 0.044390 0.048244 0.104849 0.024354 0.037394 0.070170 WordPenalty0= 0.343259'  -n-best-list run2.best100.out 100 distinct  -input-file /media/kyalkalay/Data/AI-Class/assignment-6_aung_hein/g2p-par/dev_clean.my > run2.out 
Executing: /home/kyalkalay/tools/mosesdecoder/bin/moses -v 0   -config /media/kyalkalay/Data/AI-Class/assignment-6_aung_hein/pbsmt_original_clean_experiments/pbsmt_5gram_phrase13/my-ph/tuning/moses.filtered.ini.1 -weight-overwrite 'PhrasePenalty0= 0.038802 TranslationModel0= 0.159805 0.001768 0.027612 0.002239 Distortion0= 0.012855 LM0= 0.084259 LexicalReordering0= 0.044390 0.048244 0.104849 0.024354 0.037394 0.070170 WordPenalty0= 0.343259'  -n-best-list run2.best100.out 100 distinct  -input-file /media/kyalkalay/Data/AI-Class/assignment-6_aung_hein/g2p-par/dev_clean.my > run2.out
Loading table into memory...done.
Name:moses	VmPeak:158304 kB	VmRSS:18304 kB	RSSMax:23616 kB	user:1.326	sys:0.046	CPU:1.373	real:1.340
The decoder returns the scores in this order: LexicalReordering0 LexicalReordering0 LexicalReordering0 LexicalReordering0 LexicalReordering0 LexicalReordering0 Distortion0 LM0 WordPenalty0 PhrasePenalty0 TranslationModel0 TranslationModel0 TranslationModel0 TranslationModel0
Executing: gzip -f run2.best100.out
Scoring the nbestlist.
exec: /media/kyalkalay/Data/AI-Class/assignment-6_aung_hein/pbsmt_original_clean_experiments/pbsmt_5gram_phrase13/my-ph/tuning/tmp.1/extractor.sh
Executing: /media/kyalkalay/Data/AI-Class/assignment-6_aung_hein/pbsmt_original_clean_experiments/pbsmt_5gram_phrase13/my-ph/tuning/tmp.1/extractor.sh > extract.out 2> extract.err
Executing: \cp -f init.opt run2.init.opt
exec: /home/kyalkalay/tools/mosesdecoder/bin/mert -d 14  --sctype BLEU --scconfig case:true --ffile run1.features.dat,run2.features.dat --scfile run1.scores.dat,run2.scores.dat --ifile run2.init.opt -n 20
Executing: /home/kyalkalay/tools/mosesdecoder/bin/mert -d 14  --sctype BLEU --scconfig case:true --ffile run1.features.dat,run2.features.dat --scfile run1.scores.dat,run2.scores.dat --ifile run2.init.opt -n 20 > mert.out 2> mert.log
Executing: \cp -f extract.err run2.extract.err
Executing: \cp -f extract.out run2.extract.out
Executing: \cp -f mert.out run2.mert.out
Executing: \cp -f mert.log run2.mert.log
Executing: touch mert.log run2.mert.log
Executing: \cp -f weights.txt run2.weights.txt
featlist: LexicalReordering0=0.079913 
featlist: LexicalReordering0=0.0614121 
featlist: LexicalReordering0=0.0739967 
featlist: LexicalReordering0=0.072872 
featlist: LexicalReordering0=0.0156813 
featlist: LexicalReordering0=0.069875 
featlist: Distortion0=0.0765849 
featlist: LM0=0.0585124 
featlist: WordPenalty0=0.256628 
featlist: PhrasePenalty0=0.0694328 
featlist: TranslationModel0=0.118994 
featlist: TranslationModel0=-0.0246439 
featlist: TranslationModel0=0.0172792 
featlist: TranslationModel0=0.00417497 
Saved: ./run3.moses.ini
DECODER_CFG = -weight-overwrite 'WordPenalty0= 0.256628 LexicalReordering0= 0.079913 0.061412 0.073997 0.072872 0.015681 0.069875 LM0= 0.058512 PhrasePenalty0= 0.069433 Distortion0= 0.076585 TranslationModel0= 0.118994 -0.024644 0.017279 0.004175'
Executing: /home/kyalkalay/tools/mosesdecoder/bin/moses -v 0   -config /media/kyalkalay/Data/AI-Class/assignment-6_aung_hein/pbsmt_original_clean_experiments/pbsmt_5gram_phrase13/my-ph/tuning/moses.filtered.ini.1 -weight-overwrite 'WordPenalty0= 0.256628 LexicalReordering0= 0.079913 0.061412 0.073997 0.072872 0.015681 0.069875 LM0= 0.058512 PhrasePenalty0= 0.069433 Distortion0= 0.076585 TranslationModel0= 0.118994 -0.024644 0.017279 0.004175'  -n-best-list run3.best100.out 100 distinct  -input-file /media/kyalkalay/Data/AI-Class/assignment-6_aung_hein/g2p-par/dev_clean.my > run3.out 
Executing: /home/kyalkalay/tools/mosesdecoder/bin/moses -v 0   -config /media/kyalkalay/Data/AI-Class/assignment-6_aung_hein/pbsmt_original_clean_experiments/pbsmt_5gram_phrase13/my-ph/tuning/moses.filtered.ini.1 -weight-overwrite 'WordPenalty0= 0.256628 LexicalReordering0= 0.079913 0.061412 0.073997 0.072872 0.015681 0.069875 LM0= 0.058512 PhrasePenalty0= 0.069433 Distortion0= 0.076585 TranslationModel0= 0.118994 -0.024644 0.017279 0.004175'  -n-best-list run3.best100.out 100 distinct  -input-file /media/kyalkalay/Data/AI-Class/assignment-6_aung_hein/g2p-par/dev_clean.my > run3.out
Loading table into memory...done.
Name:moses	VmPeak:158304 kB	VmRSS:17908 kB	RSSMax:23200 kB	user:1.274	sys:0.029	CPU:1.304	real:1.271
The decoder returns the scores in this order: LexicalReordering0 LexicalReordering0 LexicalReordering0 LexicalReordering0 LexicalReordering0 LexicalReordering0 Distortion0 LM0 WordPenalty0 PhrasePenalty0 TranslationModel0 TranslationModel0 TranslationModel0 TranslationModel0
Executing: gzip -f run3.best100.out
Scoring the nbestlist.
exec: /media/kyalkalay/Data/AI-Class/assignment-6_aung_hein/pbsmt_original_clean_experiments/pbsmt_5gram_phrase13/my-ph/tuning/tmp.1/extractor.sh
Executing: /media/kyalkalay/Data/AI-Class/assignment-6_aung_hein/pbsmt_original_clean_experiments/pbsmt_5gram_phrase13/my-ph/tuning/tmp.1/extractor.sh > extract.out 2> extract.err
Executing: \cp -f init.opt run3.init.opt
exec: /home/kyalkalay/tools/mosesdecoder/bin/mert -d 14  --sctype BLEU --scconfig case:true --ffile run1.features.dat,run2.features.dat,run3.features.dat --scfile run1.scores.dat,run2.scores.dat,run3.scores.dat --ifile run3.init.opt -n 20
Executing: /home/kyalkalay/tools/mosesdecoder/bin/mert -d 14  --sctype BLEU --scconfig case:true --ffile run1.features.dat,run2.features.dat,run3.features.dat --scfile run1.scores.dat,run2.scores.dat,run3.scores.dat --ifile run3.init.opt -n 20 > mert.out 2> mert.log
Executing: \cp -f extract.err run3.extract.err
Executing: \cp -f extract.out run3.extract.out
Executing: \cp -f mert.out run3.mert.out
Executing: \cp -f mert.log run3.mert.log
Executing: touch mert.log run3.mert.log
Executing: \cp -f weights.txt run3.weights.txt
featlist: LexicalReordering0=0.0755305 
featlist: LexicalReordering0=0.103041 
featlist: LexicalReordering0=0.140698 
featlist: LexicalReordering0=0.0272281 
featlist: LexicalReordering0=0.0924978 
featlist: LexicalReordering0=0.100141 
featlist: Distortion0=0.142726 
featlist: LM0=0.0314567 
featlist: WordPenalty0=0.174805 
featlist: PhrasePenalty0=0.0116711 
featlist: TranslationModel0=0.0667517 
featlist: TranslationModel0=-0.00653173 
featlist: TranslationModel0=0.0180314 
featlist: TranslationModel0=-0.00888899 
Saved: ./run4.moses.ini
DECODER_CFG = -weight-overwrite 'WordPenalty0= 0.174805 LexicalReordering0= 0.075531 0.103041 0.140698 0.027228 0.092498 0.100141 LM0= 0.031457 PhrasePenalty0= 0.011671 Distortion0= 0.142726 TranslationModel0= 0.066752 -0.006532 0.018031 -0.008889'
Executing: /home/kyalkalay/tools/mosesdecoder/bin/moses -v 0   -config /media/kyalkalay/Data/AI-Class/assignment-6_aung_hein/pbsmt_original_clean_experiments/pbsmt_5gram_phrase13/my-ph/tuning/moses.filtered.ini.1 -weight-overwrite 'WordPenalty0= 0.174805 LexicalReordering0= 0.075531 0.103041 0.140698 0.027228 0.092498 0.100141 LM0= 0.031457 PhrasePenalty0= 0.011671 Distortion0= 0.142726 TranslationModel0= 0.066752 -0.006532 0.018031 -0.008889'  -n-best-list run4.best100.out 100 distinct  -input-file /media/kyalkalay/Data/AI-Class/assignment-6_aung_hein/g2p-par/dev_clean.my > run4.out 
Executing: /home/kyalkalay/tools/mosesdecoder/bin/moses -v 0   -config /media/kyalkalay/Data/AI-Class/assignment-6_aung_hein/pbsmt_original_clean_experiments/pbsmt_5gram_phrase13/my-ph/tuning/moses.filtered.ini.1 -weight-overwrite 'WordPenalty0= 0.174805 LexicalReordering0= 0.075531 0.103041 0.140698 0.027228 0.092498 0.100141 LM0= 0.031457 PhrasePenalty0= 0.011671 Distortion0= 0.142726 TranslationModel0= 0.066752 -0.006532 0.018031 -0.008889'  -n-best-list run4.best100.out 100 distinct  -input-file /media/kyalkalay/Data/AI-Class/assignment-6_aung_hein/g2p-par/dev_clean.my > run4.out
Loading table into memory...done.
Name:moses	VmPeak:158304 kB	VmRSS:16448 kB	RSSMax:23344 kB	user:1.292	sys:0.025	CPU:1.317	real:1.284
The decoder returns the scores in this order: LexicalReordering0 LexicalReordering0 LexicalReordering0 LexicalReordering0 LexicalReordering0 LexicalReordering0 Distortion0 LM0 WordPenalty0 PhrasePenalty0 TranslationModel0 TranslationModel0 TranslationModel0 TranslationModel0
Executing: gzip -f run4.best100.out
Scoring the nbestlist.
exec: /media/kyalkalay/Data/AI-Class/assignment-6_aung_hein/pbsmt_original_clean_experiments/pbsmt_5gram_phrase13/my-ph/tuning/tmp.1/extractor.sh
Executing: /media/kyalkalay/Data/AI-Class/assignment-6_aung_hein/pbsmt_original_clean_experiments/pbsmt_5gram_phrase13/my-ph/tuning/tmp.1/extractor.sh > extract.out 2> extract.err
Executing: \cp -f init.opt run4.init.opt
exec: /home/kyalkalay/tools/mosesdecoder/bin/mert -d 14  --sctype BLEU --scconfig case:true --ffile run1.features.dat,run2.features.dat,run3.features.dat,run4.features.dat --scfile run1.scores.dat,run2.scores.dat,run3.scores.dat,run4.scores.dat --ifile run4.init.opt -n 20
Executing: /home/kyalkalay/tools/mosesdecoder/bin/mert -d 14  --sctype BLEU --scconfig case:true --ffile run1.features.dat,run2.features.dat,run3.features.dat,run4.features.dat --scfile run1.scores.dat,run2.scores.dat,run3.scores.dat,run4.scores.dat --ifile run4.init.opt -n 20 > mert.out 2> mert.log
Executing: \cp -f extract.err run4.extract.err
Executing: \cp -f extract.out run4.extract.out
Executing: \cp -f mert.out run4.mert.out
Executing: \cp -f mert.log run4.mert.log
Executing: touch mert.log run4.mert.log
Executing: \cp -f weights.txt run4.weights.txt
None of the weights changed more than 1e-05. Stopping.
Executing: \cp -f init.opt run4.init.opt
Executing: \cp -f mert.log run4.mert.log
featlist: LexicalReordering0=0.0755306 
featlist: LexicalReordering0=0.103041 
featlist: LexicalReordering0=0.140698 
featlist: LexicalReordering0=0.0272281 
featlist: LexicalReordering0=0.0924979 
featlist: LexicalReordering0=0.100141 
featlist: Distortion0=0.142726 
featlist: LM0=0.0314567 
featlist: WordPenalty0=0.174805 
featlist: PhrasePenalty0=0.0116711 
featlist: TranslationModel0=0.0667518 
featlist: TranslationModel0=-0.00653174 
featlist: TranslationModel0=0.0180314 
featlist: TranslationModel0=-0.008889 
Saved: ./moses.ini
