perl: warning: Setting locale failed.
perl: warning: Please check that your locale settings:
	LANGUAGE = (unset),
	LC_ALL = (unset),
	LC_CTYPE = "C.UTF-8",
	LANG = "en_US.UTF-8"
    are supported and installed on your system.
perl: warning: Falling back to the standard locale ("C").
Executing: /home/kyalkalay/tools/mosesdecoder/bin/lmplz --text /media/kyalkalay/Data/AI-Class/assignment-6_aung_hein/g2p-par/train_clean.ph --order 7 --arpa /media/kyalkalay/Data/AI-Class/assignment-6_aung_hein/pbsmt_original_clean_experiments/pbsmt_7gram_phrase9/my-ph/lm/myph.lm.1 --prune 0 0 1 --discount_fallback -T /media/kyalkalay/Data/AI-Class/assignment-6_aung_hein/pbsmt_original_clean_experiments/pbsmt_7gram_phrase9/my-ph/lm -S 20%
=== 1/5 Counting and sorting n-grams ===
Reading /media/kyalkalay/Data/AI-Class/assignment-6_aung_hein/g2p-par/train_clean.ph
----5---10---15---20---25---30---35---40---45---50---55---60---65---70---75---80---85---90---95--100
****************************************************************************************************
Unigram tokens 57346 types 1836
=== 2/5 Calculating and sorting adjusted counts ===
Chain sizes: 1:22032 2:136165600 3:255310528 4:408496832 5:595724544 6:816993664 7:1072304192
Statistics:
1 1836 D1=0.45679 D2=0.896585 D3+=1.23178
2 27905 D1=0.822695 D2=1.27535 D3+=1.11889
3 5667/46127 D1=0.869811 D2=1.29785 D3+=1.58656
4 1109/35930 D1=0.957094 D2=1.6008 D3+=1.9112
5 166/17169 D1=0.985423 D2=1.8123 D3+=3
6 33/6224 D1=0.992635 D2=1.87053 D3+=3
7 9/1576 D1=0.989893 D2=1.62879 D3+=3
Memory estimate for binary LM:
type      kB
probing  864 assuming -p 1.5
probing 1075 assuming -r models -p 1.5
trie     411 without quantization
trie     222 assuming -q 8 -b 8 quantization 
trie     377 assuming -a 22 array pointer compression
trie     188 assuming -a 22 -q 8 -b 8 array pointer compression and quantization
=== 3/5 Calculating and sorting initial probabilities ===
Chain sizes: 1:22032 2:446480 3:113340 4:26616 5:4648 6:1056 7:324
=== 4/5 Calculating and writing order-interpolated probabilities ===
Chain sizes: 1:22032 2:446480 3:113340 4:26616 5:4648 6:1056 7:324
=== 5/5 Writing ARPA model ===
Name:lmplz	VmPeak:3601224 kB	VmRSS:7308 kB	RSSMax:469760 kB	user:0.132808	sys:0.24694	CPU:0.379748	real:0.296042
