Using SCRIPTS_ROOTDIR: /home/phantom/mosesdecoder/scripts
Using single-thread GIZA
using gzip 
(1) preparing corpus @ Wed Jun  3 23:34:18 +0630 2026
Executing: mkdir -p /home/phantom/Desktop/Git/AI_Assignment/assignment-6/class-13and14/assignment6_submission/notebooks/data/g2p-par/work/my-ph/corpus
(1.0) selecting factors @ Wed Jun  3 23:34:18 +0630 2026
(1.1) running mkcls  @ Wed Jun  3 23:34:18 +0630 2026
/home/phantom/Desktop/Git/AI_Assignment/assignment-6/class-13and14/assignment6_submission/notebooks/data/g2p-par/work/my-ph/tools/mkcls -c50 -n2 -p/home/phantom/Desktop/Git/AI_Assignment/assignment-6/class-13and14/assignment6_submission/notebooks/data/g2p-par/train.my -V/home/phantom/Desktop/Git/AI_Assignment/assignment-6/class-13and14/assignment6_submission/notebooks/data/g2p-par/work/my-ph/corpus/my.vcb.classes opt
  /home/phantom/Desktop/Git/AI_Assignment/assignment-6/class-13and14/assignment6_submission/notebooks/data/g2p-par/work/my-ph/corpus/my.vcb.classes already in place, reusing
(1.1) running mkcls  @ Wed Jun  3 23:34:18 +0630 2026
/home/phantom/Desktop/Git/AI_Assignment/assignment-6/class-13and14/assignment6_submission/notebooks/data/g2p-par/work/my-ph/tools/mkcls -c50 -n2 -p/home/phantom/Desktop/Git/AI_Assignment/assignment-6/class-13and14/assignment6_submission/notebooks/data/g2p-par/train.ph -V/home/phantom/Desktop/Git/AI_Assignment/assignment-6/class-13and14/assignment6_submission/notebooks/data/g2p-par/work/my-ph/corpus/ph.vcb.classes opt
  /home/phantom/Desktop/Git/AI_Assignment/assignment-6/class-13and14/assignment6_submission/notebooks/data/g2p-par/work/my-ph/corpus/ph.vcb.classes already in place, reusing
(1.2) creating vcb file /home/phantom/Desktop/Git/AI_Assignment/assignment-6/class-13and14/assignment6_submission/notebooks/data/g2p-par/work/my-ph/corpus/my.vcb @ Wed Jun  3 23:34:18 +0630 2026
(1.2) creating vcb file /home/phantom/Desktop/Git/AI_Assignment/assignment-6/class-13and14/assignment6_submission/notebooks/data/g2p-par/work/my-ph/corpus/ph.vcb @ Wed Jun  3 23:34:18 +0630 2026
(1.3) numberizing corpus /home/phantom/Desktop/Git/AI_Assignment/assignment-6/class-13and14/assignment6_submission/notebooks/data/g2p-par/work/my-ph/corpus/my-ph-int-train.snt @ Wed Jun  3 23:34:18 +0630 2026
  /home/phantom/Desktop/Git/AI_Assignment/assignment-6/class-13and14/assignment6_submission/notebooks/data/g2p-par/work/my-ph/corpus/my-ph-int-train.snt already in place, reusing
(1.3) numberizing corpus /home/phantom/Desktop/Git/AI_Assignment/assignment-6/class-13and14/assignment6_submission/notebooks/data/g2p-par/work/my-ph/corpus/ph-my-int-train.snt @ Wed Jun  3 23:34:18 +0630 2026
  /home/phantom/Desktop/Git/AI_Assignment/assignment-6/class-13and14/assignment6_submission/notebooks/data/g2p-par/work/my-ph/corpus/ph-my-int-train.snt already in place, reusing
(2) running giza @ Wed Jun  3 23:34:18 +0630 2026
(2.1a) running snt2cooc my-ph @ Wed Jun  3 23:34:18 +0630 2026

Executing: mkdir -p /home/phantom/Desktop/Git/AI_Assignment/assignment-6/class-13and14/assignment6_submission/notebooks/data/g2p-par/work/my-ph/giza.my-ph
Executing: /home/phantom/Desktop/Git/AI_Assignment/assignment-6/class-13and14/assignment6_submission/notebooks/data/g2p-par/work/my-ph/tools/snt2cooc.out /home/phantom/Desktop/Git/AI_Assignment/assignment-6/class-13and14/assignment6_submission/notebooks/data/g2p-par/work/my-ph/corpus/ph.vcb /home/phantom/Desktop/Git/AI_Assignment/assignment-6/class-13and14/assignment6_submission/notebooks/data/g2p-par/work/my-ph/corpus/my.vcb /home/phantom/Desktop/Git/AI_Assignment/assignment-6/class-13and14/assignment6_submission/notebooks/data/g2p-par/work/my-ph/corpus/my-ph-int-train.snt > /home/phantom/Desktop/Git/AI_Assignment/assignment-6/class-13and14/assignment6_submission/notebooks/data/g2p-par/work/my-ph/giza.my-ph/my-ph.cooc
/home/phantom/Desktop/Git/AI_Assignment/assignment-6/class-13and14/assignment6_submission/notebooks/data/g2p-par/work/my-ph/tools/snt2cooc.out /home/phantom/Desktop/Git/AI_Assignment/assignment-6/class-13and14/assignment6_submission/notebooks/data/g2p-par/work/my-ph/corpus/ph.vcb /home/phantom/Desktop/Git/AI_Assignment/assignment-6/class-13and14/assignment6_submission/notebooks/data/g2p-par/work/my-ph/corpus/my.vcb /home/phantom/Desktop/Git/AI_Assignment/assignment-6/class-13and14/assignment6_submission/notebooks/data/g2p-par/work/my-ph/corpus/my-ph-int-train.snt > /home/phantom/Desktop/Git/AI_Assignment/assignment-6/class-13and14/assignment6_submission/notebooks/data/g2p-par/work/my-ph/giza.my-ph/my-ph.cooc
line 1000
line 2000
line 3000
line 4000
line 5000
line 6000
line 7000
line 8000
line 9000
line 10000
line 11000
line 12000
line 13000
line 14000
line 15000
line 16000
line 17000
line 18000
line 19000
line 20000
END.
(2.1b) running giza my-ph @ Wed Jun  3 23:34:18 +0630 2026
/home/phantom/Desktop/Git/AI_Assignment/assignment-6/class-13and14/assignment6_submission/notebooks/data/g2p-par/work/my-ph/tools/GIZA++  -CoocurrenceFile /home/phantom/Desktop/Git/AI_Assignment/assignment-6/class-13and14/assignment6_submission/notebooks/data/g2p-par/work/my-ph/giza.my-ph/my-ph.cooc -c /home/phantom/Desktop/Git/AI_Assignment/assignment-6/class-13and14/assignment6_submission/notebooks/data/g2p-par/work/my-ph/corpus/my-ph-int-train.snt -m1 5 -m2 0 -m3 3 -m4 3 -model1dumpfrequency 1 -model4smoothfactor 0.4 -nodumps 1 -nsmooth 4 -o /home/phantom/Desktop/Git/AI_Assignment/assignment-6/class-13and14/assignment6_submission/notebooks/data/g2p-par/work/my-ph/giza.my-ph/my-ph -onlyaldumps 1 -p0 0.999 -s /home/phantom/Desktop/Git/AI_Assignment/assignment-6/class-13and14/assignment6_submission/notebooks/data/g2p-par/work/my-ph/corpus/ph.vcb -t /home/phantom/Desktop/Git/AI_Assignment/assignment-6/class-13and14/assignment6_submission/notebooks/data/g2p-par/work/my-ph/corpus/my.vcb
  /home/phantom/Desktop/Git/AI_Assignment/assignment-6/class-13and14/assignment6_submission/notebooks/data/g2p-par/work/my-ph/giza.my-ph/my-ph.A3.final.gz seems finished, reusing.
(2.1a) running snt2cooc ph-my @ Wed Jun  3 23:34:18 +0630 2026

Executing: mkdir -p /home/phantom/Desktop/Git/AI_Assignment/assignment-6/class-13and14/assignment6_submission/notebooks/data/g2p-par/work/my-ph/giza.ph-my
Executing: /home/phantom/Desktop/Git/AI_Assignment/assignment-6/class-13and14/assignment6_submission/notebooks/data/g2p-par/work/my-ph/tools/snt2cooc.out /home/phantom/Desktop/Git/AI_Assignment/assignment-6/class-13and14/assignment6_submission/notebooks/data/g2p-par/work/my-ph/corpus/my.vcb /home/phantom/Desktop/Git/AI_Assignment/assignment-6/class-13and14/assignment6_submission/notebooks/data/g2p-par/work/my-ph/corpus/ph.vcb /home/phantom/Desktop/Git/AI_Assignment/assignment-6/class-13and14/assignment6_submission/notebooks/data/g2p-par/work/my-ph/corpus/ph-my-int-train.snt > /home/phantom/Desktop/Git/AI_Assignment/assignment-6/class-13and14/assignment6_submission/notebooks/data/g2p-par/work/my-ph/giza.ph-my/ph-my.cooc
/home/phantom/Desktop/Git/AI_Assignment/assignment-6/class-13and14/assignment6_submission/notebooks/data/g2p-par/work/my-ph/tools/snt2cooc.out /home/phantom/Desktop/Git/AI_Assignment/assignment-6/class-13and14/assignment6_submission/notebooks/data/g2p-par/work/my-ph/corpus/my.vcb /home/phantom/Desktop/Git/AI_Assignment/assignment-6/class-13and14/assignment6_submission/notebooks/data/g2p-par/work/my-ph/corpus/ph.vcb /home/phantom/Desktop/Git/AI_Assignment/assignment-6/class-13and14/assignment6_submission/notebooks/data/g2p-par/work/my-ph/corpus/ph-my-int-train.snt > /home/phantom/Desktop/Git/AI_Assignment/assignment-6/class-13and14/assignment6_submission/notebooks/data/g2p-par/work/my-ph/giza.ph-my/ph-my.cooc
line 1000
line 2000
line 3000
line 4000
line 5000
line 6000
line 7000
line 8000
line 9000
line 10000
line 11000
line 12000
line 13000
line 14000
line 15000
line 16000
line 17000
line 18000
line 19000
line 20000
END.
(2.1b) running giza ph-my @ Wed Jun  3 23:34:18 +0630 2026
/home/phantom/Desktop/Git/AI_Assignment/assignment-6/class-13and14/assignment6_submission/notebooks/data/g2p-par/work/my-ph/tools/GIZA++  -CoocurrenceFile /home/phantom/Desktop/Git/AI_Assignment/assignment-6/class-13and14/assignment6_submission/notebooks/data/g2p-par/work/my-ph/giza.ph-my/ph-my.cooc -c /home/phantom/Desktop/Git/AI_Assignment/assignment-6/class-13and14/assignment6_submission/notebooks/data/g2p-par/work/my-ph/corpus/ph-my-int-train.snt -m1 5 -m2 0 -m3 3 -m4 3 -model1dumpfrequency 1 -model4smoothfactor 0.4 -nodumps 1 -nsmooth 4 -o /home/phantom/Desktop/Git/AI_Assignment/assignment-6/class-13and14/assignment6_submission/notebooks/data/g2p-par/work/my-ph/giza.ph-my/ph-my -onlyaldumps 1 -p0 0.999 -s /home/phantom/Desktop/Git/AI_Assignment/assignment-6/class-13and14/assignment6_submission/notebooks/data/g2p-par/work/my-ph/corpus/my.vcb -t /home/phantom/Desktop/Git/AI_Assignment/assignment-6/class-13and14/assignment6_submission/notebooks/data/g2p-par/work/my-ph/corpus/ph.vcb
  /home/phantom/Desktop/Git/AI_Assignment/assignment-6/class-13and14/assignment6_submission/notebooks/data/g2p-par/work/my-ph/giza.ph-my/ph-my.A3.final.gz seems finished, reusing.
(3) generate word alignment @ Wed Jun  3 23:34:18 +0630 2026
Combining forward and inverted alignment from files:
  /home/phantom/Desktop/Git/AI_Assignment/assignment-6/class-13and14/assignment6_submission/notebooks/data/g2p-par/work/my-ph/giza.my-ph/my-ph.A3.final.{bz2,gz}
  /home/phantom/Desktop/Git/AI_Assignment/assignment-6/class-13and14/assignment6_submission/notebooks/data/g2p-par/work/my-ph/giza.ph-my/ph-my.A3.final.{bz2,gz}
Executing: mkdir -p /home/phantom/Desktop/Git/AI_Assignment/assignment-6/class-13and14/assignment6_submission/notebooks/data/g2p-par/work/my-ph/model
Executing: /home/phantom/mosesdecoder/scripts/training/giza2bal.pl -d "gzip -cd /home/phantom/Desktop/Git/AI_Assignment/assignment-6/class-13and14/assignment6_submission/notebooks/data/g2p-par/work/my-ph/giza.ph-my/ph-my.A3.final.gz" -i "gzip -cd /home/phantom/Desktop/Git/AI_Assignment/assignment-6/class-13and14/assignment6_submission/notebooks/data/g2p-par/work/my-ph/giza.my-ph/my-ph.A3.final.gz" |/home/phantom/mosesdecoder/scripts/../bin/symal -alignment="grow" -diagonal="yes" -final="yes" -both="yes" > /home/phantom/Desktop/Git/AI_Assignment/assignment-6/class-13and14/assignment6_submission/notebooks/data/g2p-par/work/my-ph/model/aligned.grow-diag-final-and
symal: computing grow alignment: diagonal (1) final (1)both-uncovered (1)
skip=<0> counts=<20000>
(4) generate lexical translation table 0-0 @ Wed Jun  3 23:34:19 +0630 2026
(/home/phantom/Desktop/Git/AI_Assignment/assignment-6/class-13and14/assignment6_submission/notebooks/data/g2p-par/train.my,/home/phantom/Desktop/Git/AI_Assignment/assignment-6/class-13and14/assignment6_submission/notebooks/data/g2p-par/train.ph,/home/phantom/Desktop/Git/AI_Assignment/assignment-6/class-13and14/assignment6_submission/notebooks/data/g2p-par/work/my-ph/model/lex)
  reusing: /home/phantom/Desktop/Git/AI_Assignment/assignment-6/class-13and14/assignment6_submission/notebooks/data/g2p-par/work/my-ph/model/lex.f2e and /home/phantom/Desktop/Git/AI_Assignment/assignment-6/class-13and14/assignment6_submission/notebooks/data/g2p-par/work/my-ph/model/lex.e2f
(5) extract phrases @ Wed Jun  3 23:34:19 +0630 2026
/home/phantom/mosesdecoder/scripts/generic/extract-parallel.perl 4 split "sort    " /home/phantom/mosesdecoder/scripts/../bin/extract /home/phantom/Desktop/Git/AI_Assignment/assignment-6/class-13and14/assignment6_submission/notebooks/data/g2p-par/train.ph /home/phantom/Desktop/Git/AI_Assignment/assignment-6/class-13and14/assignment6_submission/notebooks/data/g2p-par/train.my /home/phantom/Desktop/Git/AI_Assignment/assignment-6/class-13and14/assignment6_submission/notebooks/data/g2p-par/work/my-ph/model/aligned.grow-diag-final-and /home/phantom/Desktop/Git/AI_Assignment/assignment-6/class-13and14/assignment6_submission/notebooks/data/g2p-par/work/my-ph/model/extract 7 orientation --model wbe-msd --GZOutput 
Executing: /home/phantom/mosesdecoder/scripts/generic/extract-parallel.perl 4 split "sort    " /home/phantom/mosesdecoder/scripts/../bin/extract /home/phantom/Desktop/Git/AI_Assignment/assignment-6/class-13and14/assignment6_submission/notebooks/data/g2p-par/train.ph /home/phantom/Desktop/Git/AI_Assignment/assignment-6/class-13and14/assignment6_submission/notebooks/data/g2p-par/train.my /home/phantom/Desktop/Git/AI_Assignment/assignment-6/class-13and14/assignment6_submission/notebooks/data/g2p-par/work/my-ph/model/aligned.grow-diag-final-and /home/phantom/Desktop/Git/AI_Assignment/assignment-6/class-13and14/assignment6_submission/notebooks/data/g2p-par/work/my-ph/model/extract 7 orientation --model wbe-msd --GZOutput 
MAX 7 1 0
Started Wed Jun  3 23:34:19 2026
using gzip 
isBSDSplit=0 
Executing: mkdir -p /home/phantom/Desktop/Git/AI_Assignment/assignment-6/class-13and14/assignment6_submission/notebooks/data/g2p-par/work/my-ph/model/tmp.11563; ls -l /home/phantom/Desktop/Git/AI_Assignment/assignment-6/class-13and14/assignment6_submission/notebooks/data/g2p-par/work/my-ph/model/tmp.11563 
total=20000 line-per-split=5001 
split -d -l 5001 -a 7 /home/phantom/Desktop/Git/AI_Assignment/assignment-6/class-13and14/assignment6_submission/notebooks/data/g2p-par/train.ph /home/phantom/Desktop/Git/AI_Assignment/assignment-6/class-13and14/assignment6_submission/notebooks/data/g2p-par/work/my-ph/model/tmp.11563/target.split -d -l 5001 -a 7 /home/phantom/Desktop/Git/AI_Assignment/assignment-6/class-13and14/assignment6_submission/notebooks/data/g2p-par/train.my /home/phantom/Desktop/Git/AI_Assignment/assignment-6/class-13and14/assignment6_submission/notebooks/data/g2p-par/work/my-ph/model/tmp.11563/source.split -d -l 5001 -a 7 /home/phantom/Desktop/Git/AI_Assignment/assignment-6/class-13and14/assignment6_submission/notebooks/data/g2p-par/work/my-ph/model/aligned.grow-diag-final-and /home/phantom/Desktop/Git/AI_Assignment/assignment-6/class-13and14/assignment6_submission/notebooks/data/g2p-par/work/my-ph/model/tmp.11563/align.merging extract / extract.inv
gunzip -c /home/phantom/Desktop/Git/AI_Assignment/assignment-6/class-13and14/assignment6_submission/notebooks/data/g2p-par/work/my-ph/model/tmp.11563/extract.0000000.gz /home/phantom/Desktop/Git/AI_Assignment/assignment-6/class-13and14/assignment6_submission/notebooks/data/g2p-par/work/my-ph/model/tmp.11563/extract.0000001.gz /home/phantom/Desktop/Git/AI_Assignment/assignment-6/class-13and14/assignment6_submission/notebooks/data/g2p-par/work/my-ph/model/tmp.11563/extract.0000002.gz /home/phantom/Desktop/Git/AI_Assignment/assignment-6/class-13and14/assignment6_submission/notebooks/data/g2p-par/work/my-ph/model/tmp.11563/extract.0000003.gz  | LC_ALL=C sort     -T /home/phantom/Desktop/Git/AI_Assignment/assignment-6/class-13and14/assignment6_submission/notebooks/data/g2p-par/work/my-ph/model/tmp.11563 2>> /dev/stderr | gzip -c > /home/phantom/Desktop/Git/AI_Assignment/assignment-6/class-13and14/assignment6_submission/notebooks/data/g2p-par/work/my-ph/model/extract.sorted.gz 2>> /dev/stderr 
gunzip -c /home/phantom/Desktop/Git/AI_Assignment/assignment-6/class-13and14/assignment6_submission/notebooks/data/g2p-par/work/my-ph/model/tmp.11563/extract.0000000.inv.gz /home/phantom/Desktop/Git/AI_Assignment/assignment-6/class-13and14/assignment6_submission/notebooks/data/g2p-par/work/my-ph/model/tmp.11563/extract.0000001.inv.gz /home/phantom/Desktop/Git/AI_Assignment/assignment-6/class-13and14/assignment6_submission/notebooks/data/g2p-par/work/my-ph/model/tmp.11563/extract.0000002.inv.gz /home/phantom/Desktop/Git/AI_Assignment/assignment-6/class-13and14/assignment6_submission/notebooks/data/g2p-par/work/my-ph/model/tmp.11563/extract.0000003.inv.gz  | LC_ALL=C sort     -T /home/phantom/Desktop/Git/AI_Assignment/assignment-6/class-13and14/assignment6_submission/notebooks/data/g2p-par/work/my-ph/model/tmp.11563 2>> /dev/stderr | gzip -c > /home/phantom/Desktop/Git/AI_Assignment/assignment-6/class-13and14/assignment6_submission/notebooks/data/g2p-par/work/my-ph/model/extract.inv.sorted.gz 2>> /dev/stderr 
gunzip -c /home/phantom/Desktop/Git/AI_Assignment/assignment-6/class-13and14/assignment6_submission/notebooks/data/g2p-par/work/my-ph/model/tmp.11563/extract.0000000.o.gz /home/phantom/Desktop/Git/AI_Assignment/assignment-6/class-13and14/assignment6_submission/notebooks/data/g2p-par/work/my-ph/model/tmp.11563/extract.0000001.o.gz /home/phantom/Desktop/Git/AI_Assignment/assignment-6/class-13and14/assignment6_submission/notebooks/data/g2p-par/work/my-ph/model/tmp.11563/extract.0000002.o.gz /home/phantom/Desktop/Git/AI_Assignment/assignment-6/class-13and14/assignment6_submission/notebooks/data/g2p-par/work/my-ph/model/tmp.11563/extract.0000003.o.gz  | LC_ALL=C sort     -T /home/phantom/Desktop/Git/AI_Assignment/assignment-6/class-13and14/assignment6_submission/notebooks/data/g2p-par/work/my-ph/model/tmp.11563 2>> /dev/stderr | gzip -c > /home/phantom/Desktop/Git/AI_Assignment/assignment-6/class-13and14/assignment6_submission/notebooks/data/g2p-par/work/my-ph/model/extract.o.sorted.gz 2>> /dev/stderr 
Finished Wed Jun  3 23:34:20 2026
(6) score phrases @ Wed Jun  3 23:34:20 +0630 2026
(6.1)  creating table half /home/phantom/Desktop/Git/AI_Assignment/assignment-6/class-13and14/assignment6_submission/notebooks/data/g2p-par/work/my-ph/model/phrase-table.half.f2e @ Wed Jun  3 23:34:20 +0630 2026
/home/phantom/mosesdecoder/scripts/generic/score-parallel.perl 4 "sort    " /home/phantom/mosesdecoder/scripts/../bin/score /home/phantom/Desktop/Git/AI_Assignment/assignment-6/class-13and14/assignment6_submission/notebooks/data/g2p-par/work/my-ph/model/extract.sorted.gz /home/phantom/Desktop/Git/AI_Assignment/assignment-6/class-13and14/assignment6_submission/notebooks/data/g2p-par/work/my-ph/model/lex.f2e /home/phantom/Desktop/Git/AI_Assignment/assignment-6/class-13and14/assignment6_submission/notebooks/data/g2p-par/work/my-ph/model/phrase-table.half.f2e.gz  0 
Executing: /home/phantom/mosesdecoder/scripts/generic/score-parallel.perl 4 "sort    " /home/phantom/mosesdecoder/scripts/../bin/score /home/phantom/Desktop/Git/AI_Assignment/assignment-6/class-13and14/assignment6_submission/notebooks/data/g2p-par/work/my-ph/model/extract.sorted.gz /home/phantom/Desktop/Git/AI_Assignment/assignment-6/class-13and14/assignment6_submission/notebooks/data/g2p-par/work/my-ph/model/lex.f2e /home/phantom/Desktop/Git/AI_Assignment/assignment-6/class-13and14/assignment6_submission/notebooks/data/g2p-par/work/my-ph/model/phrase-table.half.f2e.gz  0 
using gzip 
Started Wed Jun  3 23:34:20 2026
/home/phantom/mosesdecoder/scripts/../bin/score /home/phantom/Desktop/Git/AI_Assignment/assignment-6/class-13and14/assignment6_submission/notebooks/data/g2p-par/work/my-ph/model/tmp.11612/extract.0.gz /home/phantom/Desktop/Git/AI_Assignment/assignment-6/class-13and14/assignment6_submission/notebooks/data/g2p-par/work/my-ph/model/lex.f2e /home/phantom/Desktop/Git/AI_Assignment/assignment-6/class-13and14/assignment6_submission/notebooks/data/g2p-par/work/my-ph/model/tmp.11612/phrase-table.half.0000000.gz  2>> /dev/stderr 
/home/phantom/Desktop/Git/AI_Assignment/assignment-6/class-13and14/assignment6_submission/notebooks/data/g2p-par/work/my-ph/model/tmp.11612/run.0.sh/home/phantom/Desktop/Git/AI_Assignment/assignment-6/class-13and14/assignment6_submission/notebooks/data/g2p-par/work/my-ph/model/tmp.11612/run.1.sh/home/phantom/Desktop/Git/AI_Assignment/assignment-6/class-13and14/assignment6_submission/notebooks/data/g2p-par/work/my-ph/model/tmp.11612/run.2.sh/home/phantom/Desktop/Git/AI_Assignment/assignment-6/class-13and14/assignment6_submission/notebooks/data/g2p-par/work/my-ph/model/tmp.11612/run.3.shmv /home/phantom/Desktop/Git/AI_Assignment/assignment-6/class-13and14/assignment6_submission/notebooks/data/g2p-par/work/my-ph/model/tmp.11612/phrase-table.half.0000000.gz /home/phantom/Desktop/Git/AI_Assignment/assignment-6/class-13and14/assignment6_submission/notebooks/data/g2p-par/work/my-ph/model/phrase-table.half.f2e.gzrm -rf /home/phantom/Desktop/Git/AI_Assignment/assignment-6/class-13and14/assignment6_submission/notebooks/data/g2p-par/work/my-ph/model/tmp.11612 
Finished Wed Jun  3 23:34:21 2026
(6.3)  creating table half /home/phantom/Desktop/Git/AI_Assignment/assignment-6/class-13and14/assignment6_submission/notebooks/data/g2p-par/work/my-ph/model/phrase-table.half.e2f @ Wed Jun  3 23:34:21 +0630 2026
/home/phantom/mosesdecoder/scripts/generic/score-parallel.perl 4 "sort    " /home/phantom/mosesdecoder/scripts/../bin/score /home/phantom/Desktop/Git/AI_Assignment/assignment-6/class-13and14/assignment6_submission/notebooks/data/g2p-par/work/my-ph/model/extract.inv.sorted.gz /home/phantom/Desktop/Git/AI_Assignment/assignment-6/class-13and14/assignment6_submission/notebooks/data/g2p-par/work/my-ph/model/lex.e2f /home/phantom/Desktop/Git/AI_Assignment/assignment-6/class-13and14/assignment6_submission/notebooks/data/g2p-par/work/my-ph/model/phrase-table.half.e2f.gz --Inverse 1 
Executing: /home/phantom/mosesdecoder/scripts/generic/score-parallel.perl 4 "sort    " /home/phantom/mosesdecoder/scripts/../bin/score /home/phantom/Desktop/Git/AI_Assignment/assignment-6/class-13and14/assignment6_submission/notebooks/data/g2p-par/work/my-ph/model/extract.inv.sorted.gz /home/phantom/Desktop/Git/AI_Assignment/assignment-6/class-13and14/assignment6_submission/notebooks/data/g2p-par/work/my-ph/model/lex.e2f /home/phantom/Desktop/Git/AI_Assignment/assignment-6/class-13and14/assignment6_submission/notebooks/data/g2p-par/work/my-ph/model/phrase-table.half.e2f.gz --Inverse 1 
using gzip 
Started Wed Jun  3 23:34:21 2026
/home/phantom/mosesdecoder/scripts/../bin/score /home/phantom/Desktop/Git/AI_Assignment/assignment-6/class-13and14/assignment6_submission/notebooks/data/g2p-par/work/my-ph/model/tmp.11638/extract.0.gz /home/phantom/Desktop/Git/AI_Assignment/assignment-6/class-13and14/assignment6_submission/notebooks/data/g2p-par/work/my-ph/model/lex.e2f /home/phantom/Desktop/Git/AI_Assignment/assignment-6/class-13and14/assignment6_submission/notebooks/data/g2p-par/work/my-ph/model/tmp.11638/phrase-table.half.0000000.gz --Inverse  2>> /dev/stderr 
/home/phantom/Desktop/Git/AI_Assignment/assignment-6/class-13and14/assignment6_submission/notebooks/data/g2p-par/work/my-ph/model/tmp.11638/run.0.sh/home/phantom/Desktop/Git/AI_Assignment/assignment-6/class-13and14/assignment6_submission/notebooks/data/g2p-par/work/my-ph/model/tmp.11638/run.1.sh/home/phantom/Desktop/Git/AI_Assignment/assignment-6/class-13and14/assignment6_submission/notebooks/data/g2p-par/work/my-ph/model/tmp.11638/run.2.sh/home/phantom/Desktop/Git/AI_Assignment/assignment-6/class-13and14/assignment6_submission/notebooks/data/g2p-par/work/my-ph/model/tmp.11638/run.3.shgunzip -c /home/phantom/Desktop/Git/AI_Assignment/assignment-6/class-13and14/assignment6_submission/notebooks/data/g2p-par/work/my-ph/model/tmp.11638/phrase-table.half.*.gz 2>> /dev/stderr| LC_ALL=C sort     -T /home/phantom/Desktop/Git/AI_Assignment/assignment-6/class-13and14/assignment6_submission/notebooks/data/g2p-par/work/my-ph/model/tmp.11638  | gzip -c > /home/phantom/Desktop/Git/AI_Assignment/assignment-6/class-13and14/assignment6_submission/notebooks/data/g2p-par/work/my-ph/model/phrase-table.half.e2f.gz  2>> /dev/stderr rm -rf /home/phantom/Desktop/Git/AI_Assignment/assignment-6/class-13and14/assignment6_submission/notebooks/data/g2p-par/work/my-ph/model/tmp.11638 
Finished Wed Jun  3 23:34:21 2026
(6.6) consolidating the two halves @ Wed Jun  3 23:34:21 +0630 2026
Executing: /home/phantom/mosesdecoder/scripts/../bin/consolidate /home/phantom/Desktop/Git/AI_Assignment/assignment-6/class-13and14/assignment6_submission/notebooks/data/g2p-par/work/my-ph/model/phrase-table.half.f2e.gz /home/phantom/Desktop/Git/AI_Assignment/assignment-6/class-13and14/assignment6_submission/notebooks/data/g2p-par/work/my-ph/model/phrase-table.half.e2f.gz /dev/stdout | gzip -c > /home/phantom/Desktop/Git/AI_Assignment/assignment-6/class-13and14/assignment6_submission/notebooks/data/g2p-par/work/my-ph/model/phrase-table.gz
Consolidate v2.0 written by Philipp Koehn
consolidating direct and indirect rule tables

Executing: rm -f /home/phantom/Desktop/Git/AI_Assignment/assignment-6/class-13and14/assignment6_submission/notebooks/data/g2p-par/work/my-ph/model/phrase-table.half.*
(7) learn reordering model @ Wed Jun  3 23:34:22 +0630 2026
(7.1) [no factors] learn reordering model @ Wed Jun  3 23:34:22 +0630 2026
(7.2) building tables @ Wed Jun  3 23:34:22 +0630 2026
Executing: /home/phantom/mosesdecoder/scripts/../bin/lexical-reordering-score /home/phantom/Desktop/Git/AI_Assignment/assignment-6/class-13and14/assignment6_submission/notebooks/data/g2p-par/work/my-ph/model/extract.o.sorted.gz 0.5 /home/phantom/Desktop/Git/AI_Assignment/assignment-6/class-13and14/assignment6_submission/notebooks/data/g2p-par/work/my-ph/model/reordering-table. --model "wbe msd wbe-msd-bidirectional-fe"
Lexical Reordering Scorer
scores lexical reordering models of several types (hierarchical, phrase-based and word-based-extraction
(8) learn generation model @ Wed Jun  3 23:34:22 +0630 2026
  no generation model requested, skipping step
(9) create moses.ini @ Wed Jun  3 23:34:22 +0630 2026
