Unescaped left brace in regex is passed through in regex; marked by <-- HERE in m/^\[([^:]+):{ <-- HERE (\S+)}:(\S+)\]$/ at /home/elio/tool/mosesbin/ubuntu-17.04/moses/scripts/ems/experiment.perl line 626.
STARTING UP AS PROCESS 87063 ON bumblebee AT Sun May 31 04:29:27 PM +07 2026
LOAD CONFIG...
working directory is /mnt/data/personal_projects/NandarLinn-SMT-Assignment/pbsmt/baseline/my-ph
find: ‘/mnt/data/personal_projects/NandarLinn-SMT-Assignment/pbsmt/baseline/my-ph/steps’: No such file or directory
running experimental run number 1

ESTABLISH WHICH STEPS NEED TO BE RUN

FIND DEPENDENCIES BETWEEN STEPS

CHECKING IF OLD STEPS ARE RE-USABLE

STEP SUMMARY:
82 EVALUATION:test:input-from-sgm ->	run
76 CORPUS:myrk:clean ->	run
59 LM:myrk:train ->	run
56 LM:myrk:binarize ->	run
55 TRAINING:consolidate ->	run
54 TRAINING:prepare-data ->	run
53 TRAINING:run-giza ->	run
52 TRAINING:run-giza-inverse ->	run
51 TRAINING:symmetrize-giza ->	run
50 TRAINING:build-lex-trans ->	run
47 TRAINING:extract-phrases ->	run
46 TRAINING:build-reordering ->	run
45 TRAINING:build-ttable ->	run
42 TRAINING:create-config ->	run
27 TUNING:filter ->	run
26 TUNING:apply-filter ->	run
25 TUNING:tune ->	run
24 TUNING:apply-weights ->	run
18 EVALUATION:test:filter ->	run
17 EVALUATION:test:apply-filter ->	run
16 EVALUATION:test:decode ->	run
15 EVALUATION:test:remove-markup ->	run
11 EVALUATION:test:wrap ->	run
10 EVALUATION:test:reference-from-sgm ->	run
5 EVALUATION:test:nist-bleu ->	run
4 EVALUATION:test:nist-bleu-c ->	run
3 EVALUATION:test:multi-bleu ->	run
2 EVALUATION:test:analysis-coverage ->	run
1 EVALUATION:test:analysis-precision ->	run
0 REPORTING:report ->	run
convert-im6.q16: attempt to perform an operation not allowed by the security policy `PS' @ error/constitute.c/IsCoderAuthorized/426.
convert-im6.q16: no images defined `steps/1/graph.1.png' @ error/convert.c/ConvertImageCommand/3229.
convert-im6.q16: attempt to perform an operation not allowed by the security policy `PS' @ error/constitute.c/IsCoderAuthorized/426.
convert-im6.q16: no images defined `steps/1/graph.1.png' @ error/convert.c/ConvertImageCommand/3229.

EXECUTE STEPS
number of steps doable or running: 4 at Sun May 31 04:29:27 PM +07 2026
	doable: CORPUS:myrk:clean
	doable: LM:myrk:train
	doable: EVALUATION:test:reference-from-sgm
	doable: EVALUATION:test:input-from-sgm
	executing /mnt/data/personal_projects/NandarLinn-SMT-Assignment/pbsmt/baseline/my-ph/steps/1/CORPUS_myrk_clean.1 via sh (1 active)
	executing /mnt/data/personal_projects/NandarLinn-SMT-Assignment/pbsmt/baseline/my-ph/steps/1/LM_myrk_train.1 via sh (2 active)
convert-im6.q16: attempt to perform an operation not allowed by the security policy `PS' @ error/constitute.c/IsCoderAuthorized/426.
convert-im6.q16: no images defined `steps/1/graph.1.png' @ error/convert.c/ConvertImageCommand/3229.
number of steps doable or running: 4 at Sun May 31 04:29:39 PM +07 2026
	doable: EVALUATION:test:reference-from-sgm
	doable: EVALUATION:test:input-from-sgm
	doable: TRAINING:consolidate
	doable: LM:myrk:binarize
	executing /mnt/data/personal_projects/NandarLinn-SMT-Assignment/pbsmt/baseline/my-ph/steps/1/EVALUATION_test_reference-from-sgm.1 via sh (1 active)
	executing /mnt/data/personal_projects/NandarLinn-SMT-Assignment/pbsmt/baseline/my-ph/steps/1/EVALUATION_test_input-from-sgm.1 via sh (2 active)
convert-im6.q16: attempt to perform an operation not allowed by the security policy `PS' @ error/constitute.c/IsCoderAuthorized/426.
convert-im6.q16: no images defined `steps/1/graph.1.png' @ error/convert.c/ConvertImageCommand/3229.
number of steps doable or running: 2 at Sun May 31 04:29:51 PM +07 2026
	doable: LM:myrk:binarize
	doable: TRAINING:consolidate
	executing /mnt/data/personal_projects/NandarLinn-SMT-Assignment/pbsmt/baseline/my-ph/steps/1/LM_myrk_binarize.1 via sh (1 active)
	executing /mnt/data/personal_projects/NandarLinn-SMT-Assignment/pbsmt/baseline/my-ph/steps/1/TRAINING_consolidate.1 via sh (2 active)
convert-im6.q16: attempt to perform an operation not allowed by the security policy `PS' @ error/constitute.c/IsCoderAuthorized/426.
convert-im6.q16: no images defined `steps/1/graph.1.png' @ error/convert.c/ConvertImageCommand/3229.
number of steps doable or running: 1 at Sun May 31 04:30:03 PM +07 2026
	doable: TRAINING:prepare-data
	executing /mnt/data/personal_projects/NandarLinn-SMT-Assignment/pbsmt/baseline/my-ph/steps/1/TRAINING_prepare-data.1 via sh (1 active)
convert-im6.q16: attempt to perform an operation not allowed by the security policy `PS' @ error/constitute.c/IsCoderAuthorized/426.
convert-im6.q16: no images defined `steps/1/graph.1.png' @ error/convert.c/ConvertImageCommand/3229.
number of steps doable or running: 2 at Sun May 31 04:30:12 PM +07 2026
	doable: TRAINING:run-giza
	doable: TRAINING:run-giza-inverse
	executing /mnt/data/personal_projects/NandarLinn-SMT-Assignment/pbsmt/baseline/my-ph/steps/1/TRAINING_run-giza.1 via sh (1 active)
	executing /mnt/data/personal_projects/NandarLinn-SMT-Assignment/pbsmt/baseline/my-ph/steps/1/TRAINING_run-giza-inverse.1 via sh (2 active)
convert-im6.q16: attempt to perform an operation not allowed by the security policy `PS' @ error/constitute.c/IsCoderAuthorized/426.
convert-im6.q16: no images defined `steps/1/graph.1.png' @ error/convert.c/ConvertImageCommand/3229.
number of steps doable or running: 1 at Sun May 31 04:30:24 PM +07 2026
	doable: TRAINING:symmetrize-giza
	executing /mnt/data/personal_projects/NandarLinn-SMT-Assignment/pbsmt/baseline/my-ph/steps/1/TRAINING_symmetrize-giza.1 via sh (1 active)
convert-im6.q16: attempt to perform an operation not allowed by the security policy `PS' @ error/constitute.c/IsCoderAuthorized/426.
convert-im6.q16: no images defined `steps/1/graph.1.png' @ error/convert.c/ConvertImageCommand/3229.
number of steps doable or running: 2 at Sun May 31 04:30:32 PM +07 2026
	doable: TRAINING:build-lex-trans
	doable: TRAINING:extract-phrases
	executing /mnt/data/personal_projects/NandarLinn-SMT-Assignment/pbsmt/baseline/my-ph/steps/1/TRAINING_build-lex-trans.1 via sh (1 active)
	executing /mnt/data/personal_projects/NandarLinn-SMT-Assignment/pbsmt/baseline/my-ph/steps/1/TRAINING_extract-phrases.1 via sh (2 active)
convert-im6.q16: attempt to perform an operation not allowed by the security policy `PS' @ error/constitute.c/IsCoderAuthorized/426.
convert-im6.q16: no images defined `steps/1/graph.1.png' @ error/convert.c/ConvertImageCommand/3229.
number of steps doable or running: 2 at Sun May 31 04:30:44 PM +07 2026
	doable: TRAINING:build-reordering
	doable: TRAINING:build-ttable
	executing /mnt/data/personal_projects/NandarLinn-SMT-Assignment/pbsmt/baseline/my-ph/steps/1/TRAINING_build-reordering.1 via sh (1 active)
	executing /mnt/data/personal_projects/NandarLinn-SMT-Assignment/pbsmt/baseline/my-ph/steps/1/TRAINING_build-ttable.1 via sh (2 active)
convert-im6.q16: attempt to perform an operation not allowed by the security policy `PS' @ error/constitute.c/IsCoderAuthorized/426.
convert-im6.q16: no images defined `steps/1/graph.1.png' @ error/convert.c/ConvertImageCommand/3229.
number of steps doable or running: 4 at Sun May 31 04:30:56 PM +07 2026
	doable: TUNING:filter
	doable: EVALUATION:test:filter
	doable: EVALUATION:test:analysis-coverage
	doable: TRAINING:create-config
	executing /mnt/data/personal_projects/NandarLinn-SMT-Assignment/pbsmt/baseline/my-ph/steps/1/TUNING_filter.1 via sh (1 active)
	executing /mnt/data/personal_projects/NandarLinn-SMT-Assignment/pbsmt/baseline/my-ph/steps/1/EVALUATION_test_filter.1 via sh (2 active)
convert-im6.q16: attempt to perform an operation not allowed by the security policy `PS' @ error/constitute.c/IsCoderAuthorized/426.
convert-im6.q16: no images defined `steps/1/graph.1.png' @ error/convert.c/ConvertImageCommand/3229.
number of steps doable or running: 2 at Sun May 31 04:31:08 PM +07 2026
	doable: EVALUATION:test:analysis-coverage
	doable: TRAINING:create-config
	executing /mnt/data/personal_projects/NandarLinn-SMT-Assignment/pbsmt/baseline/my-ph/steps/1/EVALUATION_test_analysis-coverage.1 via sh (1 active)
	executing /mnt/data/personal_projects/NandarLinn-SMT-Assignment/pbsmt/baseline/my-ph/steps/1/TRAINING_create-config.1 via sh (2 active)
convert-im6.q16: attempt to perform an operation not allowed by the security policy `PS' @ error/constitute.c/IsCoderAuthorized/426.
convert-im6.q16: no images defined `steps/1/graph.1.png' @ error/convert.c/ConvertImageCommand/3229.
number of steps doable or running: 1 at Sun May 31 04:31:20 PM +07 2026
	doable: TUNING:apply-filter
	executing /mnt/data/personal_projects/NandarLinn-SMT-Assignment/pbsmt/baseline/my-ph/steps/1/TUNING_apply-filter.1 via sh (1 active)
convert-im6.q16: attempt to perform an operation not allowed by the security policy `PS' @ error/constitute.c/IsCoderAuthorized/426.
convert-im6.q16: no images defined `steps/1/graph.1.png' @ error/convert.c/ConvertImageCommand/3229.
number of steps doable or running: 1 at Sun May 31 04:31:27 PM +07 2026
	doable: TUNING:tune
	executing /mnt/data/personal_projects/NandarLinn-SMT-Assignment/pbsmt/baseline/my-ph/steps/1/TUNING_tune.1 via sh (1 active)
convert-im6.q16: attempt to perform an operation not allowed by the security policy `PS' @ error/constitute.c/IsCoderAuthorized/426.
convert-im6.q16: no images defined `steps/1/graph.1.png' @ error/convert.c/ConvertImageCommand/3229.
number of steps doable or running: 1 at Sun May 31 04:34:18 PM +07 2026
	doable: TUNING:apply-weights
	executing /mnt/data/personal_projects/NandarLinn-SMT-Assignment/pbsmt/baseline/my-ph/steps/1/TUNING_apply-weights.1 via sh (1 active)
convert-im6.q16: attempt to perform an operation not allowed by the security policy `PS' @ error/constitute.c/IsCoderAuthorized/426.
convert-im6.q16: no images defined `steps/1/graph.1.png' @ error/convert.c/ConvertImageCommand/3229.
number of steps doable or running: 1 at Sun May 31 04:34:26 PM +07 2026
	doable: EVALUATION:test:apply-filter
	executing /mnt/data/personal_projects/NandarLinn-SMT-Assignment/pbsmt/baseline/my-ph/steps/1/EVALUATION_test_apply-filter.1 via sh (1 active)
convert-im6.q16: attempt to perform an operation not allowed by the security policy `PS' @ error/constitute.c/IsCoderAuthorized/426.
convert-im6.q16: no images defined `steps/1/graph.1.png' @ error/convert.c/ConvertImageCommand/3229.
number of steps doable or running: 1 at Sun May 31 04:34:33 PM +07 2026
	doable: EVALUATION:test:decode
	executing /mnt/data/personal_projects/NandarLinn-SMT-Assignment/pbsmt/baseline/my-ph/steps/1/EVALUATION_test_decode.1 via sh (1 active)
convert-im6.q16: attempt to perform an operation not allowed by the security policy `PS' @ error/constitute.c/IsCoderAuthorized/426.
convert-im6.q16: no images defined `steps/1/graph.1.png' @ error/convert.c/ConvertImageCommand/3229.
number of steps doable or running: 1 at Sun May 31 04:34:40 PM +07 2026
	doable: EVALUATION:test:remove-markup
	executing /mnt/data/personal_projects/NandarLinn-SMT-Assignment/pbsmt/baseline/my-ph/steps/1/EVALUATION_test_remove-markup.1 via sh (1 active)
convert-im6.q16: attempt to perform an operation not allowed by the security policy `PS' @ error/constitute.c/IsCoderAuthorized/426.
convert-im6.q16: no images defined `steps/1/graph.1.png' @ error/convert.c/ConvertImageCommand/3229.
number of steps doable or running: 3 at Sun May 31 04:34:47 PM +07 2026
	doable: EVALUATION:test:wrap
	doable: EVALUATION:test:multi-bleu
	doable: EVALUATION:test:analysis-precision
	executing /mnt/data/personal_projects/NandarLinn-SMT-Assignment/pbsmt/baseline/my-ph/steps/1/EVALUATION_test_wrap.1 via sh (1 active)
	executing /mnt/data/personal_projects/NandarLinn-SMT-Assignment/pbsmt/baseline/my-ph/steps/1/EVALUATION_test_multi-bleu.1 via sh (2 active)
convert-im6.q16: attempt to perform an operation not allowed by the security policy `PS' @ error/constitute.c/IsCoderAuthorized/426.
convert-im6.q16: no images defined `steps/1/graph.1.png' @ error/convert.c/ConvertImageCommand/3229.
number of steps doable or running: 3 at Sun May 31 04:34:59 PM +07 2026
	doable: EVALUATION:test:analysis-precision
	doable: EVALUATION:test:nist-bleu-c
	doable: EVALUATION:test:nist-bleu
	executing /mnt/data/personal_projects/NandarLinn-SMT-Assignment/pbsmt/baseline/my-ph/steps/1/EVALUATION_test_analysis-precision.1 via sh (1 active)
	executing /mnt/data/personal_projects/NandarLinn-SMT-Assignment/pbsmt/baseline/my-ph/steps/1/EVALUATION_test_nist-bleu-c.1 via sh (2 active)
convert-im6.q16: attempt to perform an operation not allowed by the security policy `PS' @ error/constitute.c/IsCoderAuthorized/426.
convert-im6.q16: no images defined `steps/1/graph.1.png' @ error/convert.c/ConvertImageCommand/3229.
number of steps doable or running: 1 at Sun May 31 04:35:11 PM +07 2026
	doable: EVALUATION:test:nist-bleu
	executing /mnt/data/personal_projects/NandarLinn-SMT-Assignment/pbsmt/baseline/my-ph/steps/1/EVALUATION_test_nist-bleu.1 via sh (1 active)
convert-im6.q16: attempt to perform an operation not allowed by the security policy `PS' @ error/constitute.c/IsCoderAuthorized/426.
convert-im6.q16: no images defined `steps/1/graph.1.png' @ error/convert.c/ConvertImageCommand/3229.
number of steps doable or running: 1 at Sun May 31 04:35:18 PM +07 2026
	doable: REPORTING:report
	executing /mnt/data/personal_projects/NandarLinn-SMT-Assignment/pbsmt/baseline/my-ph/steps/1/REPORTING_report.1 via sh (1 active)
convert-im6.q16: attempt to perform an operation not allowed by the security policy `PS' @ error/constitute.c/IsCoderAuthorized/426.
convert-im6.q16: no images defined `steps/1/graph.1.png' @ error/convert.c/ConvertImageCommand/3229.
number of steps doable or running: 0 at Sun May 31 04:35:25 PM +07 2026
convert-im6.q16: attempt to perform an operation not allowed by the security policy `PS' @ error/constitute.c/IsCoderAuthorized/426.
convert-im6.q16: no images defined `steps/1/graph.1.png' @ error/convert.c/ConvertImageCommand/3229.
Unescaped left brace in regex is passed through in regex; marked by <-- HERE in m/^\[([^:]+):{ <-- HERE (\S+)}:(\S+)\]$/ at /home/elio/tool/mosesbin/ubuntu-17.04/moses/scripts/ems/experiment.perl line 626.
STARTING UP AS PROCESS 89812 ON bumblebee AT Sun May 31 04:35:25 PM +07 2026
LOAD CONFIG...
working directory is /mnt/data/personal_projects/NandarLinn-SMT-Assignment/pbsmt/baseline/ph-my
find: ‘/mnt/data/personal_projects/NandarLinn-SMT-Assignment/pbsmt/baseline/ph-my/steps’: No such file or directory
running experimental run number 1

ESTABLISH WHICH STEPS NEED TO BE RUN

FIND DEPENDENCIES BETWEEN STEPS

CHECKING IF OLD STEPS ARE RE-USABLE

STEP SUMMARY:
82 EVALUATION:test:input-from-sgm ->	run
76 CORPUS:myrk:clean ->	run
59 LM:myrk:train ->	run
56 LM:myrk:binarize ->	run
55 TRAINING:consolidate ->	run
54 TRAINING:prepare-data ->	run
53 TRAINING:run-giza ->	run
52 TRAINING:run-giza-inverse ->	run
51 TRAINING:symmetrize-giza ->	run
50 TRAINING:build-lex-trans ->	run
47 TRAINING:extract-phrases ->	run
46 TRAINING:build-reordering ->	run
45 TRAINING:build-ttable ->	run
42 TRAINING:create-config ->	run
27 TUNING:filter ->	run
26 TUNING:apply-filter ->	run
25 TUNING:tune ->	run
24 TUNING:apply-weights ->	run
18 EVALUATION:test:filter ->	run
17 EVALUATION:test:apply-filter ->	run
16 EVALUATION:test:decode ->	run
15 EVALUATION:test:remove-markup ->	run
11 EVALUATION:test:wrap ->	run
10 EVALUATION:test:reference-from-sgm ->	run
5 EVALUATION:test:nist-bleu ->	run
4 EVALUATION:test:nist-bleu-c ->	run
3 EVALUATION:test:multi-bleu ->	run
2 EVALUATION:test:analysis-coverage ->	run
1 EVALUATION:test:analysis-precision ->	run
0 REPORTING:report ->	run
convert-im6.q16: attempt to perform an operation not allowed by the security policy `PS' @ error/constitute.c/IsCoderAuthorized/426.
convert-im6.q16: no images defined `steps/1/graph.1.png' @ error/convert.c/ConvertImageCommand/3229.
convert-im6.q16: attempt to perform an operation not allowed by the security policy `PS' @ error/constitute.c/IsCoderAuthorized/426.
convert-im6.q16: no images defined `steps/1/graph.1.png' @ error/convert.c/ConvertImageCommand/3229.

EXECUTE STEPS
number of steps doable or running: 4 at Sun May 31 04:35:25 PM +07 2026
	doable: CORPUS:myrk:clean
	doable: EVALUATION:test:input-from-sgm
	doable: EVALUATION:test:reference-from-sgm
	doable: LM:myrk:train
	executing /mnt/data/personal_projects/NandarLinn-SMT-Assignment/pbsmt/baseline/ph-my/steps/1/CORPUS_myrk_clean.1 via sh (1 active)
	executing /mnt/data/personal_projects/NandarLinn-SMT-Assignment/pbsmt/baseline/ph-my/steps/1/EVALUATION_test_input-from-sgm.1 via sh (2 active)
convert-im6.q16: attempt to perform an operation not allowed by the security policy `PS' @ error/constitute.c/IsCoderAuthorized/426.
convert-im6.q16: no images defined `steps/1/graph.1.png' @ error/convert.c/ConvertImageCommand/3229.
number of steps doable or running: 3 at Sun May 31 04:35:38 PM +07 2026
	doable: EVALUATION:test:reference-from-sgm
	doable: LM:myrk:train
	doable: TRAINING:consolidate
	executing /mnt/data/personal_projects/NandarLinn-SMT-Assignment/pbsmt/baseline/ph-my/steps/1/EVALUATION_test_reference-from-sgm.1 via sh (1 active)
	executing /mnt/data/personal_projects/NandarLinn-SMT-Assignment/pbsmt/baseline/ph-my/steps/1/LM_myrk_train.1 via sh (2 active)
convert-im6.q16: attempt to perform an operation not allowed by the security policy `PS' @ error/constitute.c/IsCoderAuthorized/426.
convert-im6.q16: no images defined `steps/1/graph.1.png' @ error/convert.c/ConvertImageCommand/3229.
number of steps doable or running: 2 at Sun May 31 04:35:50 PM +07 2026
	doable: LM:myrk:binarize
	doable: TRAINING:consolidate
	executing /mnt/data/personal_projects/NandarLinn-SMT-Assignment/pbsmt/baseline/ph-my/steps/1/LM_myrk_binarize.1 via sh (1 active)
	executing /mnt/data/personal_projects/NandarLinn-SMT-Assignment/pbsmt/baseline/ph-my/steps/1/TRAINING_consolidate.1 via sh (2 active)
convert-im6.q16: attempt to perform an operation not allowed by the security policy `PS' @ error/constitute.c/IsCoderAuthorized/426.
convert-im6.q16: no images defined `steps/1/graph.1.png' @ error/convert.c/ConvertImageCommand/3229.
number of steps doable or running: 1 at Sun May 31 04:36:02 PM +07 2026
	doable: TRAINING:prepare-data
	executing /mnt/data/personal_projects/NandarLinn-SMT-Assignment/pbsmt/baseline/ph-my/steps/1/TRAINING_prepare-data.1 via sh (1 active)
convert-im6.q16: attempt to perform an operation not allowed by the security policy `PS' @ error/constitute.c/IsCoderAuthorized/426.
convert-im6.q16: no images defined `steps/1/graph.1.png' @ error/convert.c/ConvertImageCommand/3229.
number of steps doable or running: 2 at Sun May 31 04:36:11 PM +07 2026
	doable: TRAINING:run-giza
	doable: TRAINING:run-giza-inverse
	executing /mnt/data/personal_projects/NandarLinn-SMT-Assignment/pbsmt/baseline/ph-my/steps/1/TRAINING_run-giza.1 via sh (1 active)
	executing /mnt/data/personal_projects/NandarLinn-SMT-Assignment/pbsmt/baseline/ph-my/steps/1/TRAINING_run-giza-inverse.1 via sh (2 active)
convert-im6.q16: attempt to perform an operation not allowed by the security policy `PS' @ error/constitute.c/IsCoderAuthorized/426.
convert-im6.q16: no images defined `steps/1/graph.1.png' @ error/convert.c/ConvertImageCommand/3229.
number of steps doable or running: 1 at Sun May 31 04:36:23 PM +07 2026
	doable: TRAINING:symmetrize-giza
	executing /mnt/data/personal_projects/NandarLinn-SMT-Assignment/pbsmt/baseline/ph-my/steps/1/TRAINING_symmetrize-giza.1 via sh (1 active)
convert-im6.q16: attempt to perform an operation not allowed by the security policy `PS' @ error/constitute.c/IsCoderAuthorized/426.
convert-im6.q16: no images defined `steps/1/graph.1.png' @ error/convert.c/ConvertImageCommand/3229.
number of steps doable or running: 2 at Sun May 31 04:36:30 PM +07 2026
	doable: TRAINING:build-lex-trans
	doable: TRAINING:extract-phrases
	executing /mnt/data/personal_projects/NandarLinn-SMT-Assignment/pbsmt/baseline/ph-my/steps/1/TRAINING_build-lex-trans.1 via sh (1 active)
	executing /mnt/data/personal_projects/NandarLinn-SMT-Assignment/pbsmt/baseline/ph-my/steps/1/TRAINING_extract-phrases.1 via sh (2 active)
convert-im6.q16: attempt to perform an operation not allowed by the security policy `PS' @ error/constitute.c/IsCoderAuthorized/426.
convert-im6.q16: no images defined `steps/1/graph.1.png' @ error/convert.c/ConvertImageCommand/3229.
number of steps doable or running: 2 at Sun May 31 04:36:42 PM +07 2026
	doable: TRAINING:build-ttable
	doable: TRAINING:build-reordering
	executing /mnt/data/personal_projects/NandarLinn-SMT-Assignment/pbsmt/baseline/ph-my/steps/1/TRAINING_build-ttable.1 via sh (1 active)
	executing /mnt/data/personal_projects/NandarLinn-SMT-Assignment/pbsmt/baseline/ph-my/steps/1/TRAINING_build-reordering.1 via sh (2 active)
convert-im6.q16: attempt to perform an operation not allowed by the security policy `PS' @ error/constitute.c/IsCoderAuthorized/426.
convert-im6.q16: no images defined `steps/1/graph.1.png' @ error/convert.c/ConvertImageCommand/3229.
number of steps doable or running: 4 at Sun May 31 04:36:54 PM +07 2026
	doable: EVALUATION:test:analysis-coverage
	doable: EVALUATION:test:filter
	doable: TUNING:filter
	doable: TRAINING:create-config
	executing /mnt/data/personal_projects/NandarLinn-SMT-Assignment/pbsmt/baseline/ph-my/steps/1/EVALUATION_test_analysis-coverage.1 via sh (1 active)
	executing /mnt/data/personal_projects/NandarLinn-SMT-Assignment/pbsmt/baseline/ph-my/steps/1/EVALUATION_test_filter.1 via sh (2 active)
convert-im6.q16: attempt to perform an operation not allowed by the security policy `PS' @ error/constitute.c/IsCoderAuthorized/426.
convert-im6.q16: no images defined `steps/1/graph.1.png' @ error/convert.c/ConvertImageCommand/3229.
number of steps doable or running: 2 at Sun May 31 04:37:07 PM +07 2026
	doable: TUNING:filter
	doable: TRAINING:create-config
	executing /mnt/data/personal_projects/NandarLinn-SMT-Assignment/pbsmt/baseline/ph-my/steps/1/TUNING_filter.1 via sh (1 active)
	executing /mnt/data/personal_projects/NandarLinn-SMT-Assignment/pbsmt/baseline/ph-my/steps/1/TRAINING_create-config.1 via sh (2 active)
convert-im6.q16: attempt to perform an operation not allowed by the security policy `PS' @ error/constitute.c/IsCoderAuthorized/426.
convert-im6.q16: no images defined `steps/1/graph.1.png' @ error/convert.c/ConvertImageCommand/3229.
number of steps doable or running: 1 at Sun May 31 04:37:19 PM +07 2026
	doable: TUNING:apply-filter
	executing /mnt/data/personal_projects/NandarLinn-SMT-Assignment/pbsmt/baseline/ph-my/steps/1/TUNING_apply-filter.1 via sh (1 active)
convert-im6.q16: attempt to perform an operation not allowed by the security policy `PS' @ error/constitute.c/IsCoderAuthorized/426.
convert-im6.q16: no images defined `steps/1/graph.1.png' @ error/convert.c/ConvertImageCommand/3229.
number of steps doable or running: 1 at Sun May 31 04:37:26 PM +07 2026
	doable: TUNING:tune
	executing /mnt/data/personal_projects/NandarLinn-SMT-Assignment/pbsmt/baseline/ph-my/steps/1/TUNING_tune.1 via sh (1 active)
convert-im6.q16: attempt to perform an operation not allowed by the security policy `PS' @ error/constitute.c/IsCoderAuthorized/426.
convert-im6.q16: no images defined `steps/1/graph.1.png' @ error/convert.c/ConvertImageCommand/3229.
number of steps doable or running: 1 at Sun May 31 04:42:39 PM +07 2026
	doable: TUNING:apply-weights
	executing /mnt/data/personal_projects/NandarLinn-SMT-Assignment/pbsmt/baseline/ph-my/steps/1/TUNING_apply-weights.1 via sh (1 active)
convert-im6.q16: attempt to perform an operation not allowed by the security policy `PS' @ error/constitute.c/IsCoderAuthorized/426.
convert-im6.q16: no images defined `steps/1/graph.1.png' @ error/convert.c/ConvertImageCommand/3229.
number of steps doable or running: 1 at Sun May 31 04:42:46 PM +07 2026
	doable: EVALUATION:test:apply-filter
	executing /mnt/data/personal_projects/NandarLinn-SMT-Assignment/pbsmt/baseline/ph-my/steps/1/EVALUATION_test_apply-filter.1 via sh (1 active)
convert-im6.q16: attempt to perform an operation not allowed by the security policy `PS' @ error/constitute.c/IsCoderAuthorized/426.
convert-im6.q16: no images defined `steps/1/graph.1.png' @ error/convert.c/ConvertImageCommand/3229.
number of steps doable or running: 1 at Sun May 31 04:42:53 PM +07 2026
	doable: EVALUATION:test:decode
	executing /mnt/data/personal_projects/NandarLinn-SMT-Assignment/pbsmt/baseline/ph-my/steps/1/EVALUATION_test_decode.1 via sh (1 active)
convert-im6.q16: attempt to perform an operation not allowed by the security policy `PS' @ error/constitute.c/IsCoderAuthorized/426.
convert-im6.q16: no images defined `steps/1/graph.1.png' @ error/convert.c/ConvertImageCommand/3229.
number of steps doable or running: 1 at Sun May 31 04:43:03 PM +07 2026
	doable: EVALUATION:test:remove-markup
	executing /mnt/data/personal_projects/NandarLinn-SMT-Assignment/pbsmt/baseline/ph-my/steps/1/EVALUATION_test_remove-markup.1 via sh (1 active)
convert-im6.q16: attempt to perform an operation not allowed by the security policy `PS' @ error/constitute.c/IsCoderAuthorized/426.
convert-im6.q16: no images defined `steps/1/graph.1.png' @ error/convert.c/ConvertImageCommand/3229.
number of steps doable or running: 3 at Sun May 31 04:43:10 PM +07 2026
	doable: EVALUATION:test:wrap
	doable: EVALUATION:test:analysis-precision
	doable: EVALUATION:test:multi-bleu
	executing /mnt/data/personal_projects/NandarLinn-SMT-Assignment/pbsmt/baseline/ph-my/steps/1/EVALUATION_test_wrap.1 via sh (1 active)
	executing /mnt/data/personal_projects/NandarLinn-SMT-Assignment/pbsmt/baseline/ph-my/steps/1/EVALUATION_test_analysis-precision.1 via sh (2 active)
convert-im6.q16: attempt to perform an operation not allowed by the security policy `PS' @ error/constitute.c/IsCoderAuthorized/426.
convert-im6.q16: no images defined `steps/1/graph.1.png' @ error/convert.c/ConvertImageCommand/3229.
number of steps doable or running: 3 at Sun May 31 04:43:22 PM +07 2026
	doable: EVALUATION:test:nist-bleu
	doable: EVALUATION:test:nist-bleu-c
	doable: EVALUATION:test:multi-bleu
	executing /mnt/data/personal_projects/NandarLinn-SMT-Assignment/pbsmt/baseline/ph-my/steps/1/EVALUATION_test_nist-bleu.1 via sh (1 active)
	executing /mnt/data/personal_projects/NandarLinn-SMT-Assignment/pbsmt/baseline/ph-my/steps/1/EVALUATION_test_nist-bleu-c.1 via sh (2 active)
convert-im6.q16: attempt to perform an operation not allowed by the security policy `PS' @ error/constitute.c/IsCoderAuthorized/426.
convert-im6.q16: no images defined `steps/1/graph.1.png' @ error/convert.c/ConvertImageCommand/3229.
number of steps doable or running: 1 at Sun May 31 04:43:34 PM +07 2026
	doable: EVALUATION:test:multi-bleu
	executing /mnt/data/personal_projects/NandarLinn-SMT-Assignment/pbsmt/baseline/ph-my/steps/1/EVALUATION_test_multi-bleu.1 via sh (1 active)
convert-im6.q16: attempt to perform an operation not allowed by the security policy `PS' @ error/constitute.c/IsCoderAuthorized/426.
convert-im6.q16: no images defined `steps/1/graph.1.png' @ error/convert.c/ConvertImageCommand/3229.
number of steps doable or running: 1 at Sun May 31 04:43:41 PM +07 2026
	doable: REPORTING:report
	executing /mnt/data/personal_projects/NandarLinn-SMT-Assignment/pbsmt/baseline/ph-my/steps/1/REPORTING_report.1 via sh (1 active)
convert-im6.q16: attempt to perform an operation not allowed by the security policy `PS' @ error/constitute.c/IsCoderAuthorized/426.
convert-im6.q16: no images defined `steps/1/graph.1.png' @ error/convert.c/ConvertImageCommand/3229.
number of steps doable or running: 0 at Sun May 31 04:43:48 PM +07 2026
convert-im6.q16: attempt to perform an operation not allowed by the security policy `PS' @ error/constitute.c/IsCoderAuthorized/426.
convert-im6.q16: no images defined `steps/1/graph.1.png' @ error/convert.c/ConvertImageCommand/3229.
Unescaped left brace in regex is passed through in regex; marked by <-- HERE in m/^\[([^:]+):{ <-- HERE (\S+)}:(\S+)\]$/ at /home/elio/tool/mosesbin/ubuntu-17.04/moses/scripts/ems/experiment.perl line 626.
STARTING UP AS PROCESS 102156 ON bumblebee AT Sun May 31 05:31:16 PM +07 2026
LOAD CONFIG...
working directory is /mnt/data/personal_projects/NandarLinn-SMT-Assignment/pbsmt/baseline/my-ph
running experimental run number 2

ESTABLISH WHICH STEPS NEED TO BE RUN

FIND DEPENDENCIES BETWEEN STEPS

CHECKING IF OLD STEPS ARE RE-USABLE

STEP SUMMARY:
82 EVALUATION:test:input-from-sgm ->	run
76 CORPUS:myrk:clean ->	re-using (1)
59 LM:myrk:train ->	re-using (1)
56 LM:myrk:binarize ->	re-using (1)
55 TRAINING:consolidate ->	re-using (1)
54 TRAINING:prepare-data ->	re-using (1)
53 TRAINING:run-giza ->	re-using (1)
52 TRAINING:run-giza-inverse ->	re-using (1)
51 TRAINING:symmetrize-giza ->	re-using (1)
50 TRAINING:build-lex-trans ->	re-using (1)
47 TRAINING:extract-phrases ->	re-using (1)
46 TRAINING:build-reordering ->	re-using (1)
45 TRAINING:build-ttable ->	re-using (1)
42 TRAINING:create-config ->	re-using (1)
27 TUNING:filter ->	re-using (1)
26 TUNING:apply-filter ->	re-using (1)
25 TUNING:tune ->	re-using (1)
24 TUNING:apply-weights ->	re-using (1)
18 EVALUATION:test:filter ->	run
17 EVALUATION:test:apply-filter ->	run
16 EVALUATION:test:decode ->	run
15 EVALUATION:test:remove-markup ->	run
11 EVALUATION:test:wrap ->	run
10 EVALUATION:test:reference-from-sgm ->	run
5 EVALUATION:test:nist-bleu ->	run
4 EVALUATION:test:nist-bleu-c ->	run
3 EVALUATION:test:multi-bleu ->	run
2 EVALUATION:test:analysis-coverage ->	run
1 EVALUATION:test:analysis-precision ->	run
0 REPORTING:report ->	run
convert-im6.q16: attempt to perform an operation not allowed by the security policy `PS' @ error/constitute.c/IsCoderAuthorized/426.
convert-im6.q16: no images defined `steps/2/graph.2.png' @ error/convert.c/ConvertImageCommand/3229.
convert-im6.q16: attempt to perform an operation not allowed by the security policy `PS' @ error/constitute.c/IsCoderAuthorized/426.
convert-im6.q16: no images defined `steps/2/graph.2.png' @ error/convert.c/ConvertImageCommand/3229.

EXECUTE STEPS
number of steps doable or running: 2 at Sun May 31 05:31:16 PM +07 2026
	doable: EVALUATION:test:reference-from-sgm
	doable: EVALUATION:test:input-from-sgm
	executing /mnt/data/personal_projects/NandarLinn-SMT-Assignment/pbsmt/baseline/my-ph/steps/2/EVALUATION_test_reference-from-sgm.2 via sh (1 active)
	executing /mnt/data/personal_projects/NandarLinn-SMT-Assignment/pbsmt/baseline/my-ph/steps/2/EVALUATION_test_input-from-sgm.2 via sh (2 active)
convert-im6.q16: attempt to perform an operation not allowed by the security policy `PS' @ error/constitute.c/IsCoderAuthorized/426.
convert-im6.q16: no images defined `steps/2/graph.2.png' @ error/convert.c/ConvertImageCommand/3229.
number of steps doable or running: 2 at Sun May 31 05:31:28 PM +07 2026
	doable: EVALUATION:test:analysis-coverage
	doable: EVALUATION:test:filter
	executing /mnt/data/personal_projects/NandarLinn-SMT-Assignment/pbsmt/baseline/my-ph/steps/2/EVALUATION_test_analysis-coverage.2 via sh (1 active)
	executing /mnt/data/personal_projects/NandarLinn-SMT-Assignment/pbsmt/baseline/my-ph/steps/2/EVALUATION_test_filter.2 via sh (2 active)
convert-im6.q16: attempt to perform an operation not allowed by the security policy `PS' @ error/constitute.c/IsCoderAuthorized/426.
convert-im6.q16: no images defined `steps/2/graph.2.png' @ error/convert.c/ConvertImageCommand/3229.
number of steps doable or running: 1 at Sun May 31 05:31:40 PM +07 2026
	doable: EVALUATION:test:apply-filter
	executing /mnt/data/personal_projects/NandarLinn-SMT-Assignment/pbsmt/baseline/my-ph/steps/2/EVALUATION_test_apply-filter.2 via sh (1 active)
convert-im6.q16: attempt to perform an operation not allowed by the security policy `PS' @ error/constitute.c/IsCoderAuthorized/426.
convert-im6.q16: no images defined `steps/2/graph.2.png' @ error/convert.c/ConvertImageCommand/3229.
number of steps doable or running: 1 at Sun May 31 05:31:48 PM +07 2026
	doable: EVALUATION:test:decode
	executing /mnt/data/personal_projects/NandarLinn-SMT-Assignment/pbsmt/baseline/my-ph/steps/2/EVALUATION_test_decode.2 via sh (1 active)
convert-im6.q16: attempt to perform an operation not allowed by the security policy `PS' @ error/constitute.c/IsCoderAuthorized/426.
convert-im6.q16: no images defined `steps/2/graph.2.png' @ error/convert.c/ConvertImageCommand/3229.
number of steps doable or running: 1 at Sun May 31 05:31:55 PM +07 2026
	doable: EVALUATION:test:remove-markup
	executing /mnt/data/personal_projects/NandarLinn-SMT-Assignment/pbsmt/baseline/my-ph/steps/2/EVALUATION_test_remove-markup.2 via sh (1 active)
convert-im6.q16: attempt to perform an operation not allowed by the security policy `PS' @ error/constitute.c/IsCoderAuthorized/426.
convert-im6.q16: no images defined `steps/2/graph.2.png' @ error/convert.c/ConvertImageCommand/3229.
number of steps doable or running: 3 at Sun May 31 05:32:02 PM +07 2026
	doable: EVALUATION:test:analysis-precision
	doable: EVALUATION:test:wrap
	doable: EVALUATION:test:multi-bleu
	executing /mnt/data/personal_projects/NandarLinn-SMT-Assignment/pbsmt/baseline/my-ph/steps/2/EVALUATION_test_analysis-precision.2 via sh (1 active)
	executing /mnt/data/personal_projects/NandarLinn-SMT-Assignment/pbsmt/baseline/my-ph/steps/2/EVALUATION_test_wrap.2 via sh (2 active)
convert-im6.q16: attempt to perform an operation not allowed by the security policy `PS' @ error/constitute.c/IsCoderAuthorized/426.
convert-im6.q16: no images defined `steps/2/graph.2.png' @ error/convert.c/ConvertImageCommand/3229.
number of steps doable or running: 3 at Sun May 31 05:32:14 PM +07 2026
	doable: EVALUATION:test:nist-bleu-c
	doable: EVALUATION:test:nist-bleu
	doable: EVALUATION:test:multi-bleu
	executing /mnt/data/personal_projects/NandarLinn-SMT-Assignment/pbsmt/baseline/my-ph/steps/2/EVALUATION_test_nist-bleu-c.2 via sh (1 active)
	executing /mnt/data/personal_projects/NandarLinn-SMT-Assignment/pbsmt/baseline/my-ph/steps/2/EVALUATION_test_nist-bleu.2 via sh (2 active)
convert-im6.q16: attempt to perform an operation not allowed by the security policy `PS' @ error/constitute.c/IsCoderAuthorized/426.
convert-im6.q16: no images defined `steps/2/graph.2.png' @ error/convert.c/ConvertImageCommand/3229.
number of steps doable or running: 1 at Sun May 31 05:32:26 PM +07 2026
	doable: EVALUATION:test:multi-bleu
	executing /mnt/data/personal_projects/NandarLinn-SMT-Assignment/pbsmt/baseline/my-ph/steps/2/EVALUATION_test_multi-bleu.2 via sh (1 active)
convert-im6.q16: attempt to perform an operation not allowed by the security policy `PS' @ error/constitute.c/IsCoderAuthorized/426.
convert-im6.q16: no images defined `steps/2/graph.2.png' @ error/convert.c/ConvertImageCommand/3229.
number of steps doable or running: 1 at Sun May 31 05:32:33 PM +07 2026
	doable: REPORTING:report
	executing /mnt/data/personal_projects/NandarLinn-SMT-Assignment/pbsmt/baseline/my-ph/steps/2/REPORTING_report.2 via sh (1 active)
convert-im6.q16: attempt to perform an operation not allowed by the security policy `PS' @ error/constitute.c/IsCoderAuthorized/426.
convert-im6.q16: no images defined `steps/2/graph.2.png' @ error/convert.c/ConvertImageCommand/3229.
number of steps doable or running: 0 at Sun May 31 05:32:40 PM +07 2026
convert-im6.q16: attempt to perform an operation not allowed by the security policy `PS' @ error/constitute.c/IsCoderAuthorized/426.
convert-im6.q16: no images defined `steps/2/graph.2.png' @ error/convert.c/ConvertImageCommand/3229.
Unescaped left brace in regex is passed through in regex; marked by <-- HERE in m/^\[([^:]+):{ <-- HERE (\S+)}:(\S+)\]$/ at /home/elio/tool/mosesbin/ubuntu-17.04/moses/scripts/ems/experiment.perl line 626.
STARTING UP AS PROCESS 102702 ON bumblebee AT Sun May 31 05:32:40 PM +07 2026
LOAD CONFIG...
working directory is /mnt/data/personal_projects/NandarLinn-SMT-Assignment/pbsmt/baseline/ph-my
running experimental run number 2

ESTABLISH WHICH STEPS NEED TO BE RUN

FIND DEPENDENCIES BETWEEN STEPS

CHECKING IF OLD STEPS ARE RE-USABLE

STEP SUMMARY:
82 EVALUATION:test:input-from-sgm ->	run
76 CORPUS:myrk:clean ->	re-using (1)
59 LM:myrk:train ->	re-using (1)
56 LM:myrk:binarize ->	re-using (1)
55 TRAINING:consolidate ->	re-using (1)
54 TRAINING:prepare-data ->	re-using (1)
53 TRAINING:run-giza ->	re-using (1)
52 TRAINING:run-giza-inverse ->	re-using (1)
51 TRAINING:symmetrize-giza ->	re-using (1)
50 TRAINING:build-lex-trans ->	re-using (1)
47 TRAINING:extract-phrases ->	re-using (1)
46 TRAINING:build-reordering ->	re-using (1)
45 TRAINING:build-ttable ->	re-using (1)
42 TRAINING:create-config ->	re-using (1)
27 TUNING:filter ->	re-using (1)
26 TUNING:apply-filter ->	re-using (1)
25 TUNING:tune ->	re-using (1)
24 TUNING:apply-weights ->	re-using (1)
18 EVALUATION:test:filter ->	run
17 EVALUATION:test:apply-filter ->	run
16 EVALUATION:test:decode ->	run
15 EVALUATION:test:remove-markup ->	run
11 EVALUATION:test:wrap ->	run
10 EVALUATION:test:reference-from-sgm ->	run
5 EVALUATION:test:nist-bleu ->	run
4 EVALUATION:test:nist-bleu-c ->	run
3 EVALUATION:test:multi-bleu ->	run
2 EVALUATION:test:analysis-coverage ->	run
1 EVALUATION:test:analysis-precision ->	run
0 REPORTING:report ->	run
convert-im6.q16: attempt to perform an operation not allowed by the security policy `PS' @ error/constitute.c/IsCoderAuthorized/426.
convert-im6.q16: no images defined `steps/2/graph.2.png' @ error/convert.c/ConvertImageCommand/3229.
convert-im6.q16: attempt to perform an operation not allowed by the security policy `PS' @ error/constitute.c/IsCoderAuthorized/426.
convert-im6.q16: no images defined `steps/2/graph.2.png' @ error/convert.c/ConvertImageCommand/3229.

EXECUTE STEPS
number of steps doable or running: 2 at Sun May 31 05:32:40 PM +07 2026
	doable: EVALUATION:test:reference-from-sgm
	doable: EVALUATION:test:input-from-sgm
	executing /mnt/data/personal_projects/NandarLinn-SMT-Assignment/pbsmt/baseline/ph-my/steps/2/EVALUATION_test_reference-from-sgm.2 via sh (1 active)
	executing /mnt/data/personal_projects/NandarLinn-SMT-Assignment/pbsmt/baseline/ph-my/steps/2/EVALUATION_test_input-from-sgm.2 via sh (2 active)
convert-im6.q16: attempt to perform an operation not allowed by the security policy `PS' @ error/constitute.c/IsCoderAuthorized/426.
convert-im6.q16: no images defined `steps/2/graph.2.png' @ error/convert.c/ConvertImageCommand/3229.
number of steps doable or running: 2 at Sun May 31 05:32:53 PM +07 2026
	doable: EVALUATION:test:filter
	doable: EVALUATION:test:analysis-coverage
	executing /mnt/data/personal_projects/NandarLinn-SMT-Assignment/pbsmt/baseline/ph-my/steps/2/EVALUATION_test_filter.2 via sh (1 active)
	executing /mnt/data/personal_projects/NandarLinn-SMT-Assignment/pbsmt/baseline/ph-my/steps/2/EVALUATION_test_analysis-coverage.2 via sh (2 active)
convert-im6.q16: attempt to perform an operation not allowed by the security policy `PS' @ error/constitute.c/IsCoderAuthorized/426.
convert-im6.q16: no images defined `steps/2/graph.2.png' @ error/convert.c/ConvertImageCommand/3229.
number of steps doable or running: 1 at Sun May 31 05:33:05 PM +07 2026
	doable: EVALUATION:test:apply-filter
	executing /mnt/data/personal_projects/NandarLinn-SMT-Assignment/pbsmt/baseline/ph-my/steps/2/EVALUATION_test_apply-filter.2 via sh (1 active)
convert-im6.q16: attempt to perform an operation not allowed by the security policy `PS' @ error/constitute.c/IsCoderAuthorized/426.
convert-im6.q16: no images defined `steps/2/graph.2.png' @ error/convert.c/ConvertImageCommand/3229.
number of steps doable or running: 1 at Sun May 31 05:33:12 PM +07 2026
	doable: EVALUATION:test:decode
	executing /mnt/data/personal_projects/NandarLinn-SMT-Assignment/pbsmt/baseline/ph-my/steps/2/EVALUATION_test_decode.2 via sh (1 active)
convert-im6.q16: attempt to perform an operation not allowed by the security policy `PS' @ error/constitute.c/IsCoderAuthorized/426.
convert-im6.q16: no images defined `steps/2/graph.2.png' @ error/convert.c/ConvertImageCommand/3229.
