Using SCRIPTS_ROOTDIR: /home/lawun330/NLP/ubuntu-17.04/moses/scripts
Asking moses for feature names and values from /home/lawun330/Desktop/basic-statistical-machine-translation/baseline2/ph-my/tuning/moses.filtered.ini.3
Executing: /home/lawun330/NLP/ubuntu-17.04/moses/bin/moses  -v 0  -config /home/lawun330/Desktop/basic-statistical-machine-translation/baseline2/ph-my/tuning/moses.filtered.ini.3 -show-weights
exec: /home/lawun330/NLP/ubuntu-17.04/moses/bin/moses  -v 0  -config /home/lawun330/Desktop/basic-statistical-machine-translation/baseline2/ph-my/tuning/moses.filtered.ini.3 -show-weights
Executing: /home/lawun330/NLP/ubuntu-17.04/moses/bin/moses  -v 0  -config /home/lawun330/Desktop/basic-statistical-machine-translation/baseline2/ph-my/tuning/moses.filtered.ini.3 -show-weights > ./features.list 2> /dev/null
MERT starting values and ranges for random generation:
  LexicalReordering0 =   0.300 ( 0.00 ..  1.00)
  LexicalReordering0 =   0.300 ( 0.00 ..  1.00)
  LexicalReordering0 =   0.300 ( 0.00 ..  1.00)
  LexicalReordering0 =   0.300 ( 0.00 ..  1.00)
  LexicalReordering0 =   0.300 ( 0.00 ..  1.00)
  LexicalReordering0 =   0.300 ( 0.00 ..  1.00)
  Distortion0 =   0.300 ( 0.00 ..  1.00)
    LM0 =   0.500 ( 0.00 ..  1.00)
  WordPenalty0 =  -1.000 ( 0.00 ..  1.00)
  PhrasePenalty0 =   0.200 ( 0.00 ..  1.00)
  TranslationModel0 =   0.200 ( 0.00 ..  1.00)
  TranslationModel0 =   0.200 ( 0.00 ..  1.00)
  TranslationModel0 =   0.200 ( 0.00 ..  1.00)
  TranslationModel0 =   0.200 ( 0.00 ..  1.00)
featlist: LexicalReordering0=0.300000 
featlist: LexicalReordering0=0.300000 
featlist: LexicalReordering0=0.300000 
featlist: LexicalReordering0=0.300000 
featlist: LexicalReordering0=0.300000 
featlist: LexicalReordering0=0.300000 
featlist: Distortion0=0.300000 
featlist: LM0=0.500000 
featlist: WordPenalty0=-1.000000 
featlist: PhrasePenalty0=0.200000 
featlist: TranslationModel0=0.200000 
featlist: TranslationModel0=0.200000 
featlist: TranslationModel0=0.200000 
featlist: TranslationModel0=0.200000 
Saved: ./run1.moses.ini
Normalizing lambdas: 0.300000 0.300000 0.300000 0.300000 0.300000 0.300000 0.300000 0.500000 -1.000000 0.200000 0.200000 0.200000 0.200000 0.200000
DECODER_CFG = -weight-overwrite 'PhrasePenalty0= 0.043478 LexicalReordering0= 0.065217 0.065217 0.065217 0.065217 0.065217 0.065217 Distortion0= 0.065217 WordPenalty0= -0.217391 LM0= 0.108696 TranslationModel0= 0.043478 0.043478 0.043478 0.043478'
Executing: /home/lawun330/NLP/ubuntu-17.04/moses/bin/moses -v 0   -config /home/lawun330/Desktop/basic-statistical-machine-translation/baseline2/ph-my/tuning/moses.filtered.ini.3 -weight-overwrite 'PhrasePenalty0= 0.043478 LexicalReordering0= 0.065217 0.065217 0.065217 0.065217 0.065217 0.065217 Distortion0= 0.065217 WordPenalty0= -0.217391 LM0= 0.108696 TranslationModel0= 0.043478 0.043478 0.043478 0.043478'  -n-best-list run1.best100.out 100 distinct  -input-file /home/lawun330/Desktop/basic-statistical-machine-translation/data/cleaned_2/dev.ph > run1.out 
Executing: /home/lawun330/NLP/ubuntu-17.04/moses/bin/moses -v 0   -config /home/lawun330/Desktop/basic-statistical-machine-translation/baseline2/ph-my/tuning/moses.filtered.ini.3 -weight-overwrite 'PhrasePenalty0= 0.043478 LexicalReordering0= 0.065217 0.065217 0.065217 0.065217 0.065217 0.065217 Distortion0= 0.065217 WordPenalty0= -0.217391 LM0= 0.108696 TranslationModel0= 0.043478 0.043478 0.043478 0.043478'  -n-best-list run1.best100.out 100 distinct  -input-file /home/lawun330/Desktop/basic-statistical-machine-translation/data/cleaned_2/dev.ph > run1.out
Loading table into memory...done.
Name:moses	VmPeak:158680 kB	VmRSS:23388 kB	RSSMax:23980 kB	user:2.459	sys:0.050	CPU:2.509	real:2.487
The decoder returns the scores in this order: LexicalReordering0 LexicalReordering0 LexicalReordering0 LexicalReordering0 LexicalReordering0 LexicalReordering0 Distortion0 LM0 WordPenalty0 PhrasePenalty0 TranslationModel0 TranslationModel0 TranslationModel0 TranslationModel0
Executing: gzip -f run1.best100.out
Scoring the nbestlist.
exec: /home/lawun330/Desktop/basic-statistical-machine-translation/baseline2/ph-my/tuning/tmp.3/extractor.sh
Executing: /home/lawun330/Desktop/basic-statistical-machine-translation/baseline2/ph-my/tuning/tmp.3/extractor.sh > extract.out 2> extract.err
Executing: \cp -f init.opt run1.init.opt
exec: /home/lawun330/NLP/ubuntu-17.04/moses/bin/mert -d 14  --sctype BLEU --scconfig case:true --ffile run1.features.dat --scfile run1.scores.dat --ifile run1.init.opt -n 20
Executing: /home/lawun330/NLP/ubuntu-17.04/moses/bin/mert -d 14  --sctype BLEU --scconfig case:true --ffile run1.features.dat --scfile run1.scores.dat --ifile run1.init.opt -n 20 > mert.out 2> mert.log
Executing: \cp -f extract.err run1.extract.err
Executing: \cp -f extract.out run1.extract.out
Executing: \cp -f mert.out run1.mert.out
Executing: \cp -f mert.log run1.mert.log
Executing: touch mert.log run1.mert.log
Executing: \cp -f weights.txt run1.weights.txt
featlist: LexicalReordering0=0.0523158 
featlist: LexicalReordering0=0.210233 
featlist: LexicalReordering0=0.122283 
featlist: LexicalReordering0=0.0513433 
featlist: LexicalReordering0=0.0481382 
featlist: LexicalReordering0=0.0439515 
featlist: Distortion0=0.0151478 
featlist: LM0=0.0871669 
featlist: WordPenalty0=0.0642173 
featlist: PhrasePenalty0=-0.193009 
featlist: TranslationModel0=0.0881066 
featlist: TranslationModel0=0.0128057 
featlist: TranslationModel0=0.00206823 
featlist: TranslationModel0=0.00921427 
Saved: ./run2.moses.ini
DECODER_CFG = -weight-overwrite 'PhrasePenalty0= -0.193009 Distortion0= 0.015148 LexicalReordering0= 0.052316 0.210233 0.122283 0.051343 0.048138 0.043951 WordPenalty0= 0.064217 LM0= 0.087167 TranslationModel0= 0.088107 0.012806 0.002068 0.009214'
Executing: /home/lawun330/NLP/ubuntu-17.04/moses/bin/moses -v 0   -config /home/lawun330/Desktop/basic-statistical-machine-translation/baseline2/ph-my/tuning/moses.filtered.ini.3 -weight-overwrite 'PhrasePenalty0= -0.193009 Distortion0= 0.015148 LexicalReordering0= 0.052316 0.210233 0.122283 0.051343 0.048138 0.043951 WordPenalty0= 0.064217 LM0= 0.087167 TranslationModel0= 0.088107 0.012806 0.002068 0.009214'  -n-best-list run2.best100.out 100 distinct  -input-file /home/lawun330/Desktop/basic-statistical-machine-translation/data/cleaned_2/dev.ph > run2.out 
Executing: /home/lawun330/NLP/ubuntu-17.04/moses/bin/moses -v 0   -config /home/lawun330/Desktop/basic-statistical-machine-translation/baseline2/ph-my/tuning/moses.filtered.ini.3 -weight-overwrite 'PhrasePenalty0= -0.193009 Distortion0= 0.015148 LexicalReordering0= 0.052316 0.210233 0.122283 0.051343 0.048138 0.043951 WordPenalty0= 0.064217 LM0= 0.087167 TranslationModel0= 0.088107 0.012806 0.002068 0.009214'  -n-best-list run2.best100.out 100 distinct  -input-file /home/lawun330/Desktop/basic-statistical-machine-translation/data/cleaned_2/dev.ph > run2.out
Loading table into memory...done.
Name:moses	VmPeak:158680 kB	VmRSS:20968 kB	RSSMax:24688 kB	user:2.359	sys:0.046	CPU:2.405	real:2.385
The decoder returns the scores in this order: LexicalReordering0 LexicalReordering0 LexicalReordering0 LexicalReordering0 LexicalReordering0 LexicalReordering0 Distortion0 LM0 WordPenalty0 PhrasePenalty0 TranslationModel0 TranslationModel0 TranslationModel0 TranslationModel0
Executing: gzip -f run2.best100.out
Scoring the nbestlist.
exec: /home/lawun330/Desktop/basic-statistical-machine-translation/baseline2/ph-my/tuning/tmp.3/extractor.sh
Executing: /home/lawun330/Desktop/basic-statistical-machine-translation/baseline2/ph-my/tuning/tmp.3/extractor.sh > extract.out 2> extract.err
Executing: \cp -f init.opt run2.init.opt
exec: /home/lawun330/NLP/ubuntu-17.04/moses/bin/mert -d 14  --sctype BLEU --scconfig case:true --ffile run1.features.dat,run2.features.dat --scfile run1.scores.dat,run2.scores.dat --ifile run2.init.opt -n 20
Executing: /home/lawun330/NLP/ubuntu-17.04/moses/bin/mert -d 14  --sctype BLEU --scconfig case:true --ffile run1.features.dat,run2.features.dat --scfile run1.scores.dat,run2.scores.dat --ifile run2.init.opt -n 20 > mert.out 2> mert.log
Executing: \cp -f extract.err run2.extract.err
Executing: \cp -f extract.out run2.extract.out
Executing: \cp -f mert.out run2.mert.out
Executing: \cp -f mert.log run2.mert.log
Executing: touch mert.log run2.mert.log
Executing: \cp -f weights.txt run2.weights.txt
featlist: LexicalReordering0=0.0460375 
featlist: LexicalReordering0=0.0191809 
featlist: LexicalReordering0=0.106951 
featlist: LexicalReordering0=-0.0757465 
featlist: LexicalReordering0=0.0419867 
featlist: LexicalReordering0=0.0241497 
featlist: Distortion0=0.0416324 
featlist: LM0=0.0878441 
featlist: WordPenalty0=-0.176809 
featlist: PhrasePenalty0=-0.249068 
featlist: TranslationModel0=0.0181952 
featlist: TranslationModel0=0.0704393 
featlist: TranslationModel0=0.0323662 
featlist: TranslationModel0=-0.0095937 
Saved: ./run3.moses.ini
DECODER_CFG = -weight-overwrite 'TranslationModel0= 0.018195 0.070439 0.032366 -0.009594 LM0= 0.087844 WordPenalty0= -0.176809 LexicalReordering0= 0.046038 0.019181 0.106951 -0.075746 0.041987 0.024150 Distortion0= 0.041632 PhrasePenalty0= -0.249068'
Executing: /home/lawun330/NLP/ubuntu-17.04/moses/bin/moses -v 0   -config /home/lawun330/Desktop/basic-statistical-machine-translation/baseline2/ph-my/tuning/moses.filtered.ini.3 -weight-overwrite 'TranslationModel0= 0.018195 0.070439 0.032366 -0.009594 LM0= 0.087844 WordPenalty0= -0.176809 LexicalReordering0= 0.046038 0.019181 0.106951 -0.075746 0.041987 0.024150 Distortion0= 0.041632 PhrasePenalty0= -0.249068'  -n-best-list run3.best100.out 100 distinct  -input-file /home/lawun330/Desktop/basic-statistical-machine-translation/data/cleaned_2/dev.ph > run3.out 
Executing: /home/lawun330/NLP/ubuntu-17.04/moses/bin/moses -v 0   -config /home/lawun330/Desktop/basic-statistical-machine-translation/baseline2/ph-my/tuning/moses.filtered.ini.3 -weight-overwrite 'TranslationModel0= 0.018195 0.070439 0.032366 -0.009594 LM0= 0.087844 WordPenalty0= -0.176809 LexicalReordering0= 0.046038 0.019181 0.106951 -0.075746 0.041987 0.024150 Distortion0= 0.041632 PhrasePenalty0= -0.249068'  -n-best-list run3.best100.out 100 distinct  -input-file /home/lawun330/Desktop/basic-statistical-machine-translation/data/cleaned_2/dev.ph > run3.out
Loading table into memory...done.
Name:moses	VmPeak:158680 kB	VmRSS:23900 kB	RSSMax:24300 kB	user:2.455	sys:0.044	CPU:2.500	real:2.472
The decoder returns the scores in this order: LexicalReordering0 LexicalReordering0 LexicalReordering0 LexicalReordering0 LexicalReordering0 LexicalReordering0 Distortion0 LM0 WordPenalty0 PhrasePenalty0 TranslationModel0 TranslationModel0 TranslationModel0 TranslationModel0
Executing: gzip -f run3.best100.out
Scoring the nbestlist.
exec: /home/lawun330/Desktop/basic-statistical-machine-translation/baseline2/ph-my/tuning/tmp.3/extractor.sh
Executing: /home/lawun330/Desktop/basic-statistical-machine-translation/baseline2/ph-my/tuning/tmp.3/extractor.sh > extract.out 2> extract.err
Executing: \cp -f init.opt run3.init.opt
exec: /home/lawun330/NLP/ubuntu-17.04/moses/bin/mert -d 14  --sctype BLEU --scconfig case:true --ffile run1.features.dat,run2.features.dat,run3.features.dat --scfile run1.scores.dat,run2.scores.dat,run3.scores.dat --ifile run3.init.opt -n 20
Executing: /home/lawun330/NLP/ubuntu-17.04/moses/bin/mert -d 14  --sctype BLEU --scconfig case:true --ffile run1.features.dat,run2.features.dat,run3.features.dat --scfile run1.scores.dat,run2.scores.dat,run3.scores.dat --ifile run3.init.opt -n 20 > mert.out 2> mert.log
Executing: \cp -f extract.err run3.extract.err
Executing: \cp -f extract.out run3.extract.out
Executing: \cp -f mert.out run3.mert.out
Executing: \cp -f mert.log run3.mert.log
Executing: touch mert.log run3.mert.log
Executing: \cp -f weights.txt run3.weights.txt
featlist: LexicalReordering0=0.0457817 
featlist: LexicalReordering0=0.0190743 
featlist: LexicalReordering0=0.106357 
featlist: LexicalReordering0=-0.0808824 
featlist: LexicalReordering0=0.0417534 
featlist: LexicalReordering0=0.0240155 
featlist: Distortion0=0.041401 
featlist: LM0=0.087356 
featlist: WordPenalty0=-0.175826 
featlist: PhrasePenalty0=-0.247684 
featlist: TranslationModel0=0.0180941 
featlist: TranslationModel0=0.0700479 
featlist: TranslationModel0=0.0321863 
featlist: TranslationModel0=-0.00954039 
Saved: ./run4.moses.ini
DECODER_CFG = -weight-overwrite 'TranslationModel0= 0.018094 0.070048 0.032186 -0.009540 LM0= 0.087356 PhrasePenalty0= -0.247684 WordPenalty0= -0.175826 Distortion0= 0.041401 LexicalReordering0= 0.045782 0.019074 0.106357 -0.080882 0.041753 0.024015'
Executing: /home/lawun330/NLP/ubuntu-17.04/moses/bin/moses -v 0   -config /home/lawun330/Desktop/basic-statistical-machine-translation/baseline2/ph-my/tuning/moses.filtered.ini.3 -weight-overwrite 'TranslationModel0= 0.018094 0.070048 0.032186 -0.009540 LM0= 0.087356 PhrasePenalty0= -0.247684 WordPenalty0= -0.175826 Distortion0= 0.041401 LexicalReordering0= 0.045782 0.019074 0.106357 -0.080882 0.041753 0.024015'  -n-best-list run4.best100.out 100 distinct  -input-file /home/lawun330/Desktop/basic-statistical-machine-translation/data/cleaned_2/dev.ph > run4.out 
Executing: /home/lawun330/NLP/ubuntu-17.04/moses/bin/moses -v 0   -config /home/lawun330/Desktop/basic-statistical-machine-translation/baseline2/ph-my/tuning/moses.filtered.ini.3 -weight-overwrite 'TranslationModel0= 0.018094 0.070048 0.032186 -0.009540 LM0= 0.087356 PhrasePenalty0= -0.247684 WordPenalty0= -0.175826 Distortion0= 0.041401 LexicalReordering0= 0.045782 0.019074 0.106357 -0.080882 0.041753 0.024015'  -n-best-list run4.best100.out 100 distinct  -input-file /home/lawun330/Desktop/basic-statistical-machine-translation/data/cleaned_2/dev.ph > run4.out
Loading table into memory...done.
Name:moses	VmPeak:158680 kB	VmRSS:16096 kB	RSSMax:24412 kB	user:3.246	sys:0.051	CPU:3.297	real:3.274
The decoder returns the scores in this order: LexicalReordering0 LexicalReordering0 LexicalReordering0 LexicalReordering0 LexicalReordering0 LexicalReordering0 Distortion0 LM0 WordPenalty0 PhrasePenalty0 TranslationModel0 TranslationModel0 TranslationModel0 TranslationModel0
Executing: gzip -f run4.best100.out
Scoring the nbestlist.
exec: /home/lawun330/Desktop/basic-statistical-machine-translation/baseline2/ph-my/tuning/tmp.3/extractor.sh
Executing: /home/lawun330/Desktop/basic-statistical-machine-translation/baseline2/ph-my/tuning/tmp.3/extractor.sh > extract.out 2> extract.err
Executing: \cp -f init.opt run4.init.opt
exec: /home/lawun330/NLP/ubuntu-17.04/moses/bin/mert -d 14  --sctype BLEU --scconfig case:true --ffile run1.features.dat,run2.features.dat,run3.features.dat,run4.features.dat --scfile run1.scores.dat,run2.scores.dat,run3.scores.dat,run4.scores.dat --ifile run4.init.opt -n 20
Executing: /home/lawun330/NLP/ubuntu-17.04/moses/bin/mert -d 14  --sctype BLEU --scconfig case:true --ffile run1.features.dat,run2.features.dat,run3.features.dat,run4.features.dat --scfile run1.scores.dat,run2.scores.dat,run3.scores.dat,run4.scores.dat --ifile run4.init.opt -n 20 > mert.out 2> mert.log
Executing: \cp -f extract.err run4.extract.err
Executing: \cp -f extract.out run4.extract.out
Executing: \cp -f mert.out run4.mert.out
Executing: \cp -f mert.log run4.mert.log
Executing: touch mert.log run4.mert.log
Executing: \cp -f weights.txt run4.weights.txt
featlist: LexicalReordering0=0.000898529 
featlist: LexicalReordering0=0.000615264 
featlist: LexicalReordering0=0.000503356 
featlist: LexicalReordering0=-0.00103205 
featlist: LexicalReordering0=3.0695e-05 
featlist: LexicalReordering0=1.01731e-06 
featlist: Distortion0=0.000563444 
featlist: LM0=0.000771325 
featlist: WordPenalty0=0.000566377 
featlist: PhrasePenalty0=-0.994039 
featlist: TranslationModel0=0.000236603 
featlist: TranslationModel0=0.000543434 
featlist: TranslationModel0=0.000191835 
featlist: TranslationModel0=-7.12896e-06 
Saved: ./run5.moses.ini
DECODER_CFG = -weight-overwrite 'PhrasePenalty0= -0.994039 LexicalReordering0= 0.000899 0.000615 0.000503 -0.001032 0.000031 0.000001 Distortion0= 0.000563 WordPenalty0= 0.000566 LM0= 0.000771 TranslationModel0= 0.000237 0.000543 0.000192 -0.000007'
Executing: /home/lawun330/NLP/ubuntu-17.04/moses/bin/moses -v 0   -config /home/lawun330/Desktop/basic-statistical-machine-translation/baseline2/ph-my/tuning/moses.filtered.ini.3 -weight-overwrite 'PhrasePenalty0= -0.994039 LexicalReordering0= 0.000899 0.000615 0.000503 -0.001032 0.000031 0.000001 Distortion0= 0.000563 WordPenalty0= 0.000566 LM0= 0.000771 TranslationModel0= 0.000237 0.000543 0.000192 -0.000007'  -n-best-list run5.best100.out 100 distinct  -input-file /home/lawun330/Desktop/basic-statistical-machine-translation/data/cleaned_2/dev.ph > run5.out 
Executing: /home/lawun330/NLP/ubuntu-17.04/moses/bin/moses -v 0   -config /home/lawun330/Desktop/basic-statistical-machine-translation/baseline2/ph-my/tuning/moses.filtered.ini.3 -weight-overwrite 'PhrasePenalty0= -0.994039 LexicalReordering0= 0.000899 0.000615 0.000503 -0.001032 0.000031 0.000001 Distortion0= 0.000563 WordPenalty0= 0.000566 LM0= 0.000771 TranslationModel0= 0.000237 0.000543 0.000192 -0.000007'  -n-best-list run5.best100.out 100 distinct  -input-file /home/lawun330/Desktop/basic-statistical-machine-translation/data/cleaned_2/dev.ph > run5.out
Loading table into memory...done.
Name:moses	VmPeak:158680 kB	VmRSS:17808 kB	RSSMax:23836 kB	user:2.390	sys:0.049	CPU:2.439	real:2.420
The decoder returns the scores in this order: LexicalReordering0 LexicalReordering0 LexicalReordering0 LexicalReordering0 LexicalReordering0 LexicalReordering0 Distortion0 LM0 WordPenalty0 PhrasePenalty0 TranslationModel0 TranslationModel0 TranslationModel0 TranslationModel0
Executing: gzip -f run5.best100.out
Scoring the nbestlist.
exec: /home/lawun330/Desktop/basic-statistical-machine-translation/baseline2/ph-my/tuning/tmp.3/extractor.sh
Executing: /home/lawun330/Desktop/basic-statistical-machine-translation/baseline2/ph-my/tuning/tmp.3/extractor.sh > extract.out 2> extract.err
Executing: \cp -f init.opt run5.init.opt
exec: /home/lawun330/NLP/ubuntu-17.04/moses/bin/mert -d 14  --sctype BLEU --scconfig case:true --ffile run1.features.dat,run2.features.dat,run3.features.dat,run4.features.dat,run5.features.dat --scfile run1.scores.dat,run2.scores.dat,run3.scores.dat,run4.scores.dat,run5.scores.dat --ifile run5.init.opt -n 20
Executing: /home/lawun330/NLP/ubuntu-17.04/moses/bin/mert -d 14  --sctype BLEU --scconfig case:true --ffile run1.features.dat,run2.features.dat,run3.features.dat,run4.features.dat,run5.features.dat --scfile run1.scores.dat,run2.scores.dat,run3.scores.dat,run4.scores.dat,run5.scores.dat --ifile run5.init.opt -n 20 > mert.out 2> mert.log
Executing: \cp -f extract.err run5.extract.err
Executing: \cp -f extract.out run5.extract.out
Executing: \cp -f mert.out run5.mert.out
Executing: \cp -f mert.log run5.mert.log
Executing: touch mert.log run5.mert.log
Executing: \cp -f weights.txt run5.weights.txt
None of the weights changed more than 1e-05. Stopping.
Executing: \cp -f init.opt run5.init.opt
Executing: \cp -f mert.log run5.mert.log
featlist: LexicalReordering0=0.000898529 
featlist: LexicalReordering0=0.000615264 
featlist: LexicalReordering0=0.000503356 
featlist: LexicalReordering0=-0.00103205 
featlist: LexicalReordering0=3.0695e-05 
featlist: LexicalReordering0=1.01731e-06 
featlist: Distortion0=0.000563444 
featlist: LM0=0.000771325 
featlist: WordPenalty0=0.000566377 
featlist: PhrasePenalty0=-0.994039 
featlist: TranslationModel0=0.000236603 
featlist: TranslationModel0=0.000543434 
featlist: TranslationModel0=0.000191835 
featlist: TranslationModel0=-7.12896e-06 
Saved: ./moses.ini
