perl: warning: Setting locale failed.
perl: warning: Please check that your locale settings:
	LANGUAGE = (unset),
	LC_ALL = (unset),
	LC_CTYPE = "C.UTF-8",
	LANG = "en_US.UTF-8"
    are supported and installed on your system.
perl: warning: Falling back to the standard locale ("C").
Using SCRIPTS_ROOTDIR: /home/kyalkalay/tools/mosesdecoder/scripts
using gzip 
(6) score phrases @ Sun May 31 23:28:36 +0630 2026
(6.1)  creating table half /media/kyalkalay/Data/AI-Class/assignment-6_aung_hein/pbsmt_7gram/baseline/ph-my/model/phrase-table.1.half.f2e @ Sun May 31 23:28:36 +0630 2026
/home/kyalkalay/tools/mosesdecoder/scripts/generic/score-parallel.perl 12 "sort    " /home/kyalkalay/tools/mosesdecoder/scripts/../bin/score /media/kyalkalay/Data/AI-Class/assignment-6_aung_hein/pbsmt_7gram/baseline/ph-my/model/extract.1.sorted.gz /media/kyalkalay/Data/AI-Class/assignment-6_aung_hein/pbsmt_7gram/baseline/ph-my/model/lex.1.f2e /media/kyalkalay/Data/AI-Class/assignment-6_aung_hein/pbsmt_7gram/baseline/ph-my/model/phrase-table.1.half.f2e.gz  --GoodTuring  0 
Executing: /home/kyalkalay/tools/mosesdecoder/scripts/generic/score-parallel.perl 12 "sort    " /home/kyalkalay/tools/mosesdecoder/scripts/../bin/score /media/kyalkalay/Data/AI-Class/assignment-6_aung_hein/pbsmt_7gram/baseline/ph-my/model/extract.1.sorted.gz /media/kyalkalay/Data/AI-Class/assignment-6_aung_hein/pbsmt_7gram/baseline/ph-my/model/lex.1.f2e /media/kyalkalay/Data/AI-Class/assignment-6_aung_hein/pbsmt_7gram/baseline/ph-my/model/phrase-table.1.half.f2e.gz  --GoodTuring  0 
(6.1)  creating table half /media/kyalkalay/Data/AI-Class/assignment-6_aung_hein/pbsmt_7gram/baseline/ph-my/model/phrase-table.1.half.e2f @ Sun May 31 23:28:36 +0630 2026
/home/kyalkalay/tools/mosesdecoder/scripts/generic/score-parallel.perl 12 "sort    " /home/kyalkalay/tools/mosesdecoder/scripts/../bin/score /media/kyalkalay/Data/AI-Class/assignment-6_aung_hein/pbsmt_7gram/baseline/ph-my/model/extract.1.inv.sorted.gz /media/kyalkalay/Data/AI-Class/assignment-6_aung_hein/pbsmt_7gram/baseline/ph-my/model/lex.1.e2f /media/kyalkalay/Data/AI-Class/assignment-6_aung_hein/pbsmt_7gram/baseline/ph-my/model/phrase-table.1.half.e2f.gz --Inverse  1 
Executing: /home/kyalkalay/tools/mosesdecoder/scripts/generic/score-parallel.perl 12 "sort    " /home/kyalkalay/tools/mosesdecoder/scripts/../bin/score /media/kyalkalay/Data/AI-Class/assignment-6_aung_hein/pbsmt_7gram/baseline/ph-my/model/extract.1.inv.sorted.gz /media/kyalkalay/Data/AI-Class/assignment-6_aung_hein/pbsmt_7gram/baseline/ph-my/model/lex.1.e2f /media/kyalkalay/Data/AI-Class/assignment-6_aung_hein/pbsmt_7gram/baseline/ph-my/model/phrase-table.1.half.e2f.gz --Inverse  1 
using gzip 
Started Sun May 31 23:28:36 2026
using gzip 
Started Sun May 31 23:28:36 2026
/home/kyalkalay/tools/mosesdecoder/scripts/../bin/score /media/kyalkalay/Data/AI-Class/assignment-6_aung_hein/pbsmt_7gram/baseline/ph-my/model/tmp.1267659/extract.0.gz /media/kyalkalay/Data/AI-Class/assignment-6_aung_hein/pbsmt_7gram/baseline/ph-my/model/lex.1.e2f /media/kyalkalay/Data/AI-Class/assignment-6_aung_hein/pbsmt_7gram/baseline/ph-my/model/tmp.1267659/phrase-table.half.0000000.gz --Inverse  2>> /dev/stderr 
/home/kyalkalay/tools/mosesdecoder/scripts/../bin/score /media/kyalkalay/Data/AI-Class/assignment-6_aung_hein/pbsmt_7gram/baseline/ph-my/model/tmp.1267658/extract.0.gz /media/kyalkalay/Data/AI-Class/assignment-6_aung_hein/pbsmt_7gram/baseline/ph-my/model/lex.1.f2e /media/kyalkalay/Data/AI-Class/assignment-6_aung_hein/pbsmt_7gram/baseline/ph-my/model/tmp.1267658/phrase-table.half.0000000.gz --GoodTuring  2>> /dev/stderr 
/media/kyalkalay/Data/AI-Class/assignment-6_aung_hein/pbsmt_7gram/baseline/ph-my/model/tmp.1267659/run.0.sh/media/kyalkalay/Data/AI-Class/assignment-6_aung_hein/pbsmt_7gram/baseline/ph-my/model/tmp.1267659/run.1.sh/media/kyalkalay/Data/AI-Class/assignment-6_aung_hein/pbsmt_7gram/baseline/ph-my/model/tmp.1267659/run.2.sh/media/kyalkalay/Data/AI-Class/assignment-6_aung_hein/pbsmt_7gram/baseline/ph-my/model/tmp.1267659/run.3.sh/media/kyalkalay/Data/AI-Class/assignment-6_aung_hein/pbsmt_7gram/baseline/ph-my/model/tmp.1267659/run.4.sh/media/kyalkalay/Data/AI-Class/assignment-6_aung_hein/pbsmt_7gram/baseline/ph-my/model/tmp.1267659/run.5.sh/media/kyalkalay/Data/AI-Class/assignment-6_aung_hein/pbsmt_7gram/baseline/ph-my/model/tmp.1267659/run.7.sh/media/kyalkalay/Data/AI-Class/assignment-6_aung_hein/pbsmt_7gram/baseline/ph-my/model/tmp.1267659/run.8.sh/media/kyalkalay/Data/AI-Class/assignment-6_aung_hein/pbsmt_7gram/baseline/ph-my/model/tmp.1267659/run.6.sh/media/kyalkalay/Data/AI-Class/assignment-6_aung_hein/pbsmt_7gram/baseline/ph-my/model/tmp.1267659/run.9.sh/media/kyalkalay/Data/AI-Class/assignment-6_aung_hein/pbsmt_7gram/baseline/ph-my/model/tmp.1267659/run.10.sh/media/kyalkalay/Data/AI-Class/assignment-6_aung_hein/pbsmt_7gram/baseline/ph-my/model/tmp.1267659/run.11.sh/media/kyalkalay/Data/AI-Class/assignment-6_aung_hein/pbsmt_7gram/baseline/ph-my/model/tmp.1267658/run.0.sh/media/kyalkalay/Data/AI-Class/assignment-6_aung_hein/pbsmt_7gram/baseline/ph-my/model/tmp.1267658/run.1.sh/media/kyalkalay/Data/AI-Class/assignment-6_aung_hein/pbsmt_7gram/baseline/ph-my/model/tmp.1267658/run.2.sh/media/kyalkalay/Data/AI-Class/assignment-6_aung_hein/pbsmt_7gram/baseline/ph-my/model/tmp.1267658/run.3.sh/media/kyalkalay/Data/AI-Class/assignment-6_aung_hein/pbsmt_7gram/baseline/ph-my/model/tmp.1267658/run.4.sh/media/kyalkalay/Data/AI-Class/assignment-6_aung_hein/pbsmt_7gram/baseline/ph-my/model/tmp.1267658/run.5.sh/media/kyalkalay/Data/AI-Class/assignment-6_aung_hein/pbsmt_7gram/baseline/ph-my/model/tmp.1267658/run.6.sh/media/kyalkalay/Data/AI-Class/assignment-6_aung_hein/pbsmt_7gram/baseline/ph-my/model/tmp.1267658/run.9.sh/media/kyalkalay/Data/AI-Class/assignment-6_aung_hein/pbsmt_7gram/baseline/ph-my/model/tmp.1267658/run.11.sh/media/kyalkalay/Data/AI-Class/assignment-6_aung_hein/pbsmt_7gram/baseline/ph-my/model/tmp.1267658/run.7.sh/media/kyalkalay/Data/AI-Class/assignment-6_aung_hein/pbsmt_7gram/baseline/ph-my/model/tmp.1267658/run.8.sh/media/kyalkalay/Data/AI-Class/assignment-6_aung_hein/pbsmt_7gram/baseline/ph-my/model/tmp.1267658/run.10.shgunzip -c /media/kyalkalay/Data/AI-Class/assignment-6_aung_hein/pbsmt_7gram/baseline/ph-my/model/tmp.1267659/phrase-table.half.*.gz 2>> /dev/stderr| LC_ALL=C sort     -T /media/kyalkalay/Data/AI-Class/assignment-6_aung_hein/pbsmt_7gram/baseline/ph-my/model/tmp.1267659  | gzip -c > /media/kyalkalay/Data/AI-Class/assignment-6_aung_hein/pbsmt_7gram/baseline/ph-my/model/phrase-table.1.half.e2f.gz  2>> /dev/stderr mv /media/kyalkalay/Data/AI-Class/assignment-6_aung_hein/pbsmt_7gram/baseline/ph-my/model/tmp.1267658/phrase-table.half.0000000.gz /media/kyalkalay/Data/AI-Class/assignment-6_aung_hein/pbsmt_7gram/baseline/ph-my/model/phrase-table.1.half.f2e.gzrm -rf /media/kyalkalay/Data/AI-Class/assignment-6_aung_hein/pbsmt_7gram/baseline/ph-my/model/tmp.1267658 
Finished Sun May 31 23:28:37 2026
rm -rf /media/kyalkalay/Data/AI-Class/assignment-6_aung_hein/pbsmt_7gram/baseline/ph-my/model/tmp.1267659 
Finished Sun May 31 23:28:37 2026
(6.6) consolidating the two halves @ Sun May 31 23:28:37 +0630 2026
Executing: /home/kyalkalay/tools/mosesdecoder/scripts/../bin/consolidate /media/kyalkalay/Data/AI-Class/assignment-6_aung_hein/pbsmt_7gram/baseline/ph-my/model/phrase-table.1.half.f2e.gz /media/kyalkalay/Data/AI-Class/assignment-6_aung_hein/pbsmt_7gram/baseline/ph-my/model/phrase-table.1.half.e2f.gz /dev/stdout --GoodTuring /media/kyalkalay/Data/AI-Class/assignment-6_aung_hein/pbsmt_7gram/baseline/ph-my/model/phrase-table.1.half.f2e.gz.coc | gzip -c > /media/kyalkalay/Data/AI-Class/assignment-6_aung_hein/pbsmt_7gram/baseline/ph-my/model/phrase-table.1.gz
Consolidate v2.0 written by Philipp Koehn
consolidating direct and indirect rule tables
adjusting phrase translation probabilities with Good Turing discounting

Executing: rm -f /media/kyalkalay/Data/AI-Class/assignment-6_aung_hein/pbsmt_7gram/baseline/ph-my/model/phrase-table.1.half.*
