starting at Sun May 24 11:09:47 AM +07 2026 on ROG-Strix-Hero-II
/home/lawun330/NLP/giza-pp/GIZA++-v2/snt2cooc /home/lawun330/Desktop/basic-statistical-machine-translation/baseline2/ph-my/training/giza.5/my-ph.cooc /home/lawun330/Desktop/basic-statistical-machine-translation/baseline2/ph-my/training/prepared.5/ph.vcb /home/lawun330/Desktop/basic-statistical-machine-translation/baseline2/ph-my/training/prepared.5/my.vcb /home/lawun330/Desktop/basic-statistical-machine-translation/baseline2/ph-my/training/prepared.5/my-ph-int-train.snt
/home/lawun330/NLP/giza-pp/GIZA++-v2/mgiza  -CoocurrenceFile /home/lawun330/Desktop/basic-statistical-machine-translation/baseline2/ph-my/training/giza.5/my-ph.cooc -c /home/lawun330/Desktop/basic-statistical-machine-translation/baseline2/ph-my/training/prepared.5/my-ph-int-train.snt -m1 5 -m2 0 -m3 3 -m4 3 -model1dumpfrequency 1 -model4smoothfactor 0.4 -ncpus 8 -nodumps 1 -nsmooth 4 -o /home/lawun330/Desktop/basic-statistical-machine-translation/baseline2/ph-my/training/giza.5/my-ph -onlyaldumps 1 -p0 0.999 -s /home/lawun330/Desktop/basic-statistical-machine-translation/baseline2/ph-my/training/prepared.5/ph.vcb -t /home/lawun330/Desktop/basic-statistical-machine-translation/baseline2/ph-my/training/prepared.5/my.vcb
Parameter 'coocurrencefile' changed from '' to '/home/lawun330/Desktop/basic-statistical-machine-translation/baseline2/ph-my/training/giza.5/my-ph.cooc'
Parameter 'c' changed from '' to '/home/lawun330/Desktop/basic-statistical-machine-translation/baseline2/ph-my/training/prepared.5/my-ph-int-train.snt'
Parameter 'm3' changed from '5' to '3'
Parameter 'm4' changed from '5' to '3'
Parameter 'model1dumpfrequency' changed from '0' to '1'
Parameter 'model4smoothfactor' changed from '0.2' to '0.4'
Parameter 'ncpus' changed from '0' to '8'
Parameter 'nodumps' changed from '0' to '1'
Parameter 'nsmooth' changed from '64' to '4'
Parameter 'o' changed from '126-05-24.110948.lawun330' to '/home/lawun330/Desktop/basic-statistical-machine-translation/baseline2/ph-my/training/giza.5/my-ph'
Parameter 'onlyaldumps' changed from '0' to '1'
Parameter 'p0' changed from '-1' to '0.999'
Parameter 's' changed from '' to '/home/lawun330/Desktop/basic-statistical-machine-translation/baseline2/ph-my/training/prepared.5/ph.vcb'
Parameter 't' changed from '' to '/home/lawun330/Desktop/basic-statistical-machine-translation/baseline2/ph-my/training/prepared.5/my.vcb'
general parameters:
-------------------
ml = 101  (maximum sentence length)

No. of iterations:
-------------------
hmmiterations = 5  (mh)
model1iterations = 5  (number of iterations for Model 1)
model2iterations = 0  (number of iterations for Model 2)
model3iterations = 3  (number of iterations for Model 3)
model4iterations = 3  (number of iterations for Model 4)
model5iterations = 0  (number of iterations for Model 5)
model6iterations = 0  (number of iterations for Model 6)

parameter for various heuristics in GIZA++ for efficient training:
------------------------------------------------------------------
countincreasecutoff = 1e-06  (Counts increment cutoff threshold)
countincreasecutoffal = 1e-05  (Counts increment cutoff threshold for alignments in training of fertility models)
mincountincrease = 1e-07  (minimal count increase)
peggedcutoff = 0.03  (relative cutoff probability for alignment-centers in pegging)
probcutoff = 1e-07  (Probability cutoff threshold for lexicon probabilities)
probsmooth = 1e-07  (probability smoothing (floor) value )

parameters for describing the type and amount of output:
-----------------------------------------------------------
compactalignmentformat = 0  (0: detailled alignment format, 1: compact alignment format )
countoutputprefix =   (The prefix for output counts)
dumpcount = 0  (Whether we are going to dump count (in addition to) final output?)
dumpcountusingwordstring = 0  (In count table, should actual word appears or just the id? default is id)
hmmdumpfrequency = 0  (dump frequency of HMM)
l = 126-05-24.110948.lawun330.log  (log file name)
log = 0  (0: no logfile; 1: logfile)
model1dumpfrequency = 1  (dump frequency of Model 1)
model2dumpfrequency = 0  (dump frequency of Model 2)
model345dumpfrequency = 0  (dump frequency of Model 3/4/5)
nbestalignments = 0  (for printing the n best alignments)
nodumps = 1  (1: do not write any files)
o = /home/lawun330/Desktop/basic-statistical-machine-translation/baseline2/ph-my/training/giza.5/my-ph  (output file prefix)
onlyaldumps = 1  (1: do not write any files)
outputpath =   (output path)
transferdumpfrequency = 0  (output: dump of transfer from Model 2 to 3)
verbose = 0  (0: not verbose; 1: verbose)
verbosesentence = -10  (number of sentence for which a lot of information should be printed (negative: no output))

parameters describing input files:
----------------------------------
c = /home/lawun330/Desktop/basic-statistical-machine-translation/baseline2/ph-my/training/prepared.5/my-ph-int-train.snt  (training corpus file name)
d =   (dictionary file name)
previousa =   (The a-table of previous step)
previousd =   (The d-table of previous step)
previousd4 =   (The d4-table of previous step)
previousd42 =   (The d4-table (2) of previous step)
previoushmm =   (The hmm-table of previous step)
previousn =   (The n-table of previous step)
previousp0 =   (The P0 previous step)
previoust =   (The t-table of previous step)
restart = 0  (Restart training from a level,0: Normal restart, from model 1, 1: Model 1, 2: Model 2 Init (Using Model 1 model input and train model 2), 3: Model 2, (using model 2 input and train model 2), 4 : HMM Init (Using Model 1 model and train HMM), 5: HMM (Using Model 2 model and train HMM) 6 : HMM (Using HMM Model and train HMM), 7: Model 3 Init (Use HMM model and train model 3) 8: Model 3 Init (Use Model 2 model and train model 3) 9: Model 3, 10: Model 4 Init (Use Model 3 model and train Model 4) 11: Model 4 and on, )
s = /home/lawun330/Desktop/basic-statistical-machine-translation/baseline2/ph-my/training/prepared.5/ph.vcb  (source vocabulary file name)
sourcevocabularyclasses =   (source vocabulary classes file name)
t = /home/lawun330/Desktop/basic-statistical-machine-translation/baseline2/ph-my/training/prepared.5/my.vcb  (target vocabulary file name)
targetvocabularyclasses =   (target vocabulary classes file name)
tc =   (test corpus file name)

smoothing parameters:
---------------------
emalsmooth = 0.2  (f-b-trn: smoothing factor for HMM alignment model (can be ignored by -emSmoothHMM))
model23smoothfactor = 0  (smoothing parameter for IBM-2/3 (interpolation with constant))
model4smoothfactor = 0.4  (smooting parameter for alignment probabilities in Model 4)
model5smoothfactor = 0.1  (smooting parameter for distortion probabilities in Model 5 (linear interpolation with constant))
nsmooth = 4  (smoothing for fertility parameters (good value: 64): weight for wordlength-dependent fertility parameters)
nsmoothgeneral = 0  (smoothing for fertility parameters (default: 0): weight for word-independent fertility parameters)

parameters modifying the models:
--------------------------------
compactadtable = 1  (1: only 3-dimensional alignment table for IBM-2 and IBM-3)
deficientdistortionforemptyword = 0  (0: IBM-3/IBM-4 as described in (Brown et al. 1993); 1: distortion model of empty word is deficient; 2: distoriton model of empty word is deficient (differently); setting this parameter also helps to avoid that during IBM-3 and IBM-4 training too many words are aligned with the empty word)
depm4 = 76  (d_{=1}: &1:l, &2:m, &4:F, &8:E, d_{>1}&16:l, &32:m, &64:F, &128:E)
depm5 = 68  (d_{=1}: &1:l, &2:m, &4:F, &8:E, d_{>1}&16:l, &32:m, &64:F, &128:E)
emalignmentdependencies = 2  (lextrain: dependencies in the HMM alignment model.  &1: sentence length; &2: previous class; &4: previous position;  &8: French position; &16: French class)
emprobforempty = 0.4  (f-b-trn: probability for empty word)

parameters modifying the EM-algorithm:
--------------------------------------
m5p0 = -1  (fixed value for parameter p_0 in IBM-5 (if negative then it is determined in training))
manlexfactor1 = 0  ()
manlexfactor2 = 0  ()
manlexmaxmultiplicity = 20  ()
maxfertility = 10  (maximal fertility for fertility models)
ncpus = 8  (Number of threads to be executed, use 0 if you just want all CPUs to be used)
p0 = 0.999  (fixed value for parameter p_0 in IBM-3/4 (if negative then it is determined in training))
pegging = 0  (0: no pegging; 1: do pegging)

Parameter 'sourcevocabularyclasses' changed from '' to '/home/lawun330/Desktop/basic-statistical-machine-translation/baseline2/ph-my/training/prepared.5/ph.vcb.classes'
Parameter 'targetvocabularyclasses' changed from '' to '/home/lawun330/Desktop/basic-statistical-machine-translation/baseline2/ph-my/training/prepared.5/my.vcb.classes'
general parameters:
-------------------
ml = 101  (maximum sentence length)

No. of iterations:
-------------------
hmmiterations = 5  (mh)
model1iterations = 5  (number of iterations for Model 1)
model2iterations = 0  (number of iterations for Model 2)
model3iterations = 3  (number of iterations for Model 3)
model4iterations = 3  (number of iterations for Model 4)
model5iterations = 0  (number of iterations for Model 5)
model6iterations = 0  (number of iterations for Model 6)

parameter for various heuristics in GIZA++ for efficient training:
------------------------------------------------------------------
countincreasecutoff = 1e-06  (Counts increment cutoff threshold)
countincreasecutoffal = 1e-05  (Counts increment cutoff threshold for alignments in training of fertility models)
mincountincrease = 1e-07  (minimal count increase)
peggedcutoff = 0.03  (relative cutoff probability for alignment-centers in pegging)
probcutoff = 1e-07  (Probability cutoff threshold for lexicon probabilities)
probsmooth = 1e-07  (probability smoothing (floor) value )

parameters for describing the type and amount of output:
-----------------------------------------------------------
compactalignmentformat = 0  (0: detailled alignment format, 1: compact alignment format )
countoutputprefix =   (The prefix for output counts)
dumpcount = 0  (Whether we are going to dump count (in addition to) final output?)
dumpcountusingwordstring = 0  (In count table, should actual word appears or just the id? default is id)
hmmdumpfrequency = 0  (dump frequency of HMM)
l = 126-05-24.110948.lawun330.log  (log file name)
log = 0  (0: no logfile; 1: logfile)
model1dumpfrequency = 1  (dump frequency of Model 1)
model2dumpfrequency = 0  (dump frequency of Model 2)
model345dumpfrequency = 0  (dump frequency of Model 3/4/5)
nbestalignments = 0  (for printing the n best alignments)
nodumps = 1  (1: do not write any files)
o = /home/lawun330/Desktop/basic-statistical-machine-translation/baseline2/ph-my/training/giza.5/my-ph  (output file prefix)
onlyaldumps = 1  (1: do not write any files)
outputpath =   (output path)
transferdumpfrequency = 0  (output: dump of transfer from Model 2 to 3)
verbose = 0  (0: not verbose; 1: verbose)
verbosesentence = -10  (number of sentence for which a lot of information should be printed (negative: no output))

parameters describing input files:
----------------------------------
c = /home/lawun330/Desktop/basic-statistical-machine-translation/baseline2/ph-my/training/prepared.5/my-ph-int-train.snt  (training corpus file name)
d =   (dictionary file name)
previousa =   (The a-table of previous step)
previousd =   (The d-table of previous step)
previousd4 =   (The d4-table of previous step)
previousd42 =   (The d4-table (2) of previous step)
previoushmm =   (The hmm-table of previous step)
previousn =   (The n-table of previous step)
previousp0 =   (The P0 previous step)
previoust =   (The t-table of previous step)
restart = 0  (Restart training from a level,0: Normal restart, from model 1, 1: Model 1, 2: Model 2 Init (Using Model 1 model input and train model 2), 3: Model 2, (using model 2 input and train model 2), 4 : HMM Init (Using Model 1 model and train HMM), 5: HMM (Using Model 2 model and train HMM) 6 : HMM (Using HMM Model and train HMM), 7: Model 3 Init (Use HMM model and train model 3) 8: Model 3 Init (Use Model 2 model and train model 3) 9: Model 3, 10: Model 4 Init (Use Model 3 model and train Model 4) 11: Model 4 and on, )
s = /home/lawun330/Desktop/basic-statistical-machine-translation/baseline2/ph-my/training/prepared.5/ph.vcb  (source vocabulary file name)
sourcevocabularyclasses = /home/lawun330/Desktop/basic-statistical-machine-translation/baseline2/ph-my/training/prepared.5/ph.vcb.classes  (source vocabulary classes file name)
t = /home/lawun330/Desktop/basic-statistical-machine-translation/baseline2/ph-my/training/prepared.5/my.vcb  (target vocabulary file name)
targetvocabularyclasses = /home/lawun330/Desktop/basic-statistical-machine-translation/baseline2/ph-my/training/prepared.5/my.vcb.classes  (target vocabulary classes file name)
tc =   (test corpus file name)

smoothing parameters:
---------------------
emalsmooth = 0.2  (f-b-trn: smoothing factor for HMM alignment model (can be ignored by -emSmoothHMM))
model23smoothfactor = 0  (smoothing parameter for IBM-2/3 (interpolation with constant))
model4smoothfactor = 0.4  (smooting parameter for alignment probabilities in Model 4)
model5smoothfactor = 0.1  (smooting parameter for distortion probabilities in Model 5 (linear interpolation with constant))
nsmooth = 4  (smoothing for fertility parameters (good value: 64): weight for wordlength-dependent fertility parameters)
nsmoothgeneral = 0  (smoothing for fertility parameters (default: 0): weight for word-independent fertility parameters)

parameters modifying the models:
--------------------------------
compactadtable = 1  (1: only 3-dimensional alignment table for IBM-2 and IBM-3)
deficientdistortionforemptyword = 0  (0: IBM-3/IBM-4 as described in (Brown et al. 1993); 1: distortion model of empty word is deficient; 2: distoriton model of empty word is deficient (differently); setting this parameter also helps to avoid that during IBM-3 and IBM-4 training too many words are aligned with the empty word)
depm4 = 76  (d_{=1}: &1:l, &2:m, &4:F, &8:E, d_{>1}&16:l, &32:m, &64:F, &128:E)
depm5 = 68  (d_{=1}: &1:l, &2:m, &4:F, &8:E, d_{>1}&16:l, &32:m, &64:F, &128:E)
emalignmentdependencies = 2  (lextrain: dependencies in the HMM alignment model.  &1: sentence length; &2: previous class; &4: previous position;  &8: French position; &16: French class)
emprobforempty = 0.4  (f-b-trn: probability for empty word)

parameters modifying the EM-algorithm:
--------------------------------------
m5p0 = -1  (fixed value for parameter p_0 in IBM-5 (if negative then it is determined in training))
manlexfactor1 = 0  ()
manlexfactor2 = 0  ()
manlexmaxmultiplicity = 20  ()
maxfertility = 10  (maximal fertility for fertility models)
ncpus = 8  (Number of threads to be executed, use 0 if you just want all CPUs to be used)
p0 = 0.999  (fixed value for parameter p_0 in IBM-3/4 (if negative then it is determined in training))
pegging = 0  (0: no pegging; 1: do pegging)

reading vocabulary files 
Source vocabulary list has 1835 unique tokens 
Target vocabulary list has 2284 unique tokens 
Calculating vocabulary frequencies from corpus /home/lawun330/Desktop/basic-statistical-machine-translation/baseline2/ph-my/training/prepared.5/my-ph-int-train.snt
Reading more sentence pairs into memory ... 
Corpus fits in memory, corpus has: 20000 sentence pairs.
 Train total # sentence pairs (weighted): 20000
Size of source portion of the training corpus: 57346 tokens
Size of the target portion of the training corpus: 57286 tokens 
In source portion of the training corpus, only 1834 unique tokens appeared
In target portion of the training corpus, only 2282 unique tokens appeared
lambda for PP calculation in IBM-1,IBM-2,HMM:= 57286/(77346-20000)== 0.998954
There are 75177 75177 entries in table
==========================================================
Model1 Training Started at: Sun May 24 11:09:48 2026

-----------
Model1: Iteration 1
==========================================================
Model1 Training Started at: Sun May 24 11:09:48 2026

-----------
Model1: Iteration 1
==========================================================
Model1 Training Started at: ==========================================================
Model1 Training Started at: Sun May 24 11:09:48 2026

-----------
Model1: Iteration 1
==========================================================
Model1 Training Started at: ==========================================================
Model1 Training Started at: Sun May 24 11:09:48 2026

-----------
Model1: Iteration 1
==========================================================
Model1 Training Started at: Sun May 24 11:09:48 2026

-----------
Model1: Iteration 1
Sun May 24 11:09:48 2026

-----------
Model1: Iteration 1
==========================================================
Model1 Training Started at: Sun May 24 11:09:48 2026

-----------
Model1: Iteration 1
Sun May 24 11:09:48 2026

-----------
Model1: Iteration 1
Model1: (1) TRAIN CROSS-ENTROPY 12.991 PERPLEXITY 8140.94
Model1: (1) VITERBI TRAIN CROSS-ENTROPY 15.015 PERPLEXITY 33109.5
Model 1 Iteration: 1 took: 0 seconds
-----------
Model1: Iteration 2
==========================================================
Model1 Training Started at: Sun May 24 11:09:48 2026

-----------
Model1: Iteration 2
==========================================================
Model1 Training Started at: Sun May 24 11:09:48 2026

-----------
Model1: Iteration 2
==========================================================
Model1 Training Started at: Sun May 24 11:09:48 2026

-----------
Model1: Iteration ==========================================================
2
Model1 Training Started at: Sun May 24 11:09:48 2026

-----------
Model1: Iteration 2
==========================================================
Model1 Training Started at: Sun May 24 11:09:48 2026

-----------
Model1: Iteration 2
==========================================================
Model1 Training Started at: Sun May 24 11:09:48 2026

-----------
Model1: Iteration 2
==========================================================
Model1 Training Started at: Sun May 24 11:09:48 2026

-----------
Model1: Iteration 2
Model1: (2) TRAIN CROSS-ENTROPY 4.57265 PERPLEXITY 23.7961
Model1: (2) VITERBI TRAIN CROSS-ENTROPY 4.90611 PERPLEXITY 29.9837
Model 1 Iteration: 2 took: 0 seconds
-----------
Model1: Iteration 3
==========================================================
Model1 Training Started at: Sun May 24 11:09:48 2026

-----------
Model1: Iteration 3
==========================================================
Model1 Training Started at: Sun May 24 11:09:48 2026

-----------
Model1: Iteration 3
==========================================================
Model1 Training Started at: Sun May 24 11:09:48 2026

-----------
Model1: Iteration 3
==========================================================
Model1 Training Started at: Sun May 24 11:09:48 2026

-----------
Model1: Iteration 3
==========================================================
Model1 Training Started at: Sun May 24 11:09:48 2026

-----------
Model1: Iteration 3
==========================================================
Model1 Training Started at: Sun May 24 11:09:48 2026

-----------
Model1: Iteration 3
==========================================================
Model1 Training Started at: Sun May 24 11:09:48 2026

-----------
Model1: Iteration 3
Model1: (3) TRAIN CROSS-ENTROPY 3.49161 PERPLEXITY 11.2481
Model1: (3) VITERBI TRAIN CROSS-ENTROPY 3.67623 PERPLEXITY 12.7837
Model 1 Iteration: 3 took: 0 seconds
-----------
Model1: Iteration 4
==========================================================
Model1 Training Started at: Sun May 24 11:09:48 2026

-----------
Model1: Iteration 4
==========================================================
Model1 Training Started at: Sun May 24 11:09:48 2026

-----------
Model1: Iteration 4
==========================================================
Model1 Training Started at: Sun May 24 11:09:48 2026

-----------
Model1: Iteration 4
==========================================================
Model1 Training Started at: Sun May 24 11:09:48 2026

-----------
Model1: Iteration 4
==========================================================
Model1 Training Started at: Sun May 24 11:09:48 2026

-----------
Model1: Iteration 4
==========================================================
Model1 Training Started at: Sun May 24 11:09:48 2026

-----------
Model1: Iteration 4
==========================================================
Model1 Training Started at: Sun May 24 11:09:48 2026

-----------
Model1: Iteration 4
Model1: (4) TRAIN CROSS-ENTROPY 3.3664 PERPLEXITY 10.313
Model1: (4) VITERBI TRAIN CROSS-ENTROPY 3.5317 PERPLEXITY 11.565
Model 1 Iteration: 4 took: 0 seconds
-----------
Model1: Iteration 5
==========================================================
Model1 Training Started at: Sun May 24 11:09:48 2026

-----------
Model1: Iteration 5
==========================================================
Model1 Training Started at: Sun May 24 11:09:48 2026

-----------
Model1: Iteration 5
==========================================================
==========================================================
Model1 Training Started at: Model1 Training Started at: ==========================================================
Model1 Training Started at: Sun May 24 11:09:48 2026

-----------
Model1: Iteration 5
==========================================================
Model1 Training Started at: Sun May 24 11:09:48 2026

-----------
Model1: Iteration 5
Sun May 24 11:09:48 2026

-----------
Model1: Iteration 5
==========================================================
Model1 Training Started at: Sun May 24 11:09:48 2026

-----------
Model1: Iteration 5
Sun May 24 11:09:48 2026

-----------
Model1: Iteration 5
Model1: (5) TRAIN CROSS-ENTROPY 3.3449 PERPLEXITY 10.1605
Model1: (5) VITERBI TRAIN CROSS-ENTROPY 3.50315 PERPLEXITY 11.3384
Model 1 Iteration: 5 took: 0 seconds
Entire Model1 Training took: 0 seconds
NOTE: I am doing iterations with the HMM model!
Read classes: #words: 1834  #classes: 51
Actual number of read words: 1833 stored words: 1833
Read classes: #words: 2283  #classes: 51
Actual number of read words: 2282 stored words: 2282

==========================================================
Hmm Training Started at: Sun May 24 11:09:48 2026

-----------
Hmm: Iteration 1
A/D table contains 594 parameters.
Hmm: (1) TRAIN CROSS-ENTROPY 3.33911 PERPLEXITY 10.1198
Hmm: (1) VITERBI TRAIN CROSS-ENTROPY 3.49409 PERPLEXITY 11.2675

Hmm Iteration: 1 took: 0 seconds

-----------
Hmm: Iteration 2
A/D table contains 594 parameters.
Hmm: (2) TRAIN CROSS-ENTROPY 1.36474 PERPLEXITY 2.5753
Hmm: (2) VITERBI TRAIN CROSS-ENTROPY 1.37837 PERPLEXITY 2.59974

Hmm Iteration: 2 took: 0 seconds

-----------
Hmm: Iteration 3
A/D table contains 594 parameters.
Hmm: (3) TRAIN CROSS-ENTROPY 1.18606 PERPLEXITY 2.27531
Hmm: (3) VITERBI TRAIN CROSS-ENTROPY 1.19217 PERPLEXITY 2.28497

Hmm Iteration: 3 took: 0 seconds

-----------
Hmm: Iteration 4
A/D table contains 594 parameters.
Hmm: (4) TRAIN CROSS-ENTROPY 1.14166 PERPLEXITY 2.20635
Hmm: (4) VITERBI TRAIN CROSS-ENTROPY 1.14572 PERPLEXITY 2.21257

Hmm Iteration: 4 took: 0 seconds

-----------
Hmm: Iteration 5
A/D table contains 594 parameters.
Hmm: (5) TRAIN CROSS-ENTROPY 1.12241 PERPLEXITY 2.1771
Hmm: (5) VITERBI TRAIN CROSS-ENTROPY 1.12541 PERPLEXITY 2.18164

Hmm Iteration: 5 took: 0 seconds

Entire Hmm Training took: 0 seconds
==========================================================

==========================================================
Starting H333444:  Viterbi Training
 H333444 Training Started at: Sun May 24 11:09:48 2026


---------------------
THTo3: Iteration 1
#centers(pre/hillclimbed/real): #centers(pre/hillclimbed/real): #centers(pre/hillclimbed/real): #centers(pre/hillclimbed/real): #centers(pre/hillclimbed/real): 11 11 #centers(pre/hillclimbed/real):  11 1 11 1    #al: 1  #al: 1 11 13.0978 #alsophisticatedcountcollection: 0 #hcsteps:   #al:   #al: 1#centers(pre/hillclimbed/real): 013.4128 #alsophisticatedcountcollection: 13.738 #alsophisticatedcountcollection: 001 #hcsteps:  #hcsteps: 
 0#peggingImprovements: 00
#peggingImprovements: 
0#peggingImprovements: 
  #al: 
10
#centers(pre/hillclimbed/real): 1 1 1  #al: 13.4437 #alsophisticatedcountcollection: 0 #hcsteps: 0
#peggingImprovements: 0
 1  #al: 13.3996 #alsophisticatedcountcollection: 13.20620 #alsophisticatedcountcollection:  #hcsteps: 0 #hcsteps: 0
0#peggingImprovements: 
#peggingImprovements: 0
0
13.17221 #alsophisticatedcountcollection:  0 #hcsteps: 0
#peggingImprovements: 10 1  #al: 
13.0581 #alsophisticatedcountcollection: 0 #hcsteps: 0
#peggingImprovements: 0
A/D table contains 594 parameters.
A/D table contains 624 parameters.
p0_count is 57225.9 and p1 is 30.0417; p0 is 0.999 p1: 0.001
THTo3: TRAIN CROSS-ENTROPY 0.378029 PERPLEXITY 1.29957
THTo3: (1) TRAIN VITERBI CROSS-ENTROPY 0.380435 PERPLEXITY 1.30173

THTo3 Viterbi Iteration : 1 took: 0 seconds

---------------------
Model3: Iteration 2
#centers(pre/hillclimbed/real): #centers(pre/hillclimbed/real): #centers(pre/hillclimbed/real): #centers(pre/hillclimbed/real): #centers(pre/hillclimbed/real): 1 1#centers(pre/hillclimbed/real): 11   1 1  #al: 11   #al: 1  #al: 13.526411#centers(pre/hillclimbed/real): 13.45313.5474 #alsophisticatedcountcollection:    #alsophisticatedcountcollection: #centers(pre/hillclimbed/real):  #alsophisticatedcountcollection: 01 #hcsteps: 0 #hcsteps: 1.003471 1.003851
  #al: 0#peggingImprovements:   #hcsteps: 11.0022013.5582
 
#peggingImprovements: 1  #al: 0
113.125511 #alsophisticatedcountcollection:    #alsophisticatedcountcollection: 0 #hcsteps: 10 #hcsteps:  1.004431.00226  #al: 
1 1 1  #al: #peggingImprovements: 1
  #al: 0
13.0531 #alsophisticatedcountcollection: 0 #hcsteps: #peggingImprovements: 1.002550

#peggingImprovements: 12.7964 #alsophisticatedcountcollection: 0
0 #hcsteps: 1.0023813.4035 #alsophisticatedcountcollection: 
#peggingImprovements: 0 #hcsteps: 0
1.00296
#peggingImprovements: 0

#peggingImprovements: 0
A/D table contains 594 parameters.
A/D table contains 612 parameters.
p0_count is 57268 and p1 is 9.01134; p0 is 0.999 p1: 0.001
Model3: TRAIN CROSS-ENTROPY 0.806991 PERPLEXITY 1.74956
Model3: (2) TRAIN VITERBI CROSS-ENTROPY 0.807301 PERPLEXITY 1.74993

Model3 Viterbi Iteration : 2 took: 0 seconds

---------------------
Model3: Iteration 3
#centers(pre/hillclimbed/real): #centers(pre/hillclimbed/real): #centers(pre/hillclimbed/real): #centers(pre/hillclimbed/real): 1 1 11 11  #al: #centers(pre/hillclimbed/real):   11#centers(pre/hillclimbed/real):  #centers(pre/hillclimbed/real): 113.5599 11 #alsophisticatedcountcollection:   #al: 0 #hcsteps:  1.0023 1 
#peggingImprovements: 113.068501 #alsophisticatedcountcollection:   #al: 101   #al: 12.94861 #hcsteps: 
13.7251 #alsophisticatedcountcollection:  #alsophisticatedcountcollection: 0 #hcsteps: 1.0029#centers(pre/hillclimbed/real): 
  #al: 0#peggingImprovements:  #hcsteps: 0
1.00236
#peggingImprovements: 0
1.002913.0494 
#peggingImprovements: 0
 #alsophisticatedcountcollection: 1 01 #hcsteps:   #al: 11.0012113.4216 #alsophisticatedcountcollection: 
#peggingImprovements: 0 #hcsteps:  01.00127

#peggingImprovements: 0
11  #al:  13.7417 #alsophisticatedcountcollection: 1 0 #hcsteps: 1  #al: 1.00201
#peggingImprovements: 13.2335 #alsophisticatedcountcollection: 0
0 #hcsteps: 1.00194
#peggingImprovements: 0
A/D table contains 594 parameters.
A/D table contains 604 parameters.
p0_count is 57276.5 and p1 is 4.75634; p0 is 0.999 p1: 0.001
Model3: TRAIN CROSS-ENTROPY 0.789728 PERPLEXITY 1.72875
Model3: (3) TRAIN VITERBI CROSS-ENTROPY 0.78994 PERPLEXITY 1.729

Model3 Viterbi Iteration : 3 took: 0 seconds

---------------------
T3To4: Iteration 4
#centers(pre/hillclimbed/real): #centers(pre/hillclimbed/real): 11 #centers(pre/hillclimbed/real):  1 1#centers(pre/hillclimbed/real):  11   #al: 1  #al: #centers(pre/hillclimbed/real): 1 13.1597 #alsophisticatedcountcollection: 19.07626  #al:  #hcsteps: 113.7111.00135 
#peggingImprovements: 113.237 #alsophisticatedcountcollection: 0 
1  #al:  #alsophisticatedcountcollection: 8.599413.36316.28956 #hcsteps: 1.00156
 #peggingImprovements:  #hcsteps: 1.00043
#peggingImprovements: 0
#centers(pre/hillclimbed/real):  #alsophisticatedcountcollection: 1 1 1  #al: 13.6549 #alsophisticatedcountcollection: 6.37762 #hcsteps: 8.84176 #hcsteps: 1.00127
#peggingImprovements: 1.003080
1
#peggingImprovements: 0
 #centers(pre/hillclimbed/real): 01  #al: 
12.8624 #alsophisticatedcountcollection: #centers(pre/hillclimbed/real): 8.8422 #hcsteps: 1.00088
#peggingImprovements: 0
1 1 1  #al: 13.4199 #alsophisticatedcountcollection: 1 9.02467 #hcsteps: 1 1.00091  #al: 
13.2688 #alsophisticatedcountcollection: #peggingImprovements: 8.69317 #hcsteps: 0
1.00173
#peggingImprovements: 0
D4 table contains 476644 parameters.
A/D table contains 594 parameters.
A/D table contains 594 parameters.
p0_count is 57283.7 and p1 is 1.15239; p0 is 0.999 p1: 0.001
T3To4: TRAIN CROSS-ENTROPY 0.783792 PERPLEXITY 1.72165
T3To4: (4) TRAIN VITERBI CROSS-ENTROPY 0.783865 PERPLEXITY 1.72174

T3To4 Viterbi Iteration : 4 took: 0 seconds

---------------------
Model4: Iteration 5
#centers(pre/hillclimbed/real): #centers(pre/hillclimbed/real): #centers(pre/hillclimbed/real): #centers(pre/hillclimbed/real): 1 1 1  #al: 111  13.3064 #alsophisticatedcountcollection:  9.17432 #hcsteps: 11.0036611   1
1  #al: #centers(pre/hillclimbed/real):   #al: 13.3216 #alsophisticatedcountcollection: 13.322 #alsophisticatedcountcollection: 1#peggingImprovements: #centers(pre/hillclimbed/real): 0
8.95282  #hcsteps: 18.5623811.00079
#peggingImprovements:  #hcsteps:   #al: 0112.9339 #alsophisticatedcountcollection:  
1.0007610.287 #hcsteps: 1.00137
1#peggingImprovements: 
#peggingImprovements:   #al:  00
13.53771 #alsophisticatedcountcollection: #centers(pre/hillclimbed/real): 7.7488 #hcsteps: 1.00069
#peggingImprovements: 0
#centers(pre/hillclimbed/real): 1 1 1  #al: 13.3616 #alsophisticatedcountcollection: 10.2828 #hcsteps: 1.00137
#peggingImprovements: 0

 1  #al: 13.4901 #alsophisticatedcountcollection: 8.57941 #hcsteps: 1.00038
#peggingImprovements: 0
1 1 1  #al: 13.3013 #alsophisticatedcountcollection: 9.24314 #hcsteps: 1.00082
#peggingImprovements: 0
D4 table contains 476644 parameters.
A/D table contains 594 parameters.
A/D table contains 572 parameters.
p0_count is 57282.2 and p1 is 1.87854; p0 is 0.999 p1: 0.001
Model4: TRAIN CROSS-ENTROPY 1.31818 PERPLEXITY 2.49352
Model4: (5) TRAIN VITERBI CROSS-ENTROPY 1.31845 PERPLEXITY 2.49398

Model4 Viterbi Iteration : 5 took: 0 seconds

---------------------
Model4: Iteration 6
I will write alignment to /home/lawun330/Desktop/basic-statistical-machine-translation/baseline2/ph-my/training/giza.5/my-ph.A3.final.part001
I will write alignment to /home/lawun330/Desktop/basic-statistical-machine-translation/baseline2/ph-my/training/giza.5/my-ph.A3.final.part002
I will write alignment to /home/lawun330/Desktop/basic-statistical-machine-translation/baseline2/ph-my/training/giza.5/my-ph.A3.final.part003
I will write alignment to /home/lawun330/Desktop/basic-statistical-machine-translation/baseline2/ph-my/training/giza.5/my-ph.A3.final.part004
I will write alignment to /home/lawun330/Desktop/basic-statistical-machine-translation/baseline2/ph-my/training/giza.5/my-ph.A3.final.part005
I will write alignment to /home/lawun330/Desktop/basic-statistical-machine-translation/baseline2/ph-my/training/giza.5/my-ph.A3.final.part006
I will write alignment to /home/lawun330/Desktop/basic-statistical-machine-translation/baseline2/ph-my/training/giza.5/my-ph.A3.final.part000
I will write alignment to /home/lawun330/Desktop/basic-statistical-machine-translation/baseline2/ph-my/training/giza.5/my-ph.A3.final.part007
#centers(pre/hillclimbed/real): 1 1 1  #al: #centers(pre/hillclimbed/real): 13.4322 #alsophisticatedcountcollection: 9.60868 #hcsteps: 1 1.00085
#peggingImprovements: 1 0
1  #al: 13.4407 #alsophisticatedcountcollection: 7.38509 #hcsteps: 1.00065
#peggingImprovements: 0
#centers(pre/hillclimbed/real): 1 1 1  #al: 13.3458 #alsophisticatedcountcollection: #centers(pre/hillclimbed/real): 7.08943 #hcsteps: 1 1.00031
1#peggingImprovements:  1  #al: 0
13.2937 #alsophisticatedcountcollection: 9.48175 #hcsteps: 1.00084
#peggingImprovements: 0
#centers(pre/hillclimbed/real): 1 1 1  #al: 13.1765 #alsophisticatedcountcollection: #centers(pre/hillclimbed/real): 9.58634 #hcsteps: 1.00085
#peggingImprovements: 0
1 1 1  #al: 13.3256#centers(pre/hillclimbed/real):  #alsophisticatedcountcollection: 1 10.3315 #hcsteps: 11 
#peggingImprovements: 1  #al: 0
13.5361 #alsophisticatedcountcollection: 10.2565 #hcsteps: 1.00091
#peggingImprovements: 0
#centers(pre/hillclimbed/real): 1 1 1  #al: 13.0805 #alsophisticatedcountcollection: 9.94061 #hcsteps: 1.00088
#peggingImprovements: 0
D4 table contains 476644 parameters.
A/D table contains 594 parameters.
A/D table contains 572 parameters.
p0_count is 57282 and p1 is 2.00035; p0 is 0.999 p1: 0.001
Model4: TRAIN CROSS-ENTROPY 1.31827 PERPLEXITY 2.49368
Model4: (6) TRAIN VITERBI CROSS-ENTROPY 1.31857 PERPLEXITY 2.49418

Model4 Viterbi Iteration : 6 took: 0 seconds
H333444 Training Finished at: Sun May 24 11:09:48 2026


Entire Viterbi H333444 Training took: 0 seconds
==========================================================

Entire Training took: 0 seconds
Program Finished at: Sun May 24 11:09:48 2026

==========================================================
finished at Sun May 24 11:09:49 AM +07 2026
