Using SCRIPTS_ROOTDIR: /home/lawun330/NLP/ubuntu-17.04/moses/scripts
Asking moses for feature names and values from /home/lawun330/Desktop/basic-statistical-machine-translation/baseline2/ph-my/tuning/moses.filtered.ini.5
Executing: /home/lawun330/NLP/ubuntu-17.04/moses/bin/moses  -v 0  -config /home/lawun330/Desktop/basic-statistical-machine-translation/baseline2/ph-my/tuning/moses.filtered.ini.5 -show-weights
exec: /home/lawun330/NLP/ubuntu-17.04/moses/bin/moses  -v 0  -config /home/lawun330/Desktop/basic-statistical-machine-translation/baseline2/ph-my/tuning/moses.filtered.ini.5 -show-weights
Executing: /home/lawun330/NLP/ubuntu-17.04/moses/bin/moses  -v 0  -config /home/lawun330/Desktop/basic-statistical-machine-translation/baseline2/ph-my/tuning/moses.filtered.ini.5 -show-weights > ./features.list 2> /dev/null
MERT starting values and ranges for random generation:
  LexicalReordering0 =   0.300 ( 0.00 ..  1.00)
  LexicalReordering0 =   0.300 ( 0.00 ..  1.00)
  LexicalReordering0 =   0.300 ( 0.00 ..  1.00)
  LexicalReordering0 =   0.300 ( 0.00 ..  1.00)
  LexicalReordering0 =   0.300 ( 0.00 ..  1.00)
  LexicalReordering0 =   0.300 ( 0.00 ..  1.00)
  Distortion0 =   0.300 ( 0.00 ..  1.00)
    LM0 =   0.500 ( 0.00 ..  1.00)
  WordPenalty0 =  -1.000 ( 0.00 ..  1.00)
  PhrasePenalty0 =   0.200 ( 0.00 ..  1.00)
  TranslationModel0 =   0.200 ( 0.00 ..  1.00)
  TranslationModel0 =   0.200 ( 0.00 ..  1.00)
  TranslationModel0 =   0.200 ( 0.00 ..  1.00)
  TranslationModel0 =   0.200 ( 0.00 ..  1.00)
featlist: LexicalReordering0=0.300000 
featlist: LexicalReordering0=0.300000 
featlist: LexicalReordering0=0.300000 
featlist: LexicalReordering0=0.300000 
featlist: LexicalReordering0=0.300000 
featlist: LexicalReordering0=0.300000 
featlist: Distortion0=0.300000 
featlist: LM0=0.500000 
featlist: WordPenalty0=-1.000000 
featlist: PhrasePenalty0=0.200000 
featlist: TranslationModel0=0.200000 
featlist: TranslationModel0=0.200000 
featlist: TranslationModel0=0.200000 
featlist: TranslationModel0=0.200000 
Saved: ./run1.moses.ini
Normalizing lambdas: 0.300000 0.300000 0.300000 0.300000 0.300000 0.300000 0.300000 0.500000 -1.000000 0.200000 0.200000 0.200000 0.200000 0.200000
DECODER_CFG = -weight-overwrite 'PhrasePenalty0= 0.043478 Distortion0= 0.065217 WordPenalty0= -0.217391 LM0= 0.108696 TranslationModel0= 0.043478 0.043478 0.043478 0.043478 LexicalReordering0= 0.065217 0.065217 0.065217 0.065217 0.065217 0.065217'
Executing: /home/lawun330/NLP/ubuntu-17.04/moses/bin/moses -v 0   -config /home/lawun330/Desktop/basic-statistical-machine-translation/baseline2/ph-my/tuning/moses.filtered.ini.5 -weight-overwrite 'PhrasePenalty0= 0.043478 Distortion0= 0.065217 WordPenalty0= -0.217391 LM0= 0.108696 TranslationModel0= 0.043478 0.043478 0.043478 0.043478 LexicalReordering0= 0.065217 0.065217 0.065217 0.065217 0.065217 0.065217'  -n-best-list run1.best100.out 100 distinct  -input-file /home/lawun330/Desktop/basic-statistical-machine-translation/data/cleaned_2/dev.ph > run1.out 
Executing: /home/lawun330/NLP/ubuntu-17.04/moses/bin/moses -v 0   -config /home/lawun330/Desktop/basic-statistical-machine-translation/baseline2/ph-my/tuning/moses.filtered.ini.5 -weight-overwrite 'PhrasePenalty0= 0.043478 Distortion0= 0.065217 WordPenalty0= -0.217391 LM0= 0.108696 TranslationModel0= 0.043478 0.043478 0.043478 0.043478 LexicalReordering0= 0.065217 0.065217 0.065217 0.065217 0.065217 0.065217'  -n-best-list run1.best100.out 100 distinct  -input-file /home/lawun330/Desktop/basic-statistical-machine-translation/data/cleaned_2/dev.ph > run1.out
Loading table into memory...done.
Name:moses	VmPeak:159360 kB	VmRSS:22024 kB	RSSMax:23264 kB	user:2.699	sys:0.051	CPU:2.750	real:2.732
The decoder returns the scores in this order: LexicalReordering0 LexicalReordering0 LexicalReordering0 LexicalReordering0 LexicalReordering0 LexicalReordering0 Distortion0 LM0 WordPenalty0 PhrasePenalty0 TranslationModel0 TranslationModel0 TranslationModel0 TranslationModel0
Executing: gzip -f run1.best100.out
Scoring the nbestlist.
exec: /home/lawun330/Desktop/basic-statistical-machine-translation/baseline2/ph-my/tuning/tmp.5/extractor.sh
Executing: /home/lawun330/Desktop/basic-statistical-machine-translation/baseline2/ph-my/tuning/tmp.5/extractor.sh > extract.out 2> extract.err
Executing: \cp -f init.opt run1.init.opt
exec: /home/lawun330/NLP/ubuntu-17.04/moses/bin/mert -d 14  --sctype BLEU --scconfig case:true --ffile run1.features.dat --scfile run1.scores.dat --ifile run1.init.opt -n 20
Executing: /home/lawun330/NLP/ubuntu-17.04/moses/bin/mert -d 14  --sctype BLEU --scconfig case:true --ffile run1.features.dat --scfile run1.scores.dat --ifile run1.init.opt -n 20 > mert.out 2> mert.log
Executing: \cp -f extract.err run1.extract.err
Executing: \cp -f extract.out run1.extract.out
Executing: \cp -f mert.out run1.mert.out
Executing: \cp -f mert.log run1.mert.log
Executing: touch mert.log run1.mert.log
Executing: \cp -f weights.txt run1.weights.txt
featlist: LexicalReordering0=0.0278499 
featlist: LexicalReordering0=0.204827 
featlist: LexicalReordering0=0.312789 
featlist: LexicalReordering0=0.0710137 
featlist: LexicalReordering0=0.0205264 
featlist: LexicalReordering0=0.0384432 
featlist: Distortion0=0.0174066 
featlist: LM0=0.0610354 
featlist: WordPenalty0=0.0318081 
featlist: PhrasePenalty0=-0.129238 
featlist: TranslationModel0=0.0283232 
featlist: TranslationModel0=0.0402294 
featlist: TranslationModel0=0.00367849 
featlist: TranslationModel0=0.0128315 
Saved: ./run2.moses.ini
DECODER_CFG = -weight-overwrite 'PhrasePenalty0= -0.129238 WordPenalty0= 0.031808 Distortion0= 0.017407 LM0= 0.061035 TranslationModel0= 0.028323 0.040229 0.003678 0.012831 LexicalReordering0= 0.027850 0.204827 0.312789 0.071014 0.020526 0.038443'
Executing: /home/lawun330/NLP/ubuntu-17.04/moses/bin/moses -v 0   -config /home/lawun330/Desktop/basic-statistical-machine-translation/baseline2/ph-my/tuning/moses.filtered.ini.5 -weight-overwrite 'PhrasePenalty0= -0.129238 WordPenalty0= 0.031808 Distortion0= 0.017407 LM0= 0.061035 TranslationModel0= 0.028323 0.040229 0.003678 0.012831 LexicalReordering0= 0.027850 0.204827 0.312789 0.071014 0.020526 0.038443'  -n-best-list run2.best100.out 100 distinct  -input-file /home/lawun330/Desktop/basic-statistical-machine-translation/data/cleaned_2/dev.ph > run2.out 
Executing: /home/lawun330/NLP/ubuntu-17.04/moses/bin/moses -v 0   -config /home/lawun330/Desktop/basic-statistical-machine-translation/baseline2/ph-my/tuning/moses.filtered.ini.5 -weight-overwrite 'PhrasePenalty0= -0.129238 WordPenalty0= 0.031808 Distortion0= 0.017407 LM0= 0.061035 TranslationModel0= 0.028323 0.040229 0.003678 0.012831 LexicalReordering0= 0.027850 0.204827 0.312789 0.071014 0.020526 0.038443'  -n-best-list run2.best100.out 100 distinct  -input-file /home/lawun330/Desktop/basic-statistical-machine-translation/data/cleaned_2/dev.ph > run2.out
Loading table into memory...done.
Name:moses	VmPeak:159360 kB	VmRSS:20728 kB	RSSMax:24568 kB	user:2.577	sys:0.045	CPU:2.623	real:2.603
The decoder returns the scores in this order: LexicalReordering0 LexicalReordering0 LexicalReordering0 LexicalReordering0 LexicalReordering0 LexicalReordering0 Distortion0 LM0 WordPenalty0 PhrasePenalty0 TranslationModel0 TranslationModel0 TranslationModel0 TranslationModel0
Executing: gzip -f run2.best100.out
Scoring the nbestlist.
exec: /home/lawun330/Desktop/basic-statistical-machine-translation/baseline2/ph-my/tuning/tmp.5/extractor.sh
Executing: /home/lawun330/Desktop/basic-statistical-machine-translation/baseline2/ph-my/tuning/tmp.5/extractor.sh > extract.out 2> extract.err
Executing: \cp -f init.opt run2.init.opt
exec: /home/lawun330/NLP/ubuntu-17.04/moses/bin/mert -d 14  --sctype BLEU --scconfig case:true --ffile run1.features.dat,run2.features.dat --scfile run1.scores.dat,run2.scores.dat --ifile run2.init.opt -n 20
Executing: /home/lawun330/NLP/ubuntu-17.04/moses/bin/mert -d 14  --sctype BLEU --scconfig case:true --ffile run1.features.dat,run2.features.dat --scfile run1.scores.dat,run2.scores.dat --ifile run2.init.opt -n 20 > mert.out 2> mert.log
Executing: \cp -f extract.err run2.extract.err
Executing: \cp -f extract.out run2.extract.out
Executing: \cp -f mert.out run2.mert.out
Executing: \cp -f mert.log run2.mert.log
Executing: touch mert.log run2.mert.log
Executing: \cp -f weights.txt run2.weights.txt
featlist: LexicalReordering0=0.0374789 
featlist: LexicalReordering0=0.200098 
featlist: LexicalReordering0=0.305567 
featlist: LexicalReordering0=-0.0774088 
featlist: LexicalReordering0=0.0200525 
featlist: LexicalReordering0=0.0375556 
featlist: Distortion0=0.0170047 
featlist: LM0=0.0543792 
featlist: WordPenalty0=0.0310737 
featlist: PhrasePenalty0=-0.1432 
featlist: TranslationModel0=0.0207514 
featlist: TranslationModel0=0.0393006 
featlist: TranslationModel0=0.00359356 
featlist: TranslationModel0=0.0125353 
Saved: ./run3.moses.ini
DECODER_CFG = -weight-overwrite 'TranslationModel0= 0.020751 0.039301 0.003594 0.012535 LexicalReordering0= 0.037479 0.200098 0.305567 -0.077409 0.020053 0.037556 PhrasePenalty0= -0.143200 Distortion0= 0.017005 WordPenalty0= 0.031074 LM0= 0.054379'
Executing: /home/lawun330/NLP/ubuntu-17.04/moses/bin/moses -v 0   -config /home/lawun330/Desktop/basic-statistical-machine-translation/baseline2/ph-my/tuning/moses.filtered.ini.5 -weight-overwrite 'TranslationModel0= 0.020751 0.039301 0.003594 0.012535 LexicalReordering0= 0.037479 0.200098 0.305567 -0.077409 0.020053 0.037556 PhrasePenalty0= -0.143200 Distortion0= 0.017005 WordPenalty0= 0.031074 LM0= 0.054379'  -n-best-list run3.best100.out 100 distinct  -input-file /home/lawun330/Desktop/basic-statistical-machine-translation/data/cleaned_2/dev.ph > run3.out 
Executing: /home/lawun330/NLP/ubuntu-17.04/moses/bin/moses -v 0   -config /home/lawun330/Desktop/basic-statistical-machine-translation/baseline2/ph-my/tuning/moses.filtered.ini.5 -weight-overwrite 'TranslationModel0= 0.020751 0.039301 0.003594 0.012535 LexicalReordering0= 0.037479 0.200098 0.305567 -0.077409 0.020053 0.037556 PhrasePenalty0= -0.143200 Distortion0= 0.017005 WordPenalty0= 0.031074 LM0= 0.054379'  -n-best-list run3.best100.out 100 distinct  -input-file /home/lawun330/Desktop/basic-statistical-machine-translation/data/cleaned_2/dev.ph > run3.out
Loading table into memory...done.
Name:moses	VmPeak:159360 kB	VmRSS:17316 kB	RSSMax:24576 kB	user:2.541	sys:0.054	CPU:2.595	real:2.575
The decoder returns the scores in this order: LexicalReordering0 LexicalReordering0 LexicalReordering0 LexicalReordering0 LexicalReordering0 LexicalReordering0 Distortion0 LM0 WordPenalty0 PhrasePenalty0 TranslationModel0 TranslationModel0 TranslationModel0 TranslationModel0
Executing: gzip -f run3.best100.out
Scoring the nbestlist.
exec: /home/lawun330/Desktop/basic-statistical-machine-translation/baseline2/ph-my/tuning/tmp.5/extractor.sh
Executing: /home/lawun330/Desktop/basic-statistical-machine-translation/baseline2/ph-my/tuning/tmp.5/extractor.sh > extract.out 2> extract.err
Executing: \cp -f init.opt run3.init.opt
exec: /home/lawun330/NLP/ubuntu-17.04/moses/bin/mert -d 14  --sctype BLEU --scconfig case:true --ffile run1.features.dat,run2.features.dat,run3.features.dat --scfile run1.scores.dat,run2.scores.dat,run3.scores.dat --ifile run3.init.opt -n 20
Executing: /home/lawun330/NLP/ubuntu-17.04/moses/bin/mert -d 14  --sctype BLEU --scconfig case:true --ffile run1.features.dat,run2.features.dat,run3.features.dat --scfile run1.scores.dat,run2.scores.dat,run3.scores.dat --ifile run3.init.opt -n 20 > mert.out 2> mert.log
Executing: \cp -f extract.err run3.extract.err
Executing: \cp -f extract.out run3.extract.out
Executing: \cp -f mert.out run3.mert.out
Executing: \cp -f mert.log run3.mert.log
Executing: touch mert.log run3.mert.log
Executing: \cp -f weights.txt run3.weights.txt
None of the weights changed more than 1e-05. Stopping.
Executing: \cp -f init.opt run3.init.opt
Executing: \cp -f mert.log run3.mert.log
featlist: LexicalReordering0=0.0374789 
featlist: LexicalReordering0=0.200098 
featlist: LexicalReordering0=0.305567 
featlist: LexicalReordering0=-0.0774089 
featlist: LexicalReordering0=0.0200525 
featlist: LexicalReordering0=0.0375556 
featlist: Distortion0=0.0170047 
featlist: LM0=0.0543792 
featlist: WordPenalty0=0.0310737 
featlist: PhrasePenalty0=-0.1432 
featlist: TranslationModel0=0.0207514 
featlist: TranslationModel0=0.0393006 
featlist: TranslationModel0=0.00359356 
featlist: TranslationModel0=0.0125353 
Saved: ./moses.ini
