shard_size = 0 shard_count = 0
Seeding random numbers with system clock 
name: case value: true
Data::m_score_type BLEU
Data::Scorer type from Scorer: BLEU
Loading Data from: run1.scores.dat and run1.features.dat
loading feature data from run1.features.dat
loading score data from run1.scores.dat
Loading Data from: run2.scores.dat and run2.features.dat
loading feature data from run2.features.dat
loading score data from run2.scores.dat
Loading Data from: run3.scores.dat and run3.features.dat
loading feature data from run3.features.dat
loading score data from run3.scores.dat
Loading Data from: run4.scores.dat and run4.features.dat
loading feature data from run4.features.dat
loading score data from run4.scores.dat
Data loaded : [Wall 0.99273 CPU 0.991895] seconds.
Creating a pool of 1 threads
Best point: 0.0755306 0.103041 0.140698 0.0272281 0.0924979 0.100141 0.142726 0.0314567 0.174805 0.0116711 0.0667518 -0.00653174 0.0180314 -0.008889  => 0.685292
Stopping... : [Wall 29.7247 CPU 29.7126] seconds.
