Using SCRIPTS_ROOTDIR: /home/elio/tool/mosesbin/ubuntu-17.04/moses/scripts
Using single-thread GIZA
using pigz 
(2) running giza @ Sun May 31 16:30:17 +07 2026
(2.1a) running snt2cooc ph-my @ Sun May 31 16:30:17 +07 2026

Executing: mkdir -p /mnt/data/personal_projects/NandarLinn-SMT-Assignment/pbsmt/baseline/my-ph/training/giza.1
Executing: /home/elio/tool/giza-pp/GIZA++-v2/snt2cooc.out /mnt/data/personal_projects/NandarLinn-SMT-Assignment/pbsmt/baseline/my-ph/training/prepared.1/my.vcb /mnt/data/personal_projects/NandarLinn-SMT-Assignment/pbsmt/baseline/my-ph/training/prepared.1/ph.vcb /mnt/data/personal_projects/NandarLinn-SMT-Assignment/pbsmt/baseline/my-ph/training/prepared.1/ph-my-int-train.snt > /mnt/data/personal_projects/NandarLinn-SMT-Assignment/pbsmt/baseline/my-ph/training/giza.1/ph-my.cooc
line 1000
line 2000
line 3000
line 4000
line 5000
line 6000
line 7000
line 8000
line 9000
line 10000
line 11000
line 12000
line 13000
line 14000
line 15000
line 16000
line 17000
line 18000
line 19000
line 20000
END.
(2.1b) running giza ph-my @ Sun May 31 16:30:17 +07 2026
/home/elio/tool/giza-pp/GIZA++-v2/GIZA++  -CoocurrenceFile /mnt/data/personal_projects/NandarLinn-SMT-Assignment/pbsmt/baseline/my-ph/training/giza.1/ph-my.cooc -c /mnt/data/personal_projects/NandarLinn-SMT-Assignment/pbsmt/baseline/my-ph/training/prepared.1/ph-my-int-train.snt -m1 5 -m2 0 -m3 3 -m4 3 -model1dumpfrequency 1 -model4smoothfactor 0.4 -nodumps 1 -nsmooth 4 -o /mnt/data/personal_projects/NandarLinn-SMT-Assignment/pbsmt/baseline/my-ph/training/giza.1/ph-my -onlyaldumps 1 -p0 0.999 -s /mnt/data/personal_projects/NandarLinn-SMT-Assignment/pbsmt/baseline/my-ph/training/prepared.1/my.vcb -t /mnt/data/personal_projects/NandarLinn-SMT-Assignment/pbsmt/baseline/my-ph/training/prepared.1/ph.vcb
Executing: /home/elio/tool/giza-pp/GIZA++-v2/GIZA++  -CoocurrenceFile /mnt/data/personal_projects/NandarLinn-SMT-Assignment/pbsmt/baseline/my-ph/training/giza.1/ph-my.cooc -c /mnt/data/personal_projects/NandarLinn-SMT-Assignment/pbsmt/baseline/my-ph/training/prepared.1/ph-my-int-train.snt -m1 5 -m2 0 -m3 3 -m4 3 -model1dumpfrequency 1 -model4smoothfactor 0.4 -nodumps 1 -nsmooth 4 -o /mnt/data/personal_projects/NandarLinn-SMT-Assignment/pbsmt/baseline/my-ph/training/giza.1/ph-my -onlyaldumps 1 -p0 0.999 -s /mnt/data/personal_projects/NandarLinn-SMT-Assignment/pbsmt/baseline/my-ph/training/prepared.1/my.vcb -t /mnt/data/personal_projects/NandarLinn-SMT-Assignment/pbsmt/baseline/my-ph/training/prepared.1/ph.vcb
Reading vocabulary file from:/mnt/data/personal_projects/NandarLinn-SMT-Assignment/pbsmt/baseline/my-ph/training/prepared.1/my.vcb
Reading vocabulary file from:/mnt/data/personal_projects/NandarLinn-SMT-Assignment/pbsmt/baseline/my-ph/training/prepared.1/ph.vcb
10000
20000
NTable contains 22740 parameter.
10000
20000
NTable contains 22740 parameter.
10000
20000
NTable contains 22740 parameter.
10000
20000
NTable contains 22740 parameter.
10000
20000
NTable contains 22740 parameter.
10000
20000
NTable contains 22740 parameter.
Executing: rm -f /mnt/data/personal_projects/NandarLinn-SMT-Assignment/pbsmt/baseline/my-ph/training/giza.1/ph-my.A3.final.gz
Executing: pigz /mnt/data/personal_projects/NandarLinn-SMT-Assignment/pbsmt/baseline/my-ph/training/giza.1/ph-my.A3.final
