shard_size = 0 shard_count = 0
Seeding random numbers with system clock 
name: case value: true
Data::m_score_type BLEU
Data::Scorer type from Scorer: BLEU
Loading Data from: run1.scores.dat and run1.features.dat
loading feature data from run1.features.dat
loading score data from run1.scores.dat
Loading Data from: run2.scores.dat and run2.features.dat
loading feature data from run2.features.dat
loading score data from run2.scores.dat
Loading Data from: run3.scores.dat and run3.features.dat
loading feature data from run3.features.dat
loading score data from run3.scores.dat
Loading Data from: run4.scores.dat and run4.features.dat
loading feature data from run4.features.dat
loading score data from run4.scores.dat
Data loaded : [Wall 0.979202 CPU 0.978874] seconds.
Creating a pool of 1 threads
Best point: 0.227816 0.0221568 0.154462 -0.111402 0.036863 0.0198402 0.012268 0.0454611 0.226198 0.0203276 0.107841 -0.00417451 0.00613855 -0.00505045  => 0.692786
Stopping... : [Wall 31.6851 CPU 31.6726] seconds.
