shard_size = 0 shard_count = 0
Seeding random numbers with system clock 
name: case value: true
Data::m_score_type BLEU
Data::Scorer type from Scorer: BLEU
Loading Data from: run1.scores.dat and run1.features.dat
loading feature data from run1.features.dat
loading score data from run1.scores.dat
Loading Data from: run2.scores.dat and run2.features.dat
loading feature data from run2.features.dat
loading score data from run2.scores.dat
Loading Data from: run3.scores.dat and run3.features.dat
loading feature data from run3.features.dat
loading score data from run3.scores.dat
Loading Data from: run4.scores.dat and run4.features.dat
loading feature data from run4.features.dat
loading score data from run4.scores.dat
Data loaded : [Wall 0.974726 CPU 0.97442] seconds.
Creating a pool of 1 threads
Best point: 0.124431 0.101392 0.0758779 0.00447007 0.00857547 0.0296749 0.0623669 0.0817351 0.0606915 -0.339027 0.0202766 0.0618312 0.0214456 -0.00820418  => 0.786986
Stopping... : [Wall 36.2169 CPU 36.1908] seconds.
