perl: warning: Setting locale failed.
perl: warning: Please check that your locale settings:
	LANGUAGE = (unset),
	LC_ALL = (unset),
	LC_CTYPE = "C.UTF-8",
	LANG = "en_US.UTF-8"
    are supported and installed on your system.
perl: warning: Falling back to the standard locale ("C").
Using SCRIPTS_ROOTDIR: /home/kyalkalay/tools/mosesdecoder/scripts
Asking moses for feature names and values from /media/kyalkalay/Data/AI-Class/assignment-6_aung_hein/pbsmt_original_clean_experiments/pbsmt_3gram_phrase5/my-ph/tuning/moses.filtered.ini.1
Executing: /home/kyalkalay/tools/mosesdecoder/bin/moses  -v 0  -config /media/kyalkalay/Data/AI-Class/assignment-6_aung_hein/pbsmt_original_clean_experiments/pbsmt_3gram_phrase5/my-ph/tuning/moses.filtered.ini.1 -show-weights
exec: /home/kyalkalay/tools/mosesdecoder/bin/moses  -v 0  -config /media/kyalkalay/Data/AI-Class/assignment-6_aung_hein/pbsmt_original_clean_experiments/pbsmt_3gram_phrase5/my-ph/tuning/moses.filtered.ini.1 -show-weights
Executing: /home/kyalkalay/tools/mosesdecoder/bin/moses  -v 0  -config /media/kyalkalay/Data/AI-Class/assignment-6_aung_hein/pbsmt_original_clean_experiments/pbsmt_3gram_phrase5/my-ph/tuning/moses.filtered.ini.1 -show-weights > ./features.list 2> /dev/null
MERT starting values and ranges for random generation:
  LexicalReordering0 =   0.300 ( 0.00 ..  1.00)
  LexicalReordering0 =   0.300 ( 0.00 ..  1.00)
  LexicalReordering0 =   0.300 ( 0.00 ..  1.00)
  LexicalReordering0 =   0.300 ( 0.00 ..  1.00)
  LexicalReordering0 =   0.300 ( 0.00 ..  1.00)
  LexicalReordering0 =   0.300 ( 0.00 ..  1.00)
  Distortion0 =   0.300 ( 0.00 ..  1.00)
    LM0 =   0.500 ( 0.00 ..  1.00)
  WordPenalty0 =  -1.000 ( 0.00 ..  1.00)
  PhrasePenalty0 =   0.200 ( 0.00 ..  1.00)
  TranslationModel0 =   0.200 ( 0.00 ..  1.00)
  TranslationModel0 =   0.200 ( 0.00 ..  1.00)
  TranslationModel0 =   0.200 ( 0.00 ..  1.00)
  TranslationModel0 =   0.200 ( 0.00 ..  1.00)
featlist: LexicalReordering0=0.300000 
featlist: LexicalReordering0=0.300000 
featlist: LexicalReordering0=0.300000 
featlist: LexicalReordering0=0.300000 
featlist: LexicalReordering0=0.300000 
featlist: LexicalReordering0=0.300000 
featlist: Distortion0=0.300000 
featlist: LM0=0.500000 
featlist: WordPenalty0=-1.000000 
featlist: PhrasePenalty0=0.200000 
featlist: TranslationModel0=0.200000 
featlist: TranslationModel0=0.200000 
featlist: TranslationModel0=0.200000 
featlist: TranslationModel0=0.200000 
Saved: ./run1.moses.ini
Normalizing lambdas: 0.300000 0.300000 0.300000 0.300000 0.300000 0.300000 0.300000 0.500000 -1.000000 0.200000 0.200000 0.200000 0.200000 0.200000
DECODER_CFG = -weight-overwrite 'PhrasePenalty0= 0.043478 Distortion0= 0.065217 TranslationModel0= 0.043478 0.043478 0.043478 0.043478 WordPenalty0= -0.217391 LexicalReordering0= 0.065217 0.065217 0.065217 0.065217 0.065217 0.065217 LM0= 0.108696'
Executing: /home/kyalkalay/tools/mosesdecoder/bin/moses -v 0   -config /media/kyalkalay/Data/AI-Class/assignment-6_aung_hein/pbsmt_original_clean_experiments/pbsmt_3gram_phrase5/my-ph/tuning/moses.filtered.ini.1 -weight-overwrite 'PhrasePenalty0= 0.043478 Distortion0= 0.065217 TranslationModel0= 0.043478 0.043478 0.043478 0.043478 WordPenalty0= -0.217391 LexicalReordering0= 0.065217 0.065217 0.065217 0.065217 0.065217 0.065217 LM0= 0.108696'  -n-best-list run1.best100.out 100 distinct  -input-file /media/kyalkalay/Data/AI-Class/assignment-6_aung_hein/g2p-par/dev_clean.my > run1.out 
Executing: /home/kyalkalay/tools/mosesdecoder/bin/moses -v 0   -config /media/kyalkalay/Data/AI-Class/assignment-6_aung_hein/pbsmt_original_clean_experiments/pbsmt_3gram_phrase5/my-ph/tuning/moses.filtered.ini.1 -weight-overwrite 'PhrasePenalty0= 0.043478 Distortion0= 0.065217 TranslationModel0= 0.043478 0.043478 0.043478 0.043478 WordPenalty0= -0.217391 LexicalReordering0= 0.065217 0.065217 0.065217 0.065217 0.065217 0.065217 LM0= 0.108696'  -n-best-list run1.best100.out 100 distinct  -input-file /media/kyalkalay/Data/AI-Class/assignment-6_aung_hein/g2p-par/dev_clean.my > run1.out
Loading table into memory...done.
Name:moses	VmPeak:158244 kB	VmRSS:22432 kB	RSSMax:22760 kB	user:1.271	sys:0.058	CPU:1.330	real:1.294
The decoder returns the scores in this order: LexicalReordering0 LexicalReordering0 LexicalReordering0 LexicalReordering0 LexicalReordering0 LexicalReordering0 Distortion0 LM0 WordPenalty0 PhrasePenalty0 TranslationModel0 TranslationModel0 TranslationModel0 TranslationModel0
Executing: gzip -f run1.best100.out
Scoring the nbestlist.
exec: /media/kyalkalay/Data/AI-Class/assignment-6_aung_hein/pbsmt_original_clean_experiments/pbsmt_3gram_phrase5/my-ph/tuning/tmp.1/extractor.sh
Executing: /media/kyalkalay/Data/AI-Class/assignment-6_aung_hein/pbsmt_original_clean_experiments/pbsmt_3gram_phrase5/my-ph/tuning/tmp.1/extractor.sh > extract.out 2> extract.err
Executing: \cp -f init.opt run1.init.opt
exec: /home/kyalkalay/tools/mosesdecoder/bin/mert -d 14  --sctype BLEU --scconfig case:true --ffile run1.features.dat --scfile run1.scores.dat --ifile run1.init.opt -n 20
Executing: /home/kyalkalay/tools/mosesdecoder/bin/mert -d 14  --sctype BLEU --scconfig case:true --ffile run1.features.dat --scfile run1.scores.dat --ifile run1.init.opt -n 20 > mert.out 2> mert.log
Executing: \cp -f extract.err run1.extract.err
Executing: \cp -f extract.out run1.extract.out
Executing: \cp -f mert.out run1.mert.out
Executing: \cp -f mert.log run1.mert.log
Executing: touch mert.log run1.mert.log
Executing: \cp -f weights.txt run1.weights.txt
featlist: LexicalReordering0=0.192111 
featlist: LexicalReordering0=0.0932678 
featlist: LexicalReordering0=0.0687229 
featlist: LexicalReordering0=0.0184589 
featlist: LexicalReordering0=0.0243008 
featlist: LexicalReordering0=0.0396576 
featlist: Distortion0=0.0351585 
featlist: LM0=0.0524088 
featlist: WordPenalty0=0.26594 
featlist: PhrasePenalty0=0.049399 
featlist: TranslationModel0=0.0980508 
featlist: TranslationModel0=-0.00972857 
featlist: TranslationModel0=0.032587 
featlist: TranslationModel0=-0.0202078 
Saved: ./run2.moses.ini
DECODER_CFG = -weight-overwrite 'TranslationModel0= 0.098051 -0.009729 0.032587 -0.020208 WordPenalty0= 0.265940 LexicalReordering0= 0.192111 0.093268 0.068723 0.018459 0.024301 0.039658 LM0= 0.052409 PhrasePenalty0= 0.049399 Distortion0= 0.035159'
Executing: /home/kyalkalay/tools/mosesdecoder/bin/moses -v 0   -config /media/kyalkalay/Data/AI-Class/assignment-6_aung_hein/pbsmt_original_clean_experiments/pbsmt_3gram_phrase5/my-ph/tuning/moses.filtered.ini.1 -weight-overwrite 'TranslationModel0= 0.098051 -0.009729 0.032587 -0.020208 WordPenalty0= 0.265940 LexicalReordering0= 0.192111 0.093268 0.068723 0.018459 0.024301 0.039658 LM0= 0.052409 PhrasePenalty0= 0.049399 Distortion0= 0.035159'  -n-best-list run2.best100.out 100 distinct  -input-file /media/kyalkalay/Data/AI-Class/assignment-6_aung_hein/g2p-par/dev_clean.my > run2.out 
Executing: /home/kyalkalay/tools/mosesdecoder/bin/moses -v 0   -config /media/kyalkalay/Data/AI-Class/assignment-6_aung_hein/pbsmt_original_clean_experiments/pbsmt_3gram_phrase5/my-ph/tuning/moses.filtered.ini.1 -weight-overwrite 'TranslationModel0= 0.098051 -0.009729 0.032587 -0.020208 WordPenalty0= 0.265940 LexicalReordering0= 0.192111 0.093268 0.068723 0.018459 0.024301 0.039658 LM0= 0.052409 PhrasePenalty0= 0.049399 Distortion0= 0.035159'  -n-best-list run2.best100.out 100 distinct  -input-file /media/kyalkalay/Data/AI-Class/assignment-6_aung_hein/g2p-par/dev_clean.my > run2.out
Loading table into memory...done.
Name:moses	VmPeak:158244 kB	VmRSS:16464 kB	RSSMax:23212 kB	user:1.369	sys:0.040	CPU:1.409	real:1.375
The decoder returns the scores in this order: LexicalReordering0 LexicalReordering0 LexicalReordering0 LexicalReordering0 LexicalReordering0 LexicalReordering0 Distortion0 LM0 WordPenalty0 PhrasePenalty0 TranslationModel0 TranslationModel0 TranslationModel0 TranslationModel0
Executing: gzip -f run2.best100.out
Scoring the nbestlist.
exec: /media/kyalkalay/Data/AI-Class/assignment-6_aung_hein/pbsmt_original_clean_experiments/pbsmt_3gram_phrase5/my-ph/tuning/tmp.1/extractor.sh
Executing: /media/kyalkalay/Data/AI-Class/assignment-6_aung_hein/pbsmt_original_clean_experiments/pbsmt_3gram_phrase5/my-ph/tuning/tmp.1/extractor.sh > extract.out 2> extract.err
Executing: \cp -f init.opt run2.init.opt
exec: /home/kyalkalay/tools/mosesdecoder/bin/mert -d 14  --sctype BLEU --scconfig case:true --ffile run1.features.dat,run2.features.dat --scfile run1.scores.dat,run2.scores.dat --ifile run2.init.opt -n 20
Executing: /home/kyalkalay/tools/mosesdecoder/bin/mert -d 14  --sctype BLEU --scconfig case:true --ffile run1.features.dat,run2.features.dat --scfile run1.scores.dat,run2.scores.dat --ifile run2.init.opt -n 20 > mert.out 2> mert.log
Executing: \cp -f extract.err run2.extract.err
Executing: \cp -f extract.out run2.extract.out
Executing: \cp -f mert.out run2.mert.out
Executing: \cp -f mert.log run2.mert.log
Executing: touch mert.log run2.mert.log
Executing: \cp -f weights.txt run2.weights.txt
featlist: LexicalReordering0=0.28144 
featlist: LexicalReordering0=0.0568515 
featlist: LexicalReordering0=0.0398876 
featlist: LexicalReordering0=0.0545388 
featlist: LexicalReordering0=0.0691482 
featlist: LexicalReordering0=0.0642057 
featlist: Distortion0=0.0193215 
featlist: LM0=0.060842 
featlist: WordPenalty0=0.210143 
featlist: PhrasePenalty0=0.020249 
featlist: TranslationModel0=0.094207 
featlist: TranslationModel0=-0.0172722 
featlist: TranslationModel0=0.0114692 
featlist: TranslationModel0=0.000423629 
Saved: ./run3.moses.ini
DECODER_CFG = -weight-overwrite 'WordPenalty0= 0.210143 TranslationModel0= 0.094207 -0.017272 0.011469 0.000424 LexicalReordering0= 0.281440 0.056851 0.039888 0.054539 0.069148 0.064206 LM0= 0.060842 Distortion0= 0.019321 PhrasePenalty0= 0.020249'
Executing: /home/kyalkalay/tools/mosesdecoder/bin/moses -v 0   -config /media/kyalkalay/Data/AI-Class/assignment-6_aung_hein/pbsmt_original_clean_experiments/pbsmt_3gram_phrase5/my-ph/tuning/moses.filtered.ini.1 -weight-overwrite 'WordPenalty0= 0.210143 TranslationModel0= 0.094207 -0.017272 0.011469 0.000424 LexicalReordering0= 0.281440 0.056851 0.039888 0.054539 0.069148 0.064206 LM0= 0.060842 Distortion0= 0.019321 PhrasePenalty0= 0.020249'  -n-best-list run3.best100.out 100 distinct  -input-file /media/kyalkalay/Data/AI-Class/assignment-6_aung_hein/g2p-par/dev_clean.my > run3.out 
Executing: /home/kyalkalay/tools/mosesdecoder/bin/moses -v 0   -config /media/kyalkalay/Data/AI-Class/assignment-6_aung_hein/pbsmt_original_clean_experiments/pbsmt_3gram_phrase5/my-ph/tuning/moses.filtered.ini.1 -weight-overwrite 'WordPenalty0= 0.210143 TranslationModel0= 0.094207 -0.017272 0.011469 0.000424 LexicalReordering0= 0.281440 0.056851 0.039888 0.054539 0.069148 0.064206 LM0= 0.060842 Distortion0= 0.019321 PhrasePenalty0= 0.020249'  -n-best-list run3.best100.out 100 distinct  -input-file /media/kyalkalay/Data/AI-Class/assignment-6_aung_hein/g2p-par/dev_clean.my > run3.out
Loading table into memory...done.
Name:moses	VmPeak:158244 kB	VmRSS:17856 kB	RSSMax:22816 kB	user:1.337	sys:0.033	CPU:1.370	real:1.338
The decoder returns the scores in this order: LexicalReordering0 LexicalReordering0 LexicalReordering0 LexicalReordering0 LexicalReordering0 LexicalReordering0 Distortion0 LM0 WordPenalty0 PhrasePenalty0 TranslationModel0 TranslationModel0 TranslationModel0 TranslationModel0
Executing: gzip -f run3.best100.out
Scoring the nbestlist.
exec: /media/kyalkalay/Data/AI-Class/assignment-6_aung_hein/pbsmt_original_clean_experiments/pbsmt_3gram_phrase5/my-ph/tuning/tmp.1/extractor.sh
Executing: /media/kyalkalay/Data/AI-Class/assignment-6_aung_hein/pbsmt_original_clean_experiments/pbsmt_3gram_phrase5/my-ph/tuning/tmp.1/extractor.sh > extract.out 2> extract.err
Executing: \cp -f init.opt run3.init.opt
exec: /home/kyalkalay/tools/mosesdecoder/bin/mert -d 14  --sctype BLEU --scconfig case:true --ffile run1.features.dat,run2.features.dat,run3.features.dat --scfile run1.scores.dat,run2.scores.dat,run3.scores.dat --ifile run3.init.opt -n 20
Executing: /home/kyalkalay/tools/mosesdecoder/bin/mert -d 14  --sctype BLEU --scconfig case:true --ffile run1.features.dat,run2.features.dat,run3.features.dat --scfile run1.scores.dat,run2.scores.dat,run3.scores.dat --ifile run3.init.opt -n 20 > mert.out 2> mert.log
Executing: \cp -f extract.err run3.extract.err
Executing: \cp -f extract.out run3.extract.out
Executing: \cp -f mert.out run3.mert.out
Executing: \cp -f mert.log run3.mert.log
Executing: touch mert.log run3.mert.log
Executing: \cp -f weights.txt run3.weights.txt
None of the weights changed more than 1e-05. Stopping.
Executing: \cp -f init.opt run3.init.opt
Executing: \cp -f mert.log run3.mert.log
featlist: LexicalReordering0=0.28144 
featlist: LexicalReordering0=0.0568515 
featlist: LexicalReordering0=0.0398876 
featlist: LexicalReordering0=0.0545388 
featlist: LexicalReordering0=0.0691482 
featlist: LexicalReordering0=0.0642057 
featlist: Distortion0=0.0193215 
featlist: LM0=0.060842 
featlist: WordPenalty0=0.210143 
featlist: PhrasePenalty0=0.020249 
featlist: TranslationModel0=0.0942071 
featlist: TranslationModel0=-0.0172722 
featlist: TranslationModel0=0.0114692 
featlist: TranslationModel0=0.000423629 
Saved: ./moses.ini
