perl: warning: Setting locale failed.
perl: warning: Please check that your locale settings:
	LANGUAGE = (unset),
	LC_ALL = (unset),
	LC_CTYPE = "C.UTF-8",
	LANG = "en_US.UTF-8"
    are supported and installed on your system.
perl: warning: Falling back to the standard locale ("C").
Using SCRIPTS_ROOTDIR: /home/kyalkalay/tools/mosesdecoder/scripts
using gzip 
(9) create moses.ini @ Tue Jun  2 01:27:23 +0630 2026
perl: warning: Setting locale failed.
perl: warning: Please check that your locale settings:
	LANGUAGE = (unset),
	LC_ALL = (unset),
	LC_CTYPE = "C.UTF-8",
	LANG = "en_US.UTF-8"
    are supported and installed on your system.
perl: warning: Falling back to the standard locale ("C").
Executing: mkdir -p /media/kyalkalay/Data/AI-Class/assignment-6_aung_hein/pbsmt_original_clean_experiments/pbsmt_3gram_phrase5/my-ph/tuning/filtered.1
Stripping XML...
Executing: /home/kyalkalay/tools/mosesdecoder/scripts/training/../generic/strip-xml.perl < /media/kyalkalay/Data/AI-Class/assignment-6_aung_hein/g2p-par/dev_clean.my > /media/kyalkalay/Data/AI-Class/assignment-6_aung_hein/pbsmt_original_clean_experiments/pbsmt_3gram_phrase5/my-ph/tuning/filtered.1/input.1326140
perl: warning: Setting locale failed.
perl: warning: Please check that your locale settings:
	LANGUAGE = (unset),
	LC_ALL = (unset),
	LC_CTYPE = "C.UTF-8",
	LANG = "en_US.UTF-8"
    are supported and installed on your system.
perl: warning: Falling back to the standard locale ("C").
pt:PhraseDictionaryMemory name=TranslationModel0 num-features=4 path=/media/kyalkalay/Data/AI-Class/assignment-6_aung_hein/pbsmt_original_clean_experiments/pbsmt_3gram_phrase5/my-ph/model/phrase-table.1 input-factor=0 output-factor=0
Considering factor 0
ro:LexicalReordering name=LexicalReordering0 num-features=6 type=wbe-msd-bidirectional-fe-allff input-factor=0 output-factor=0 path=/media/kyalkalay/Data/AI-Class/assignment-6_aung_hein/pbsmt_original_clean_experiments/pbsmt_3gram_phrase5/my-ph/model/reordering-table.1.wbe-msd-bidirectional-fe.gz
Considering factor 0
Filtering files...
filtering /media/kyalkalay/Data/AI-Class/assignment-6_aung_hein/pbsmt_original_clean_experiments/pbsmt_3gram_phrase5/my-ph/model/phrase-table.1 -> /media/kyalkalay/Data/AI-Class/assignment-6_aung_hein/pbsmt_original_clean_experiments/pbsmt_3gram_phrase5/my-ph/tuning/filtered.1/phrase-table.0-0.1.1.gz...
5077 of 53895 phrases pairs used (9.42%) - note: max length 10
filtering /media/kyalkalay/Data/AI-Class/assignment-6_aung_hein/pbsmt_original_clean_experiments/pbsmt_3gram_phrase5/my-ph/model/reordering-table.1.wbe-msd-bidirectional-fe.gz -> /media/kyalkalay/Data/AI-Class/assignment-6_aung_hein/pbsmt_original_clean_experiments/pbsmt_3gram_phrase5/my-ph/tuning/filtered.1/reordering-table.1.wbe-msd-bidirectional-fe.0-0.1...
5077 of 53895 phrases pairs used (9.42%) - note: max length 10
