shard_size = 0 shard_count = 0
Seeding random numbers with 4000
name: case value: true
Data::m_score_type BLEU
Data::Scorer type from Scorer: BLEU
Loading Data from: run1.scores.dat and run1.features.dat
loading feature data from run1.features.dat
loading score data from run1.scores.dat
Loading Data from: run2.scores.dat and run2.features.dat
loading feature data from run2.features.dat
loading score data from run2.scores.dat
Loading Data from: run3.scores.dat and run3.features.dat
loading feature data from run3.features.dat
loading score data from run3.scores.dat
Loading Data from: run4.scores.dat and run4.features.dat
loading feature data from run4.features.dat
loading score data from run4.scores.dat
Data loaded : [Wall 1.97021 CPU 1.97012] seconds.
Creating a pool of 1 threads
Best point: 0.0740395 0.158935 0.0462013 -0.306565 0.0307621 0.0480985 0.0669775 0.0608636 0.038227 0.000925655 0.120098 -0.00576987 0.0127301 0.0298076  => 0.695479
Stopping... : [Wall 80.1952 CPU 80.1902] seconds.
