shard_size = 0 shard_count = 0
Seeding random numbers with system clock 
name: case value: true
Data::m_score_type BLEU
Data::Scorer type from Scorer: BLEU
Loading Data from: run1.scores.dat and run1.features.dat
loading feature data from run1.features.dat
loading score data from run1.scores.dat
Loading Data from: run2.scores.dat and run2.features.dat
loading feature data from run2.features.dat
loading score data from run2.scores.dat
Loading Data from: run3.scores.dat and run3.features.dat
loading feature data from run3.features.dat
loading score data from run3.scores.dat
Loading Data from: run4.scores.dat and run4.features.dat
loading feature data from run4.features.dat
loading score data from run4.scores.dat
Data loaded : [Wall 1.38903 CPU 1.38856] seconds.
Creating a pool of 1 threads
Best point: 0.000414362 0.000654126 0.000584362 -0.000624487 0.000790128 7.58161e-05 0.000253065 0.000783868 3.82003e-05 -0.994524 5.1822e-05 0.000755686 0.000334282 -0.000115399  => 0.786134
Stopping... : [Wall 51.7493 CPU 51.7427] seconds.
