shard_size = 0 shard_count = 0
Seeding random numbers with system clock 
name: case value: true
Data::m_score_type BLEU
Data::Scorer type from Scorer: BLEU
Loading Data from: run1.scores.dat and run1.features.dat
loading feature data from run1.features.dat
loading score data from run1.scores.dat
Loading Data from: run2.scores.dat and run2.features.dat
loading feature data from run2.features.dat
loading score data from run2.scores.dat
Loading Data from: run3.scores.dat and run3.features.dat
loading feature data from run3.features.dat
loading score data from run3.scores.dat
Loading Data from: run4.scores.dat and run4.features.dat
loading feature data from run4.features.dat
loading score data from run4.scores.dat
Loading Data from: run5.scores.dat and run5.features.dat
loading feature data from run5.features.dat
loading score data from run5.scores.dat
Data loaded : [Wall 1.70008 CPU 1.7001] seconds.
Creating a pool of 1 threads
Best point: 0.00127031 0.000499919 0.000752209 0.000528992 0.000690969 0.000107834 0.000529605 0.00100049 0.000262618 -0.993 0.000271962 0.000729918 0.000273344 -8.203e-05  => 0.786986
Stopping... : [Wall 51.8646 CPU 51.8622] seconds.
