shard_size = 0 shard_count = 0
Seeding random numbers with system clock 
name: case value: true
Data::m_score_type BLEU
Data::Scorer type from Scorer: BLEU
Loading Data from: run1.scores.dat and run1.features.dat
loading feature data from run1.features.dat
loading score data from run1.scores.dat
Loading Data from: run2.scores.dat and run2.features.dat
loading feature data from run2.features.dat
loading score data from run2.scores.dat
Loading Data from: run3.scores.dat and run3.features.dat
loading feature data from run3.features.dat
loading score data from run3.scores.dat
Loading Data from: run4.scores.dat and run4.features.dat
loading feature data from run4.features.dat
loading score data from run4.scores.dat
Data loaded : [Wall 0.950228 CPU 0.949997] seconds.
Creating a pool of 1 threads
Best point: 0.000636151 4.43443e-05 0.000715953 -0.000940567 0.000990724 0.00037462 0.000141882 0.000726419 0.000113674 -0.994329 0.000211226 0.000515319 0.000215991 -4.40853e-05  => 0.787598
Stopping... : [Wall 38.2251 CPU 38.1991] seconds.
