Using SCRIPTS_ROOTDIR: /home/elio/tool/mosesbin/ubuntu-17.04/moses//scripts
Asking moses for feature names and values from /mnt/data/personal_projects/NandarLinn-SMT-Assignment/pbsmt/baseline/ph-my/tuning/moses.filtered.ini.1
Executing: /home/elio/tool/mosesbin/ubuntu-17.04/moses//bin/moses  -v 0  -config /mnt/data/personal_projects/NandarLinn-SMT-Assignment/pbsmt/baseline/ph-my/tuning/moses.filtered.ini.1 -show-weights
exec: /home/elio/tool/mosesbin/ubuntu-17.04/moses//bin/moses  -v 0  -config /mnt/data/personal_projects/NandarLinn-SMT-Assignment/pbsmt/baseline/ph-my/tuning/moses.filtered.ini.1 -show-weights
Executing: /home/elio/tool/mosesbin/ubuntu-17.04/moses//bin/moses  -v 0  -config /mnt/data/personal_projects/NandarLinn-SMT-Assignment/pbsmt/baseline/ph-my/tuning/moses.filtered.ini.1 -show-weights > ./features.list 2> /dev/null
MERT starting values and ranges for random generation:
  LexicalReordering0 =   0.300 ( 0.00 ..  1.00)
  LexicalReordering0 =   0.300 ( 0.00 ..  1.00)
  LexicalReordering0 =   0.300 ( 0.00 ..  1.00)
  LexicalReordering0 =   0.300 ( 0.00 ..  1.00)
  LexicalReordering0 =   0.300 ( 0.00 ..  1.00)
  LexicalReordering0 =   0.300 ( 0.00 ..  1.00)
  Distortion0 =   0.300 ( 0.00 ..  1.00)
    LM0 =   0.500 ( 0.00 ..  1.00)
  WordPenalty0 =  -1.000 ( 0.00 ..  1.00)
  PhrasePenalty0 =   0.200 ( 0.00 ..  1.00)
  TranslationModel0 =   0.200 ( 0.00 ..  1.00)
  TranslationModel0 =   0.200 ( 0.00 ..  1.00)
  TranslationModel0 =   0.200 ( 0.00 ..  1.00)
  TranslationModel0 =   0.200 ( 0.00 ..  1.00)
featlist: LexicalReordering0=0.300000 
featlist: LexicalReordering0=0.300000 
featlist: LexicalReordering0=0.300000 
featlist: LexicalReordering0=0.300000 
featlist: LexicalReordering0=0.300000 
featlist: LexicalReordering0=0.300000 
featlist: Distortion0=0.300000 
featlist: LM0=0.500000 
featlist: WordPenalty0=-1.000000 
featlist: PhrasePenalty0=0.200000 
featlist: TranslationModel0=0.200000 
featlist: TranslationModel0=0.200000 
featlist: TranslationModel0=0.200000 
featlist: TranslationModel0=0.200000 
Saved: ./run1.moses.ini
Normalizing lambdas: 0.300000 0.300000 0.300000 0.300000 0.300000 0.300000 0.300000 0.500000 -1.000000 0.200000 0.200000 0.200000 0.200000 0.200000
DECODER_CFG = -weight-overwrite 'PhrasePenalty0= 0.043478 WordPenalty0= -0.217391 LM0= 0.108696 TranslationModel0= 0.043478 0.043478 0.043478 0.043478 LexicalReordering0= 0.065217 0.065217 0.065217 0.065217 0.065217 0.065217 Distortion0= 0.065217'
Executing: /home/elio/tool/mosesbin/ubuntu-17.04/moses//bin/moses -v 0   -config /mnt/data/personal_projects/NandarLinn-SMT-Assignment/pbsmt/baseline/ph-my/tuning/moses.filtered.ini.1 -weight-overwrite 'PhrasePenalty0= 0.043478 WordPenalty0= -0.217391 LM0= 0.108696 TranslationModel0= 0.043478 0.043478 0.043478 0.043478 LexicalReordering0= 0.065217 0.065217 0.065217 0.065217 0.065217 0.065217 Distortion0= 0.065217'  -n-best-list run1.best100.out 100 distinct  -input-file /mnt/data/personal_projects/NandarLinn-SMT-Assignment/clean-data/dev.ph > run1.out 
Executing: /home/elio/tool/mosesbin/ubuntu-17.04/moses//bin/moses -v 0   -config /mnt/data/personal_projects/NandarLinn-SMT-Assignment/pbsmt/baseline/ph-my/tuning/moses.filtered.ini.1 -weight-overwrite 'PhrasePenalty0= 0.043478 WordPenalty0= -0.217391 LM0= 0.108696 TranslationModel0= 0.043478 0.043478 0.043478 0.043478 LexicalReordering0= 0.065217 0.065217 0.065217 0.065217 0.065217 0.065217 Distortion0= 0.065217'  -n-best-list run1.best100.out 100 distinct  -input-file /mnt/data/personal_projects/NandarLinn-SMT-Assignment/clean-data/dev.ph > run1.out
Loading table into memory...done.
Name:moses	VmPeak:158460 kB	VmRSS:24028 kB	RSSMax:24520 kB	user:2.166	sys:0.035	CPU:2.201	real:2.188
The decoder returns the scores in this order: LexicalReordering0 LexicalReordering0 LexicalReordering0 LexicalReordering0 LexicalReordering0 LexicalReordering0 Distortion0 LM0 WordPenalty0 PhrasePenalty0 TranslationModel0 TranslationModel0 TranslationModel0 TranslationModel0
Executing: gzip -f run1.best100.out
Scoring the nbestlist.
exec: /mnt/data/personal_projects/NandarLinn-SMT-Assignment/pbsmt/baseline/ph-my/tuning/tmp.1/extractor.sh
Executing: /mnt/data/personal_projects/NandarLinn-SMT-Assignment/pbsmt/baseline/ph-my/tuning/tmp.1/extractor.sh > extract.out 2> extract.err
Executing: \cp -f init.opt run1.init.opt
exec: /home/elio/tool/mosesbin/ubuntu-17.04/moses/bin/mert -d 14  --sctype BLEU --scconfig case:true --ffile run1.features.dat --scfile run1.scores.dat --ifile run1.init.opt -n 20
Executing: /home/elio/tool/mosesbin/ubuntu-17.04/moses/bin/mert -d 14  --sctype BLEU --scconfig case:true --ffile run1.features.dat --scfile run1.scores.dat --ifile run1.init.opt -n 20 > mert.out 2> mert.log
Executing: \cp -f extract.err run1.extract.err
Executing: \cp -f extract.out run1.extract.out
Executing: \cp -f mert.out run1.mert.out
Executing: \cp -f mert.log run1.mert.log
Executing: touch mert.log run1.mert.log
Executing: \cp -f weights.txt run1.weights.txt
featlist: LexicalReordering0=0.0219929 
featlist: LexicalReordering0=0.171699 
featlist: LexicalReordering0=0.224434 
featlist: LexicalReordering0=0.0697946 
featlist: LexicalReordering0=0.0150172 
featlist: LexicalReordering0=0.0120776 
featlist: Distortion0=0.01721 
featlist: LM0=0.11015 
featlist: WordPenalty0=0.054202 
featlist: PhrasePenalty0=-0.149241 
featlist: TranslationModel0=0.105242 
featlist: TranslationModel0=0.0392761 
featlist: TranslationModel0=0.00395982 
featlist: TranslationModel0=-0.00570407 
Saved: ./run2.moses.ini
DECODER_CFG = -weight-overwrite 'Distortion0= 0.017210 LexicalReordering0= 0.021993 0.171699 0.224434 0.069795 0.015017 0.012078 LM0= 0.110150 TranslationModel0= 0.105242 0.039276 0.003960 -0.005704 PhrasePenalty0= -0.149241 WordPenalty0= 0.054202'
Executing: /home/elio/tool/mosesbin/ubuntu-17.04/moses//bin/moses -v 0   -config /mnt/data/personal_projects/NandarLinn-SMT-Assignment/pbsmt/baseline/ph-my/tuning/moses.filtered.ini.1 -weight-overwrite 'Distortion0= 0.017210 LexicalReordering0= 0.021993 0.171699 0.224434 0.069795 0.015017 0.012078 LM0= 0.110150 TranslationModel0= 0.105242 0.039276 0.003960 -0.005704 PhrasePenalty0= -0.149241 WordPenalty0= 0.054202'  -n-best-list run2.best100.out 100 distinct  -input-file /mnt/data/personal_projects/NandarLinn-SMT-Assignment/clean-data/dev.ph > run2.out 
Executing: /home/elio/tool/mosesbin/ubuntu-17.04/moses//bin/moses -v 0   -config /mnt/data/personal_projects/NandarLinn-SMT-Assignment/pbsmt/baseline/ph-my/tuning/moses.filtered.ini.1 -weight-overwrite 'Distortion0= 0.017210 LexicalReordering0= 0.021993 0.171699 0.224434 0.069795 0.015017 0.012078 LM0= 0.110150 TranslationModel0= 0.105242 0.039276 0.003960 -0.005704 PhrasePenalty0= -0.149241 WordPenalty0= 0.054202'  -n-best-list run2.best100.out 100 distinct  -input-file /mnt/data/personal_projects/NandarLinn-SMT-Assignment/clean-data/dev.ph > run2.out
Loading table into memory...done.
Name:moses	VmPeak:158460 kB	VmRSS:16460 kB	RSSMax:25672 kB	user:2.128	sys:0.036	CPU:2.164	real:2.152
The decoder returns the scores in this order: LexicalReordering0 LexicalReordering0 LexicalReordering0 LexicalReordering0 LexicalReordering0 LexicalReordering0 Distortion0 LM0 WordPenalty0 PhrasePenalty0 TranslationModel0 TranslationModel0 TranslationModel0 TranslationModel0
Executing: gzip -f run2.best100.out
Scoring the nbestlist.
exec: /mnt/data/personal_projects/NandarLinn-SMT-Assignment/pbsmt/baseline/ph-my/tuning/tmp.1/extractor.sh
Executing: /mnt/data/personal_projects/NandarLinn-SMT-Assignment/pbsmt/baseline/ph-my/tuning/tmp.1/extractor.sh > extract.out 2> extract.err
Executing: \cp -f init.opt run2.init.opt
exec: /home/elio/tool/mosesbin/ubuntu-17.04/moses/bin/mert -d 14  --sctype BLEU --scconfig case:true --ffile run1.features.dat,run2.features.dat --scfile run1.scores.dat,run2.scores.dat --ifile run2.init.opt -n 20
Executing: /home/elio/tool/mosesbin/ubuntu-17.04/moses/bin/mert -d 14  --sctype BLEU --scconfig case:true --ffile run1.features.dat,run2.features.dat --scfile run1.scores.dat,run2.scores.dat --ifile run2.init.opt -n 20 > mert.out 2> mert.log
Executing: \cp -f extract.err run2.extract.err
Executing: \cp -f extract.out run2.extract.out
Executing: \cp -f mert.out run2.mert.out
Executing: \cp -f mert.log run2.mert.log
Executing: touch mert.log run2.mert.log
Executing: \cp -f weights.txt run2.weights.txt
featlist: LexicalReordering0=0.0273611 
featlist: LexicalReordering0=0.060216 
featlist: LexicalReordering0=0.0800408 
featlist: LexicalReordering0=0.00352241 
featlist: LexicalReordering0=0.0899669 
featlist: LexicalReordering0=0.080961 
featlist: Distortion0=0.0746584 
featlist: LM0=0.109391 
featlist: WordPenalty0=0.0535018 
featlist: PhrasePenalty0=-0.275991 
featlist: TranslationModel0=0.0827096 
featlist: TranslationModel0=0.0261152 
featlist: TranslationModel0=-0.00610718 
featlist: TranslationModel0=0.0294571 
Saved: ./run3.moses.ini
DECODER_CFG = -weight-overwrite 'LexicalReordering0= 0.027361 0.060216 0.080041 0.003522 0.089967 0.080961 Distortion0= 0.074658 PhrasePenalty0= -0.275991 WordPenalty0= 0.053502 LM0= 0.109391 TranslationModel0= 0.082710 0.026115 -0.006107 0.029457'
Executing: /home/elio/tool/mosesbin/ubuntu-17.04/moses//bin/moses -v 0   -config /mnt/data/personal_projects/NandarLinn-SMT-Assignment/pbsmt/baseline/ph-my/tuning/moses.filtered.ini.1 -weight-overwrite 'LexicalReordering0= 0.027361 0.060216 0.080041 0.003522 0.089967 0.080961 Distortion0= 0.074658 PhrasePenalty0= -0.275991 WordPenalty0= 0.053502 LM0= 0.109391 TranslationModel0= 0.082710 0.026115 -0.006107 0.029457'  -n-best-list run3.best100.out 100 distinct  -input-file /mnt/data/personal_projects/NandarLinn-SMT-Assignment/clean-data/dev.ph > run3.out 
Executing: /home/elio/tool/mosesbin/ubuntu-17.04/moses//bin/moses -v 0   -config /mnt/data/personal_projects/NandarLinn-SMT-Assignment/pbsmt/baseline/ph-my/tuning/moses.filtered.ini.1 -weight-overwrite 'LexicalReordering0= 0.027361 0.060216 0.080041 0.003522 0.089967 0.080961 Distortion0= 0.074658 PhrasePenalty0= -0.275991 WordPenalty0= 0.053502 LM0= 0.109391 TranslationModel0= 0.082710 0.026115 -0.006107 0.029457'  -n-best-list run3.best100.out 100 distinct  -input-file /mnt/data/personal_projects/NandarLinn-SMT-Assignment/clean-data/dev.ph > run3.out
Loading table into memory...done.
Name:moses	VmPeak:158460 kB	VmRSS:16480 kB	RSSMax:25292 kB	user:2.182	sys:0.042	CPU:2.224	real:2.211
The decoder returns the scores in this order: LexicalReordering0 LexicalReordering0 LexicalReordering0 LexicalReordering0 LexicalReordering0 LexicalReordering0 Distortion0 LM0 WordPenalty0 PhrasePenalty0 TranslationModel0 TranslationModel0 TranslationModel0 TranslationModel0
Executing: gzip -f run3.best100.out
Scoring the nbestlist.
exec: /mnt/data/personal_projects/NandarLinn-SMT-Assignment/pbsmt/baseline/ph-my/tuning/tmp.1/extractor.sh
Executing: /mnt/data/personal_projects/NandarLinn-SMT-Assignment/pbsmt/baseline/ph-my/tuning/tmp.1/extractor.sh > extract.out 2> extract.err
Executing: \cp -f init.opt run3.init.opt
exec: /home/elio/tool/mosesbin/ubuntu-17.04/moses/bin/mert -d 14  --sctype BLEU --scconfig case:true --ffile run1.features.dat,run2.features.dat,run3.features.dat --scfile run1.scores.dat,run2.scores.dat,run3.scores.dat --ifile run3.init.opt -n 20
Executing: /home/elio/tool/mosesbin/ubuntu-17.04/moses/bin/mert -d 14  --sctype BLEU --scconfig case:true --ffile run1.features.dat,run2.features.dat,run3.features.dat --scfile run1.scores.dat,run2.scores.dat,run3.scores.dat --ifile run3.init.opt -n 20 > mert.out 2> mert.log
Executing: \cp -f extract.err run3.extract.err
Executing: \cp -f extract.out run3.extract.out
Executing: \cp -f mert.out run3.mert.out
Executing: \cp -f mert.log run3.mert.log
Executing: touch mert.log run3.mert.log
Executing: \cp -f weights.txt run3.weights.txt
featlist: LexicalReordering0=0.000426003 
featlist: LexicalReordering0=0.000952925 
featlist: LexicalReordering0=0.000958651 
featlist: LexicalReordering0=0.000712009 
featlist: LexicalReordering0=0.000531066 
featlist: LexicalReordering0=0.000774397 
featlist: Distortion0=0.000873065 
featlist: LM0=0.00058078 
featlist: WordPenalty0=9.09131e-05 
featlist: PhrasePenalty0=-0.993177 
featlist: TranslationModel0=0.000146773 
featlist: TranslationModel0=0.000460277 
featlist: TranslationModel0=0.000215347 
featlist: TranslationModel0=-0.000100953 
Saved: ./run4.moses.ini
DECODER_CFG = -weight-overwrite 'PhrasePenalty0= -0.993177 WordPenalty0= 0.000091 LM0= 0.000581 TranslationModel0= 0.000147 0.000460 0.000215 -0.000101 LexicalReordering0= 0.000426 0.000953 0.000959 0.000712 0.000531 0.000774 Distortion0= 0.000873'
Executing: /home/elio/tool/mosesbin/ubuntu-17.04/moses//bin/moses -v 0   -config /mnt/data/personal_projects/NandarLinn-SMT-Assignment/pbsmt/baseline/ph-my/tuning/moses.filtered.ini.1 -weight-overwrite 'PhrasePenalty0= -0.993177 WordPenalty0= 0.000091 LM0= 0.000581 TranslationModel0= 0.000147 0.000460 0.000215 -0.000101 LexicalReordering0= 0.000426 0.000953 0.000959 0.000712 0.000531 0.000774 Distortion0= 0.000873'  -n-best-list run4.best100.out 100 distinct  -input-file /mnt/data/personal_projects/NandarLinn-SMT-Assignment/clean-data/dev.ph > run4.out 
Executing: /home/elio/tool/mosesbin/ubuntu-17.04/moses//bin/moses -v 0   -config /mnt/data/personal_projects/NandarLinn-SMT-Assignment/pbsmt/baseline/ph-my/tuning/moses.filtered.ini.1 -weight-overwrite 'PhrasePenalty0= -0.993177 WordPenalty0= 0.000091 LM0= 0.000581 TranslationModel0= 0.000147 0.000460 0.000215 -0.000101 LexicalReordering0= 0.000426 0.000953 0.000959 0.000712 0.000531 0.000774 Distortion0= 0.000873'  -n-best-list run4.best100.out 100 distinct  -input-file /mnt/data/personal_projects/NandarLinn-SMT-Assignment/clean-data/dev.ph > run4.out
Loading table into memory...done.
Name:moses	VmPeak:158460 kB	VmRSS:16696 kB	RSSMax:25544 kB	user:2.169	sys:0.036	CPU:2.205	real:2.192
The decoder returns the scores in this order: LexicalReordering0 LexicalReordering0 LexicalReordering0 LexicalReordering0 LexicalReordering0 LexicalReordering0 Distortion0 LM0 WordPenalty0 PhrasePenalty0 TranslationModel0 TranslationModel0 TranslationModel0 TranslationModel0
Executing: gzip -f run4.best100.out
Scoring the nbestlist.
exec: /mnt/data/personal_projects/NandarLinn-SMT-Assignment/pbsmt/baseline/ph-my/tuning/tmp.1/extractor.sh
Executing: /mnt/data/personal_projects/NandarLinn-SMT-Assignment/pbsmt/baseline/ph-my/tuning/tmp.1/extractor.sh > extract.out 2> extract.err
Executing: \cp -f init.opt run4.init.opt
exec: /home/elio/tool/mosesbin/ubuntu-17.04/moses/bin/mert -d 14  --sctype BLEU --scconfig case:true --ffile run1.features.dat,run2.features.dat,run3.features.dat,run4.features.dat --scfile run1.scores.dat,run2.scores.dat,run3.scores.dat,run4.scores.dat --ifile run4.init.opt -n 20
Executing: /home/elio/tool/mosesbin/ubuntu-17.04/moses/bin/mert -d 14  --sctype BLEU --scconfig case:true --ffile run1.features.dat,run2.features.dat,run3.features.dat,run4.features.dat --scfile run1.scores.dat,run2.scores.dat,run3.scores.dat,run4.scores.dat --ifile run4.init.opt -n 20 > mert.out 2> mert.log
Executing: \cp -f extract.err run4.extract.err
Executing: \cp -f extract.out run4.extract.out
Executing: \cp -f mert.out run4.mert.out
Executing: \cp -f mert.log run4.mert.log
Executing: touch mert.log run4.mert.log
Executing: \cp -f weights.txt run4.weights.txt
featlist: LexicalReordering0=0.000414362 
featlist: LexicalReordering0=0.000654126 
featlist: LexicalReordering0=0.000584362 
featlist: LexicalReordering0=-0.000624487 
featlist: LexicalReordering0=0.000790128 
featlist: LexicalReordering0=7.58161e-05 
featlist: Distortion0=0.000253065 
featlist: LM0=0.000783868 
featlist: WordPenalty0=3.82003e-05 
featlist: PhrasePenalty0=-0.994524 
featlist: TranslationModel0=5.1822e-05 
featlist: TranslationModel0=0.000755686 
featlist: TranslationModel0=0.000334282 
featlist: TranslationModel0=-0.000115399 
Saved: ./run5.moses.ini
DECODER_CFG = -weight-overwrite 'LM0= 0.000784 TranslationModel0= 0.000052 0.000756 0.000334 -0.000115 PhrasePenalty0= -0.994524 WordPenalty0= 0.000038 LexicalReordering0= 0.000414 0.000654 0.000584 -0.000624 0.000790 0.000076 Distortion0= 0.000253'
Executing: /home/elio/tool/mosesbin/ubuntu-17.04/moses//bin/moses -v 0   -config /mnt/data/personal_projects/NandarLinn-SMT-Assignment/pbsmt/baseline/ph-my/tuning/moses.filtered.ini.1 -weight-overwrite 'LM0= 0.000784 TranslationModel0= 0.000052 0.000756 0.000334 -0.000115 PhrasePenalty0= -0.994524 WordPenalty0= 0.000038 LexicalReordering0= 0.000414 0.000654 0.000584 -0.000624 0.000790 0.000076 Distortion0= 0.000253'  -n-best-list run5.best100.out 100 distinct  -input-file /mnt/data/personal_projects/NandarLinn-SMT-Assignment/clean-data/dev.ph > run5.out 
Executing: /home/elio/tool/mosesbin/ubuntu-17.04/moses//bin/moses -v 0   -config /mnt/data/personal_projects/NandarLinn-SMT-Assignment/pbsmt/baseline/ph-my/tuning/moses.filtered.ini.1 -weight-overwrite 'LM0= 0.000784 TranslationModel0= 0.000052 0.000756 0.000334 -0.000115 PhrasePenalty0= -0.994524 WordPenalty0= 0.000038 LexicalReordering0= 0.000414 0.000654 0.000584 -0.000624 0.000790 0.000076 Distortion0= 0.000253'  -n-best-list run5.best100.out 100 distinct  -input-file /mnt/data/personal_projects/NandarLinn-SMT-Assignment/clean-data/dev.ph > run5.out
Loading table into memory...done.
Name:moses	VmPeak:158460 kB	VmRSS:16672 kB	RSSMax:24652 kB	user:2.264	sys:0.032	CPU:2.296	real:2.283
The decoder returns the scores in this order: LexicalReordering0 LexicalReordering0 LexicalReordering0 LexicalReordering0 LexicalReordering0 LexicalReordering0 Distortion0 LM0 WordPenalty0 PhrasePenalty0 TranslationModel0 TranslationModel0 TranslationModel0 TranslationModel0
Executing: gzip -f run5.best100.out
Scoring the nbestlist.
exec: /mnt/data/personal_projects/NandarLinn-SMT-Assignment/pbsmt/baseline/ph-my/tuning/tmp.1/extractor.sh
Executing: /mnt/data/personal_projects/NandarLinn-SMT-Assignment/pbsmt/baseline/ph-my/tuning/tmp.1/extractor.sh > extract.out 2> extract.err
Executing: \cp -f init.opt run5.init.opt
exec: /home/elio/tool/mosesbin/ubuntu-17.04/moses/bin/mert -d 14  --sctype BLEU --scconfig case:true --ffile run1.features.dat,run2.features.dat,run3.features.dat,run4.features.dat,run5.features.dat --scfile run1.scores.dat,run2.scores.dat,run3.scores.dat,run4.scores.dat,run5.scores.dat --ifile run5.init.opt -n 20
Executing: /home/elio/tool/mosesbin/ubuntu-17.04/moses/bin/mert -d 14  --sctype BLEU --scconfig case:true --ffile run1.features.dat,run2.features.dat,run3.features.dat,run4.features.dat,run5.features.dat --scfile run1.scores.dat,run2.scores.dat,run3.scores.dat,run4.scores.dat,run5.scores.dat --ifile run5.init.opt -n 20 > mert.out 2> mert.log
Executing: \cp -f extract.err run5.extract.err
Executing: \cp -f extract.out run5.extract.out
Executing: \cp -f mert.out run5.mert.out
Executing: \cp -f mert.log run5.mert.log
Executing: touch mert.log run5.mert.log
Executing: \cp -f weights.txt run5.weights.txt
featlist: LexicalReordering0=0.00127031 
featlist: LexicalReordering0=0.000499919 
featlist: LexicalReordering0=0.000752209 
featlist: LexicalReordering0=0.000528992 
featlist: LexicalReordering0=0.000690969 
featlist: LexicalReordering0=0.000107834 
featlist: Distortion0=0.000529605 
featlist: LM0=0.00100049 
featlist: WordPenalty0=0.000262618 
featlist: PhrasePenalty0=-0.993 
featlist: TranslationModel0=0.000271962 
featlist: TranslationModel0=0.000729918 
featlist: TranslationModel0=0.000273344 
featlist: TranslationModel0=-8.203e-05 
Saved: ./run6.moses.ini
DECODER_CFG = -weight-overwrite 'LM0= 0.001000 TranslationModel0= 0.000272 0.000730 0.000273 -0.000082 PhrasePenalty0= -0.993000 WordPenalty0= 0.000263 LexicalReordering0= 0.001270 0.000500 0.000752 0.000529 0.000691 0.000108 Distortion0= 0.000530'
Executing: /home/elio/tool/mosesbin/ubuntu-17.04/moses//bin/moses -v 0   -config /mnt/data/personal_projects/NandarLinn-SMT-Assignment/pbsmt/baseline/ph-my/tuning/moses.filtered.ini.1 -weight-overwrite 'LM0= 0.001000 TranslationModel0= 0.000272 0.000730 0.000273 -0.000082 PhrasePenalty0= -0.993000 WordPenalty0= 0.000263 LexicalReordering0= 0.001270 0.000500 0.000752 0.000529 0.000691 0.000108 Distortion0= 0.000530'  -n-best-list run6.best100.out 100 distinct  -input-file /mnt/data/personal_projects/NandarLinn-SMT-Assignment/clean-data/dev.ph > run6.out 
Executing: /home/elio/tool/mosesbin/ubuntu-17.04/moses//bin/moses -v 0   -config /mnt/data/personal_projects/NandarLinn-SMT-Assignment/pbsmt/baseline/ph-my/tuning/moses.filtered.ini.1 -weight-overwrite 'LM0= 0.001000 TranslationModel0= 0.000272 0.000730 0.000273 -0.000082 PhrasePenalty0= -0.993000 WordPenalty0= 0.000263 LexicalReordering0= 0.001270 0.000500 0.000752 0.000529 0.000691 0.000108 Distortion0= 0.000530'  -n-best-list run6.best100.out 100 distinct  -input-file /mnt/data/personal_projects/NandarLinn-SMT-Assignment/clean-data/dev.ph > run6.out
Loading table into memory...done.
Name:moses	VmPeak:158460 kB	VmRSS:21564 kB	RSSMax:24652 kB	user:2.284	sys:0.045	CPU:2.329	real:2.315
The decoder returns the scores in this order: LexicalReordering0 LexicalReordering0 LexicalReordering0 LexicalReordering0 LexicalReordering0 LexicalReordering0 Distortion0 LM0 WordPenalty0 PhrasePenalty0 TranslationModel0 TranslationModel0 TranslationModel0 TranslationModel0
Executing: gzip -f run6.best100.out
Scoring the nbestlist.
exec: /mnt/data/personal_projects/NandarLinn-SMT-Assignment/pbsmt/baseline/ph-my/tuning/tmp.1/extractor.sh
Executing: /mnt/data/personal_projects/NandarLinn-SMT-Assignment/pbsmt/baseline/ph-my/tuning/tmp.1/extractor.sh > extract.out 2> extract.err
Executing: \cp -f init.opt run6.init.opt
exec: /home/elio/tool/mosesbin/ubuntu-17.04/moses/bin/mert -d 14  --sctype BLEU --scconfig case:true --ffile run1.features.dat,run2.features.dat,run3.features.dat,run4.features.dat,run5.features.dat,run6.features.dat --scfile run1.scores.dat,run2.scores.dat,run3.scores.dat,run4.scores.dat,run5.scores.dat,run6.scores.dat --ifile run6.init.opt -n 20
Executing: /home/elio/tool/mosesbin/ubuntu-17.04/moses/bin/mert -d 14  --sctype BLEU --scconfig case:true --ffile run1.features.dat,run2.features.dat,run3.features.dat,run4.features.dat,run5.features.dat,run6.features.dat --scfile run1.scores.dat,run2.scores.dat,run3.scores.dat,run4.scores.dat,run5.scores.dat,run6.scores.dat --ifile run6.init.opt -n 20 > mert.out 2> mert.log
Executing: \cp -f extract.err run6.extract.err
Executing: \cp -f extract.out run6.extract.out
Executing: \cp -f mert.out run6.mert.out
Executing: \cp -f mert.log run6.mert.log
Executing: touch mert.log run6.mert.log
Executing: \cp -f weights.txt run6.weights.txt
None of the weights changed more than 1e-05. Stopping.
Executing: \cp -f init.opt run6.init.opt
Executing: \cp -f mert.log run6.mert.log
featlist: LexicalReordering0=0.00127031 
featlist: LexicalReordering0=0.000499919 
featlist: LexicalReordering0=0.000752209 
featlist: LexicalReordering0=0.000528992 
featlist: LexicalReordering0=0.000690969 
featlist: LexicalReordering0=0.000107834 
featlist: Distortion0=0.000529605 
featlist: LM0=0.00100049 
featlist: WordPenalty0=0.000262618 
featlist: PhrasePenalty0=-0.993 
featlist: TranslationModel0=0.000271962 
featlist: TranslationModel0=0.000729918 
featlist: TranslationModel0=0.000273344 
featlist: TranslationModel0=-8.203e-05 
Saved: ./moses.ini
