ja&apos; mhu. jwa mhu. 
pji: hsei: 
mjin: za: gyoun 
a- ngan. pei: 
a- nei a- hta: 
kya: mi: zwe: mi. 
bo: ma. 
mha&apos; zu. 
kan gywei: 
mwei bwei: pou: hti. 
hta- min: zou&apos; 
cho: za 
hpju ba&apos; hpju jo 
hsa- ja a- ta&apos; thin gyaun: 
wei tha. 
lhou&apos; sha: 
gyun: htou: gaun 
mi. ga- da woun 
oun toun 
than da pjan 
si&apos; njaun: 
pjain be&apos; 
kyei: nin: 
kyaun: hsa- ja 
ou&apos; ta- ra. hpa- la- gu. ni 
khou&apos; bain: 
kyan jwe 
a- je: sun. 
lei gyun 
thin hpja 
a- njha 
zei: kain 
le&apos; hta&apos; 
baun win aun lou&apos; 
hsei: le&apos; mha&apos; 
mhjoun: tha: lhe. 
hsa kyu la 
a- twin: hsei: 
than dei: 
lu to: 
ou&apos; tai&apos; 
khan: na: 
soun kan 
tha- ma- ta goun 
a- mi. a- ja. 
ga- doun: ka- tai&apos; lou&apos; 
wun cha. 
la. kwei: 
hta- min: khan 
za&apos; win gan: 
a- ku ta&apos; 
si&apos; ni: bju ha 
za ta pei ta 
thu do kaun: 
a- hsei&apos; ngwei. 
hpju hsu&apos; 
hpa: hpa: 
a- ji ရွှမ်း 
mou&apos; cha. 
du. ti. ja. wa zou 
a- pja me 
hein di 
mjau&apos; mji 
za- ga- chi: 
nei dha 
kou jei: mha&apos; tan: 
hsei: hta. 
nou. ei: chaun: 
da- bju&apos; dan 
tai&apos; hpje&apos; 
u gyaun: 
jou: da- ja: kye&apos; 
kin pa- lin: 
nga- mwei htou: 
le&apos; hpwe. 
da- ma- tha&apos; 
bi. da- ga&apos; tai&apos; 
da- bin dain 
u: jin: gaun: khe: na 
ga- lei: 
we&apos; thi&apos; cha. 
a- tha: da&apos; 
khoun lhwa: 
sou: jein ma- kin: hpji&apos; 
hsaun: hpji: na 
shau&apos; ban: 
jei zin: da- da: 
kou bain gyaun: 
tha- ma ba&apos; 
le&apos; lwe 
wun bo. 
hin: mjou: 
dha- gya: min: 
bji&apos; njhi&apos; 
jan: poun mi: kya. 
da- ma. 
ni sa&apos; sa&apos; 
lu ba: 
maun: htaun: hsan 
a- khu. nhe 
pju pju ngha ngha 
hsan nwe 
poun thwin: 
pu. lu. 
u: loun: 
in: ain 
thi&apos; sa ti 
hsa&apos; hta- 
sa- moun za- ba: 
shei. nau&apos; 
tha- main: win 
tha- au&apos; tha- အုန် 
pi lo: 
chou: hpje&apos; 
toun chin dhi: 
a- pjaun: a- shwei. 
hte dhwa: 
pjou: si: 
me hpju: 
a- hpo: 
chein gwin baun 
jin zei. in: gyi 
o: za su: 
ji&apos; mjou: 
au&apos; dou: 
mi: zan 
su. tei. 
shwei pja: kha&apos; 
shwei hti: 
kyin nge 
hsaun: ba: 
wa zou ban: 
jei kyau&apos; 
hsin mjan: 
hsoun: ba: 
ma- zin sun. 
sou&apos; sou&apos; 
ma- lwe: ma- thwei 
a- che&apos; kya. 
le&apos; twe: hpjou&apos; 
kei&apos; sa. ma- shi. 
di: dou&apos; 
jei&apos; mjoun 
lan: bau&apos; 
mein. gya: 
chin. gyein 
na: bu na: hsa lou&apos; 
kha- jan: 
bwe&apos; hta. 
joun thwin: 
e. wu&apos; hsaun wu&apos; 
a- pjou jei 
za- lou sa- la 
ou&apos; ou&apos; the: dhe: 
za ta ein 
khan nain ji 
a- na gan 
hpjei: bjei: hsei: hsei: 
htoun: haun: 
bjain: ngan: 
nha- pa: dhwa: 
kya: kan 
su&apos; swe: 
shin laun: 
a- thain: a- wain: 
ja- me&apos; gyi: 
lu jei wa. 
wa: laun: 
jou&apos; bwa: do 
hpaun zi: ga- nan: 
tha- doun: 
mjoun si. zi. lou&apos; 
wa dha- na ou: 
je&apos; hpau&apos; jau&apos; 
zi. gou&apos; 
nan ne&apos; khin: 
loun. la. htou&apos; 
hpou gyin 
a- kya: 
a- mhu. ma- hta: 
hsan zu. 
bu: kwe 
ka- lan ga- hsan pjo: 
kyein: se&apos; 
sa wa. di: 
nau&apos; pei&apos; khwe: 
thwei: baun 
a- jwe tin 
mwei hau&apos; 
jei&apos; hpan: than hpan: 
thi: hta&apos; 
ka- lei ka- wa. 
ein nein. 
hpin. nhei: 
ta- wun: da- ga: 
sei&apos; sho. 
gyu ri lu gyi: 
jei hsei: 
me&apos; ta- ja: 
bjou&apos; za&apos; za&apos; 
min ga- la zaun 
a- lou&apos; tha- ma: 
bou laun: 
a- na loun: 
a- khin: dhwa: 
paun dan htou: 
ba ga- lou tou dou 
mje&apos; thi: 
pja: pan: kha&apos; 
nin: la: nga la: 
da&apos; hpe&apos; 
lei&apos; khoun: 
jaun: za: 
a- kyan po 
tou: te&apos; 
za- ga- thwin: 
a&apos; chi loun: 
thwa: kya: htou: dan 
bja dei&apos; 
ja win ou: 
jwei: che 
lwe gyou: 
hpo. loun: 
sei&apos; khain 
ta- li&apos; 
kyi: ma: 
wa ja- mei&apos; tu. je&apos; 
kaun: gyi: pei: 
a- hta: a- thou 
pai&apos; kyu: 
mhaun khou zei: 
thwei: htou: 
tha&apos; ti. ge: 
hsei: taun. 
pe: nau&apos; 
a- sei. a- nga. 
ma- kya: kaun: ma- na tha 
za&apos; hswe: 
mjou: jou: 
a- the: kywan: 
tha- ma dei wa. 
pji. zoun 
u. ဿုံ 
o: ba za 
pu. lin: 
wun: jan 
sa kou 
koun loun 
wa- ja. zein 
a- pjin 
a- khin 
shei: hpji&apos; haun: au&apos; mei. 
ka- lein njan 
oun: nhau&apos; chau&apos; 
pjan. pjo: 
a- mhwa 
hsin du 
joun win 
gaun: gyin: hsain tai&apos; 
di ga- ri 
wa- loun: 
mje&apos; pwin. 
gaun: shou&apos; 
jei thwa: 
lou&apos; za&apos; 
pa- rou kou 
jaun bja: 
dha- boun 
su&apos; sou 
jei laun 
pjan. ပျူး 
tan lin: 
thwei: zou: 
မြာ dain 
kha&apos; ma- hsei&apos; nei 
htai&apos; htai&apos; tan dan 
hpju kha zin 
nga. min: nga. gyin: 
lo: ka. da- ma- da 
mhja: kyi dau&apos; 
pju&apos; thei&apos; 
mi: hte. 
ja- da- na boun hsai&apos; 
a- hte gyi: pje&apos; 
lou&apos; the&apos; 
a- kha le 
si do than 
nei. kyo dha: 
shwei pei 
htau&apos; pan. gyei: 
si&apos; jei: lha. 
na- dha ba- 
lu wu&apos; kyaun 
pa wa 
ku ngwei 
jau&apos;kya: lja 
mjei za 
pei: chei 
jei za 
le&apos; dhwe&apos; 
lha&apos; lha&apos; 
tha mhu. na mhu. 
lhei ga- hsan 
bau&apos; du 
wa nei&apos; za. 
jin chaun 
jan dain 
mje&apos; ma- mjin 
kha- jei zei. twin: kya. 
mu li gaun: 
ja dhi ban: 
kye&apos; thein: hta. 
bein: za: 
a- lai&apos; thi. 
hto: la- ba&apos; 
a- ta ku: 
ni. dan: pjou: 
mau&apos; dou 
sou si. zi. 
dei tha- na 
a- mjoun 
kyan: do: 
za- bu 
taun dan: 
bi thwa 
kyi: baun: te&apos; 
ju&apos; ju&apos; 
lhou&apos; sha: mhu. 
pji&apos; pe 
koun: cho: 
kye&apos; chi: zu. chi 
the&apos; jau&apos; 
a- nge a- nhaun: 
dwa laun: 
dou: ba&apos; 
kyaun: te&apos; 
a- pja: 
ju ni ba sa- ti 
ma- da- ra&apos; gaun 
ka- mji&apos; 
pa- lou. ka. 
kein: zin dan: 
mi: laun ja lei pin. 
pa- ri. bo: ga. 
ka- ta&apos; ngan: 
tha- wei 
ku. mu. ဒြာ 
a- mha&apos; htin din 
a- shou&apos; a- she&apos; 
a- mwei hpja&apos; 
wa: jin: tou&apos; 
ta- thoun dhoun 
kan. tha&apos; zei: 
nga- pi. gyo 
an da- re kin: 
shou: pei: 
sein: zein: kyi. 
go ja 
khau&apos; moun. 
si jin 
gai&apos; pei: 
a- tha: bou 
a- the&apos; shu 
a- cha&apos; 
lu zwan: kaun: 
nain gan jei: khou lhoun gwin. 
pou: lau&apos; lan: 
pin le khu 
pau&apos; gyo 
jo: jaun 
a- khwin. a- jei: dha- ma: 
a- kyi: tan 
kun: sa: 
cha. cha. 
kha- man: 
mei&apos; hse&apos; 
a- mhwei: dain 
me: nji&apos; 
si&apos; kyou khi&apos; 
sa jei: 
nau&apos; gyaun: 
a- kyan bei: gye&apos; 
ma- thei kaun: ma- pjau&apos; kaun: 
tin da 
le&apos; khau&apos; le&apos; pjan 
the&apos; ka- ji&apos; shei 
pi pi dha: 
be lau&apos; 
si. တြ 
hse mu: ji 
kwei. le kyaun ba&apos; 
mein: ma- gyan: 
sha za: 
u. သျှစ် 
a- ja&apos; lu gyi: 
a- mje&apos; pjei 
a- kye: dha: 
za&apos; zin 
poun na- ma 
laun kywan: 
ta- ja- dhei 
hpji&apos; pwa: 
jei ein 
le&apos; wa: jai&apos; 
pjan gyo 
hpjau&apos; hsei&apos; mun: lwe: 
an. kha- man: 
win: mhu: 
ka la. po 
za ma- ni 
ta- ja: na khan 
zei di 
ban: za- ga: 
paun: pjan jei 
mhjo kho 
za&apos; gyin: 
ba- mou: 
a- wun: a- wain: 
kan ba&apos; 
na- mo na- me. 
ဖျောင်း hpja. 
chei chei mji&apos; mji&apos; 
le&apos; pu: le&apos; kya&apos; 
na- gye ein 
tha&apos; ti. pja. 
lin: joun 
hsin. ge: hpji&apos; sin 
a- jan gyou 
nja. nei chan: 
nein. dhan 
lin: kyin: 
mji&apos; khoun 
o: za lhwan: 
cha gya le 
kyein twe 
min: thoun: sou: thoun: 
pu si baun: 
a- njun. kyou: 
ma hpa- la 
shei: za- ga: 
man te&apos; 
ba- ja: ei&apos; 
jain: bin: 
kha- me: do 
lan pjei: 
shi. zu. me. zu. 
chou pe&apos; ka: 
htu: gyun 
sha&apos; sa: 
a- hte&apos; kyo ka ri 
jei&apos; kha 
che&apos; ta- hpjou&apos; 
ka- la- ga. cha. 
bou hswe: 
je: jou 
poun ban: 
tai&apos; lei jin 
twin pe 
a tha 
a- mi: gou&apos; 
hta- kywa. 
pa- ri. ja&apos; 
moun njin: hsi 
pou: taun. de: 
ta- shein htou: 
wu&apos; kyei wu&apos; koun 
ho: pjo: 
ma- hsou za. lau&apos; 
khu. gan a: 
poun dhei ni: 
thu. na pa- jan da- dain: 
goun sho 
a- jan: ka jo: 
thin. joun 
lei. la dhu 
tha- ma- tha&apos; daun. 
sa jei: ka- ri. ja 
jou&apos; tin 
lhe hpe 
pje&apos; kwe 
za ta pa 
a- jaun 
a- me: njhin: 
hsei: gye&apos; 
ou&apos; shaun 
kin ma- ja 
hpjaun. mhan 
mou: gyou: se&apos; kwin: 
ma- ha 
ko. lan 
hsaun: khain: 
baun kha&apos; 
lei bjei htou: 
a- chi: hsa&apos; 
a- mhja. ju 
a- su&apos; gun 
hsu: lei bai&apos; 
ta&apos; lan 
than mhou 
a- hpjei. khan ja- du. 
du. ti. 
kyein za mi. 
a- hpja: shu: 
ba wa. 
nei win ဖျိုး hpja. 
ne&apos; ne&apos; ne: ne: 
pei doun: ta 
bu. tha- ja- hta: 
sa pjan 
hpjou khwe: 
nha dhan pa 
pa- lhwa: 
a- jei&apos; na- mei&apos; 
a- lou&apos; ba: 
to: hpei&apos; nei. 
ka: kye&apos; 
pan: hse mjou: 
shun. nhi&apos; 
me ze&apos; 
kya- ngan: hpou 
pe: bi. za&apos; 
su. nu. 
jei koun lai&apos; 
ban da 
than ba- ja 
hsin. kho 
tha: dha- mi: 
da- we hsaun 
pe: gyan: 
a- chin pau&apos; 
po u: po hpja: 
kyan: ma jei: hsei: le&apos; mha&apos; 
kya ja&apos; 
ma- ja- pju. 
de&apos; khi. na. tha kha 
wei la wei: 
pou li jou 
bin ga- la: kywe: 
la- ha bjin zei: 
lan: jou: 
hte&apos; bain: 
a- kya. nei. 
ma na. gyi: 
a- tain: a- shei 
shau&apos; nu. 
pja. gan: 
ba- lu: ga- moun: 
jou: dou: jwa. ta- hpji&apos; 
lei soun 
kou&apos; dhe: 
sha na khwa na 
khan: loun: bjei. 
kha- na. 
nga- lin ban: 
za- jei&apos; njein: 
hi: tai&apos; 
ta- zi: da- zaun: 
a- hsi: a- ta: 
a- chaun dha- ma: 
za&apos; jan 
za- ga- thwa: za- ga- la 
mou: bjan 
mein la kan 
htoun: ain 
lu an: da. 
na: zi 
lun mjau&apos; 
twei: htin 
min: mjou: min: nwe 
a- kyan doun: njan doun: 
jei ze&apos; koun 
je&apos; swe: 
lei kyi&apos; 
zei: lan. 
lei ngan: 
kyau&apos; lhe. 
thei nei. zei. 
pji: pjei 
dha- bo: twei. 
a- hpjei. kan 
a- kha&apos; 
thei gan: pja&apos; 
ta wun me. 
sun ta ni 
me njou 
thin ga 
thin gan: hpu&apos; 
ka: joun 
pa mi&apos; 
u: zun: 
a- mu a- ja pje&apos; 
a sa- ri. 
mou: jan 
ga- li&apos; hsa- jin 
ta- pa de: 
a- laun: ga- za: 
mje&apos; si. kye 
a- thaun: a- hpjin: 
sain baun 
hti&apos; gyou: 
mu. tha wa da. 
ja- man 
bou za: nghe&apos; 
a- sou. 
a- tain: 
pji ban: shwei 
a- thoun: za- jei&apos; 
toun: ti. 
jou: jou: dan: 
sa kya&apos; sa ma. 
za- ji: 
tha&apos; ba. nju. ta. njan 
hta- min: za: bwe: 
wi. lou&apos; 
le&apos; sa. hpjau&apos; 
jou: ja 
me: joun 
win swe&apos; 
ta&apos; je: 
lan: njhun 
a- mwei sa: a- mwei khan 
mau&apos; khi. to: 
na: jaun ba: jaun 
kau&apos; thi&apos; za- bwe: 
jin: ka&apos; 
nge kyai&apos; 
tai&apos; ja ba pji&apos; si: 
pe: hpju lei: 
na&apos; tin 
pou&apos; ga- li. ka. 
ta&apos; ma- ha 
a: kya. ma- khan 
taun. tin: 
a- mje: da- zei 
thwei: sou&apos; 
mou: gou&apos; se&apos; wain: 
si: boun 
sa mei: bwe: hpjei 
hsei&apos; khan 
ta- kou do 
a- swan: pja. 
khou: ja lai&apos; 
le pje&apos; 
lan: hpoun 
le&apos; ja 
a- htoun 
a- mwei 
pjau&apos; kya: si&apos; 
a- pji&apos; a- chwe: 
sa ei&apos; 
za- ga- tau&apos; 
jei lou&apos; tha: 
le gu li 
pwe: hse&apos; mja: 
mu ti 
nei. mi: nja. mi: lou&apos; 
chi mja: 
a- hsi&apos; a- bain: 
a- than gyaun 
bein: zein: 
a- thi. zei&apos; 
chei mjan 
pu&apos; khoun 
ta- ja: pje&apos; 
zin. ou: 
a- si jin khan 
lhu&apos; mein. 
mei: jai&apos; mei: we: 
nge mu 
pan: si: 
jei lhu&apos; 
dai&apos; za- ba: 
jwe&apos; bja&apos; pou: 
hpja&apos; se&apos; 
jei: chu&apos; 
bei&apos; khu. ni 
sa: thoun: dhu 
ho: pjo: bwe: 
ku. ba. 
bein: cha. 
mhja: jwe&apos; 
nha dhan 
pu chi&apos; 
nha- loun: bau&apos; 
u: dai&apos; 
to lhan jei: dha- ma: 
နိဒ် dei tha. 
kwe&apos; kyo mjin 
le&apos; hpwa 
a- nou&apos; 
chei gywa. 
hsa&apos; hpou 
a- nei 
hpju lha&apos; 
jei sei: 
mji&apos; ta pje&apos; 
wa nu. 
mje&apos; nha me. 
swe: lan: 
lu loun: lu de 
mi: kyou: maun: pje&apos; 
moun. ou&apos; ka- lei: 
kou si kou nga. 
kyaun: nei hpe&apos; 
kwe: tha&apos; 
je: wun. 
pje&apos; ti: pje&apos; cho 
than bju hsain 
a- kyin: gyou&apos; 
me da. lin 
le&apos; hsou&apos; le&apos; kain 
a- hpoun boun 
hsa. tou: gein: 
sei: nhe: 
a- han. a- ta: 
pjaun bjaun 
chein htou&apos; 
bei: sa kan: za 
a- lai&apos; a- htai&apos; 
mjin: dha: 
la- ha bjin 
si&apos; u. ba- dei gyou&apos; 
nhan: kya&apos; 
ou: bji&apos; ma- kwe: 
thwei zaun: 
mwei: la. 
a- njhau&apos; 
si: bwa: pje&apos; 
mwei. jo 
daun tin: 
kha- ji: zaun 
htan: sho 
da na. 
kwe: e&apos; 
kaun: mhu. 
sei&apos; twe&apos; 
a- shin htwe&apos; 
moun. kya zei. 
a ma. gan 
hpji&apos; ja. lei gyin: 
gya&apos; gya&apos; ja&apos; ja&apos; 
thi: za: khan 
jau&apos; kha- ma. jau&apos;kya: dhu 
bo li&apos; bju rou 
koun thin: bo: 
thein: po: 
mou: bwe: 
a- kywei: pu 
than ba&apos; njaun: 
koun zei: nhoun: 
a- than htwe&apos; jou&apos; shin 
jo: ju. 
a- the&apos; ngin 
thwei: baun gyein 
ဗော် ja 
mi: ja&apos; pjin nja 
hsin: the&apos; 
ta- na&apos; sa: njan 
sei&apos; tain: kya. 
kya: le&apos; the: 
a- ni: hsoun: 
hsei: ou: 
ja- houn: 
mhjo. gyou: 
chwei: sei: 
kan. gyou&apos; ni 
ka jai&apos; ka ri. 
du a- ji: 
pei ka&apos; 
me thi la. 
za- go: ka- jin 
a- nji&apos; a- hti: 
wun: nu: 
a- hpou&apos; 
sa- jin: gain pjin nja 
wan: thwa: 
thi&apos; si: 
hou: hou: gyo 
ei: hsei: 
ta- wun: pu 
kwe pje&apos; 
pan: jan hsa- ja 
a- mhu. dwe: 
je: tai&apos; 
lhwa. tai&apos; 
a- jei&apos; ban: 
hsa: bou&apos; 
a- nin: khan 
pja&apos; htan: 
loun: la: htwei: la: 
a- ဘိဇ် za 
ban da zou: 
dha- bjei 
thin: kyo: 
thu gaun: dha: 
tha dha- na. jei&apos; tha 
in ga zoun 
jou&apos; pje&apos; hsin: pje&apos; 
hpa&apos; hpa&apos; mo: 
man zwe kyou: 
a- nau&apos; 
ka- lan ka- la: 
ka&apos; chwe: 
a- bou: 
pja ta 
kau&apos; jou: nwe 
hsin di kei&apos; 
sa- lwe thain: 
hnai&apos; hnai&apos; chu&apos; chu&apos; 
jei da. 
jei jin 
a ju. thin kha ja. lhu&apos; 
pa- khoun: bau&apos; 
a- mhai&apos; 
jin dha: 
kyi&apos; hsan mji: 
oun: pin sai&apos; 
le&apos; ku: le&apos; pjaun: 
a- hte: 
thau&apos; do jei 
pa- la- wa. e&apos; kha- ja 
nga- gyin: bu&apos; 
laun: dan: za: dan: 
to: ja- gyaun: 
ein. shin 
nei&apos; tha- ji: 
mje&apos; khau&apos; 
sa pei: 
na: lhe. 
lo: ga- da&apos; pjin nja 
a- ဝှာ 
kan: chei zaun. ta&apos; 
htun dhwa: 
chi sa- le&apos; sa. 
te. tou: 
mje&apos; nha- hpoun: 
da- jwin: 
a- bju&apos; 
wan: za za- ba: 
a- jei&apos; kyi. 
nei lje&apos; 
a- ju pa. boun 
za- bu ji&apos; 
pwe: lan: 
thwei: gyaun 
la. bjei. nei. 
pjo: jei: hsou gwin. shi. dhu 
oun: ga- ne: 
a- lou 
pe: ga- di ba 
mi: nei 
lhwe: pjaun: 
si&apos; u. ba- dei 
khwa ji zi: 
bja ka- la&apos; 
thein gi 
ka- la- ga. 
ma tu. ga ma. 
lai&apos; sa: 
a- hte&apos; zi: 
za&apos; paun: gan: 
htain: mjin: 
a- jei: koun 
hpjei hpjo 
lhei te&apos; 
nei mjin. 
kyou: me. kyei: nan: 
ju. ja. pai&apos; htwei: 
le&apos; sa. tha&apos; do. 
a- thei: a- hpwe: 
kyin. thoun: 
hsa: mje: 
nei&apos; ban zei: 
a- kywei: htu 
hsun: do sun. 
wu&apos; pju. 
kye: khin: 
i na: 
sei&apos; ba- di: 
kyu: jin. 
ka&apos; ta- ra. thin chei 
wa nge hta&apos; 
ti. hei&apos; 
cha: ja- ha&apos; 
swei. swei. 
moun. kywe: the: 
me: ne&apos; 
sei&apos; shei le&apos; shei 
le&apos; we: ji&apos; 
htwei: in 
lou&apos; hsaun gye&apos; 
pau&apos; pwa: 
sein: za: nga- pi. 
bjin: hou&apos; 
chei kya. 
mjin: a: 
tain bin 
pjo win nain zwan: 
hsa- ja lei: 
kyi dau&apos; 
ba gi 
twei. ga- ja 
pja. jou&apos; 
jou&apos; poun 
hsi sein se&apos; ku 
pju&apos; thai&apos; 
pou&apos; ဂိုလ် swe: 
ka- nwe. ka- ja. lou&apos; 
lhwa. za 
tha- kou: 
poun nhei&apos; se&apos; 
hta- min: gyain. 
kye jei mhou&apos; 
ja za. hta ni 
ju: ju: mai&apos; mai&apos; 
a- htan 
kyi: gyei 
min: kou ka 
sa- jwei: bau&apos; 
jin gwin 
kyan: khin: zei: 
a wa tha. 
sa- di ji jou 
hsa&apos; pja mhoun. 
hpin bu: daun: daun 
hpau&apos; the pei: 
kywe&apos; nou. 
pa&apos; ti: cha. 
thun: laun: 
shin than 
a- twin: a- pjin 
nau&apos; hpei: ou: 
wi. pa ka- wu&apos; 
le&apos; hswe: boun: 
pu du tu: 
a- mo: zei. 
pja ji: pja ja 
ba- zun nga- pi. 
a- shin tha- khin 
mo to 
si: cha. 
lou la: 
e&apos; u. ba- dei 
a- pjan 
ji ta- jo: 
lu nei mhu. a- hsin. a- tan: 
hsu. la&apos; 
mji dhou. me nja 
the&apos; hsou: shei 
a. thu. ba. shu. 
wi. gyou 
hse: hsou 
pan: bu&apos; 
ga- bja hsa- ja 
le chaun: dhan 
a- kyaun: chin: ja 
taun ka- thi&apos; 
da&apos; ngwei. 
pa- lin hsin: ngwei chei 
lan. hpjan. 
nga- mai&apos; dha: 
bou&apos; ou&apos; 
a- jin: mhjou&apos; 
mje&apos; mje&apos; se&apos; se&apos; 
lei thun 
thu jin: dain 
hsou&apos; kan kan 
nja. dwin: gyin: 
lei boun: 
ban nhoun: 
kain: koun 
shwin mju: 
nan taun: 
o: za shi. 
maun nha- ma- 
mjau&apos; ein do 
hpja&apos; sa: ja&apos; sa: lou&apos; 
ga- ba. je&apos; tha&apos; mjin: 
the&apos; the&apos; 
wan: ne: pe&apos; le&apos; 
a- khin: hpji&apos; 
a- nu. zei&apos; 
a- pji&apos; pei: 
a- ja. kau&apos; 
ku: cha. 
a- kyin lin ma- ja: 
lei: bjin lei: ja&apos; 
gwin: htou: hpa- na&apos; 
pjo. dha: 
za- ba- jin 
da- gaun gywe&apos; 
lu bjou hain: 
than gwe: kyaun: du 
za&apos; jei le 
a boun 
ga- za: wain: 
a- mjan ja- hta: 
kyoun: thwin: 
lan: pja&apos; 
တလ် la. 
kyan. htou: mou: hsin: 
thu thu nga nga 
sho. cha. 
mje&apos; kyo: tin: 
hsou: ga- ne: hsa&apos; kha- ne: 
mai&apos; jain: 
chi dei&apos; 
kan khei 
kou le&apos; nhi: nho: 
jin: ne&apos; 
a- ja. gye&apos; 
njha ta 
khau&apos; chou: gyou: 
na: jin: ou&apos; 
kyei&apos; mhei&apos; 
a- ka dha: 
khwa pje: 
ji. jwe: 
lai&apos; bwe: 
le&apos; ja: 
lei hpi. a: 
au&apos; chin: 
nwa: za- kyin: 
nei chou 
a- toun: a- joun: 
ga- nan: 
si: kan: 
thun: thun: 
sein: shwei shwei 
thi&apos; khwa. ji 
da- pu za: 
ka bain 
a- jan a- ta: 
ma- ha gi ji. 
ei&apos; hpan saun. 
doun: za&apos; lhei 
kya: thi&apos; 
je za- ja hpji&apos; 
thwei: nu. tha: nu. 
nhou&apos; mhu. pjin nja 
nga- man: taun 
a- khan. 
pa&apos; hta. na 
ba- dein hpou 
hse gyou: hse la. 
a&apos; koun 
na- ga- pa- ti. 
pan du 
kha- lei: zei&apos; 
thin gan: lja 
mje&apos; si. mhei&apos; 
sa- loun: 
sin di ga- jei&apos; 
mhja: u: boun 
a- kyaun: pju. 
a- chei pje&apos; 
ja hta: gye&apos; 
a- hpu: 
ban ဓတ် 
ba- ra- pwei 
lu boun 
tha- ka. da gan 
ke bau&apos; 
shwei din: ga: ban: 
chaun: zou: 
hsei: kya. 
au&apos; tan: kya. 
a- thoun: a- nhoun: 
kyaun mje&apos; jwe: 
le&apos; kha- na hpa&apos; 
a- bei&apos; dan 
kyau&apos; dan 
tou li mou&apos; sa. 
gyi&apos; dha: 
shei: hpji&apos; haun: 
nga- khoun: ma. 
lu ja thwin: 
le&apos; gyi&apos; 
bjain: chi: 
ka- hpje&apos; ja. hpje&apos; 
shu. mhjo 
chi gyin: kha&apos; 
a- khan 
lhain: dou 
le ja chaun: mjaun: 
wi. ka&apos; pa- na 
lei lan tin 
ei&apos; pjo 
le&apos; jou: 
za- ga: 
hpjou hpje&apos; 
chin: loun: 
tu: mjaun: 
shaun ta- khin gwin. 
a- ngou 
a- hpjei. ka&apos; ta: 
jan boun ngwei 
u. dan: kyu: 
sa tai&apos; thi&apos; ta 
hsi kyi ei&apos; 
hta&apos; ta- ja 
jou: dou: jei&apos; dei&apos; 
si: dou&apos; hpan 
the: kyau&apos; 
ei&apos; gyein 
za- ga- tin: hsou 
pa ra- mi 
paun: lai&apos; 
a- ei: 
ka la. wun: 
dha- ge. dhou. 
kyaun mji: du 
tha- ra- hpu hsaun: 
pjein: thwan: 
kya. ban: 
tha- min chou 
hpan jei zou: 
lu twin kye 
e. khan hsain: 
a- lou&apos; hpji&apos; 
than khi&apos; 
a ka tha. zou: 
o: za ti 
thaun: dhaun: 
wein njin 
khau&apos; gyei: 
aun mjin 
shaun sha: 
a- kyo: hsain: 
du pei na pei khan 
pou: mwei: zou&apos; 
tain aun 
than hpja&apos; lhwa. 
ta- din ga. 
htou: moun. 
lin dha: 
jaun: we 
lau&apos; lau&apos; la: la: 
mou: kyein: 
nhin: kwe: 
hwe&apos; za 
kou loun: po mhan 
sei&apos; jo: kou pa 
ta&apos; u: ba- lu: pa 
pa- jin: 
lu nge 
za- ja: 
kyu: kyo nei htain dhu 
ma- chou ma- gyin 
ka- jin o: dhan 
le&apos; wei za 
hsa: ga: 
aun dha- bjei 
jei lhe. thin. 
lu lou&apos; 
nge na mji 
htan: te&apos; dha- ma: 
i: pa 
chei&apos; tei&apos; tei&apos; pjo: 
ni. dan: 
hsoun: ma. 
kywe&apos; dwin: 
sa mu kha. 
jan lou 
min: me. tain: pji 
mi: ja&apos; pein mi: ja&apos; chau&apos; 
a- thei: a- mhwa: 
khan. khwe: 
man hpi 
ja za- tha&apos; 
hpwe: nu. 
a- ne 
hou&apos; ge. 
jei nan hsi 
ne sa&apos; 
le gun ja ne&apos; 
za bo li 
za- ga- di&apos; 
a- ka a- jan 
u. ပေက် kha pju. 
hpe khwa 
jei dhein 
wan: kai&apos; 
pa- le: bau&apos; 
jan saun 
thi ka ri ka 
htein hwe&apos; 
in: dhwa: 
lwan: hpja: lwan: na 
hpin htain goun 
khain: me&apos; 
a- hpjai&apos; ne&apos; 
ba- wa. pjaun: 
ja gwe&apos; 
ja za- wu&apos; kyin. htoun: 
wu&apos; twa: 
maun: si: le&apos; hpwe. 
thoun: daun. ain gyin: 
ba- ra- bji&apos; 
naun ba- wa. 
pe: gyi: 
dha- be&apos; 
le&apos; lhe. thin. 
chi&apos; chi&apos; chou&apos; gyou&apos; 
nhou&apos; kyun 
di lhain: 
sa gyaun: 
a- tha: njha&apos; moun. 
lei tei&apos; 
sa- tu. ma- du 
dha- bo: dha- jou&apos; 
wa htwe&apos; 
pa&apos; loun: 
a- tei&apos; kau&apos; 
che&apos; ka- li. 
hti. ga- bau&apos; 
kye&apos; tha- jei gan: 
a- the&apos; hte&apos; hsoun: 
je&apos; kan: gyou: 
ja- han: 
ba- zun gyau&apos; 
chau&apos; pau&apos; ma. 
mi: hso 
poun zwe: 
sein jei 
a- ke: bja&apos; 
lei chin te&apos; 
than bja&apos; 
tha&apos; mha&apos; 
sa&apos; ku: ma- ku: 
tha- khou: 
nei&apos; tha- ja. 
tin bjei. kya&apos; pjei. 
thu ri. ja. 
goun thein 
a- khan. do 
hsi: dhwa: 
we: za: 
da- zau&apos; gan: 
pjin: ma. 
hsaun. aun. 
ta- jo 
hse&apos; gyei: 
a- hsa pjei 
pjan ka- ha&apos; 
mjein she&apos; 
khe: jan: mi: kyau&apos; 
jei kain 
dha- ba wa. pau&apos; bin 
tha- chin: gyi: 
tha lhjin 
ko pi 
jei&apos; tha bin 
lu&apos; mjau&apos; 
hsei: ou: pou&apos; 
ja nhoun: pjei. 
chwei: sei: 
kyau&apos; sa tain 
ju&apos; twa. 
swan: ji 
ta- မုံ့ 
ei&apos; ja hta. 
jei boun bain 
ju pa. ni. ke 
do: na. 
wu&apos; htu. dou 
kyou: wain: 
a- jei: bain 
hsei: tai&apos; 
ti. di. 
se&apos; lhei ga: 
in chai&apos; 
a- lou hsan da. 
shwei daun 
mou: mhjo 
le dhi: 
khe: ma. bju 
than gyou: sa 
dha- gya: jei zin 
ka hswe: bau&apos; 
sai&apos; khwa. 
cha. boun: 
nei win mou: chou&apos; 
a- thin chei ja. ka&apos; 
hsi pjan 
jei hsoun: jei bja: 
tha- twei: 
mein: ma- kou 
ngu tu du 
le ba- du 
ma- chi. tin ke: 
thwei: wei: 
a- lhan: kwa 
hpa- ja: kou: hsu 
a- njho mi. 
paun: tin 
sa tain 
chu na dhe 
sa hte: mhu: 
na ta shei 
do li gyou 
nge sa- jin: 
ou&apos; o thaun: nin: 
khou mhi: 
si&apos; pjain 
jo: loun gyi 
a- hpjo jei 
njou. mhain: 
na- ban 
se&apos; kya hpjan. 
a: shi. ba: shi. 
nan me 
za- lou&apos; 
hswe: cha. 
dou: ga- ne: dau&apos; kha- ne: 
mjei po 
a- mjou: a- nwe 
a- tou kau&apos; 
chei hsin: 
ma- kaun: da- jaun: 
ma- ei 
ma- gyi: pa- ni 
tha khwa 
wain ja le&apos; 
hpau&apos; lou&apos; 
twe nhe: 
a- mja&apos; htou&apos; 
kha- jin: 
thwei: pu lei. kyin. gan: 
hte&apos; we&apos; we&apos; 
a- hpji&apos; 
sa: do tai&apos; 
shein: hsa ja 
lei lhe. 
sein: go: 
a- htu: dan: 
bou&apos; da. tha- ra- na- bin 
nwa: nga&apos; jei gya. 
ou&apos; khwe&apos; hpa- ja: 
hsei: bjin: lei&apos; 
a- mwei: hsaun: 
za- ga: pjo: kyi: nan: 
hsan njha 
tha- na. jou&apos; pa. 
u jain: 
mu wa da. 
hsin. pwa: thin dan: 
mjei ja 
a za ni 
kwe&apos; na pou: 
hpou&apos; win 
nau&apos; nei. 
u: dan: pe. dan: 
a- kha- kyei: ngwei 
sa- khan: cha. 
o gyi hi&apos; gyi: 
laun kywan: 
ja tan zei. 
lei hpou 
pan: wu&apos; ji 
saun. thoun: 
pin jin: 
ta wun me. 
jou&apos; hsin: dha- dan 
a- chein ja. 
ljaun: se&apos; 
sa- lwe 
mjwe&apos; gya: 
a nan da. ri. ja. kan 
kywe&apos; dha: 
hsei: htou: 
gan da ri 
nga- mhoun 
kyau&apos; swe: 
wun gyi: gyou&apos; 
jei ze&apos; hsoun 
lu: jwei bo 
nei. gyin: bji: 
a- kyi 
mei&apos; hsoun bwe: 
le&apos; hpjau&apos; ti: 
ni. ba&apos; 
po htun: 
a- pjoun: 
mjin: bwe: 
a- chou&apos; dha: 
te li hpoun: 
a- twe&apos; 
shi. khou: 
pa da- re&apos; 
hsun: hsan zein: 
ta- the&apos; 
mje&apos; nha me: 
nwa: pji: 
nan: shou&apos; 
la. me 
ta- u htoun. hsin: 
wa kya. 
ka- la&apos; 
a- ngan. 
koun zoun hsain 
paun: mou: 
jei le 
sin: ljin: 
hsun: khan pin. 
ki. mi. la. bei da. 
nan gya: 
jau&apos; jou: dan 
a- thei: 
to: mha: 
pa- rei&apos; pan: 
o gye hi&apos; kye 
chi. toun cha. toun hpji&apos; 
nou. bjin: 
mjau&apos; lhei ga: 
ei&apos; mhoun zoun mhwa: 
chun mja. 
hpin lei: 
htou&apos; lou&apos; 
la&apos; ja: la&apos; lja: 
nwa: kyau&apos; 
a- hpan ban 
a- cho: 
da: nhaun. 
sa- lun 
ba- za&apos; dha- din: 
pe&apos; bin: 
a ယုဗ် bei da. 
a- su. a- thin: 
su. le: 
the&apos; ka- ji&apos; tou 
kya: tha: mou: gyou: 
na- hpa chi: 
tha- ma di. khoun joun: 
a- si&apos; khan 
a- thi. mei&apos; hswei 
mei&apos; tha- ka. 
san da- ku. ma ra- za&apos; 
nei nain 
mje&apos; jei jou boun: 
thu&apos; thu&apos; 
mjau&apos; mwei: 
lau&apos; lhwe: 
a- kyo: mje&apos; 
hsa- du 
pjei le 
dha- gyan a- mjau&apos; 
nhan za: pjaun: 
ei&apos; me&apos; mjin 
han hsaun 
lei win bau&apos; 
pwe: zei: tan: 
loun: ban: 
le&apos; nge ti 
kho: bjin 
a- thau&apos; a- sa: 
a- koun khan 
nja loun: 
le gou&apos; 
taun poun ja boun 
a- kyaun: 
da- ra. 
saun. shau&apos; 
pja&apos; pja&apos; 
wi. te&apos; wi. sa ja. 
a- lou me. 
kha: gain: 
pjou: jan: 
a- kha- me. 
khun nha- je&apos; tha: dha- mi: 
an da- lin: 
than bju 
da-ra&apos; htu. 
kyun do 
sai&apos; sai&apos; sai&apos; sai&apos; 
po. shu&apos; shu&apos; 
wa- kyau&apos; wa. kan 
mei&apos; ka&apos; 
ge. hwe&apos; 
khwe: sei&apos; ku. hsa- ja wun 
a- jei: lou&apos; 
tha- jei thi&apos; ta 
hpei&apos; kho 
a- loun: lai&apos; a- khe: lai&apos; 
jei mou: chou: 
bwei: gain: 
a- khwei 
shan. dan. tan. 
nei. shei je&apos; mja: 
jou: ma. 
goun min: 
thau&apos; kya gyou 
thou thei&apos; 
ngo ငက် 
thi: daun hpu&apos; 
wu&apos; loun 
so: pja 
lin ja. 
ta- hpjin: bjin: 
a- twin: za- ga: 
kyi: saun. kye&apos; nhin 
ni. ba&apos; khin: 
dha- dei 
a- nu. nja ta. 
ku: chi than: chi 
a- nu. mju 
pa- ra- ma&apos; hta. ta- ja: 
a- kyou: zaun lou&apos; ngan: 
khain gyei: 
u&apos; hta- htan 
sha shei 
bi za- na 
pein: ne: jaun 
a- hte a- lei&apos; 
a- hsin a- pjin 
mjou: zei. cha. 
than dou than sa. 
wa kyei&apos; lein 
nji ma. 
a- chi: nhi: 
jei: jei: 
au&apos; chin: za 
sun. khwa 
mei&apos; tha- 
hswan: thu&apos; 
goun se&apos; ku 
shou&apos; htwei: pwei li 
da- da: shin 
naun do 
mji&apos; hpja&apos; hsei: 
u: hsaun: 
ka dha pei: 
cho chu&apos; 
bau&apos; lau&apos; njou 
lwan: hswei: 
sha: zaun: gyin 
hpoun: doun: loun: doun: 
dau&apos; dau&apos; kye: 
u gya bau&apos; 
kyi: dha: jai&apos; 
mi: htwe&apos; 
bi kya: 
a- kyai&apos; 
kye&apos; u. khou: mwei 
la&apos; pei&apos; 
htau&apos; chin. 
di ga. nhi&apos; 
che&apos; kywei 
nge baun: 
ka la. na- ga: 
jin gyo: 
mei. jo. 
gyi i. pa&apos; ta- mja: 
chi cha. 
mein: ma- gyi: 
wan: khain 
chin njha&apos; 
ba- da- dain 
ta- kaun: 
pa- jei&apos; mhun: 
lou&apos; hpo lou&apos; hpe&apos; 
ta&apos; dwin: poun kan mhu. 
cho: mo: 
dha- zin 
lan: shau&apos; 
ji&apos; dan htou: 
a- le: a- lhe 
a- twin: hsaun 
ma- hsu: ma- je: 
kwei gwin: 
ka ma- bain 
tha- jou&apos; tha- kan 
le&apos; hpja: hswe: 
hpa- nhwe: ga 
khin bja 
ein da- rei shin 
jou&apos; ti. 
tha: pje&apos; 
a- ko di jan 
nha- loun: bju: 
su: zu: wa: wa: 
lu pjo: thu bjo: 
ka- tou&apos; 
tun. shoun. 
au&apos; tan: za: 
wun zaun mhu. 
twe: laun: 
wun: nu: za 
nge dhwa: 
a- nan. a- the&apos; 
za&apos; thwin: 
ein ma. 
a- she&apos; a- kyau&apos; 
dha- din: gyi: 
bin ga li 
tha- jei 
ခိဍ် da da. tha- ka. 
mjan lu 
chin: zein: 
tou si. tou si. 
za- dwei: 
kyaun win 
si do 
a- kyaun: thi. 
a- ma- a- sa. 
a- twin: ta ja 
kye&apos; tha- jei hsaun 
hpa lu da 
ba- da- bjan kya: da- bjan 
nau&apos; htain 
hpe&apos; dwe: 
ta- man: nhou: 
a- pji: a- pja&apos; 
mji&apos; kyou: in: 
dha- zin min: 
ba- ga- tu: 
jo: swe&apos; 
thwa: te&apos; 
sa jei: dan 
hpja&apos; htou: njan 
min ga- la u: 
ba ja 
nga- jan. gaun: dou 
kha- lou&apos; 
tha- jei 
pjan pjaun: 
lu ma- ma 
ga- zi. ba&apos; tin 
mjei boun dhi: 
gyun: dhi: 
hsin ka&apos; 
kyi: gan: taun: mhau&apos; 
jei pa: se&apos; ku 
sa- jwei: dan 
a- lja: khoun 
a- sa. toun: 
ma- kya ma- tin 
a- chein ma- jwei: 
wun: pje&apos; 
mje&apos; nha mwe: 
za- na- ka. za&apos; 
da- ma- thei na pa- ti. 
pa- lin hsei: mou: 
wi. wa ha. min ga- la 
thin. ngwei 
shan: chei chei 
wa- jan: 
hpoun: gyi: 
le&apos; za: chei 
pjo. pjaun: 
ba- be: 
a- thi. pei: 
da- zei&apos; doun: 
mei mjou. ban: 
pin pwa: 
a- sou&apos; a- pje: 
ga- dwin: kaun: 
pjo do hse&apos; 
we&apos; kyein 
pai&apos; hsan sho 
hpja: na 
a- hsoun: tha&apos; 
nha- loun: 
pjaun: a- gyin: 
shwei tou ngwei sa. 
khu. din khu. 
da- au&apos; chai&apos; 
thi&apos; tan twe&apos; 
hta- ma- jei bu si: 
a- taun. 
a: tain: ja: tain: 
kou. ba dha 
a: nge 
dha- be&apos; 
la. bjei. nei. 
a- chau&apos; a- chan: 
na: cha. 
jwa jou: 
a- the&apos; win 
tha- ma a zi wa. 
in tain: 
tha- min le bjan kyi. 
a- che&apos; a- le&apos; 
pa man ga- nei&apos; 
mjau&apos; htain 
joun: chein: 
sa- khan: daun. 
pjun htwe&apos; 
ho. jan: 
i&apos; nei. 
lu mjou: zu. 
thi&apos; htou&apos; 
lei hta. 
o: ba 
koun: jou&apos; 
ja. tha. min gyi na&apos; 
a- tu 
paun bou: khu. 
nhou&apos; pei&apos; kha. 
u. ba- za 
pa- lwei 
a joun ta&apos; 
thi&apos; cha. 
mhaun me: 
thou&apos; da bou&apos; 
taun pu za 
sei&apos; nau&apos; 
a- chei shin 
si: wa: kai&apos; 
kyein bji&apos; 
bi. da- ka. 
a- ko hsai&apos; 
a- kin: ba: 
gyou tu. 
a- lan pe 
tin pou. 
we&apos; khau&apos; 
ain htun: 
khaun: pei&apos; 
ta wun 
bi ta min 
dhi. nau&apos; 
nan: kya. 
mai&apos; mha: 
bei me. 
kya khou 
mi: le 
wan: kwe: 
a- na a- hsa 
win jou: zun: 
wun: sho: 
ma- kya: wun. ma- na tha 
to lhan jei: nei. 
hsa&apos; pja mhwei: 
khwe: sei&apos; ku. pjin nja 
u jaun ngan: bja: 
ga. ja wa tha. 
bja ga- joun: kyan: 
hsei: si&apos; 
pja di ha 
maun: htaun: 
pa- lu tou ni jan 
du wun 
si&apos; mhu. dan: haun: 
da jai&apos; ta 
njaun sei: kya. 
pein: ne: gwin: 
nga- pi. htaun: 
a- mha&apos; kyi: 
pai&apos; cha. 
pji&apos; pji&apos; nhi&apos; nhi&apos; 
swe: gyou: 
pan htwei hpjo 
boun htaun 
kywe: go: 
min: po: 
chei gwin jai&apos; 
a- jei gyou thau&apos; 
chei zoun pji&apos; win 
hsei: lai&apos; 
ngan: do kya: 
kyaun ga- lei: 
dei&apos; ra- ko da 
dha- gyan te&apos; 
se&apos; dain 
a- nan. 
mi: gyou: 
jin. njaun: 
hsan loun: di: 
a- hpji&apos; hsou: 
a&apos; mhjou&apos; 
sin kye 
a- the&apos; thwei: gyo: 
kwe&apos; ga- ja 
tha- ji ja. da&apos; do 
a- na: pei: 
sha: ba: za- jei&apos; 
lei than pji&apos; 
thei ta- pan the&apos; ta- hsoun: 
khe&apos; htan 
o: wa da. khan 
ka&apos; lhu 
sun: pei 
a- kyan mjau&apos; 
a- kan: 
maun: ma- le 
za- ga- wain: hpwe. 
kou: dha: 
pa- hta- wi da&apos; 
pa- ne&apos; dhe: 
ja- khain 
lhe. kin: 
nou. lein 
a- twei: 
nga- mhan kan thai&apos; 
sei&apos; so: 
tha: khwe: 
za- bwe: 
le&apos; thin. 
a- mjin mhan ja. 
na ju 
doun la- ba. ta- ja: 
ငွား ငွား swin. swin. 
nhi&apos; hsan: ta- je&apos; 
na- win kyei 
thin: gyi&apos; 
chei bu&apos; tain le 
a- mhu. zaun 
ဂဏ် hti. 
nga za: 
mje&apos; lhwa cha. 
mha&apos; mi. 
a ga- dwin: 
a- the: nha- loun: 
nan me 
kha- ji: gyoun 
hpa- joun ga: 
mi: bjin: tai&apos; 
dhi. ga- lau&apos; 
ba- laun hsu 
hpwe. hpwe. nwe. nwe. 
poun do hpa- na&apos; 
thi goun: 
a- khau&apos; shwei 
u. dan: 
tan ja 
le&apos; li 
mje&apos; mhan: dan: 
kou&apos; kyi&apos; 
bi ei baun: 
dha- gya: moun la 
a- khu. na. 
aun bwe: ja. 
ma- kin: ja ma- kin: gyaun: 
ta- lin: gyi: kha 
a- mun: a- man 
thi ha. ja za 
na: kya: bjin: ka&apos; 
nhou&apos; hpjei sa mei: bwe: 
lei au&apos; 
ka ja- gan mjau&apos; 
bei: jan 
pa: lja: 
pau&apos; ka- ja. 
bja&apos; pjei. 
kou wun hpje&apos; 
pu li 
ga- do. 
bou&apos; a- hpwe. 
doun: wei: 
htein chan 
ma- jou ma- thei 
hsei: jei: ba- gyi 
tau&apos; te. ka&apos; ka&apos; 
nei. gyin: bjan 
hsan: thi&apos; 
mhjei: she&apos; 
na: ei: 
mje&apos; nha zein: 
hsin shin 
poun da. jei&apos; 
a: ljo zwa 
nga- pou&apos; thin 
in ga ja&apos; 
kha- lou&apos; tai&apos; 
hsa: kyin: 
thaun tin 
မြိန့် မြိန့် 
wu&apos; sa: 
a- chei&apos; 
the&apos; win 
jin na 
a- ni: 
a- sou. htou: 
mo gun: tai&apos; 
a- hpjin: 
ta&apos; ne 
lu pjei 
a- hti&apos; 
koun: lan: 
a- hte&apos; au&apos; 
dhou. hte: ma- hou&apos; 
koun lou&apos; hse&apos; hsan jei: 
si&apos; ke: 
nou. boun 
shu shai&apos; 
pa- le&apos; hpaun: 
poun du ku: 
ou za 
ba- la- 
lu gyan: 
a- hti&apos; 
thwei: lhu ban 
a- hsou a- mein. 
ju ba joun 
hpjaun. gye&apos; 
na- hpa chi: 
a- ne&apos; hpo 
kan gyi: kan nge 
nhi: wa: laun: 
pja. tha. 
nga- jou&apos; gya- bwei. 
me&apos; mun 
koun zi 
a baun 
tha mou mi ta 
a- we lai&apos; 
lei: gyou: gyi: 
jei&apos; jei&apos; jei&apos; jei&apos; 
ja- kaun: zei 
ta- hsi&apos; tha- khwa: 
htun doun: 
ga ma. wa thi 
gya: bau&apos; 
hsi: chou 
nei&apos; sa. thi la. 
mou: dhau&apos; kye 
ba ba nja nja 
da&apos; zi: ba&apos; lan: 
la. le joun za- doun: 
wu&apos; kaun: za: lha. 
pjin. nja&apos; do 
a- njun. 
hse. nha- gyou: 
wi. tha kha 
a- hpe&apos; 
nga- gyi: an ba&apos; 
pa: he&apos; 
in ga daun. 
thwa: gyaun tai&apos; 
koun cho: 
chin. twei: 
bju ha khin: 
shwei hpa- la: jaun 
swe do 
mjin. mje: 
ba ja na. thi che. 
te&apos; kywa. 
ka- wi. 
pa: na&apos; 
tin gyi: 
lhain: zi: 
te: htou: 
kun hpa- jin. 
pan: pa- hsa- ja 
kyei: ka- la: 
mei. mha: 
than boun: 
lou&apos; ngan: zin 
tha- min ma. 
tha- jei nwe 
zi wein kywei 
san da- ja: 
swa laun swa laun 
ko. la&apos; ko. la&apos; dhwa: 
thau&apos; jaun 
da&apos; hsin 
ma- ei&apos; ma- nei 
a- chou bwe: 
u. pa 
hpwa: hpe&apos; 
thwei: ei: 
nei. thin. nan thin. 
pau&apos; si 
pa- ကိဏ်း 
hsain ja 
a- kha mhi 
ta- thwin dhwin 
ja- di. 
thi. mhi 
chi goun le&apos; pan: kya. 
chou&apos; jou: 
min: lja 
pji shan 
ja. tha. nhi&apos; 
a- chei ma- lha. 
za&apos; hsaun 
za- ja- du. 
boun ma- hou&apos; pa&apos; ma- hou&apos; 
nge bju 
thein tha- mou&apos; 
a- nhou&apos; a- thein: 
pou&apos; ဂိုလ် 
mje&apos; shu. 
sa&apos; zu. 
pei&apos; zwe 
le khan 
le dain 
wan: mhan 
nhi&apos; kou. da- zei&apos; 
ba- zun za 
ga- hei 
nau&apos; khan ka: 
ta- hpji&apos; le: 
za&apos; na 
the: khan 
da- ma- ban da ga ji. ka- 
pa- li 
nei&apos; sa. ba&apos; hsun: 
hpaun: kywa. 
