shard_size = 0 shard_count = 0
Seeding random numbers with system clock 
name: case value: true
Data::m_score_type BLEU
Data::Scorer type from Scorer: BLEU
Loading Data from: run1.scores.dat and run1.features.dat
loading feature data from run1.features.dat
loading score data from run1.scores.dat
Loading Data from: run2.scores.dat and run2.features.dat
loading feature data from run2.features.dat
loading score data from run2.scores.dat
Loading Data from: run3.scores.dat and run3.features.dat
loading feature data from run3.features.dat
loading score data from run3.scores.dat
Loading Data from: run4.scores.dat and run4.features.dat
loading feature data from run4.features.dat
loading score data from run4.scores.dat
Data loaded : [Wall 1.40716 CPU 1.40636] seconds.
Creating a pool of 1 threads
Best point: 0.203199 0.061467 0.117354 -0.0193786 0.00953962 0.0875096 0.0277667 0.0674575 0.2622 -0.000703514 0.117685 -0.00445943 0.0206491 0.000630899  => 0.687343
Stopping... : [Wall 40.0611 CPU 40.0567] seconds.
