perl: warning: Setting locale failed.
perl: warning: Please check that your locale settings:
	LANGUAGE = (unset),
	LC_ALL = (unset),
	LC_CTYPE = "C.UTF-8",
	LANG = "en_US.UTF-8"
    are supported and installed on your system.
perl: warning: Falling back to the standard locale ("C").
STARTING UP AS PROCESS 1344355 ON kyalkalay-HP AT Tue Jun  2 02:26:39 +0630 2026
LOAD CONFIG...
working directory is /media/kyalkalay/Data/AI-Class/assignment-6_aung_hein/pbsmt_original_clean_experiments/pbsmt_3gram_phrase5/my-ph
running experimental run number 2

ESTABLISH WHICH STEPS NEED TO BE RUN

FIND DEPENDENCIES BETWEEN STEPS

CHECKING IF OLD STEPS ARE RE-USABLE

STEP SUMMARY:
81 EVALUATION:test:input-from-sgm ->	re-using (1)
75 CORPUS:myph:clean ->	re-using (1)
58 LM:myph:train ->	re-using (1)
55 LM:myph:binarize ->	re-using (1)
54 TRAINING:consolidate ->	re-using (1)
53 TRAINING:prepare-data ->	re-using (1)
52 TRAINING:run-giza ->	re-using (1)
51 TRAINING:run-giza-inverse ->	re-using (1)
50 TRAINING:symmetrize-giza ->	re-using (1)
49 TRAINING:build-lex-trans ->	re-using (1)
46 TRAINING:extract-phrases ->	re-using (1)
45 TRAINING:build-reordering ->	re-using (1)
44 TRAINING:build-ttable ->	re-using (1)
41 TRAINING:create-config ->	re-using (1)
26 TUNING:filter ->	re-using (1)
25 TUNING:apply-filter ->	re-using (1)
24 TUNING:tune ->	re-using (1)
23 TUNING:apply-weights ->	re-using (1)
17 EVALUATION:test:filter ->	re-using (1)
16 EVALUATION:test:apply-filter ->	re-using (1)
15 EVALUATION:test:decode ->	re-using (1)
14 EVALUATION:test:remove-markup ->	re-using (1)
10 EVALUATION:test:wrap ->	re-using (1)
9 EVALUATION:test:reference-from-sgm ->	re-using (1)
4 EVALUATION:test:nist-bleu ->	re-using (1)
3 EVALUATION:test:nist-bleu-c ->	re-using (1)
2 EVALUATION:test:analysis-coverage ->	re-using (1)
1 EVALUATION:test:analysis-precision ->	re-using (1)
0 REPORTING:report ->	re-using (1)

EXECUTE STEPS
number of steps doable or running: 0 at Tue Jun  2 02:26:39 +0630 2026
