perl: warning: Setting locale failed.
perl: warning: Please check that your locale settings:
	LANGUAGE = (unset),
	LC_ALL = (unset),
	LC_CTYPE = "C.UTF-8",
	LANG = "en_US.UTF-8"
    are supported and installed on your system.
perl: warning: Falling back to the standard locale ("C").
Executing: /home/kyalkalay/tools/mosesdecoder/bin/lmplz --text /media/kyalkalay/Data/AI-Class/assignment-6_aung_hein/g2p-par/train_clean.my --order 7 --arpa /media/kyalkalay/Data/AI-Class/assignment-6_aung_hein/pbsmt_original_clean_experiments/pbsmt_7gram_phrase11/ph-my/lm/myph.lm.1 --prune 0 0 1 --discount_fallback -T /media/kyalkalay/Data/AI-Class/assignment-6_aung_hein/pbsmt_original_clean_experiments/pbsmt_7gram_phrase11/ph-my/lm -S 20%
=== 1/5 Counting and sorting n-grams ===
Reading /media/kyalkalay/Data/AI-Class/assignment-6_aung_hein/g2p-par/train_clean.my
----5---10---15---20---25---30---35---40---45---50---55---60---65---70---75---80---85---90---95--100
****************************************************************************************************
Unigram tokens 57345 types 2275
=== 2/5 Calculating and sorting adjusted counts ===
Chain sizes: 1:27300 2:136165392 3:255310128 4:408496192 5:595723584 6:816992384 7:1072302464
Statistics:
1 2275 D1=0.480642 D2=0.951326 D3+=1.48117
2 27530 D1=0.806452 D2=1.24158 D3+=1.25547
3 6390/44994 D1=0.859935 D2=1.33782 D3+=1.64221
4 1737/35215 D1=0.938336 D2=1.69171 D3+=1.73863
5 447/16870 D1=0.961355 D2=1.83495 D3+=2.79761
6 98/6152 D1=0.977488 D2=1.87432 D3+=3
7 25/1562 D1=0.969716 D2=1.87879 D3+=3
Memory estimate for binary LM:
type      kB
probing  906 assuming -p 1.5
probing 1127 assuming -r models -p 1.5
trie     439 without quantization
trie     242 assuming -q 8 -b 8 quantization 
trie     406 assuming -a 22 array pointer compression
trie     209 assuming -a 22 -q 8 -b 8 array pointer compression and quantization
=== 3/5 Calculating and sorting initial probabilities ===
Chain sizes: 1:27300 2:440480 3:127800 4:41688 5:12516 6:3136 7:900
=== 4/5 Calculating and writing order-interpolated probabilities ===
Chain sizes: 1:27300 2:440480 3:127800 4:41688 5:12516 6:3136 7:900
=== 5/5 Writing ARPA model ===
Name:lmplz	VmPeak:3535684 kB	VmRSS:7520 kB	RSSMax:471288 kB	user:0.109456	sys:0.254412	CPU:0.363868	real:0.31647
