perl: warning: Setting locale failed.
perl: warning: Please check that your locale settings:
	LANGUAGE = (unset),
	LC_ALL = (unset),
	LC_CTYPE = "C.UTF-8",
	LANG = "en_US.UTF-8"
    are supported and installed on your system.
perl: warning: Falling back to the standard locale ("C").
Using SCRIPTS_ROOTDIR: /home/kyalkalay/tools/mosesdecoder/scripts
Asking moses for feature names and values from /media/kyalkalay/Data/AI-Class/assignment-6_aung_hein/pbsmt_original_clean_experiments/pbsmt_7gram_phrase11/ph-my/tuning/moses.filtered.ini.1
Executing: /home/kyalkalay/tools/mosesdecoder/bin/moses  -v 0  -config /media/kyalkalay/Data/AI-Class/assignment-6_aung_hein/pbsmt_original_clean_experiments/pbsmt_7gram_phrase11/ph-my/tuning/moses.filtered.ini.1 -show-weights
exec: /home/kyalkalay/tools/mosesdecoder/bin/moses  -v 0  -config /media/kyalkalay/Data/AI-Class/assignment-6_aung_hein/pbsmt_original_clean_experiments/pbsmt_7gram_phrase11/ph-my/tuning/moses.filtered.ini.1 -show-weights
Executing: /home/kyalkalay/tools/mosesdecoder/bin/moses  -v 0  -config /media/kyalkalay/Data/AI-Class/assignment-6_aung_hein/pbsmt_original_clean_experiments/pbsmt_7gram_phrase11/ph-my/tuning/moses.filtered.ini.1 -show-weights > ./features.list 2> /dev/null
MERT starting values and ranges for random generation:
  LexicalReordering0 =   0.300 ( 0.00 ..  1.00)
  LexicalReordering0 =   0.300 ( 0.00 ..  1.00)
  LexicalReordering0 =   0.300 ( 0.00 ..  1.00)
  LexicalReordering0 =   0.300 ( 0.00 ..  1.00)
  LexicalReordering0 =   0.300 ( 0.00 ..  1.00)
  LexicalReordering0 =   0.300 ( 0.00 ..  1.00)
  Distortion0 =   0.300 ( 0.00 ..  1.00)
    LM0 =   0.500 ( 0.00 ..  1.00)
  WordPenalty0 =  -1.000 ( 0.00 ..  1.00)
  PhrasePenalty0 =   0.200 ( 0.00 ..  1.00)
  TranslationModel0 =   0.200 ( 0.00 ..  1.00)
  TranslationModel0 =   0.200 ( 0.00 ..  1.00)
  TranslationModel0 =   0.200 ( 0.00 ..  1.00)
  TranslationModel0 =   0.200 ( 0.00 ..  1.00)
featlist: LexicalReordering0=0.300000 
featlist: LexicalReordering0=0.300000 
featlist: LexicalReordering0=0.300000 
featlist: LexicalReordering0=0.300000 
featlist: LexicalReordering0=0.300000 
featlist: LexicalReordering0=0.300000 
featlist: Distortion0=0.300000 
featlist: LM0=0.500000 
featlist: WordPenalty0=-1.000000 
featlist: PhrasePenalty0=0.200000 
featlist: TranslationModel0=0.200000 
featlist: TranslationModel0=0.200000 
featlist: TranslationModel0=0.200000 
featlist: TranslationModel0=0.200000 
Saved: ./run1.moses.ini
Normalizing lambdas: 0.300000 0.300000 0.300000 0.300000 0.300000 0.300000 0.300000 0.500000 -1.000000 0.200000 0.200000 0.200000 0.200000 0.200000
DECODER_CFG = -weight-overwrite 'LM0= 0.108696 TranslationModel0= 0.043478 0.043478 0.043478 0.043478 Distortion0= 0.065217 PhrasePenalty0= 0.043478 WordPenalty0= -0.217391 LexicalReordering0= 0.065217 0.065217 0.065217 0.065217 0.065217 0.065217'
Executing: /home/kyalkalay/tools/mosesdecoder/bin/moses -v 0   -config /media/kyalkalay/Data/AI-Class/assignment-6_aung_hein/pbsmt_original_clean_experiments/pbsmt_7gram_phrase11/ph-my/tuning/moses.filtered.ini.1 -weight-overwrite 'LM0= 0.108696 TranslationModel0= 0.043478 0.043478 0.043478 0.043478 Distortion0= 0.065217 PhrasePenalty0= 0.043478 WordPenalty0= -0.217391 LexicalReordering0= 0.065217 0.065217 0.065217 0.065217 0.065217 0.065217'  -n-best-list run1.best100.out 100 distinct  -input-file /media/kyalkalay/Data/AI-Class/assignment-6_aung_hein/g2p-par/dev_clean.ph > run1.out 
Executing: /home/kyalkalay/tools/mosesdecoder/bin/moses -v 0   -config /media/kyalkalay/Data/AI-Class/assignment-6_aung_hein/pbsmt_original_clean_experiments/pbsmt_7gram_phrase11/ph-my/tuning/moses.filtered.ini.1 -weight-overwrite 'LM0= 0.108696 TranslationModel0= 0.043478 0.043478 0.043478 0.043478 Distortion0= 0.065217 PhrasePenalty0= 0.043478 WordPenalty0= -0.217391 LexicalReordering0= 0.065217 0.065217 0.065217 0.065217 0.065217 0.065217'  -n-best-list run1.best100.out 100 distinct  -input-file /media/kyalkalay/Data/AI-Class/assignment-6_aung_hein/g2p-par/dev_clean.ph > run1.out
Loading table into memory...done.
Name:moses	VmPeak:158084 kB	VmRSS:16332 kB	RSSMax:24540 kB	user:1.627	sys:0.048	CPU:1.675	real:1.634
The decoder returns the scores in this order: LexicalReordering0 LexicalReordering0 LexicalReordering0 LexicalReordering0 LexicalReordering0 LexicalReordering0 Distortion0 LM0 WordPenalty0 PhrasePenalty0 TranslationModel0 TranslationModel0 TranslationModel0 TranslationModel0
Executing: gzip -f run1.best100.out
Scoring the nbestlist.
exec: /media/kyalkalay/Data/AI-Class/assignment-6_aung_hein/pbsmt_original_clean_experiments/pbsmt_7gram_phrase11/ph-my/tuning/tmp.1/extractor.sh
Executing: /media/kyalkalay/Data/AI-Class/assignment-6_aung_hein/pbsmt_original_clean_experiments/pbsmt_7gram_phrase11/ph-my/tuning/tmp.1/extractor.sh > extract.out 2> extract.err
Executing: \cp -f init.opt run1.init.opt
exec: /home/kyalkalay/tools/mosesdecoder/bin/mert -d 14  --sctype BLEU --scconfig case:true --ffile run1.features.dat --scfile run1.scores.dat --ifile run1.init.opt -n 20
Executing: /home/kyalkalay/tools/mosesdecoder/bin/mert -d 14  --sctype BLEU --scconfig case:true --ffile run1.features.dat --scfile run1.scores.dat --ifile run1.init.opt -n 20 > mert.out 2> mert.log
Executing: \cp -f extract.err run1.extract.err
Executing: \cp -f extract.out run1.extract.out
Executing: \cp -f mert.out run1.mert.out
Executing: \cp -f mert.log run1.mert.log
Executing: touch mert.log run1.mert.log
Executing: \cp -f weights.txt run1.weights.txt
featlist: LexicalReordering0=0.0722402 
featlist: LexicalReordering0=0.213617 
featlist: LexicalReordering0=0.070343 
featlist: LexicalReordering0=0.0115505 
featlist: LexicalReordering0=0.0559876 
featlist: LexicalReordering0=0.0289971 
featlist: Distortion0=0.0683404 
featlist: LM0=0.112553 
featlist: WordPenalty0=0.030167 
featlist: PhrasePenalty0=-0.187822 
featlist: TranslationModel0=0.107185 
featlist: TranslationModel0=0.0396322 
featlist: TranslationModel0=-0.000412265 
featlist: TranslationModel0=-0.00115239 
Saved: ./run2.moses.ini
DECODER_CFG = -weight-overwrite 'LexicalReordering0= 0.072240 0.213617 0.070343 0.011551 0.055988 0.028997 WordPenalty0= 0.030167 Distortion0= 0.068340 PhrasePenalty0= -0.187822 TranslationModel0= 0.107185 0.039632 -0.000412 -0.001152 LM0= 0.112553'
Executing: /home/kyalkalay/tools/mosesdecoder/bin/moses -v 0   -config /media/kyalkalay/Data/AI-Class/assignment-6_aung_hein/pbsmt_original_clean_experiments/pbsmt_7gram_phrase11/ph-my/tuning/moses.filtered.ini.1 -weight-overwrite 'LexicalReordering0= 0.072240 0.213617 0.070343 0.011551 0.055988 0.028997 WordPenalty0= 0.030167 Distortion0= 0.068340 PhrasePenalty0= -0.187822 TranslationModel0= 0.107185 0.039632 -0.000412 -0.001152 LM0= 0.112553'  -n-best-list run2.best100.out 100 distinct  -input-file /media/kyalkalay/Data/AI-Class/assignment-6_aung_hein/g2p-par/dev_clean.ph > run2.out 
Executing: /home/kyalkalay/tools/mosesdecoder/bin/moses -v 0   -config /media/kyalkalay/Data/AI-Class/assignment-6_aung_hein/pbsmt_original_clean_experiments/pbsmt_7gram_phrase11/ph-my/tuning/moses.filtered.ini.1 -weight-overwrite 'LexicalReordering0= 0.072240 0.213617 0.070343 0.011551 0.055988 0.028997 WordPenalty0= 0.030167 Distortion0= 0.068340 PhrasePenalty0= -0.187822 TranslationModel0= 0.107185 0.039632 -0.000412 -0.001152 LM0= 0.112553'  -n-best-list run2.best100.out 100 distinct  -input-file /media/kyalkalay/Data/AI-Class/assignment-6_aung_hein/g2p-par/dev_clean.ph > run2.out
Loading table into memory...done.
Name:moses	VmPeak:158216 kB	VmRSS:18388 kB	RSSMax:24972 kB	user:1.659	sys:0.043	CPU:1.703	real:1.669
The decoder returns the scores in this order: LexicalReordering0 LexicalReordering0 LexicalReordering0 LexicalReordering0 LexicalReordering0 LexicalReordering0 Distortion0 LM0 WordPenalty0 PhrasePenalty0 TranslationModel0 TranslationModel0 TranslationModel0 TranslationModel0
Executing: gzip -f run2.best100.out
Scoring the nbestlist.
exec: /media/kyalkalay/Data/AI-Class/assignment-6_aung_hein/pbsmt_original_clean_experiments/pbsmt_7gram_phrase11/ph-my/tuning/tmp.1/extractor.sh
Executing: /media/kyalkalay/Data/AI-Class/assignment-6_aung_hein/pbsmt_original_clean_experiments/pbsmt_7gram_phrase11/ph-my/tuning/tmp.1/extractor.sh > extract.out 2> extract.err
Executing: \cp -f init.opt run2.init.opt
exec: /home/kyalkalay/tools/mosesdecoder/bin/mert -d 14  --sctype BLEU --scconfig case:true --ffile run1.features.dat,run2.features.dat --scfile run1.scores.dat,run2.scores.dat --ifile run2.init.opt -n 20
Executing: /home/kyalkalay/tools/mosesdecoder/bin/mert -d 14  --sctype BLEU --scconfig case:true --ffile run1.features.dat,run2.features.dat --scfile run1.scores.dat,run2.scores.dat --ifile run2.init.opt -n 20 > mert.out 2> mert.log
Executing: \cp -f extract.err run2.extract.err
Executing: \cp -f extract.out run2.extract.out
Executing: \cp -f mert.out run2.mert.out
Executing: \cp -f mert.log run2.mert.log
Executing: touch mert.log run2.mert.log
Executing: \cp -f weights.txt run2.weights.txt
featlist: LexicalReordering0=0.141321 
featlist: LexicalReordering0=0.109926 
featlist: LexicalReordering0=0.0540324 
featlist: LexicalReordering0=0.023626 
featlist: LexicalReordering0=0.0329361 
featlist: LexicalReordering0=0.0325904 
featlist: Distortion0=0.0798854 
featlist: LM0=0.114604 
featlist: WordPenalty0=0.00188506 
featlist: PhrasePenalty0=-0.2564 
featlist: TranslationModel0=0.0760098 
featlist: TranslationModel0=0.0590267 
featlist: TranslationModel0=0.0156942 
featlist: TranslationModel0=0.00206285 
Saved: ./run3.moses.ini
DECODER_CFG = -weight-overwrite 'LexicalReordering0= 0.141321 0.109926 0.054032 0.023626 0.032936 0.032590 WordPenalty0= 0.001885 TranslationModel0= 0.076010 0.059027 0.015694 0.002063 LM0= 0.114604 PhrasePenalty0= -0.256400 Distortion0= 0.079885'
Executing: /home/kyalkalay/tools/mosesdecoder/bin/moses -v 0   -config /media/kyalkalay/Data/AI-Class/assignment-6_aung_hein/pbsmt_original_clean_experiments/pbsmt_7gram_phrase11/ph-my/tuning/moses.filtered.ini.1 -weight-overwrite 'LexicalReordering0= 0.141321 0.109926 0.054032 0.023626 0.032936 0.032590 WordPenalty0= 0.001885 TranslationModel0= 0.076010 0.059027 0.015694 0.002063 LM0= 0.114604 PhrasePenalty0= -0.256400 Distortion0= 0.079885'  -n-best-list run3.best100.out 100 distinct  -input-file /media/kyalkalay/Data/AI-Class/assignment-6_aung_hein/g2p-par/dev_clean.ph > run3.out 
Executing: /home/kyalkalay/tools/mosesdecoder/bin/moses -v 0   -config /media/kyalkalay/Data/AI-Class/assignment-6_aung_hein/pbsmt_original_clean_experiments/pbsmt_7gram_phrase11/ph-my/tuning/moses.filtered.ini.1 -weight-overwrite 'LexicalReordering0= 0.141321 0.109926 0.054032 0.023626 0.032936 0.032590 WordPenalty0= 0.001885 TranslationModel0= 0.076010 0.059027 0.015694 0.002063 LM0= 0.114604 PhrasePenalty0= -0.256400 Distortion0= 0.079885'  -n-best-list run3.best100.out 100 distinct  -input-file /media/kyalkalay/Data/AI-Class/assignment-6_aung_hein/g2p-par/dev_clean.ph > run3.out
Loading table into memory...done.
Name:moses	VmPeak:158216 kB	VmRSS:21592 kB	RSSMax:24992 kB	user:1.779	sys:0.044	CPU:1.823	real:1.792
The decoder returns the scores in this order: LexicalReordering0 LexicalReordering0 LexicalReordering0 LexicalReordering0 LexicalReordering0 LexicalReordering0 Distortion0 LM0 WordPenalty0 PhrasePenalty0 TranslationModel0 TranslationModel0 TranslationModel0 TranslationModel0
Executing: gzip -f run3.best100.out
Scoring the nbestlist.
exec: /media/kyalkalay/Data/AI-Class/assignment-6_aung_hein/pbsmt_original_clean_experiments/pbsmt_7gram_phrase11/ph-my/tuning/tmp.1/extractor.sh
Executing: /media/kyalkalay/Data/AI-Class/assignment-6_aung_hein/pbsmt_original_clean_experiments/pbsmt_7gram_phrase11/ph-my/tuning/tmp.1/extractor.sh > extract.out 2> extract.err
Executing: \cp -f init.opt run3.init.opt
exec: /home/kyalkalay/tools/mosesdecoder/bin/mert -d 14  --sctype BLEU --scconfig case:true --ffile run1.features.dat,run2.features.dat,run3.features.dat --scfile run1.scores.dat,run2.scores.dat,run3.scores.dat --ifile run3.init.opt -n 20
Executing: /home/kyalkalay/tools/mosesdecoder/bin/mert -d 14  --sctype BLEU --scconfig case:true --ffile run1.features.dat,run2.features.dat,run3.features.dat --scfile run1.scores.dat,run2.scores.dat,run3.scores.dat --ifile run3.init.opt -n 20 > mert.out 2> mert.log
Executing: \cp -f extract.err run3.extract.err
Executing: \cp -f extract.out run3.extract.out
Executing: \cp -f mert.out run3.mert.out
Executing: \cp -f mert.log run3.mert.log
Executing: touch mert.log run3.mert.log
Executing: \cp -f weights.txt run3.weights.txt
featlist: LexicalReordering0=0.0256926 
featlist: LexicalReordering0=0.046253 
featlist: LexicalReordering0=0.123892 
featlist: LexicalReordering0=-0.110799 
featlist: LexicalReordering0=0.024569 
featlist: LexicalReordering0=0.0540173 
featlist: Distortion0=0.0448984 
featlist: LM0=0.0983805 
featlist: WordPenalty0=0.0329278 
featlist: PhrasePenalty0=-0.304415 
featlist: TranslationModel0=0.033835 
featlist: TranslationModel0=0.0668473 
featlist: TranslationModel0=0.0300802 
featlist: TranslationModel0=-0.0033934 
Saved: ./run4.moses.ini
DECODER_CFG = -weight-overwrite 'LexicalReordering0= 0.025693 0.046253 0.123892 -0.110799 0.024569 0.054017 WordPenalty0= 0.032928 TranslationModel0= 0.033835 0.066847 0.030080 -0.003393 LM0= 0.098380 PhrasePenalty0= -0.304415 Distortion0= 0.044898'
Executing: /home/kyalkalay/tools/mosesdecoder/bin/moses -v 0   -config /media/kyalkalay/Data/AI-Class/assignment-6_aung_hein/pbsmt_original_clean_experiments/pbsmt_7gram_phrase11/ph-my/tuning/moses.filtered.ini.1 -weight-overwrite 'LexicalReordering0= 0.025693 0.046253 0.123892 -0.110799 0.024569 0.054017 WordPenalty0= 0.032928 TranslationModel0= 0.033835 0.066847 0.030080 -0.003393 LM0= 0.098380 PhrasePenalty0= -0.304415 Distortion0= 0.044898'  -n-best-list run4.best100.out 100 distinct  -input-file /media/kyalkalay/Data/AI-Class/assignment-6_aung_hein/g2p-par/dev_clean.ph > run4.out 
Executing: /home/kyalkalay/tools/mosesdecoder/bin/moses -v 0   -config /media/kyalkalay/Data/AI-Class/assignment-6_aung_hein/pbsmt_original_clean_experiments/pbsmt_7gram_phrase11/ph-my/tuning/moses.filtered.ini.1 -weight-overwrite 'LexicalReordering0= 0.025693 0.046253 0.123892 -0.110799 0.024569 0.054017 WordPenalty0= 0.032928 TranslationModel0= 0.033835 0.066847 0.030080 -0.003393 LM0= 0.098380 PhrasePenalty0= -0.304415 Distortion0= 0.044898'  -n-best-list run4.best100.out 100 distinct  -input-file /media/kyalkalay/Data/AI-Class/assignment-6_aung_hein/g2p-par/dev_clean.ph > run4.out
Loading table into memory...done.
Name:moses	VmPeak:158216 kB	VmRSS:17780 kB	RSSMax:25116 kB	user:1.663	sys:0.046	CPU:1.709	real:1.674
The decoder returns the scores in this order: LexicalReordering0 LexicalReordering0 LexicalReordering0 LexicalReordering0 LexicalReordering0 LexicalReordering0 Distortion0 LM0 WordPenalty0 PhrasePenalty0 TranslationModel0 TranslationModel0 TranslationModel0 TranslationModel0
Executing: gzip -f run4.best100.out
Scoring the nbestlist.
exec: /media/kyalkalay/Data/AI-Class/assignment-6_aung_hein/pbsmt_original_clean_experiments/pbsmt_7gram_phrase11/ph-my/tuning/tmp.1/extractor.sh
Executing: /media/kyalkalay/Data/AI-Class/assignment-6_aung_hein/pbsmt_original_clean_experiments/pbsmt_7gram_phrase11/ph-my/tuning/tmp.1/extractor.sh > extract.out 2> extract.err
Executing: \cp -f init.opt run4.init.opt
exec: /home/kyalkalay/tools/mosesdecoder/bin/mert -d 14  --sctype BLEU --scconfig case:true --ffile run1.features.dat,run2.features.dat,run3.features.dat,run4.features.dat --scfile run1.scores.dat,run2.scores.dat,run3.scores.dat,run4.scores.dat --ifile run4.init.opt -n 20
Executing: /home/kyalkalay/tools/mosesdecoder/bin/mert -d 14  --sctype BLEU --scconfig case:true --ffile run1.features.dat,run2.features.dat,run3.features.dat,run4.features.dat --scfile run1.scores.dat,run2.scores.dat,run3.scores.dat,run4.scores.dat --ifile run4.init.opt -n 20 > mert.out 2> mert.log
Executing: \cp -f extract.err run4.extract.err
Executing: \cp -f extract.out run4.extract.out
Executing: \cp -f mert.out run4.mert.out
Executing: \cp -f mert.log run4.mert.log
Executing: touch mert.log run4.mert.log
Executing: \cp -f weights.txt run4.weights.txt
featlist: LexicalReordering0=0.0223408 
featlist: LexicalReordering0=0.0464121 
featlist: LexicalReordering0=0.124318 
featlist: LexicalReordering0=-0.11118 
featlist: LexicalReordering0=0.0246535 
featlist: LexicalReordering0=0.0542031 
featlist: Distortion0=0.0450528 
featlist: LM0=0.0987189 
featlist: WordPenalty0=0.0330411 
featlist: PhrasePenalty0=-0.305462 
featlist: TranslationModel0=0.0339514 
featlist: TranslationModel0=0.0670772 
featlist: TranslationModel0=0.0301837 
featlist: TranslationModel0=-0.00340507 
Saved: ./run5.moses.ini
DECODER_CFG = -weight-overwrite 'LM0= 0.098719 TranslationModel0= 0.033951 0.067077 0.030184 -0.003405 PhrasePenalty0= -0.305462 Distortion0= 0.045053 WordPenalty0= 0.033041 LexicalReordering0= 0.022341 0.046412 0.124318 -0.111180 0.024653 0.054203'
Executing: /home/kyalkalay/tools/mosesdecoder/bin/moses -v 0   -config /media/kyalkalay/Data/AI-Class/assignment-6_aung_hein/pbsmt_original_clean_experiments/pbsmt_7gram_phrase11/ph-my/tuning/moses.filtered.ini.1 -weight-overwrite 'LM0= 0.098719 TranslationModel0= 0.033951 0.067077 0.030184 -0.003405 PhrasePenalty0= -0.305462 Distortion0= 0.045053 WordPenalty0= 0.033041 LexicalReordering0= 0.022341 0.046412 0.124318 -0.111180 0.024653 0.054203'  -n-best-list run5.best100.out 100 distinct  -input-file /media/kyalkalay/Data/AI-Class/assignment-6_aung_hein/g2p-par/dev_clean.ph > run5.out 
Executing: /home/kyalkalay/tools/mosesdecoder/bin/moses -v 0   -config /media/kyalkalay/Data/AI-Class/assignment-6_aung_hein/pbsmt_original_clean_experiments/pbsmt_7gram_phrase11/ph-my/tuning/moses.filtered.ini.1 -weight-overwrite 'LM0= 0.098719 TranslationModel0= 0.033951 0.067077 0.030184 -0.003405 PhrasePenalty0= -0.305462 Distortion0= 0.045053 WordPenalty0= 0.033041 LexicalReordering0= 0.022341 0.046412 0.124318 -0.111180 0.024653 0.054203'  -n-best-list run5.best100.out 100 distinct  -input-file /media/kyalkalay/Data/AI-Class/assignment-6_aung_hein/g2p-par/dev_clean.ph > run5.out
Loading table into memory...done.
Name:moses	VmPeak:158216 kB	VmRSS:16348 kB	RSSMax:25104 kB	user:1.620	sys:0.043	CPU:1.664	real:1.628
The decoder returns the scores in this order: LexicalReordering0 LexicalReordering0 LexicalReordering0 LexicalReordering0 LexicalReordering0 LexicalReordering0 Distortion0 LM0 WordPenalty0 PhrasePenalty0 TranslationModel0 TranslationModel0 TranslationModel0 TranslationModel0
Executing: gzip -f run5.best100.out
Scoring the nbestlist.
exec: /media/kyalkalay/Data/AI-Class/assignment-6_aung_hein/pbsmt_original_clean_experiments/pbsmt_7gram_phrase11/ph-my/tuning/tmp.1/extractor.sh
Executing: /media/kyalkalay/Data/AI-Class/assignment-6_aung_hein/pbsmt_original_clean_experiments/pbsmt_7gram_phrase11/ph-my/tuning/tmp.1/extractor.sh > extract.out 2> extract.err
Executing: \cp -f init.opt run5.init.opt
exec: /home/kyalkalay/tools/mosesdecoder/bin/mert -d 14  --sctype BLEU --scconfig case:true --ffile run1.features.dat,run2.features.dat,run3.features.dat,run4.features.dat,run5.features.dat --scfile run1.scores.dat,run2.scores.dat,run3.scores.dat,run4.scores.dat,run5.scores.dat --ifile run5.init.opt -n 20
Executing: /home/kyalkalay/tools/mosesdecoder/bin/mert -d 14  --sctype BLEU --scconfig case:true --ffile run1.features.dat,run2.features.dat,run3.features.dat,run4.features.dat,run5.features.dat --scfile run1.scores.dat,run2.scores.dat,run3.scores.dat,run4.scores.dat,run5.scores.dat --ifile run5.init.opt -n 20 > mert.out 2> mert.log
Executing: \cp -f extract.err run5.extract.err
Executing: \cp -f extract.out run5.extract.out
Executing: \cp -f mert.out run5.mert.out
Executing: \cp -f mert.log run5.mert.log
Executing: touch mert.log run5.mert.log
Executing: \cp -f weights.txt run5.weights.txt
featlist: LexicalReordering0=0.0206555 
featlist: LexicalReordering0=0.0464921 
featlist: LexicalReordering0=0.124532 
featlist: LexicalReordering0=-0.111372 
featlist: LexicalReordering0=0.024696 
featlist: LexicalReordering0=0.0542966 
featlist: Distortion0=0.0451305 
featlist: LM0=0.0988891 
featlist: WordPenalty0=0.0330981 
featlist: PhrasePenalty0=-0.305989 
featlist: TranslationModel0=0.0340099 
featlist: TranslationModel0=0.0671928 
featlist: TranslationModel0=0.0302357 
featlist: TranslationModel0=-0.00341094 
Saved: ./run6.moses.ini
DECODER_CFG = -weight-overwrite 'LM0= 0.098889 TranslationModel0= 0.034010 0.067193 0.030236 -0.003411 PhrasePenalty0= -0.305989 Distortion0= 0.045130 WordPenalty0= 0.033098 LexicalReordering0= 0.020656 0.046492 0.124532 -0.111372 0.024696 0.054297'
Executing: /home/kyalkalay/tools/mosesdecoder/bin/moses -v 0   -config /media/kyalkalay/Data/AI-Class/assignment-6_aung_hein/pbsmt_original_clean_experiments/pbsmt_7gram_phrase11/ph-my/tuning/moses.filtered.ini.1 -weight-overwrite 'LM0= 0.098889 TranslationModel0= 0.034010 0.067193 0.030236 -0.003411 PhrasePenalty0= -0.305989 Distortion0= 0.045130 WordPenalty0= 0.033098 LexicalReordering0= 0.020656 0.046492 0.124532 -0.111372 0.024696 0.054297'  -n-best-list run6.best100.out 100 distinct  -input-file /media/kyalkalay/Data/AI-Class/assignment-6_aung_hein/g2p-par/dev_clean.ph > run6.out 
Executing: /home/kyalkalay/tools/mosesdecoder/bin/moses -v 0   -config /media/kyalkalay/Data/AI-Class/assignment-6_aung_hein/pbsmt_original_clean_experiments/pbsmt_7gram_phrase11/ph-my/tuning/moses.filtered.ini.1 -weight-overwrite 'LM0= 0.098889 TranslationModel0= 0.034010 0.067193 0.030236 -0.003411 PhrasePenalty0= -0.305989 Distortion0= 0.045130 WordPenalty0= 0.033098 LexicalReordering0= 0.020656 0.046492 0.124532 -0.111372 0.024696 0.054297'  -n-best-list run6.best100.out 100 distinct  -input-file /media/kyalkalay/Data/AI-Class/assignment-6_aung_hein/g2p-par/dev_clean.ph > run6.out
Loading table into memory...done.
Name:moses	VmPeak:158216 kB	VmRSS:16496 kB	RSSMax:25200 kB	user:1.690	sys:0.041	CPU:1.732	real:1.697
The decoder returns the scores in this order: LexicalReordering0 LexicalReordering0 LexicalReordering0 LexicalReordering0 LexicalReordering0 LexicalReordering0 Distortion0 LM0 WordPenalty0 PhrasePenalty0 TranslationModel0 TranslationModel0 TranslationModel0 TranslationModel0
Executing: gzip -f run6.best100.out
Scoring the nbestlist.
exec: /media/kyalkalay/Data/AI-Class/assignment-6_aung_hein/pbsmt_original_clean_experiments/pbsmt_7gram_phrase11/ph-my/tuning/tmp.1/extractor.sh
Executing: /media/kyalkalay/Data/AI-Class/assignment-6_aung_hein/pbsmt_original_clean_experiments/pbsmt_7gram_phrase11/ph-my/tuning/tmp.1/extractor.sh > extract.out 2> extract.err
Executing: \cp -f init.opt run6.init.opt
exec: /home/kyalkalay/tools/mosesdecoder/bin/mert -d 14  --sctype BLEU --scconfig case:true --ffile run1.features.dat,run2.features.dat,run3.features.dat,run4.features.dat,run5.features.dat,run6.features.dat --scfile run1.scores.dat,run2.scores.dat,run3.scores.dat,run4.scores.dat,run5.scores.dat,run6.scores.dat --ifile run6.init.opt -n 20
Executing: /home/kyalkalay/tools/mosesdecoder/bin/mert -d 14  --sctype BLEU --scconfig case:true --ffile run1.features.dat,run2.features.dat,run3.features.dat,run4.features.dat,run5.features.dat,run6.features.dat --scfile run1.scores.dat,run2.scores.dat,run3.scores.dat,run4.scores.dat,run5.scores.dat,run6.scores.dat --ifile run6.init.opt -n 20 > mert.out 2> mert.log
Executing: \cp -f extract.err run6.extract.err
Executing: \cp -f extract.out run6.extract.out
Executing: \cp -f mert.out run6.mert.out
Executing: \cp -f mert.log run6.mert.log
Executing: touch mert.log run6.mert.log
Executing: \cp -f weights.txt run6.weights.txt
featlist: LexicalReordering0=0.00180401 
featlist: LexicalReordering0=0.000935521 
featlist: LexicalReordering0=0.00138528 
featlist: LexicalReordering0=-0.00112378 
featlist: LexicalReordering0=0.00042011 
featlist: LexicalReordering0=0.000890351 
featlist: Distortion0=1.4347e-05 
featlist: LM0=0.000893562 
featlist: WordPenalty0=0.000254992 
featlist: PhrasePenalty0=-0.990994 
featlist: TranslationModel0=0.000250894 
featlist: TranslationModel0=0.000660158 
featlist: TranslationModel0=0.000295311 
featlist: TranslationModel0=-7.74187e-05 
Saved: ./run7.moses.ini
DECODER_CFG = -weight-overwrite 'LexicalReordering0= 0.001804 0.000936 0.001385 -0.001124 0.000420 0.000890 WordPenalty0= 0.000255 TranslationModel0= 0.000251 0.000660 0.000295 -0.000077 LM0= 0.000894 Distortion0= 0.000014 PhrasePenalty0= -0.990994'
Executing: /home/kyalkalay/tools/mosesdecoder/bin/moses -v 0   -config /media/kyalkalay/Data/AI-Class/assignment-6_aung_hein/pbsmt_original_clean_experiments/pbsmt_7gram_phrase11/ph-my/tuning/moses.filtered.ini.1 -weight-overwrite 'LexicalReordering0= 0.001804 0.000936 0.001385 -0.001124 0.000420 0.000890 WordPenalty0= 0.000255 TranslationModel0= 0.000251 0.000660 0.000295 -0.000077 LM0= 0.000894 Distortion0= 0.000014 PhrasePenalty0= -0.990994'  -n-best-list run7.best100.out 100 distinct  -input-file /media/kyalkalay/Data/AI-Class/assignment-6_aung_hein/g2p-par/dev_clean.ph > run7.out 
Executing: /home/kyalkalay/tools/mosesdecoder/bin/moses -v 0   -config /media/kyalkalay/Data/AI-Class/assignment-6_aung_hein/pbsmt_original_clean_experiments/pbsmt_7gram_phrase11/ph-my/tuning/moses.filtered.ini.1 -weight-overwrite 'LexicalReordering0= 0.001804 0.000936 0.001385 -0.001124 0.000420 0.000890 WordPenalty0= 0.000255 TranslationModel0= 0.000251 0.000660 0.000295 -0.000077 LM0= 0.000894 Distortion0= 0.000014 PhrasePenalty0= -0.990994'  -n-best-list run7.best100.out 100 distinct  -input-file /media/kyalkalay/Data/AI-Class/assignment-6_aung_hein/g2p-par/dev_clean.ph > run7.out
Loading table into memory...done.
Name:moses	VmPeak:158084 kB	VmRSS:20212 kB	RSSMax:25892 kB	user:1.677	sys:0.044	CPU:1.722	real:1.687
The decoder returns the scores in this order: LexicalReordering0 LexicalReordering0 LexicalReordering0 LexicalReordering0 LexicalReordering0 LexicalReordering0 Distortion0 LM0 WordPenalty0 PhrasePenalty0 TranslationModel0 TranslationModel0 TranslationModel0 TranslationModel0
Executing: gzip -f run7.best100.out
Scoring the nbestlist.
exec: /media/kyalkalay/Data/AI-Class/assignment-6_aung_hein/pbsmt_original_clean_experiments/pbsmt_7gram_phrase11/ph-my/tuning/tmp.1/extractor.sh
Executing: /media/kyalkalay/Data/AI-Class/assignment-6_aung_hein/pbsmt_original_clean_experiments/pbsmt_7gram_phrase11/ph-my/tuning/tmp.1/extractor.sh > extract.out 2> extract.err
Executing: \cp -f init.opt run7.init.opt
exec: /home/kyalkalay/tools/mosesdecoder/bin/mert -d 14  --sctype BLEU --scconfig case:true --ffile run1.features.dat,run2.features.dat,run3.features.dat,run4.features.dat,run5.features.dat,run6.features.dat,run7.features.dat --scfile run1.scores.dat,run2.scores.dat,run3.scores.dat,run4.scores.dat,run5.scores.dat,run6.scores.dat,run7.scores.dat --ifile run7.init.opt -n 20
Executing: /home/kyalkalay/tools/mosesdecoder/bin/mert -d 14  --sctype BLEU --scconfig case:true --ffile run1.features.dat,run2.features.dat,run3.features.dat,run4.features.dat,run5.features.dat,run6.features.dat,run7.features.dat --scfile run1.scores.dat,run2.scores.dat,run3.scores.dat,run4.scores.dat,run5.scores.dat,run6.scores.dat,run7.scores.dat --ifile run7.init.opt -n 20 > mert.out 2> mert.log
Executing: \cp -f extract.err run7.extract.err
Executing: \cp -f extract.out run7.extract.out
Executing: \cp -f mert.out run7.mert.out
Executing: \cp -f mert.log run7.mert.log
Executing: touch mert.log run7.mert.log
Executing: \cp -f weights.txt run7.weights.txt
None of the weights changed more than 1e-05. Stopping.
Executing: \cp -f init.opt run7.init.opt
Executing: \cp -f mert.log run7.mert.log
featlist: LexicalReordering0=0.00180401 
featlist: LexicalReordering0=0.000935521 
featlist: LexicalReordering0=0.00138528 
featlist: LexicalReordering0=-0.00112378 
featlist: LexicalReordering0=0.00042011 
featlist: LexicalReordering0=0.000890351 
featlist: Distortion0=1.4347e-05 
featlist: LM0=0.000893562 
featlist: WordPenalty0=0.000254992 
featlist: PhrasePenalty0=-0.990994 
featlist: TranslationModel0=0.000250894 
featlist: TranslationModel0=0.000660158 
featlist: TranslationModel0=0.000295311 
featlist: TranslationModel0=-7.74187e-05 
Saved: ./moses.ini
