starting at Tue Jun 2 02:52:00 +0630 2026 on kyalkalay-HP
run 1 start at Tue Jun  2 02:52:00 +0630 2026
Parsing --decoder-flags: | -v 0 |
Saving new config to: ./run1.moses.ini
1-10.20.2 0.2 0.2 0.20.3 0.3 0.3 0.3 0.3 0.30.30.5(1) run decoder to produce n-best lists
params = -v 0 
decoder_config = -weight-overwrite 'LM0= 0.108696 TranslationModel0= 0.043478 0.043478 0.043478 0.043478 Distortion0= 0.065217 PhrasePenalty0= 0.043478 WordPenalty0= -0.217391 LexicalReordering0= 0.065217 0.065217 0.065217 0.065217 0.065217 0.065217'
run 1 end at Tue Jun  2 02:52:30 +0630 2026
(1) BEST at 1: 0.0722402 0.213617 0.070343 0.0115505 0.0559876 0.0289971 0.0683404 0.112553 0.030167 -0.187822 0.107185 0.0396322 -0.000412265 -0.00115239 => 0.77629 at Tue Jun  2 02:52:30 +0630 2026
loading data from 1 to 1 (prev_aggregate_nbl_size=-1)
loading data from run1.features.dat
loading data from run1.scores.dat
loading data from run1.init.opt
run 2 start at Tue Jun  2 02:52:30 +0630 2026
Parsing --decoder-flags: |-v 0 |
Saving new config to: ./run2.moses.ini
1-10.20.2 0.2 0.2 0.20.3 0.3 0.3 0.3 0.3 0.30.30.5(2) run decoder to produce n-best lists
params = -v 0 
decoder_config = -weight-overwrite 'LexicalReordering0= 0.072240 0.213617 0.070343 0.011551 0.055988 0.028997 WordPenalty0= 0.030167 Distortion0= 0.068340 PhrasePenalty0= -0.187822 TranslationModel0= 0.107185 0.039632 -0.000412 -0.001152 LM0= 0.112553'
run 2 end at Tue Jun  2 02:53:10 +0630 2026
(2) BEST at 2: 0.141321 0.109926 0.0540324 0.023626 0.0329361 0.0325904 0.0798854 0.114604 0.00188506 -0.2564 0.0760098 0.0590267 0.0156942 0.00206285 => 0.783779 at Tue Jun  2 02:53:10 +0630 2026
loading data from 1 to 2 (prev_aggregate_nbl_size=-1)
loading data from run1.features.dat,run2.features.dat
loading data from run1.scores.dat,run2.scores.dat
loading data from run1.init.opt,run2.init.opt
run 3 start at Tue Jun  2 02:53:10 +0630 2026
Parsing --decoder-flags: |-v 0 |
Saving new config to: ./run3.moses.ini
1-10.20.2 0.2 0.2 0.20.3 0.3 0.3 0.3 0.3 0.30.30.5(3) run decoder to produce n-best lists
params = -v 0 
decoder_config = -weight-overwrite 'LexicalReordering0= 0.141321 0.109926 0.054032 0.023626 0.032936 0.032590 WordPenalty0= 0.001885 TranslationModel0= 0.076010 0.059027 0.015694 0.002063 LM0= 0.114604 PhrasePenalty0= -0.256400 Distortion0= 0.079885'
run 3 end at Tue Jun  2 02:53:55 +0630 2026
(3) BEST at 3: 0.0256926 0.046253 0.123892 -0.110799 0.024569 0.0540173 0.0448984 0.0983805 0.0329278 -0.304415 0.033835 0.0668473 0.0300802 -0.0033934 => 0.786841 at Tue Jun  2 02:53:55 +0630 2026
loading data from 1 to 3 (prev_aggregate_nbl_size=-1)
loading data from run1.features.dat,run2.features.dat,run3.features.dat
loading data from run1.scores.dat,run2.scores.dat,run3.scores.dat
loading data from run1.init.opt,run2.init.opt,run3.init.opt
run 4 start at Tue Jun  2 02:53:55 +0630 2026
Parsing --decoder-flags: |-v 0 |
Saving new config to: ./run4.moses.ini
1-10.20.2 0.2 0.2 0.20.3 0.3 0.3 0.3 0.3 0.30.30.5(4) run decoder to produce n-best lists
params = -v 0 
decoder_config = -weight-overwrite 'LexicalReordering0= 0.025693 0.046253 0.123892 -0.110799 0.024569 0.054017 WordPenalty0= 0.032928 TranslationModel0= 0.033835 0.066847 0.030080 -0.003393 LM0= 0.098380 PhrasePenalty0= -0.304415 Distortion0= 0.044898'
run 4 end at Tue Jun  2 02:54:36 +0630 2026
(4) BEST at 4: 0.0223408 0.0464121 0.124318 -0.11118 0.0246535 0.0542031 0.0450528 0.0987189 0.0330411 -0.305462 0.0339514 0.0670772 0.0301837 -0.00340507 => 0.786947 at Tue Jun  2 02:54:36 +0630 2026
loading data from 1 to 4 (prev_aggregate_nbl_size=-1)
loading data from run1.features.dat,run2.features.dat,run3.features.dat,run4.features.dat
loading data from run1.scores.dat,run2.scores.dat,run3.scores.dat,run4.scores.dat
loading data from run1.init.opt,run2.init.opt,run3.init.opt,run4.init.opt
run 5 start at Tue Jun  2 02:54:36 +0630 2026
Parsing --decoder-flags: |-v 0 |
Saving new config to: ./run5.moses.ini
1-10.20.2 0.2 0.2 0.20.3 0.3 0.3 0.3 0.3 0.30.30.5(5) run decoder to produce n-best lists
params = -v 0 
decoder_config = -weight-overwrite 'LM0= 0.098719 TranslationModel0= 0.033951 0.067077 0.030184 -0.003405 PhrasePenalty0= -0.305462 Distortion0= 0.045053 WordPenalty0= 0.033041 LexicalReordering0= 0.022341 0.046412 0.124318 -0.111180 0.024653 0.054203'
run 5 end at Tue Jun  2 02:55:15 +0630 2026
(5) BEST at 5: 0.0206555 0.0464921 0.124532 -0.111372 0.024696 0.0542966 0.0451305 0.0988891 0.0330981 -0.305989 0.0340099 0.0671928 0.0302357 -0.00341094 => 0.786947 at Tue Jun  2 02:55:15 +0630 2026
loading data from 1 to 5 (prev_aggregate_nbl_size=-1)
loading data from run1.features.dat,run2.features.dat,run3.features.dat,run4.features.dat,run5.features.dat
loading data from run1.scores.dat,run2.scores.dat,run3.scores.dat,run4.scores.dat,run5.scores.dat
loading data from run1.init.opt,run2.init.opt,run3.init.opt,run4.init.opt,run5.init.opt
run 6 start at Tue Jun  2 02:55:15 +0630 2026
Parsing --decoder-flags: |-v 0 |
Saving new config to: ./run6.moses.ini
1-10.20.2 0.2 0.2 0.20.3 0.3 0.3 0.3 0.3 0.30.30.5(6) run decoder to produce n-best lists
params = -v 0 
decoder_config = -weight-overwrite 'LM0= 0.098889 TranslationModel0= 0.034010 0.067193 0.030236 -0.003411 PhrasePenalty0= -0.305989 Distortion0= 0.045130 WordPenalty0= 0.033098 LexicalReordering0= 0.020656 0.046492 0.124532 -0.111372 0.024696 0.054297'
run 6 end at Tue Jun  2 02:55:58 +0630 2026
(6) BEST at 6: 0.00180401 0.000935521 0.00138528 -0.00112378 0.00042011 0.000890351 1.4347e-05 0.000893562 0.000254992 -0.990994 0.000250894 0.000660158 0.000295311 -7.74187e-05 => 0.787937 at Tue Jun  2 02:55:58 +0630 2026
loading data from 1 to 6 (prev_aggregate_nbl_size=-1)
loading data from run1.features.dat,run2.features.dat,run3.features.dat,run4.features.dat,run5.features.dat,run6.features.dat
loading data from run1.scores.dat,run2.scores.dat,run3.scores.dat,run4.scores.dat,run5.scores.dat,run6.scores.dat
loading data from run1.init.opt,run2.init.opt,run3.init.opt,run4.init.opt,run5.init.opt,run6.init.opt
run 7 start at Tue Jun  2 02:55:58 +0630 2026
Parsing --decoder-flags: |-v 0 |
Saving new config to: ./run7.moses.ini
1-10.20.2 0.2 0.2 0.20.3 0.3 0.3 0.3 0.3 0.30.30.5(7) run decoder to produce n-best lists
params = -v 0 
decoder_config = -weight-overwrite 'LexicalReordering0= 0.001804 0.000936 0.001385 -0.001124 0.000420 0.000890 WordPenalty0= 0.000255 TranslationModel0= 0.000251 0.000660 0.000295 -0.000077 LM0= 0.000894 Distortion0= 0.000014 PhrasePenalty0= -0.990994'
run 7 end at Tue Jun  2 02:56:43 +0630 2026
(7) BEST at 7: 0.00180401 0.000935521 0.00138528 -0.00112378 0.00042011 0.000890351 1.4347e-05 0.000893562 0.000254992 -0.990994 0.000250894 0.000660158 0.000295311 -7.74187e-05 => 0.787937 at Tue Jun  2 02:56:43 +0630 2026
Parsing --decoder-flags: |-v 0 |
Saving new config to: ./moses.ini
1-10.20.2 0.2 0.2 0.20.3 0.3 0.3 0.3 0.3 0.30.30.5Training finished at Tue Jun  2 02:56:43 +0630 2026
finished at Tue Jun 2 02:56:43 +0630 2026
