Using SCRIPTS_ROOTDIR: /home/lawun330/NLP/ubuntu-17.04/moses/scripts
Using single-thread GIZA
using pigz 
(1) preparing corpus @ Thu May 21 03:39:42 +07 2026
Executing: mkdir -p /home/lawun330/Desktop/basic-statistical-machine-translation/baseline/ph-my/training/prepared.1
(1.0) selecting factors @ Thu May 21 03:39:42 +07 2026
(1.1) running mkcls  @ Thu May 21 03:39:42 +07 2026
/home/lawun330/NLP/giza-pp/GIZA++-v2/mkcls -c50 -n2 -p/home/lawun330/Desktop/basic-statistical-machine-translation/baseline/ph-my/training/corpus.1.ph -V/home/lawun330/Desktop/basic-statistical-machine-translation/baseline/ph-my/training/prepared.1/ph.vcb.classes opt
Executing: /home/lawun330/NLP/giza-pp/GIZA++-v2/mkcls -c50 -n2 -p/home/lawun330/Desktop/basic-statistical-machine-translation/baseline/ph-my/training/corpus.1.ph -V/home/lawun330/Desktop/basic-statistical-machine-translation/baseline/ph-my/training/prepared.1/ph.vcb.classes opt
(1.2) creating vcb file /home/lawun330/Desktop/basic-statistical-machine-translation/baseline/ph-my/training/prepared.1/ph.vcb @ Thu May 21 03:39:42 +07 2026
(1.1) running mkcls  @ Thu May 21 03:39:42 +07 2026
/home/lawun330/NLP/giza-pp/GIZA++-v2/mkcls -c50 -n2 -p/home/lawun330/Desktop/basic-statistical-machine-translation/baseline/ph-my/training/corpus.1.my -V/home/lawun330/Desktop/basic-statistical-machine-translation/baseline/ph-my/training/prepared.1/my.vcb.classes opt
Executing: /home/lawun330/NLP/giza-pp/GIZA++-v2/mkcls -c50 -n2 -p/home/lawun330/Desktop/basic-statistical-machine-translation/baseline/ph-my/training/corpus.1.my -V/home/lawun330/Desktop/basic-statistical-machine-translation/baseline/ph-my/training/prepared.1/my.vcb.classes opt
Can't exec "/home/lawun330/NLP/giza-pp/GIZA++-v2/mkcls": No such file or directory at /home/lawun330/NLP/ubuntu-17.04/moses/scripts/training/train-model.perl line 2435.
Can't exec "/home/lawun330/NLP/giza-pp/GIZA++-v2/mkcls": No such file or directory at /home/lawun330/NLP/ubuntu-17.04/moses/scripts/training/train-model.perl line 2435.
ERROR: Failed to execute: /home/lawun330/NLP/giza-pp/GIZA++-v2/mkcls -c50 -n2 -p/home/lawun330/Desktop/basic-statistical-machine-translation/baseline/ph-my/training/corpus.1.ph -V/home/lawun330/Desktop/basic-statistical-machine-translation/baseline/ph-my/training/prepared.1/ph.vcb.classes opt
  No such file or directory
ERROR: Failed to execute: /home/lawun330/NLP/giza-pp/GIZA++-v2/mkcls -c50 -n2 -p/home/lawun330/Desktop/basic-statistical-machine-translation/baseline/ph-my/training/corpus.1.my -V/home/lawun330/Desktop/basic-statistical-machine-translation/baseline/ph-my/training/prepared.1/my.vcb.classes opt
  No such file or directory
(1.2) creating vcb file /home/lawun330/Desktop/basic-statistical-machine-translation/baseline/ph-my/training/prepared.1/my.vcb @ Thu May 21 03:39:42 +07 2026
(1.3) numberizing corpus /home/lawun330/Desktop/basic-statistical-machine-translation/baseline/ph-my/training/prepared.1/ph-my-int-train.snt @ Thu May 21 03:39:42 +07 2026
(1.3) numberizing corpus /home/lawun330/Desktop/basic-statistical-machine-translation/baseline/ph-my/training/prepared.1/my-ph-int-train.snt @ Thu May 21 03:39:43 +07 2026
