starting at Tue Jun 2 00:57:07 +0630 2026 on kyalkalay-HP
run 1 start at Tue Jun  2 00:57:07 +0630 2026
Parsing --decoder-flags: | -v 0 |
Saving new config to: ./run1.moses.ini
1-10.20.2 0.2 0.2 0.20.3 0.3 0.3 0.3 0.3 0.30.30.5(1) run decoder to produce n-best lists
params = -v 0 
decoder_config = -weight-overwrite 'LM0= 0.108696 PhrasePenalty0= 0.043478 LexicalReordering0= 0.065217 0.065217 0.065217 0.065217 0.065217 0.065217 Distortion0= 0.065217 TranslationModel0= 0.043478 0.043478 0.043478 0.043478 WordPenalty0= -0.217391'
run 1 end at Tue Jun  2 00:57:35 +0630 2026
(1) BEST at 1: 0.288506 0.00720375 0.15109 0.029864 0.0446785 0.037567 0.0134561 0.0691603 0.218627 0.0143858 0.100509 -0.00961243 0.0141283 -0.0012122 => 0.685519 at Tue Jun  2 00:57:35 +0630 2026
loading data from 1 to 1 (prev_aggregate_nbl_size=-1)
loading data from run1.features.dat
loading data from run1.scores.dat
loading data from run1.init.opt
run 2 start at Tue Jun  2 00:57:35 +0630 2026
Parsing --decoder-flags: |-v 0 |
Saving new config to: ./run2.moses.ini
1-10.20.2 0.2 0.2 0.20.3 0.3 0.3 0.3 0.3 0.30.30.5(2) run decoder to produce n-best lists
params = -v 0 
decoder_config = -weight-overwrite 'LM0= 0.069160 PhrasePenalty0= 0.014386 LexicalReordering0= 0.288506 0.007204 0.151090 0.029864 0.044679 0.037567 Distortion0= 0.013456 TranslationModel0= 0.100509 -0.009612 0.014128 -0.001212 WordPenalty0= 0.218627'
run 2 end at Tue Jun  2 00:58:06 +0630 2026
(2) BEST at 2: 0.288506 0.00720375 0.15109 0.029864 0.0446785 0.037567 0.0134561 0.0691603 0.218627 0.0143858 0.100509 -0.00961243 0.0141283 -0.0012122 => 0.686945 at Tue Jun  2 00:58:06 +0630 2026
Parsing --decoder-flags: |-v 0 |
Saving new config to: ./moses.ini
1-10.20.2 0.2 0.2 0.20.3 0.3 0.3 0.3 0.3 0.30.30.5Training finished at Tue Jun  2 00:58:06 +0630 2026
finished at Tue Jun 2 00:58:06 +0630 2026
