shard_size = 0 shard_count = 0
Seeding random numbers with system clock 
name: case value: true
Data::m_score_type BLEU
Data::Scorer type from Scorer: BLEU
Loading Data from: run1.scores.dat and run1.features.dat
loading feature data from run1.features.dat
loading score data from run1.scores.dat
Loading Data from: run2.scores.dat and run2.features.dat
loading feature data from run2.features.dat
loading score data from run2.scores.dat
Loading Data from: run3.scores.dat and run3.features.dat
loading feature data from run3.features.dat
loading score data from run3.scores.dat
Loading Data from: run4.scores.dat and run4.features.dat
loading feature data from run4.features.dat
loading score data from run4.scores.dat
Loading Data from: run5.scores.dat and run5.features.dat
loading feature data from run5.features.dat
loading score data from run5.scores.dat
Data loaded : [Wall 1.75976 CPU 1.75974] seconds.
Creating a pool of 1 threads
Best point: 0.0919104 0.0814395 0.0592235 -0.0664594 0.0379878 0.0442112 0.0589036 0.0901814 0.0475741 -0.29812 0.0243999 0.0664019 0.0260164 -0.00717096  => 0.786871
Stopping... : [Wall 51.768 CPU 51.7627] seconds.
