starting at Tue Jun 2 02:02:11 +0630 2026 on kyalkalay-HP
run 1 start at Tue Jun  2 02:02:11 +0630 2026
Parsing --decoder-flags: | -v 0 |
Saving new config to: ./run1.moses.ini
1-10.20.2 0.2 0.2 0.20.3 0.3 0.3 0.3 0.3 0.30.30.5(1) run decoder to produce n-best lists
params = -v 0 
decoder_config = -weight-overwrite 'PhrasePenalty0= 0.043478 Distortion0= 0.065217 WordPenalty0= -0.217391 TranslationModel0= 0.043478 0.043478 0.043478 0.043478 LM0= 0.108696 LexicalReordering0= 0.065217 0.065217 0.065217 0.065217 0.065217 0.065217'
run 1 end at Tue Jun  2 02:02:41 +0630 2026
(1) BEST at 1: 0.040973 0.0541231 0.077189 -0.0760662 0.0817695 0.0862428 0.0896723 0.145683 0.0794698 0.044531 0.0740769 0.112618 0.0227048 -0.0148802 => 0.775715 at Tue Jun  2 02:02:41 +0630 2026
loading data from 1 to 1 (prev_aggregate_nbl_size=-1)
loading data from run1.features.dat
loading data from run1.scores.dat
loading data from run1.init.opt
run 2 start at Tue Jun  2 02:02:41 +0630 2026
Parsing --decoder-flags: |-v 0 |
Saving new config to: ./run2.moses.ini
1-10.20.2 0.2 0.2 0.20.3 0.3 0.3 0.3 0.3 0.30.30.5(2) run decoder to produce n-best lists
params = -v 0 
decoder_config = -weight-overwrite 'WordPenalty0= 0.079470 LexicalReordering0= 0.040973 0.054123 0.077189 -0.076066 0.081769 0.086243 TranslationModel0= 0.074077 0.112618 0.022705 -0.014880 LM0= 0.145683 PhrasePenalty0= 0.044531 Distortion0= 0.089672'
run 2 end at Tue Jun  2 02:03:12 +0630 2026
(2) BEST at 2: 0.040973 0.0541231 0.077189 -0.0760662 0.0817695 0.0862428 0.0896723 0.145683 0.0794698 0.044531 0.0740769 0.112618 0.0227048 -0.0148802 => 0.775715 at Tue Jun  2 02:03:12 +0630 2026
Parsing --decoder-flags: |-v 0 |
Saving new config to: ./moses.ini
1-10.20.2 0.2 0.2 0.20.3 0.3 0.3 0.3 0.3 0.30.30.5Training finished at Tue Jun  2 02:03:12 +0630 2026
finished at Tue Jun 2 02:03:12 +0630 2026
