shard_size = 0 shard_count = 0
Seeding random numbers with system clock 
name: case value: true
Data::m_score_type BLEU
Data::Scorer type from Scorer: BLEU
Loading Data from: run1.scores.dat and run1.features.dat
loading feature data from run1.features.dat
loading score data from run1.scores.dat
Loading Data from: run2.scores.dat and run2.features.dat
loading feature data from run2.features.dat
loading score data from run2.scores.dat
Loading Data from: run3.scores.dat and run3.features.dat
loading feature data from run3.features.dat
loading score data from run3.scores.dat
Loading Data from: run4.scores.dat and run4.features.dat
loading feature data from run4.features.dat
loading score data from run4.scores.dat
Data loaded : [Wall 0.996253 CPU 0.995875] seconds.
Creating a pool of 1 threads
Best point: 0.00188413 9.95052e-05 0.000167269 0.000765977 0.000498234 6.21529e-05 0.000742153 0.000583658 0.000190191 -0.994032 5.03875e-05 0.000528317 0.000249987 -0.000145709  => 0.786535
Stopping... : [Wall 38.4629 CPU 38.4364] seconds.
