starting at Sun May 24 11:02:57 AM +07 2026 on ROG-Strix-Hero-II
/home/lawun330/NLP/giza-pp/GIZA++-v2/snt2cooc /home/lawun330/Desktop/basic-statistical-machine-translation/baseline2/my-ph/training/giza.5/ph-my.cooc /home/lawun330/Desktop/basic-statistical-machine-translation/baseline2/my-ph/training/prepared.5/my.vcb /home/lawun330/Desktop/basic-statistical-machine-translation/baseline2/my-ph/training/prepared.5/ph.vcb /home/lawun330/Desktop/basic-statistical-machine-translation/baseline2/my-ph/training/prepared.5/ph-my-int-train.snt
/home/lawun330/NLP/giza-pp/GIZA++-v2/mgiza  -CoocurrenceFile /home/lawun330/Desktop/basic-statistical-machine-translation/baseline2/my-ph/training/giza.5/ph-my.cooc -c /home/lawun330/Desktop/basic-statistical-machine-translation/baseline2/my-ph/training/prepared.5/ph-my-int-train.snt -m1 5 -m2 0 -m3 3 -m4 3 -model1dumpfrequency 1 -model4smoothfactor 0.4 -ncpus 8 -nodumps 1 -nsmooth 4 -o /home/lawun330/Desktop/basic-statistical-machine-translation/baseline2/my-ph/training/giza.5/ph-my -onlyaldumps 1 -p0 0.999 -s /home/lawun330/Desktop/basic-statistical-machine-translation/baseline2/my-ph/training/prepared.5/my.vcb -t /home/lawun330/Desktop/basic-statistical-machine-translation/baseline2/my-ph/training/prepared.5/ph.vcb
Parameter 'coocurrencefile' changed from '' to '/home/lawun330/Desktop/basic-statistical-machine-translation/baseline2/my-ph/training/giza.5/ph-my.cooc'
Parameter 'c' changed from '' to '/home/lawun330/Desktop/basic-statistical-machine-translation/baseline2/my-ph/training/prepared.5/ph-my-int-train.snt'
Parameter 'm3' changed from '5' to '3'
Parameter 'm4' changed from '5' to '3'
Parameter 'model1dumpfrequency' changed from '0' to '1'
Parameter 'model4smoothfactor' changed from '0.2' to '0.4'
Parameter 'ncpus' changed from '0' to '8'
Parameter 'nodumps' changed from '0' to '1'
Parameter 'nsmooth' changed from '64' to '4'
Parameter 'o' changed from '126-05-24.110257.lawun330' to '/home/lawun330/Desktop/basic-statistical-machine-translation/baseline2/my-ph/training/giza.5/ph-my'
Parameter 'onlyaldumps' changed from '0' to '1'
Parameter 'p0' changed from '-1' to '0.999'
Parameter 's' changed from '' to '/home/lawun330/Desktop/basic-statistical-machine-translation/baseline2/my-ph/training/prepared.5/my.vcb'
Parameter 't' changed from '' to '/home/lawun330/Desktop/basic-statistical-machine-translation/baseline2/my-ph/training/prepared.5/ph.vcb'
general parameters:
-------------------
ml = 101  (maximum sentence length)

No. of iterations:
-------------------
hmmiterations = 5  (mh)
model1iterations = 5  (number of iterations for Model 1)
model2iterations = 0  (number of iterations for Model 2)
model3iterations = 3  (number of iterations for Model 3)
model4iterations = 3  (number of iterations for Model 4)
model5iterations = 0  (number of iterations for Model 5)
model6iterations = 0  (number of iterations for Model 6)

parameter for various heuristics in GIZA++ for efficient training:
------------------------------------------------------------------
countincreasecutoff = 1e-06  (Counts increment cutoff threshold)
countincreasecutoffal = 1e-05  (Counts increment cutoff threshold for alignments in training of fertility models)
mincountincrease = 1e-07  (minimal count increase)
peggedcutoff = 0.03  (relative cutoff probability for alignment-centers in pegging)
probcutoff = 1e-07  (Probability cutoff threshold for lexicon probabilities)
probsmooth = 1e-07  (probability smoothing (floor) value )

parameters for describing the type and amount of output:
-----------------------------------------------------------
compactalignmentformat = 0  (0: detailled alignment format, 1: compact alignment format )
countoutputprefix =   (The prefix for output counts)
dumpcount = 0  (Whether we are going to dump count (in addition to) final output?)
dumpcountusingwordstring = 0  (In count table, should actual word appears or just the id? default is id)
hmmdumpfrequency = 0  (dump frequency of HMM)
l = 126-05-24.110257.lawun330.log  (log file name)
log = 0  (0: no logfile; 1: logfile)
model1dumpfrequency = 1  (dump frequency of Model 1)
model2dumpfrequency = 0  (dump frequency of Model 2)
model345dumpfrequency = 0  (dump frequency of Model 3/4/5)
nbestalignments = 0  (for printing the n best alignments)
nodumps = 1  (1: do not write any files)
o = /home/lawun330/Desktop/basic-statistical-machine-translation/baseline2/my-ph/training/giza.5/ph-my  (output file prefix)
onlyaldumps = 1  (1: do not write any files)
outputpath =   (output path)
transferdumpfrequency = 0  (output: dump of transfer from Model 2 to 3)
verbose = 0  (0: not verbose; 1: verbose)
verbosesentence = -10  (number of sentence for which a lot of information should be printed (negative: no output))

parameters describing input files:
----------------------------------
c = /home/lawun330/Desktop/basic-statistical-machine-translation/baseline2/my-ph/training/prepared.5/ph-my-int-train.snt  (training corpus file name)
d =   (dictionary file name)
previousa =   (The a-table of previous step)
previousd =   (The d-table of previous step)
previousd4 =   (The d4-table of previous step)
previousd42 =   (The d4-table (2) of previous step)
previoushmm =   (The hmm-table of previous step)
previousn =   (The n-table of previous step)
previousp0 =   (The P0 previous step)
previoust =   (The t-table of previous step)
restart = 0  (Restart training from a level,0: Normal restart, from model 1, 1: Model 1, 2: Model 2 Init (Using Model 1 model input and train model 2), 3: Model 2, (using model 2 input and train model 2), 4 : HMM Init (Using Model 1 model and train HMM), 5: HMM (Using Model 2 model and train HMM) 6 : HMM (Using HMM Model and train HMM), 7: Model 3 Init (Use HMM model and train model 3) 8: Model 3 Init (Use Model 2 model and train model 3) 9: Model 3, 10: Model 4 Init (Use Model 3 model and train Model 4) 11: Model 4 and on, )
s = /home/lawun330/Desktop/basic-statistical-machine-translation/baseline2/my-ph/training/prepared.5/my.vcb  (source vocabulary file name)
sourcevocabularyclasses =   (source vocabulary classes file name)
t = /home/lawun330/Desktop/basic-statistical-machine-translation/baseline2/my-ph/training/prepared.5/ph.vcb  (target vocabulary file name)
targetvocabularyclasses =   (target vocabulary classes file name)
tc =   (test corpus file name)

smoothing parameters:
---------------------
emalsmooth = 0.2  (f-b-trn: smoothing factor for HMM alignment model (can be ignored by -emSmoothHMM))
model23smoothfactor = 0  (smoothing parameter for IBM-2/3 (interpolation with constant))
model4smoothfactor = 0.4  (smooting parameter for alignment probabilities in Model 4)
model5smoothfactor = 0.1  (smooting parameter for distortion probabilities in Model 5 (linear interpolation with constant))
nsmooth = 4  (smoothing for fertility parameters (good value: 64): weight for wordlength-dependent fertility parameters)
nsmoothgeneral = 0  (smoothing for fertility parameters (default: 0): weight for word-independent fertility parameters)

parameters modifying the models:
--------------------------------
compactadtable = 1  (1: only 3-dimensional alignment table for IBM-2 and IBM-3)
deficientdistortionforemptyword = 0  (0: IBM-3/IBM-4 as described in (Brown et al. 1993); 1: distortion model of empty word is deficient; 2: distoriton model of empty word is deficient (differently); setting this parameter also helps to avoid that during IBM-3 and IBM-4 training too many words are aligned with the empty word)
depm4 = 76  (d_{=1}: &1:l, &2:m, &4:F, &8:E, d_{>1}&16:l, &32:m, &64:F, &128:E)
depm5 = 68  (d_{=1}: &1:l, &2:m, &4:F, &8:E, d_{>1}&16:l, &32:m, &64:F, &128:E)
emalignmentdependencies = 2  (lextrain: dependencies in the HMM alignment model.  &1: sentence length; &2: previous class; &4: previous position;  &8: French position; &16: French class)
emprobforempty = 0.4  (f-b-trn: probability for empty word)

parameters modifying the EM-algorithm:
--------------------------------------
m5p0 = -1  (fixed value for parameter p_0 in IBM-5 (if negative then it is determined in training))
manlexfactor1 = 0  ()
manlexfactor2 = 0  ()
manlexmaxmultiplicity = 20  ()
maxfertility = 10  (maximal fertility for fertility models)
ncpus = 8  (Number of threads to be executed, use 0 if you just want all CPUs to be used)
p0 = 0.999  (fixed value for parameter p_0 in IBM-3/4 (if negative then it is determined in training))
pegging = 0  (0: no pegging; 1: do pegging)

Parameter 'sourcevocabularyclasses' changed from '' to '/home/lawun330/Desktop/basic-statistical-machine-translation/baseline2/my-ph/training/prepared.5/my.vcb.classes'
Parameter 'targetvocabularyclasses' changed from '' to '/home/lawun330/Desktop/basic-statistical-machine-translation/baseline2/my-ph/training/prepared.5/ph.vcb.classes'
general parameters:
-------------------
ml = 101  (maximum sentence length)

No. of iterations:
-------------------
hmmiterations = 5  (mh)
model1iterations = 5  (number of iterations for Model 1)
model2iterations = 0  (number of iterations for Model 2)
model3iterations = 3  (number of iterations for Model 3)
model4iterations = 3  (number of iterations for Model 4)
model5iterations = 0  (number of iterations for Model 5)
model6iterations = 0  (number of iterations for Model 6)

parameter for various heuristics in GIZA++ for efficient training:
------------------------------------------------------------------
countincreasecutoff = 1e-06  (Counts increment cutoff threshold)
countincreasecutoffal = 1e-05  (Counts increment cutoff threshold for alignments in training of fertility models)
mincountincrease = 1e-07  (minimal count increase)
peggedcutoff = 0.03  (relative cutoff probability for alignment-centers in pegging)
probcutoff = 1e-07  (Probability cutoff threshold for lexicon probabilities)
probsmooth = 1e-07  (probability smoothing (floor) value )

parameters for describing the type and amount of output:
-----------------------------------------------------------
compactalignmentformat = 0  (0: detailled alignment format, 1: compact alignment format )
countoutputprefix =   (The prefix for output counts)
dumpcount = 0  (Whether we are going to dump count (in addition to) final output?)
dumpcountusingwordstring = 0  (In count table, should actual word appears or just the id? default is id)
hmmdumpfrequency = 0  (dump frequency of HMM)
l = 126-05-24.110257.lawun330.log  (log file name)
log = 0  (0: no logfile; 1: logfile)
model1dumpfrequency = 1  (dump frequency of Model 1)
model2dumpfrequency = 0  (dump frequency of Model 2)
model345dumpfrequency = 0  (dump frequency of Model 3/4/5)
nbestalignments = 0  (for printing the n best alignments)
nodumps = 1  (1: do not write any files)
o = /home/lawun330/Desktop/basic-statistical-machine-translation/baseline2/my-ph/training/giza.5/ph-my  (output file prefix)
onlyaldumps = 1  (1: do not write any files)
outputpath =   (output path)
transferdumpfrequency = 0  (output: dump of transfer from Model 2 to 3)
verbose = 0  (0: not verbose; 1: verbose)
verbosesentence = -10  (number of sentence for which a lot of information should be printed (negative: no output))

parameters describing input files:
----------------------------------
c = /home/lawun330/Desktop/basic-statistical-machine-translation/baseline2/my-ph/training/prepared.5/ph-my-int-train.snt  (training corpus file name)
d =   (dictionary file name)
previousa =   (The a-table of previous step)
previousd =   (The d-table of previous step)
previousd4 =   (The d4-table of previous step)
previousd42 =   (The d4-table (2) of previous step)
previoushmm =   (The hmm-table of previous step)
previousn =   (The n-table of previous step)
previousp0 =   (The P0 previous step)
previoust =   (The t-table of previous step)
restart = 0  (Restart training from a level,0: Normal restart, from model 1, 1: Model 1, 2: Model 2 Init (Using Model 1 model input and train model 2), 3: Model 2, (using model 2 input and train model 2), 4 : HMM Init (Using Model 1 model and train HMM), 5: HMM (Using Model 2 model and train HMM) 6 : HMM (Using HMM Model and train HMM), 7: Model 3 Init (Use HMM model and train model 3) 8: Model 3 Init (Use Model 2 model and train model 3) 9: Model 3, 10: Model 4 Init (Use Model 3 model and train Model 4) 11: Model 4 and on, )
s = /home/lawun330/Desktop/basic-statistical-machine-translation/baseline2/my-ph/training/prepared.5/my.vcb  (source vocabulary file name)
sourcevocabularyclasses = /home/lawun330/Desktop/basic-statistical-machine-translation/baseline2/my-ph/training/prepared.5/my.vcb.classes  (source vocabulary classes file name)
t = /home/lawun330/Desktop/basic-statistical-machine-translation/baseline2/my-ph/training/prepared.5/ph.vcb  (target vocabulary file name)
targetvocabularyclasses = /home/lawun330/Desktop/basic-statistical-machine-translation/baseline2/my-ph/training/prepared.5/ph.vcb.classes  (target vocabulary classes file name)
tc =   (test corpus file name)

smoothing parameters:
---------------------
emalsmooth = 0.2  (f-b-trn: smoothing factor for HMM alignment model (can be ignored by -emSmoothHMM))
model23smoothfactor = 0  (smoothing parameter for IBM-2/3 (interpolation with constant))
model4smoothfactor = 0.4  (smooting parameter for alignment probabilities in Model 4)
model5smoothfactor = 0.1  (smooting parameter for distortion probabilities in Model 5 (linear interpolation with constant))
nsmooth = 4  (smoothing for fertility parameters (good value: 64): weight for wordlength-dependent fertility parameters)
nsmoothgeneral = 0  (smoothing for fertility parameters (default: 0): weight for word-independent fertility parameters)

parameters modifying the models:
--------------------------------
compactadtable = 1  (1: only 3-dimensional alignment table for IBM-2 and IBM-3)
deficientdistortionforemptyword = 0  (0: IBM-3/IBM-4 as described in (Brown et al. 1993); 1: distortion model of empty word is deficient; 2: distoriton model of empty word is deficient (differently); setting this parameter also helps to avoid that during IBM-3 and IBM-4 training too many words are aligned with the empty word)
depm4 = 76  (d_{=1}: &1:l, &2:m, &4:F, &8:E, d_{>1}&16:l, &32:m, &64:F, &128:E)
depm5 = 68  (d_{=1}: &1:l, &2:m, &4:F, &8:E, d_{>1}&16:l, &32:m, &64:F, &128:E)
emalignmentdependencies = 2  (lextrain: dependencies in the HMM alignment model.  &1: sentence length; &2: previous class; &4: previous position;  &8: French position; &16: French class)
emprobforempty = 0.4  (f-b-trn: probability for empty word)

parameters modifying the EM-algorithm:
--------------------------------------
m5p0 = -1  (fixed value for parameter p_0 in IBM-5 (if negative then it is determined in training))
manlexfactor1 = 0  ()
manlexfactor2 = 0  ()
manlexmaxmultiplicity = 20  ()
maxfertility = 10  (maximal fertility for fertility models)
ncpus = 8  (Number of threads to be executed, use 0 if you just want all CPUs to be used)
p0 = 0.999  (fixed value for parameter p_0 in IBM-3/4 (if negative then it is determined in training))
pegging = 0  (0: no pegging; 1: do pegging)

reading vocabulary files 
Source vocabulary list has 2284 unique tokens 
Target vocabulary list has 1835 unique tokens 
Calculating vocabulary frequencies from corpus /home/lawun330/Desktop/basic-statistical-machine-translation/baseline2/my-ph/training/prepared.5/ph-my-int-train.snt
Reading more sentence pairs into memory ... 
Corpus fits in memory, corpus has: 20000 sentence pairs.
 Train total # sentence pairs (weighted): 20000
Size of source portion of the training corpus: 57286 tokens
Size of the target portion of the training corpus: 57346 tokens 
In source portion of the training corpus, only 2283 unique tokens appeared
In target portion of the training corpus, only 1833 unique tokens appeared
lambda for PP calculation in IBM-1,IBM-2,HMM:= 57346/(77286-20000)== 1.00105
There are 74728 74728 entries in table
==========================================================
Model1 Training Started at: Sun May 24 11:02:57 2026

-----------
Model1: Iteration 1
==========================================================
Model1 Training Started at: Sun May 24 11:02:57 2026

-----------
Model1: Iteration 1
==========================================================
Model1 Training Started at: ==========================================================
Model1 Training Started at: ==========================================================
Model1 Training Started at: Sun May 24 11:02:57 2026

-----------
Model1: Iteration 1
Sun May 24 11:02:57 2026

-----------
Model1: Iteration 1
==========================================================
Model1 Training Started at: ==========================================================
Model1 Training Started at: Sun May 24 11:02:57 2026

-----------
Model1: Iteration 1
==========================================================
Model1 Training Started at: Sun May 24 11:02:57 2026

-----------
Model1: Iteration 1
Sun May 24 11:02:57 2026

-----------
Model1: Iteration 1
Sun May 24 11:02:57 2026

-----------
Model1: Iteration 1
Model1: (1) TRAIN CROSS-ENTROPY 12.8283 PERPLEXITY 7272.81
Model1: (1) VITERBI TRAIN CROSS-ENTROPY 14.8511 PERPLEXITY 29554.8
Model 1 Iteration: 1 took: 0 seconds
-----------
Model1: Iteration 2
==========================================================
Model1 Training Started at: Sun May 24 11:02:57 2026

-----------
Model1: Iteration 2
==========================================================
Model1 Training Started at: Sun May 24 11:02:57 2026

-----------
Model1: Iteration 2==========================================================
Model1
 Training Started at: ==========================================================
Model1 Training Started at: Sun May 24 11:02:57 2026

-----------
Model1: Iteration 2
Sun May 24 11:02:57 2026

-----------
Model1: Iteration 2
==========================================================
Model1 Training Started at: Sun May 24 11:02:57 2026

-----------
Model1: Iteration 2
==========================================================
Model1 Training Started at: Sun May 24 11:02:57 2026

-----------
Model1: Iteration 2
==========================================================
Model1 Training Started at: Sun May 24 11:02:57 2026

-----------
Model1: Iteration 2
Model1: (2) TRAIN CROSS-ENTROPY 4.52812 PERPLEXITY 23.0728
Model1: (2) VITERBI TRAIN CROSS-ENTROPY 4.87953 PERPLEXITY 29.4364
Model 1 Iteration: 2 took: 0 seconds
-----------
Model1: Iteration 3
==========================================================
Model1 Training Started at: Sun May 24 11:02:57 2026

-----------
Model1: Iteration 3
==========================================================
Model1 Training Started at: Sun May 24 11:02:57 2026

-----------
Model1: Iteration 3
==========================================================
Model1 Training Started at: Sun May 24 11:02:57 2026

-----------
Model1: Iteration 3
==========================================================
Model1 Training Started at: Sun May 24 11:02:57 2026

-----------
Model1: Iteration 3
==========================================================
Model1 Training Started at: Sun May 24 11:02:57 2026

-----------
Model1==========================================================
Model1 Training Started at: : Iteration 3
Sun May 24 11:02:57 2026

-----------
Model1: Iteration 3
==========================================================
Model1 Training Started at: Sun May 24 11:02:57 2026

-----------
Model1: Iteration 3
Model1: (3) TRAIN CROSS-ENTROPY 3.46394 PERPLEXITY 11.0344
Model1: (3) VITERBI TRAIN CROSS-ENTROPY 3.66142 PERPLEXITY 12.6531
Model 1 Iteration: 3 took: 0 seconds
-----------
Model1: Iteration 4
==========================================================
Model1 Training Started at: Sun May 24 11:02:57 2026

-----------
Model1: Iteration 4
==========================================================
Model1 Training Started at: Sun May 24 11:02:57 2026

-----------
Model1: Iteration 4
==========================================================
Model1 Training Started at: Sun May 24 11:02:57 2026

-----------
Model1: Iteration 4
==========================================================
Model1 Training Started at: Sun May 24 11:02:57 2026

-----------
Model1: Iteration 4
==========================================================
Model1 Training Started at: Sun May 24 11:02:57 2026

-----------
Model1: Iteration 4
==========================================================
Model1 Training Started at: Sun May 24 11:02:57 2026

-----------
Model1: Iteration 4
==========================================================
Model1 Training Started at: Sun May 24 11:02:57 2026

-----------
Model1: Iteration 4
Model1: (4) TRAIN CROSS-ENTROPY 3.33634 PERPLEXITY 10.1004
Model1: (4) VITERBI TRAIN CROSS-ENTROPY 3.5112 PERPLEXITY 11.4019
Model 1 Iteration: 4 took: 0 seconds
-----------
Model1: Iteration 5
==========================================================
Model1 Training Started at: Sun May 24 11:02:57 2026

-----------
Model1: Iteration 5
==========================================================
Model1 Training Started at: Sun May 24 11:02:57 2026

-----------
Model1: Iteration 5
==========================================================
Model1 Training Started at: Sun May 24 11:02:57 2026

-----------
Model1: Iteration 5
==========================================================
Model1 Training Started at: Sun May 24 11:02:57 2026

-----------
Model1: Iteration 5
==========================================================
Model1 Training Started at: Sun May 24 11:02:57 2026

-----------
Model1: Iteration 5
==========================================================
Model1 Training Started at: Sun May 24 11:02:57 2026

-----------
Model1: Iteration 5
==========================================================
Model1 Training Started at: Sun May 24 11:02:57 2026

-----------
Model1: Iteration 5
Model1: (5) TRAIN CROSS-ENTROPY 3.31468 PERPLEXITY 9.94987
Model1: (5) VITERBI TRAIN CROSS-ENTROPY 3.4812 PERPLEXITY 11.1672
Model 1 Iteration: 5 took: 0 seconds
Entire Model1 Training took: 0 seconds
NOTE: I am doing iterations with the HMM model!
Read classes: #words: 2283  #classes: 51
Actual number of read words: 2282 stored words: 2282
Read classes: #words: 1834  #classes: 51
Actual number of read words: 1833 stored words: 1833

==========================================================
Hmm Training Started at: Sun May 24 11:02:57 2026

-----------
Hmm: Iteration 1
A/D table contains 633 parameters.
Hmm: (1) TRAIN CROSS-ENTROPY 3.30908 PERPLEXITY 9.91131
Hmm: (1) VITERBI TRAIN CROSS-ENTROPY 3.47183 PERPLEXITY 11.0949

Hmm Iteration: 1 took: 0 seconds

-----------
Hmm: Iteration 2
A/D table contains 633 parameters.
Hmm: (2) TRAIN CROSS-ENTROPY 1.29381 PERPLEXITY 2.45175
Hmm: (2) VITERBI TRAIN CROSS-ENTROPY 1.30696 PERPLEXITY 2.47419

Hmm Iteration: 2 took: 1 seconds

-----------
Hmm: Iteration 3
A/D table contains 633 parameters.
Hmm: (3) TRAIN CROSS-ENTROPY 1.12051 PERPLEXITY 2.17424
Hmm: (3) VITERBI TRAIN CROSS-ENTROPY 1.12588 PERPLEXITY 2.18235

Hmm Iteration: 3 took: 0 seconds

-----------
Hmm: Iteration 4
A/D table contains 633 parameters.
Hmm: (4) TRAIN CROSS-ENTROPY 1.08519 PERPLEXITY 2.12165
Hmm: (4) VITERBI TRAIN CROSS-ENTROPY 1.08866 PERPLEXITY 2.12676

Hmm Iteration: 4 took: 0 seconds

-----------
Hmm: Iteration 5
A/D table contains 633 parameters.
Hmm: (5) TRAIN CROSS-ENTROPY 1.07168 PERPLEXITY 2.10188
Hmm: (5) VITERBI TRAIN CROSS-ENTROPY 1.07425 PERPLEXITY 2.10563

Hmm Iteration: 5 took: 0 seconds

Entire Hmm Training took: 1 seconds
==========================================================

==========================================================
Starting H333444:  Viterbi Training
 H333444 Training Started at: Sun May 24 11:02:58 2026


---------------------
THTo3: Iteration 1
#centers(pre/hillclimbed/real): #centers(pre/hillclimbed/real): #centers(pre/hillclimbed/real): #centers(pre/hillclimbed/real): 1 1 1  #al: #centers(pre/hillclimbed/real): 13.3538 #alsophisticatedcountcollection: 0 #hcsteps: 0
#peggingImprovements: 0
#centers(pre/hillclimbed/real): 11 1 1 1#centers(pre/hillclimbed/real):  #centers(pre/hillclimbed/real): 111   #al:  1 11  #al:    #al: 13.2529 #alsophisticatedcountcollection: 1113.7048 #alsophisticatedcountcollection:  0013.35531 11 #hcsteps:  #alsophisticatedcountcollection:  #hcsteps:   #al:  0 #hcsteps: 1 10  #al: 
0 013.06691
#peggingImprovements:  #alsophisticatedcountcollection: 113.364 1  #al: #peggingImprovements:   #al: 0 #alsophisticatedcountcollection: 
13.1023 #alsophisticatedcountcollection: 0
000 #hcsteps:  #hcsteps:  #hcsteps: 0
#peggingImprovements: 13.591500
0

 #alsophisticatedcountcollection: 
#peggingImprovements: 0 #hcsteps: #peggingImprovements: #peggingImprovements: 00
#peggingImprovements: 0
00


A/D table contains 633 parameters.
A/D table contains 594 parameters.
p0_count is 57249.3 and p1 is 48.3539; p0 is 0.999 p1: 0.001
THTo3: TRAIN CROSS-ENTROPY 0.330588 PERPLEXITY 1.25753
THTo3: (1) TRAIN VITERBI CROSS-ENTROPY 0.332803 PERPLEXITY 1.25946

THTo3 Viterbi Iteration : 1 took: 0 seconds

---------------------
Model3: Iteration 2
#centers(pre/hillclimbed/real): 1 1 1  #al: #centers(pre/hillclimbed/real): #centers(pre/hillclimbed/real): 1#centers(pre/hillclimbed/real): #centers(pre/hillclimbed/real): 13.3287  #alsophisticatedcountcollection: 0 #hcsteps: 11.00217 1
  #al: #centers(pre/hillclimbed/real): #peggingImprovements: 13.359 #alsophisticatedcountcollection: #centers(pre/hillclimbed/real): 0101
  #hcsteps:  11.00196 11  #al: 1 13.44311  #al: 1113.1145 #alsophisticatedcountcollection: #centers(pre/hillclimbed/real):  0 #alsophisticatedcountcollection:  
1  #hcsteps: 01 1  #al: #peggingImprovements: 1  #al:  13.3389 #alsophisticatedcountcollection: 13.48260 #alsophisticatedcountcollection: 0 #hcsteps: 
1.002360 #hcsteps: 1.00189 #hcsteps: 1.003281.002

#peggingImprovements: 
#peggingImprovements: #peggingImprovements: 
0
00#peggingImprovements: 1
0
1
 1  #al:  13.3717 #alsophisticatedcountcollection: 0 #hcsteps: 1 1.002741  #al: 
#peggingImprovements: 0
13.2393 #alsophisticatedcountcollection: 0 #hcsteps: 1.00425
#peggingImprovements: 0
A/D table contains 633 parameters.
A/D table contains 582 parameters.
p0_count is 57323.7 and p1 is 11.167; p0 is 0.999 p1: 0.001
Model3: TRAIN CROSS-ENTROPY 0.763213 PERPLEXITY 1.69727
Model3: (2) TRAIN VITERBI CROSS-ENTROPY 0.763375 PERPLEXITY 1.69746

Model3 Viterbi Iteration : 2 took: 0 seconds

---------------------
Model3: Iteration 3
#centers(pre/hillclimbed/real): #centers(pre/hillclimbed/real): #centers(pre/hillclimbed/real): 11 1 1  1  #al: 11  1  #al: 1  #al: 13.269 #alsophisticatedcountcollection: 0 #hcsteps: 13.0009 #alsophisticatedcountcollection: 13.25791.00048 #alsophisticatedcountcollection: 0 #hcsteps: 01.00177
#centers(pre/hillclimbed/real):  #hcsteps: 1.00237
#peggingImprovements: #peggingImprovements: 
#peggingImprovements: 0
0
0
#centers(pre/hillclimbed/real): #centers(pre/hillclimbed/real): 11 1  1  #al: 1 1  #al: 13.2446 #alsophisticatedcountcollection: 0 #hcsteps: 13.5577 #alsophisticatedcountcollection: 1.00226
0#centers(pre/hillclimbed/real): #centers(pre/hillclimbed/real): #peggingImprovements:  #hcsteps: 1.001930

#peggingImprovements: 0
1 1 1  #al: 1 13.47621  #alsophisticatedcountcollection: 11  #al: 0 #hcsteps: 13.1967 #alsophisticatedcountcollection: 1.00092 0
#peggingImprovements: 1 0
1  #al:  #hcsteps: 13.63291.00097 #alsophisticatedcountcollection: 
#peggingImprovements: 0 #hcsteps: 0
1.00403
#peggingImprovements: 0
A/D table contains 633 parameters.
A/D table contains 572 parameters.
p0_count is 57343.2 and p1 is 1.41803; p0 is 0.999 p1: 0.001
Model3: TRAIN CROSS-ENTROPY 0.750489 PERPLEXITY 1.68236
Model3: (3) TRAIN VITERBI CROSS-ENTROPY 0.750536 PERPLEXITY 1.68242

Model3 Viterbi Iteration : 3 took: 0 seconds

---------------------
T3To4: Iteration 4
#centers(pre/hillclimbed/real): #centers(pre/hillclimbed/real): #centers(pre/hillclimbed/real): #centers(pre/hillclimbed/real): 11  1 111  #al:   1 1  #al: 113.2924 #alsophisticatedcountcollection:   #al: 17.32466 13.2603 #alsophisticatedcountcollection:  #hcsteps: 13.60861.000739.25845
#peggingImprovements:  #hcsteps:  #alsophisticatedcountcollection: 18.80961 0 #hcsteps: 1#centers(pre/hillclimbed/real): 1.00093  #al: 
1.00132
#peggingImprovements: #centers(pre/hillclimbed/real): 
0#centers(pre/hillclimbed/real): 
#peggingImprovements: 11 01 13.56221  #al:  1 1  #al: 1
 13.2865 #alsophisticatedcountcollection: 7.67627 #hcsteps: 1.00038 #alsophisticatedcountcollection: 1
 12.8656#peggingImprovements: 1  #al: 07.60327 #alsophisticatedcountcollection:  #hcsteps: 
1.00152
#peggingImprovements: 8.420390
13.3315 #hcsteps:  #alsophisticatedcountcollection: #centers(pre/hillclimbed/real): 7.52919 #hcsteps: 1.00188
1.00126#peggingImprovements: 
#peggingImprovements: 0
0
1 1 1  #al: 13.4754 #alsophisticatedcountcollection: 7.74506 #hcsteps: 1.00155
#peggingImprovements: 0
D4 table contains 486997 parameters.
A/D table contains 633 parameters.
A/D table contains 548 parameters.
p0_count is 57345.2 and p1 is 0.40296; p0 is 0.999 p1: 0.001
T3To4: TRAIN CROSS-ENTROPY 0.747475 PERPLEXITY 1.67885
T3To4: (4) TRAIN VITERBI CROSS-ENTROPY 0.747491 PERPLEXITY 1.67887

T3To4 Viterbi Iteration : 4 took: 0 seconds

---------------------
Model4: Iteration 5
#centers(pre/hillclimbed/real): #centers(pre/hillclimbed/real): #centers(pre/hillclimbed/real): #centers(pre/hillclimbed/real): 11 11 1  #al:  13.0554 #alsophisticatedcountcollection: 1 6.94304 1  #al:  #hcsteps: #centers(pre/hillclimbed/real): 1 1 1  #al: 13.4194 #alsophisticatedcountcollection: 10.3926 #hcsteps: 1.00046
#peggingImprovements: 01
#centers(pre/hillclimbed/real):  11 1 #centers(pre/hillclimbed/real): 1  #al:   #al: 13.507 #alsophisticatedcountcollection: 13.4571#centers(pre/hillclimbed/real): 10.1916 #hcsteps: 1 1
#peggingImprovements: 1 1  #al: 13.53610 #alsophisticatedcountcollection: 13.310710.2705 #alsophisticatedcountcollection: 6.30705 #hcsteps: 
 #hcsteps: 1.00028
 1
#peggingImprovements: #peggingImprovements: 00
1 #alsophisticatedcountcollection: 1 
1  #al:  1 13.1771 #alsophisticatedcountcollection: 10.18710.2939 #hcsteps:  #hcsteps: 11.000461
#peggingImprovements: 0
  #al: 
#peggingImprovements: 0
13.3891 #alsophisticatedcountcollection: 10.2892 #hcsteps: 1.00046
#peggingImprovements: 0
1.00092
#peggingImprovements: 0
D4 table contains 486997 parameters.
A/D table contains 633 parameters.
A/D table contains 542 parameters.
p0_count is 57345.6 and p1 is 0.219857; p0 is 0.999 p1: 0.001
Model4: TRAIN CROSS-ENTROPY 1.27099 PERPLEXITY 2.41328
Model4: (5) TRAIN VITERBI CROSS-ENTROPY 1.27125 PERPLEXITY 2.4137

Model4 Viterbi Iteration : 5 took: 0 seconds

---------------------
Model4: Iteration 6
I will write alignment to /home/lawun330/Desktop/basic-statistical-machine-translation/baseline2/my-ph/training/giza.5/ph-my.A3.final.part001
I will write alignment to /home/lawun330/Desktop/basic-statistical-machine-translation/baseline2/my-ph/training/giza.5/ph-my.A3.final.part002
I will write alignment to /home/lawun330/Desktop/basic-statistical-machine-translation/baseline2/my-ph/training/giza.5/ph-my.A3.final.part004
I will write alignment to /home/lawun330/Desktop/basic-statistical-machine-translation/baseline2/my-ph/training/giza.5/ph-my.A3.final.part003
I will write alignment to /home/lawun330/Desktop/basic-statistical-machine-translation/baseline2/my-ph/training/giza.5/ph-my.A3.final.part005
I will write alignment to /home/lawun330/Desktop/basic-statistical-machine-translation/baseline2/my-ph/training/giza.5/ph-my.A3.final.part006
I will write alignment to /home/lawun330/Desktop/basic-statistical-machine-translation/baseline2/my-ph/training/giza.5/ph-my.A3.final.part000
I will write alignment to /home/lawun330/Desktop/basic-statistical-machine-translation/baseline2/my-ph/training/giza.5/ph-my.A3.final.part007
#centers(pre/hillclimbed/real): #centers(pre/hillclimbed/real): 1 1 11  #al:  1 1  #al: 13.0789 #alsophisticatedcountcollection: 9.57276 #hcsteps: 1.00085
#peggingImprovements: 13.45810
 #alsophisticatedcountcollection: 8.37565 #hcsteps: 1
#peggingImprovements: 0
#centers(pre/hillclimbed/real): 1 1 1  #al: #centers(pre/hillclimbed/real): 13.4848 #alsophisticatedcountcollection: 7.90438 #hcsteps: 1
#peggingImprovements: 10 
1 #centers(pre/hillclimbed/real): 1  #al: 1 113.127  #alsophisticatedcountcollection: 1  #al: 10.2345 #hcsteps: 13.0694 #alsophisticatedcountcollection: 1
#peggingImprovements: 7.79516 #hcsteps: 0
1
#peggingImprovements: 0
#centers(pre/hillclimbed/real): 1 1 1  #al: 13.6744 #alsophisticatedcountcollection: 10.9178 #hcsteps: 1.00048
#peggingImprovements: #centers(pre/hillclimbed/real): 0
#centers(pre/hillclimbed/real): 1 1 1 1 1  #al: 113.3556 #alsophisticatedcountcollection:   #al: 8.29974 #hcsteps: 1.00037
#peggingImprovements: 13.5014 #alsophisticatedcountcollection: 0
10.2206 #hcsteps: 1.00045
#peggingImprovements: 0
D4 table contains 486997 parameters.
A/D table contains 633 parameters.
A/D table contains 533 parameters.
p0_count is 57345.5 and p1 is 0.233439; p0 is 0.999 p1: 0.001
Model4: TRAIN CROSS-ENTROPY 1.27129 PERPLEXITY 2.41378
Model4: (6) TRAIN VITERBI CROSS-ENTROPY 1.27155 PERPLEXITY 2.41421

Model4 Viterbi Iteration : 6 took: 0 seconds
H333444 Training Finished at: Sun May 24 11:02:58 2026


Entire Viterbi H333444 Training took: 0 seconds
==========================================================

Entire Training took: 1 seconds
Program Finished at: Sun May 24 11:02:58 2026

==========================================================
finished at Sun May 24 11:02:58 AM +07 2026
