shard_size = 0 shard_count = 0
Seeding random numbers with system clock 
name: case value: true
Data::m_score_type BLEU
Data::Scorer type from Scorer: BLEU
Loading Data from: run1.scores.dat and run1.features.dat
loading feature data from run1.features.dat
loading score data from run1.scores.dat
Loading Data from: run2.scores.dat and run2.features.dat
loading feature data from run2.features.dat
loading score data from run2.scores.dat
Loading Data from: run3.scores.dat and run3.features.dat
loading feature data from run3.features.dat
loading score data from run3.scores.dat
Loading Data from: run4.scores.dat and run4.features.dat
loading feature data from run4.features.dat
loading score data from run4.scores.dat
Data loaded : [Wall 0.948324 CPU 0.948046] seconds.
Creating a pool of 1 threads
Best point: 0.0430926 0.0697037 0.0733159 0.00894745 0.0565107 0.106681 0.127801 0.085753 0.00600908 -0.303135 0.0263527 0.0924045 0.000219377 -7.39376e-05  => 0.785088
Stopping... : [Wall 45.1229 CPU 45.0999] seconds.
