shard_size = 0 shard_count = 0
Seeding random numbers with system clock 
name: case value: true
Data::m_score_type BLEU
Data::Scorer type from Scorer: BLEU
Loading Data from: run1.scores.dat and run1.features.dat
loading feature data from run1.features.dat
loading score data from run1.scores.dat
Loading Data from: run2.scores.dat and run2.features.dat
loading feature data from run2.features.dat
loading score data from run2.scores.dat
Loading Data from: run3.scores.dat and run3.features.dat
loading feature data from run3.features.dat
loading score data from run3.scores.dat
Loading Data from: run4.scores.dat and run4.features.dat
loading feature data from run4.features.dat
loading score data from run4.scores.dat
Loading Data from: run5.scores.dat and run5.features.dat
loading feature data from run5.features.dat
loading score data from run5.scores.dat
Data loaded : [Wall 1.21228 CPU 1.21185] seconds.
Creating a pool of 1 threads
Best point: 0.0217936 0.354174 0.0679359 0.0758039 0.00174789 0.0582959 0.0241748 0.0629708 -0.000420001 -0.246994 0.0376581 0.0245243 0.0228983 0.000609137  => 0.785566
Stopping... : [Wall 37.5288 CPU 37.5135] seconds.
