Using SCRIPTS_ROOTDIR: /home/lawun330/NLP/ubuntu-17.04/moses/scripts
Asking moses for feature names and values from /home/lawun330/Desktop/basic-statistical-machine-translation/baseline2/my-ph/tuning/moses.filtered.ini.1
Executing: /home/lawun330/NLP/ubuntu-17.04/moses/bin/moses  -v 0  -config /home/lawun330/Desktop/basic-statistical-machine-translation/baseline2/my-ph/tuning/moses.filtered.ini.1 -show-weights
exec: /home/lawun330/NLP/ubuntu-17.04/moses/bin/moses  -v 0  -config /home/lawun330/Desktop/basic-statistical-machine-translation/baseline2/my-ph/tuning/moses.filtered.ini.1 -show-weights
Executing: /home/lawun330/NLP/ubuntu-17.04/moses/bin/moses  -v 0  -config /home/lawun330/Desktop/basic-statistical-machine-translation/baseline2/my-ph/tuning/moses.filtered.ini.1 -show-weights > ./features.list 2> /dev/null
MERT starting values and ranges for random generation:
  LexicalReordering0 =   0.300 ( 0.00 ..  1.00)
  LexicalReordering0 =   0.300 ( 0.00 ..  1.00)
  LexicalReordering0 =   0.300 ( 0.00 ..  1.00)
  LexicalReordering0 =   0.300 ( 0.00 ..  1.00)
  LexicalReordering0 =   0.300 ( 0.00 ..  1.00)
  LexicalReordering0 =   0.300 ( 0.00 ..  1.00)
  Distortion0 =   0.300 ( 0.00 ..  1.00)
    LM0 =   0.500 ( 0.00 ..  1.00)
  WordPenalty0 =  -1.000 ( 0.00 ..  1.00)
  PhrasePenalty0 =   0.200 ( 0.00 ..  1.00)
  TranslationModel0 =   0.200 ( 0.00 ..  1.00)
  TranslationModel0 =   0.200 ( 0.00 ..  1.00)
  TranslationModel0 =   0.200 ( 0.00 ..  1.00)
  TranslationModel0 =   0.200 ( 0.00 ..  1.00)
featlist: LexicalReordering0=0.300000 
featlist: LexicalReordering0=0.300000 
featlist: LexicalReordering0=0.300000 
featlist: LexicalReordering0=0.300000 
featlist: LexicalReordering0=0.300000 
featlist: LexicalReordering0=0.300000 
featlist: Distortion0=0.300000 
featlist: LM0=0.500000 
featlist: WordPenalty0=-1.000000 
featlist: PhrasePenalty0=0.200000 
featlist: TranslationModel0=0.200000 
featlist: TranslationModel0=0.200000 
featlist: TranslationModel0=0.200000 
featlist: TranslationModel0=0.200000 
Saved: ./run1.moses.ini
Normalizing lambdas: 0.300000 0.300000 0.300000 0.300000 0.300000 0.300000 0.300000 0.500000 -1.000000 0.200000 0.200000 0.200000 0.200000 0.200000
DECODER_CFG = -weight-overwrite 'LexicalReordering0= 0.065217 0.065217 0.065217 0.065217 0.065217 0.065217 WordPenalty0= -0.217391 TranslationModel0= 0.043478 0.043478 0.043478 0.043478 PhrasePenalty0= 0.043478 Distortion0= 0.065217 LM0= 0.108696'
Executing: /home/lawun330/NLP/ubuntu-17.04/moses/bin/moses -v 0   -config /home/lawun330/Desktop/basic-statistical-machine-translation/baseline2/my-ph/tuning/moses.filtered.ini.1 -weight-overwrite 'LexicalReordering0= 0.065217 0.065217 0.065217 0.065217 0.065217 0.065217 WordPenalty0= -0.217391 TranslationModel0= 0.043478 0.043478 0.043478 0.043478 PhrasePenalty0= 0.043478 Distortion0= 0.065217 LM0= 0.108696'  -n-best-list run1.best100.out 100 distinct  -input-file /home/lawun330/Desktop/basic-statistical-machine-translation/data/cleaned_2/dev.my > run1.out 
Executing: /home/lawun330/NLP/ubuntu-17.04/moses/bin/moses -v 0   -config /home/lawun330/Desktop/basic-statistical-machine-translation/baseline2/my-ph/tuning/moses.filtered.ini.1 -weight-overwrite 'LexicalReordering0= 0.065217 0.065217 0.065217 0.065217 0.065217 0.065217 WordPenalty0= -0.217391 TranslationModel0= 0.043478 0.043478 0.043478 0.043478 PhrasePenalty0= 0.043478 Distortion0= 0.065217 LM0= 0.108696'  -n-best-list run1.best100.out 100 distinct  -input-file /home/lawun330/Desktop/basic-statistical-machine-translation/data/cleaned_2/dev.my > run1.out
Loading table into memory...done.
Name:moses	VmPeak:158884 kB	VmRSS:17712 kB	RSSMax:22700 kB	user:1.932	sys:0.047	CPU:1.979	real:1.959
The decoder returns the scores in this order: LexicalReordering0 LexicalReordering0 LexicalReordering0 LexicalReordering0 LexicalReordering0 LexicalReordering0 Distortion0 LM0 WordPenalty0 PhrasePenalty0 TranslationModel0 TranslationModel0 TranslationModel0 TranslationModel0
Executing: gzip -f run1.best100.out
Scoring the nbestlist.
exec: /home/lawun330/Desktop/basic-statistical-machine-translation/baseline2/my-ph/tuning/tmp.1/extractor.sh
Executing: /home/lawun330/Desktop/basic-statistical-machine-translation/baseline2/my-ph/tuning/tmp.1/extractor.sh > extract.out 2> extract.err
Executing: \cp -f init.opt run1.init.opt
exec: /home/lawun330/NLP/ubuntu-17.04/moses/bin/mert -d 14  --sctype BLEU --scconfig case:true --ffile run1.features.dat --scfile run1.scores.dat --ifile run1.init.opt -n 20
Executing: /home/lawun330/NLP/ubuntu-17.04/moses/bin/mert -d 14  --sctype BLEU --scconfig case:true --ffile run1.features.dat --scfile run1.scores.dat --ifile run1.init.opt -n 20 > mert.out 2> mert.log
Executing: \cp -f extract.err run1.extract.err
Executing: \cp -f extract.out run1.extract.out
Executing: \cp -f mert.out run1.mert.out
Executing: \cp -f mert.log run1.mert.log
Executing: touch mert.log run1.mert.log
Executing: \cp -f weights.txt run1.weights.txt
featlist: LexicalReordering0=0.438713 
featlist: LexicalReordering0=0.0144332 
featlist: LexicalReordering0=0.110116 
featlist: LexicalReordering0=0.00910584 
featlist: LexicalReordering0=0.0278708 
featlist: LexicalReordering0=0.0213276 
featlist: Distortion0=0.0178177 
featlist: LM0=0.0615999 
featlist: WordPenalty0=0.193651 
featlist: PhrasePenalty0=0.00399949 
featlist: TranslationModel0=0.0884344 
featlist: TranslationModel0=-0.00477923 
featlist: TranslationModel0=0.00452036 
featlist: TranslationModel0=-0.00363184 
Saved: ./run2.moses.ini
DECODER_CFG = -weight-overwrite 'TranslationModel0= 0.088434 -0.004779 0.004520 -0.003632 LexicalReordering0= 0.438713 0.014433 0.110116 0.009106 0.027871 0.021328 WordPenalty0= 0.193651 Distortion0= 0.017818 LM0= 0.061600 PhrasePenalty0= 0.003999'
Executing: /home/lawun330/NLP/ubuntu-17.04/moses/bin/moses -v 0   -config /home/lawun330/Desktop/basic-statistical-machine-translation/baseline2/my-ph/tuning/moses.filtered.ini.1 -weight-overwrite 'TranslationModel0= 0.088434 -0.004779 0.004520 -0.003632 LexicalReordering0= 0.438713 0.014433 0.110116 0.009106 0.027871 0.021328 WordPenalty0= 0.193651 Distortion0= 0.017818 LM0= 0.061600 PhrasePenalty0= 0.003999'  -n-best-list run2.best100.out 100 distinct  -input-file /home/lawun330/Desktop/basic-statistical-machine-translation/data/cleaned_2/dev.my > run2.out 
Executing: /home/lawun330/NLP/ubuntu-17.04/moses/bin/moses -v 0   -config /home/lawun330/Desktop/basic-statistical-machine-translation/baseline2/my-ph/tuning/moses.filtered.ini.1 -weight-overwrite 'TranslationModel0= 0.088434 -0.004779 0.004520 -0.003632 LexicalReordering0= 0.438713 0.014433 0.110116 0.009106 0.027871 0.021328 WordPenalty0= 0.193651 Distortion0= 0.017818 LM0= 0.061600 PhrasePenalty0= 0.003999'  -n-best-list run2.best100.out 100 distinct  -input-file /home/lawun330/Desktop/basic-statistical-machine-translation/data/cleaned_2/dev.my > run2.out
Loading table into memory...done.
Name:moses	VmPeak:158884 kB	VmRSS:22376 kB	RSSMax:23052 kB	user:1.914	sys:0.037	CPU:1.951	real:1.931
The decoder returns the scores in this order: LexicalReordering0 LexicalReordering0 LexicalReordering0 LexicalReordering0 LexicalReordering0 LexicalReordering0 Distortion0 LM0 WordPenalty0 PhrasePenalty0 TranslationModel0 TranslationModel0 TranslationModel0 TranslationModel0
Executing: gzip -f run2.best100.out
Scoring the nbestlist.
exec: /home/lawun330/Desktop/basic-statistical-machine-translation/baseline2/my-ph/tuning/tmp.1/extractor.sh
Executing: /home/lawun330/Desktop/basic-statistical-machine-translation/baseline2/my-ph/tuning/tmp.1/extractor.sh > extract.out 2> extract.err
Executing: \cp -f init.opt run2.init.opt
exec: /home/lawun330/NLP/ubuntu-17.04/moses/bin/mert -d 14  --sctype BLEU --scconfig case:true --ffile run1.features.dat,run2.features.dat --scfile run1.scores.dat,run2.scores.dat --ifile run2.init.opt -n 20
Executing: /home/lawun330/NLP/ubuntu-17.04/moses/bin/mert -d 14  --sctype BLEU --scconfig case:true --ffile run1.features.dat,run2.features.dat --scfile run1.scores.dat,run2.scores.dat --ifile run2.init.opt -n 20 > mert.out 2> mert.log
Executing: \cp -f extract.err run2.extract.err
Executing: \cp -f extract.out run2.extract.out
Executing: \cp -f mert.out run2.mert.out
Executing: \cp -f mert.log run2.mert.log
Executing: touch mert.log run2.mert.log
Executing: \cp -f weights.txt run2.weights.txt
featlist: LexicalReordering0=0.0995159 
featlist: LexicalReordering0=0.0398001 
featlist: LexicalReordering0=0.090534 
featlist: LexicalReordering0=0.141058 
featlist: LexicalReordering0=0.00747212 
featlist: LexicalReordering0=0.0668839 
featlist: Distortion0=0.056127 
featlist: LM0=0.0698594 
featlist: WordPenalty0=0.259043 
featlist: PhrasePenalty0=0.0101085 
featlist: TranslationModel0=0.124538 
featlist: TranslationModel0=-0.0106202 
featlist: TranslationModel0=0.023842 
featlist: TranslationModel0=0.000598018 
Saved: ./run3.moses.ini
DECODER_CFG = -weight-overwrite 'LM0= 0.069859 Distortion0= 0.056127 PhrasePenalty0= 0.010108 LexicalReordering0= 0.099516 0.039800 0.090534 0.141058 0.007472 0.066884 WordPenalty0= 0.259043 TranslationModel0= 0.124538 -0.010620 0.023842 0.000598'
Executing: /home/lawun330/NLP/ubuntu-17.04/moses/bin/moses -v 0   -config /home/lawun330/Desktop/basic-statistical-machine-translation/baseline2/my-ph/tuning/moses.filtered.ini.1 -weight-overwrite 'LM0= 0.069859 Distortion0= 0.056127 PhrasePenalty0= 0.010108 LexicalReordering0= 0.099516 0.039800 0.090534 0.141058 0.007472 0.066884 WordPenalty0= 0.259043 TranslationModel0= 0.124538 -0.010620 0.023842 0.000598'  -n-best-list run3.best100.out 100 distinct  -input-file /home/lawun330/Desktop/basic-statistical-machine-translation/data/cleaned_2/dev.my > run3.out 
Executing: /home/lawun330/NLP/ubuntu-17.04/moses/bin/moses -v 0   -config /home/lawun330/Desktop/basic-statistical-machine-translation/baseline2/my-ph/tuning/moses.filtered.ini.1 -weight-overwrite 'LM0= 0.069859 Distortion0= 0.056127 PhrasePenalty0= 0.010108 LexicalReordering0= 0.099516 0.039800 0.090534 0.141058 0.007472 0.066884 WordPenalty0= 0.259043 TranslationModel0= 0.124538 -0.010620 0.023842 0.000598'  -n-best-list run3.best100.out 100 distinct  -input-file /home/lawun330/Desktop/basic-statistical-machine-translation/data/cleaned_2/dev.my > run3.out
Loading table into memory...done.
Name:moses	VmPeak:158884 kB	VmRSS:18376 kB	RSSMax:22992 kB	user:2.025	sys:0.043	CPU:2.069	real:2.047
The decoder returns the scores in this order: LexicalReordering0 LexicalReordering0 LexicalReordering0 LexicalReordering0 LexicalReordering0 LexicalReordering0 Distortion0 LM0 WordPenalty0 PhrasePenalty0 TranslationModel0 TranslationModel0 TranslationModel0 TranslationModel0
Executing: gzip -f run3.best100.out
Scoring the nbestlist.
exec: /home/lawun330/Desktop/basic-statistical-machine-translation/baseline2/my-ph/tuning/tmp.1/extractor.sh
Executing: /home/lawun330/Desktop/basic-statistical-machine-translation/baseline2/my-ph/tuning/tmp.1/extractor.sh > extract.out 2> extract.err
Executing: \cp -f init.opt run3.init.opt
exec: /home/lawun330/NLP/ubuntu-17.04/moses/bin/mert -d 14  --sctype BLEU --scconfig case:true --ffile run1.features.dat,run2.features.dat,run3.features.dat --scfile run1.scores.dat,run2.scores.dat,run3.scores.dat --ifile run3.init.opt -n 20
Executing: /home/lawun330/NLP/ubuntu-17.04/moses/bin/mert -d 14  --sctype BLEU --scconfig case:true --ffile run1.features.dat,run2.features.dat,run3.features.dat --scfile run1.scores.dat,run2.scores.dat,run3.scores.dat --ifile run3.init.opt -n 20 > mert.out 2> mert.log
Executing: \cp -f extract.err run3.extract.err
Executing: \cp -f extract.out run3.extract.out
Executing: \cp -f mert.out run3.mert.out
Executing: \cp -f mert.log run3.mert.log
Executing: touch mert.log run3.mert.log
Executing: \cp -f weights.txt run3.weights.txt
None of the weights changed more than 1e-05. Stopping.
Executing: \cp -f init.opt run3.init.opt
Executing: \cp -f mert.log run3.mert.log
featlist: LexicalReordering0=0.0995159 
featlist: LexicalReordering0=0.0398001 
featlist: LexicalReordering0=0.090534 
featlist: LexicalReordering0=0.141058 
featlist: LexicalReordering0=0.00747212 
featlist: LexicalReordering0=0.0668839 
featlist: Distortion0=0.056127 
featlist: LM0=0.0698594 
featlist: WordPenalty0=0.259043 
featlist: PhrasePenalty0=0.0101085 
featlist: TranslationModel0=0.124538 
featlist: TranslationModel0=-0.0106202 
featlist: TranslationModel0=0.023842 
featlist: TranslationModel0=0.000598018 
Saved: ./moses.ini
