starting at Fri May 22 04:21:12 AM +07 2026 on ROG-Strix-Hero-II
run 1 start at Fri May 22 04:21:12 AM +07 2026
Parsing --decoder-flags: | -v 0 |
Saving new config to: ./run1.moses.ini
1-10.20.2 0.2 0.2 0.20.3 0.3 0.3 0.3 0.3 0.30.30.5(1) run decoder to produce n-best lists
params = -v 0 
decoder_config = -weight-overwrite 'LexicalReordering0= 0.065217 0.065217 0.065217 0.065217 0.065217 0.065217 WordPenalty0= -0.217391 TranslationModel0= 0.043478 0.043478 0.043478 0.043478 PhrasePenalty0= 0.043478 Distortion0= 0.065217 LM0= 0.108696'
run 1 end at Fri May 22 04:21:49 AM +07 2026
(1) BEST at 1: 0.438713 0.0144332 0.110116 0.00910584 0.0278708 0.0213276 0.0178177 0.0615999 0.193651 0.00399949 0.0884344 -0.00477923 0.00452036 -0.00363184 => 0.683451 at Fri May 22 04:21:49 AM +07 2026
loading data from 1 to 1 (prev_aggregate_nbl_size=-1)
loading data from run1.features.dat
loading data from run1.scores.dat
loading data from run1.init.opt
run 2 start at Fri May 22 04:21:49 AM +07 2026
Parsing --decoder-flags: |-v 0 |
Saving new config to: ./run2.moses.ini
1-10.20.2 0.2 0.2 0.20.3 0.3 0.3 0.3 0.3 0.30.30.5(2) run decoder to produce n-best lists
params = -v 0 
decoder_config = -weight-overwrite 'TranslationModel0= 0.088434 -0.004779 0.004520 -0.003632 LexicalReordering0= 0.438713 0.014433 0.110116 0.009106 0.027871 0.021328 WordPenalty0= 0.193651 Distortion0= 0.017818 LM0= 0.061600 PhrasePenalty0= 0.003999'
run 2 end at Fri May 22 04:22:30 AM +07 2026
(2) BEST at 2: 0.0995159 0.0398001 0.090534 0.141058 0.00747212 0.0668839 0.056127 0.0698594 0.259043 0.0101085 0.124538 -0.0106202 0.023842 0.000598018 => 0.684292 at Fri May 22 04:22:30 AM +07 2026
loading data from 1 to 2 (prev_aggregate_nbl_size=-1)
loading data from run1.features.dat,run2.features.dat
loading data from run1.scores.dat,run2.scores.dat
loading data from run1.init.opt,run2.init.opt
run 3 start at Fri May 22 04:22:30 AM +07 2026
Parsing --decoder-flags: |-v 0 |
Saving new config to: ./run3.moses.ini
1-10.20.2 0.2 0.2 0.20.3 0.3 0.3 0.3 0.3 0.30.30.5(3) run decoder to produce n-best lists
params = -v 0 
decoder_config = -weight-overwrite 'LM0= 0.069859 Distortion0= 0.056127 PhrasePenalty0= 0.010108 LexicalReordering0= 0.099516 0.039800 0.090534 0.141058 0.007472 0.066884 WordPenalty0= 0.259043 TranslationModel0= 0.124538 -0.010620 0.023842 0.000598'
run 3 end at Fri May 22 04:23:14 AM +07 2026
(3) BEST at 3: 0.0995159 0.0398001 0.090534 0.141058 0.00747212 0.0668839 0.056127 0.0698594 0.259043 0.0101085 0.124538 -0.0106202 0.023842 0.000598018 => 0.685716 at Fri May 22 04:23:14 AM +07 2026
Parsing --decoder-flags: |-v 0 |
Saving new config to: ./moses.ini
1-10.20.2 0.2 0.2 0.20.3 0.3 0.3 0.3 0.3 0.30.30.5Training finished at Fri May 22 04:23:14 AM +07 2026
finished at Fri May 22 04:23:14 AM +07 2026
