shard_size = 0 shard_count = 0
Seeding random numbers with system clock 
name: case value: true
Data::m_score_type BLEU
Data::Scorer type from Scorer: BLEU
Loading Data from: run1.scores.dat and run1.features.dat
loading feature data from run1.features.dat
loading score data from run1.scores.dat
Loading Data from: run2.scores.dat and run2.features.dat
loading feature data from run2.features.dat
loading score data from run2.scores.dat
Loading Data from: run3.scores.dat and run3.features.dat
loading feature data from run3.features.dat
loading score data from run3.scores.dat
Loading Data from: run4.scores.dat and run4.features.dat
loading feature data from run4.features.dat
loading score data from run4.scores.dat
Data loaded : [Wall 1.21134 CPU 1.21015] seconds.
Creating a pool of 1 threads
Best point: 0.118625 0.0103519 0.00698182 0.101543 0.0353424 0.130864 0.0547561 0.0619915 0.282612 0.0296633 0.125859 -0.0214182 0.01582 0.00417277  => 0.686984
Stopping... : [Wall 34.1083 CPU 34.05] seconds.
