starting at Thu May 21 04:09:58 AM +07 2026 on ROG-Strix-Hero-II
Forking...

***** 2 runs. (algorithm:TA)*****
;KategProblem:cats: 50   words: 1834

start-costs: MEAN: 857136 (857128-857145)  SIGMA:8.37319   
  end-costs: MEAN: 832260 (832184-832336)  SIGMA:75.8969   
   start-pp: MEAN: 197.388 (197.367-197.41)  SIGMA:0.0213685   
     end-pp: MEAN: 143.101 (142.961-143.242)  SIGMA:0.14042   
 iterations: MEAN: 45167.5 (45052-45283)  SIGMA:115.5   
       time: MEAN: 1.11775 (1.09724-1.13826)  SIGMA:0.0205115   

***** 2 runs. (algorithm:TA)*****
;KategProblem:cats: 50   words: 2273

start-costs: MEAN: 857092 (857091-857093)  SIGMA:0.848007   
  end-costs: MEAN: 831460 (831283-831637)  SIGMA:177.155   
   start-pp: MEAN: 201.677 (201.674-201.679)  SIGMA:0.00221127   
     end-pp: MEAN: 144.788 (144.456-145.119)  SIGMA:0.331629   
 iterations: MEAN: 58437 (56205-60669)  SIGMA:2232   
       time: MEAN: 1.17743 (1.11896-1.2359)  SIGMA:0.0584695   
Waiting for mkcls processes to finish...
finished at Thu May 21 04:10:01 AM +07 2026
