shard_size = 0 shard_count = 0
Seeding random numbers with system clock 
name: case value: true
Data::m_score_type BLEU
Data::Scorer type from Scorer: BLEU
Loading Data from: run1.scores.dat and run1.features.dat
loading feature data from run1.features.dat
loading score data from run1.scores.dat
Loading Data from: run2.scores.dat and run2.features.dat
loading feature data from run2.features.dat
loading score data from run2.scores.dat
Loading Data from: run3.scores.dat and run3.features.dat
loading feature data from run3.features.dat
loading score data from run3.scores.dat
Loading Data from: run4.scores.dat and run4.features.dat
loading feature data from run4.features.dat
loading score data from run4.scores.dat
Data loaded : [Wall 0.916302 CPU 0.915992] seconds.
Creating a pool of 1 threads
Best point: 0.261879 0.0965437 0.0401644 0.0107402 0.00550552 0.0349986 0.0463048 0.0681254 0.0215205 -0.335838 0.0163361 0.0520156 0.00948377 0.000544985  => 0.786812
Stopping... : [Wall 39.2622 CPU 39.2498] seconds.
