=== 1/5 Counting and sorting n-grams ===
Reading /home/phantom/Desktop/LM_Evaluation&Domain_Analysis/language_model_process/corpus/word.txt
----5---10---15---20---25---30---35---40---45---50---55---60---65---70---75---80---85---90---95--100
****************************************************************************************************
Unigram tokens 199959 types 8650
=== 2/5 Calculating and sorting adjusted counts ===
Chain sizes: 1:103800 2:1300653696 3:2438725888 4:3901960960 5:5690360320
Statistics:
1 8650 D1=0.571573 D2=1.00954 D3+=1.40614
2 79263 D1=0.741528 D2=1.17502 D3+=1.50835
3 142657 D1=0.867478 D2=1.28319 D3+=1.5952
4 167439 D1=0.935991 D2=1.40398 D3+=1.65734
5 173328 D1=0.941772 D2=1.44274 D3+=1.55855
Memory estimate for binary LM:
type       kB
probing 12392 assuming -p 1.5
probing 14707 assuming -r models -p 1.5
trie     5670 without quantization
trie     2956 assuming -q 8 -b 8 quantization 
trie     5158 assuming -a 22 array pointer compression
trie     2445 assuming -a 22 -q 8 -b 8 array pointer compression and quantization
=== 3/5 Calculating and sorting initial probabilities ===
Chain sizes: 1:103800 2:1268208 3:2853140 4:4018536 5:4853184
=== 4/5 Calculating and writing order-interpolated probabilities ===
Chain sizes: 1:103800 2:1268208 3:2853140 4:4018536 5:4853184
=== 5/5 Writing ARPA model ===
Name:lmplz	VmPeak:17192696 kB	VmRSS:44620 kB	RSSMax:2338812 kB	user:1.11423	sys:1.33446	CPU:2.44869	real:2.12684
