Using SCRIPTS_ROOTDIR: /home/lawun330/NLP/ubuntu-17.04/moses/scripts
using pigz 
(6) score phrases @ Thu May 21 04:05:55 +07 2026
(6.1)  creating table half /home/lawun330/Desktop/basic-statistical-machine-translation/baseline/my-ph/model/phrase-table.2.half.f2e @ Thu May 21 04:05:55 +07 2026
/home/lawun330/NLP/ubuntu-17.04/moses/scripts/generic/score-parallel.perl 12 "sort    " /home/lawun330/NLP/ubuntu-17.04/moses/scripts/../bin/score /home/lawun330/Desktop/basic-statistical-machine-translation/baseline/my-ph/model/extract.2.sorted.gz /home/lawun330/Desktop/basic-statistical-machine-translation/baseline/my-ph/model/lex.2.f2e /home/lawun330/Desktop/basic-statistical-machine-translation/baseline/my-ph/model/phrase-table.2.half.f2e.gz  --GoodTuring  0 
(6.1)  creating table half /home/lawun330/Desktop/basic-statistical-machine-translation/baseline/my-ph/model/phrase-table.2.half.e2f @ Thu May 21 04:05:55 +07 2026
Executing: /home/lawun330/NLP/ubuntu-17.04/moses/scripts/generic/score-parallel.perl 12 "sort    " /home/lawun330/NLP/ubuntu-17.04/moses/scripts/../bin/score /home/lawun330/Desktop/basic-statistical-machine-translation/baseline/my-ph/model/extract.2.sorted.gz /home/lawun330/Desktop/basic-statistical-machine-translation/baseline/my-ph/model/lex.2.f2e /home/lawun330/Desktop/basic-statistical-machine-translation/baseline/my-ph/model/phrase-table.2.half.f2e.gz  --GoodTuring  0 
/home/lawun330/NLP/ubuntu-17.04/moses/scripts/generic/score-parallel.perl 12 "sort    " /home/lawun330/NLP/ubuntu-17.04/moses/scripts/../bin/score /home/lawun330/Desktop/basic-statistical-machine-translation/baseline/my-ph/model/extract.2.inv.sorted.gz /home/lawun330/Desktop/basic-statistical-machine-translation/baseline/my-ph/model/lex.2.e2f /home/lawun330/Desktop/basic-statistical-machine-translation/baseline/my-ph/model/phrase-table.2.half.e2f.gz --Inverse  1 
Executing: /home/lawun330/NLP/ubuntu-17.04/moses/scripts/generic/score-parallel.perl 12 "sort    " /home/lawun330/NLP/ubuntu-17.04/moses/scripts/../bin/score /home/lawun330/Desktop/basic-statistical-machine-translation/baseline/my-ph/model/extract.2.inv.sorted.gz /home/lawun330/Desktop/basic-statistical-machine-translation/baseline/my-ph/model/lex.2.e2f /home/lawun330/Desktop/basic-statistical-machine-translation/baseline/my-ph/model/phrase-table.2.half.e2f.gz --Inverse  1 
using pigz 
Started Thu May 21 04:05:55 2026
using pigz 
Started Thu May 21 04:05:55 2026
/home/lawun330/NLP/ubuntu-17.04/moses/scripts/../bin/score /home/lawun330/Desktop/basic-statistical-machine-translation/baseline/my-ph/model/tmp.62762/extract.0.gz /home/lawun330/Desktop/basic-statistical-machine-translation/baseline/my-ph/model/lex.2.f2e /home/lawun330/Desktop/basic-statistical-machine-translation/baseline/my-ph/model/tmp.62762/phrase-table.half.0000000.gz --GoodTuring  2>> /dev/stderr 
/home/lawun330/NLP/ubuntu-17.04/moses/scripts/../bin/score /home/lawun330/Desktop/basic-statistical-machine-translation/baseline/my-ph/model/tmp.62763/extract.0.gz /home/lawun330/Desktop/basic-statistical-machine-translation/baseline/my-ph/model/lex.2.e2f /home/lawun330/Desktop/basic-statistical-machine-translation/baseline/my-ph/model/tmp.62763/phrase-table.half.0000000.gz --Inverse  2>> /dev/stderr 
/home/lawun330/Desktop/basic-statistical-machine-translation/baseline/my-ph/model/tmp.62762/run.0.sh/home/lawun330/Desktop/basic-statistical-machine-translation/baseline/my-ph/model/tmp.62762/run.1.sh/home/lawun330/Desktop/basic-statistical-machine-translation/baseline/my-ph/model/tmp.62762/run.2.sh/home/lawun330/Desktop/basic-statistical-machine-translation/baseline/my-ph/model/tmp.62762/run.3.sh/home/lawun330/Desktop/basic-statistical-machine-translation/baseline/my-ph/model/tmp.62762/run.4.sh/home/lawun330/Desktop/basic-statistical-machine-translation/baseline/my-ph/model/tmp.62762/run.5.sh/home/lawun330/Desktop/basic-statistical-machine-translation/baseline/my-ph/model/tmp.62762/run.6.sh/home/lawun330/Desktop/basic-statistical-machine-translation/baseline/my-ph/model/tmp.62762/run.8.sh/home/lawun330/Desktop/basic-statistical-machine-translation/baseline/my-ph/model/tmp.62762/run.9.sh/home/lawun330/Desktop/basic-statistical-machine-translation/baseline/my-ph/model/tmp.62762/run.7.sh/home/lawun330/Desktop/basic-statistical-machine-translation/baseline/my-ph/model/tmp.62762/run.10.sh/home/lawun330/Desktop/basic-statistical-machine-translation/baseline/my-ph/model/tmp.62762/run.11.sh/home/lawun330/Desktop/basic-statistical-machine-translation/baseline/my-ph/model/tmp.62763/run.0.sh/home/lawun330/Desktop/basic-statistical-machine-translation/baseline/my-ph/model/tmp.62763/run.1.sh/home/lawun330/Desktop/basic-statistical-machine-translation/baseline/my-ph/model/tmp.62763/run.2.sh/home/lawun330/Desktop/basic-statistical-machine-translation/baseline/my-ph/model/tmp.62763/run.3.sh/home/lawun330/Desktop/basic-statistical-machine-translation/baseline/my-ph/model/tmp.62763/run.4.sh/home/lawun330/Desktop/basic-statistical-machine-translation/baseline/my-ph/model/tmp.62763/run.5.sh/home/lawun330/Desktop/basic-statistical-machine-translation/baseline/my-ph/model/tmp.62763/run.7.sh/home/lawun330/Desktop/basic-statistical-machine-translation/baseline/my-ph/model/tmp.62763/run.8.sh/home/lawun330/Desktop/basic-statistical-machine-translation/baseline/my-ph/model/tmp.62763/run.6.sh/home/lawun330/Desktop/basic-statistical-machine-translation/baseline/my-ph/model/tmp.62763/run.9.sh/home/lawun330/Desktop/basic-statistical-machine-translation/baseline/my-ph/model/tmp.62763/run.10.sh/home/lawun330/Desktop/basic-statistical-machine-translation/baseline/my-ph/model/tmp.62763/run.11.shgunzip -c /home/lawun330/Desktop/basic-statistical-machine-translation/baseline/my-ph/model/tmp.62763/phrase-table.half.*.gz 2>> /dev/stderr| LC_ALL=C sort     -T /home/lawun330/Desktop/basic-statistical-machine-translation/baseline/my-ph/model/tmp.62763  | pigz -c > /home/lawun330/Desktop/basic-statistical-machine-translation/baseline/my-ph/model/phrase-table.2.half.e2f.gz  2>> /dev/stderr mv /home/lawun330/Desktop/basic-statistical-machine-translation/baseline/my-ph/model/tmp.62762/phrase-table.half.0000000.gz /home/lawun330/Desktop/basic-statistical-machine-translation/baseline/my-ph/model/phrase-table.2.half.f2e.gzrm -rf /home/lawun330/Desktop/basic-statistical-machine-translation/baseline/my-ph/model/tmp.62762 
Finished Thu May 21 04:05:56 2026
rm -rf /home/lawun330/Desktop/basic-statistical-machine-translation/baseline/my-ph/model/tmp.62763 
Finished Thu May 21 04:05:56 2026
(6.6) consolidating the two halves @ Thu May 21 04:05:56 +07 2026
Executing: /home/lawun330/NLP/ubuntu-17.04/moses/scripts/../bin/consolidate /home/lawun330/Desktop/basic-statistical-machine-translation/baseline/my-ph/model/phrase-table.2.half.f2e.gz /home/lawun330/Desktop/basic-statistical-machine-translation/baseline/my-ph/model/phrase-table.2.half.e2f.gz /dev/stdout --GoodTuring /home/lawun330/Desktop/basic-statistical-machine-translation/baseline/my-ph/model/phrase-table.2.half.f2e.gz.coc | pigz -c > /home/lawun330/Desktop/basic-statistical-machine-translation/baseline/my-ph/model/phrase-table.2.gz
Consolidate v2.0 written by Philipp Koehn
consolidating direct and indirect rule tables
adjusting phrase translation probabilities with Good Turing discounting

Executing: rm -f /home/lawun330/Desktop/basic-statistical-machine-translation/baseline/my-ph/model/phrase-table.2.half.*
