=== 1/5 Counting and sorting n-grams ===
Reading /home/phantom/Desktop/Git/AI_Assignment/assignment-6/class-13and14/data/g2p-par/bleu_improve_workspace/normalized/train.ph
----5---10---15---20---25---30---35---40---45---50---55---60---65---70---75---80---85---90---95--100
****************************************************************************************************
Unigram tokens 57346 types 1836
=== 2/5 Calculating and sorting adjusted counts ===
Chain sizes: 1:22032 2:1300661632 3:2438740736 4:3901985024 5:5690395136
Statistics:
1 1836 D1=0.45679 D2=0.896585 D3+=1.23178
2 27905 D1=0.822695 D2=1.27535 D3+=1.11889
3 46127 D1=0.869811 D2=1.29785 D3+=1.58656
4 35930 D1=0.957094 D2=1.6008 D3+=1.9112
5 17169 D1=0.982094 D2=1.79091 D3+=3
Memory estimate for binary LM:
type      kB
probing 2925 assuming -p 1.5
probing 3577 assuming -r models -p 1.5
trie    1334 without quantization
trie     662 assuming -q 8 -b 8 quantization 
trie    1213 assuming -a 22 array pointer compression
trie     541 assuming -a 22 -q 8 -b 8 array pointer compression and quantization
=== 3/5 Calculating and sorting initial probabilities ===
Chain sizes: 1:22032 2:446480 3:922540 4:862320 5:480732
=== 4/5 Calculating and writing order-interpolated probabilities ===
Chain sizes: 1:22032 2:446480 3:922540 4:862320 5:480732
=== 5/5 Writing ARPA model ===
Name:lmplz	VmPeak:17192720 kB	VmRSS:31420 kB	RSSMax:2323712 kB	user:0.478566	sys:1.02121	CPU:1.49977	real:1.4548
