Using SCRIPTS_ROOTDIR: /home/phantom/mosesdecoder/scripts
Using single-thread GIZA
using gzip 
(1) preparing corpus @ Fri May 22 23:30:25 +0630 2026
Executing: mkdir -p /home/phantom/Desktop/Git/AI_Assignment/assignment-6/class-13and14/data/g2p-par/bleu_improve_workspace/experiments/norm_5g_p5_rr30/corpus
(1.0) selecting factors @ Fri May 22 23:30:25 +0630 2026
(1.1) running mkcls  @ Fri May 22 23:30:25 +0630 2026
/home/phantom/Desktop/Git/AI_Assignment/assignment-6/class-13and14/data/g2p-par/bleu_improve_workspace/tools/mkcls -c50 -n2 -p/home/phantom/Desktop/Git/AI_Assignment/assignment-6/class-13and14/data/g2p-par/bleu_improve_workspace/normalized/train.my -V/home/phantom/Desktop/Git/AI_Assignment/assignment-6/class-13and14/data/g2p-par/bleu_improve_workspace/experiments/norm_5g_p5_rr30/corpus/my.vcb.classes opt
Executing: /home/phantom/Desktop/Git/AI_Assignment/assignment-6/class-13and14/data/g2p-par/bleu_improve_workspace/tools/mkcls -c50 -n2 -p/home/phantom/Desktop/Git/AI_Assignment/assignment-6/class-13and14/data/g2p-par/bleu_improve_workspace/normalized/train.my -V/home/phantom/Desktop/Git/AI_Assignment/assignment-6/class-13and14/data/g2p-par/bleu_improve_workspace/experiments/norm_5g_p5_rr30/corpus/my.vcb.classes opt

***** 2 runs. (algorithm:TA)*****
;KategProblem:cats: 50   words: 2280

start-costs: MEAN: 856440 (856432-856448)  SIGMA:8.36834   
  end-costs: MEAN: 831654 (831630-831678)  SIGMA:23.9088   
   start-pp: MEAN: 200.281 (200.259-200.302)  SIGMA:0.0216719   
     end-pp: MEAN: 145.361 (145.316-145.406)  SIGMA:0.044939   
 iterations: MEAN: 56802 (55769-57835)  SIGMA:1033   
       time: MEAN: 1.52544 (1.51707-1.5338)  SIGMA:0.0083665   
(1.1) running mkcls  @ Fri May 22 23:30:28 +0630 2026
/home/phantom/Desktop/Git/AI_Assignment/assignment-6/class-13and14/data/g2p-par/bleu_improve_workspace/tools/mkcls -c50 -n2 -p/home/phantom/Desktop/Git/AI_Assignment/assignment-6/class-13and14/data/g2p-par/bleu_improve_workspace/normalized/train.ph -V/home/phantom/Desktop/Git/AI_Assignment/assignment-6/class-13and14/data/g2p-par/bleu_improve_workspace/experiments/norm_5g_p5_rr30/corpus/ph.vcb.classes opt
Executing: /home/phantom/Desktop/Git/AI_Assignment/assignment-6/class-13and14/data/g2p-par/bleu_improve_workspace/tools/mkcls -c50 -n2 -p/home/phantom/Desktop/Git/AI_Assignment/assignment-6/class-13and14/data/g2p-par/bleu_improve_workspace/normalized/train.ph -V/home/phantom/Desktop/Git/AI_Assignment/assignment-6/class-13and14/data/g2p-par/bleu_improve_workspace/experiments/norm_5g_p5_rr30/corpus/ph.vcb.classes opt

***** 2 runs. (algorithm:TA)*****
;KategProblem:cats: 50   words: 1834

start-costs: MEAN: 857136 (857128-857145)  SIGMA:8.37319   
  end-costs: MEAN: 832260 (832184-832336)  SIGMA:75.8969   
   start-pp: MEAN: 197.388 (197.367-197.41)  SIGMA:0.0213685   
     end-pp: MEAN: 143.101 (142.961-143.242)  SIGMA:0.14042   
 iterations: MEAN: 45167.5 (45052-45283)  SIGMA:115.5   
       time: MEAN: 1.6067 (1.58217-1.63123)  SIGMA:0.024529   
(1.2) creating vcb file /home/phantom/Desktop/Git/AI_Assignment/assignment-6/class-13and14/data/g2p-par/bleu_improve_workspace/experiments/norm_5g_p5_rr30/corpus/my.vcb @ Fri May 22 23:30:31 +0630 2026
(1.2) creating vcb file /home/phantom/Desktop/Git/AI_Assignment/assignment-6/class-13and14/data/g2p-par/bleu_improve_workspace/experiments/norm_5g_p5_rr30/corpus/ph.vcb @ Fri May 22 23:30:31 +0630 2026
(1.3) numberizing corpus /home/phantom/Desktop/Git/AI_Assignment/assignment-6/class-13and14/data/g2p-par/bleu_improve_workspace/experiments/norm_5g_p5_rr30/corpus/my-ph-int-train.snt @ Fri May 22 23:30:31 +0630 2026
(1.3) numberizing corpus /home/phantom/Desktop/Git/AI_Assignment/assignment-6/class-13and14/data/g2p-par/bleu_improve_workspace/experiments/norm_5g_p5_rr30/corpus/ph-my-int-train.snt @ Fri May 22 23:30:31 +0630 2026
(2) running giza @ Fri May 22 23:30:31 +0630 2026
(2.1a) running snt2cooc my-ph @ Fri May 22 23:30:31 +0630 2026

Executing: mkdir -p /home/phantom/Desktop/Git/AI_Assignment/assignment-6/class-13and14/data/g2p-par/bleu_improve_workspace/experiments/norm_5g_p5_rr30/giza.my-ph
Executing: /home/phantom/Desktop/Git/AI_Assignment/assignment-6/class-13and14/data/g2p-par/bleu_improve_workspace/tools/snt2cooc.out /home/phantom/Desktop/Git/AI_Assignment/assignment-6/class-13and14/data/g2p-par/bleu_improve_workspace/experiments/norm_5g_p5_rr30/corpus/ph.vcb /home/phantom/Desktop/Git/AI_Assignment/assignment-6/class-13and14/data/g2p-par/bleu_improve_workspace/experiments/norm_5g_p5_rr30/corpus/my.vcb /home/phantom/Desktop/Git/AI_Assignment/assignment-6/class-13and14/data/g2p-par/bleu_improve_workspace/experiments/norm_5g_p5_rr30/corpus/my-ph-int-train.snt > /home/phantom/Desktop/Git/AI_Assignment/assignment-6/class-13and14/data/g2p-par/bleu_improve_workspace/experiments/norm_5g_p5_rr30/giza.my-ph/my-ph.cooc
/home/phantom/Desktop/Git/AI_Assignment/assignment-6/class-13and14/data/g2p-par/bleu_improve_workspace/tools/snt2cooc.out /home/phantom/Desktop/Git/AI_Assignment/assignment-6/class-13and14/data/g2p-par/bleu_improve_workspace/experiments/norm_5g_p5_rr30/corpus/ph.vcb /home/phantom/Desktop/Git/AI_Assignment/assignment-6/class-13and14/data/g2p-par/bleu_improve_workspace/experiments/norm_5g_p5_rr30/corpus/my.vcb /home/phantom/Desktop/Git/AI_Assignment/assignment-6/class-13and14/data/g2p-par/bleu_improve_workspace/experiments/norm_5g_p5_rr30/corpus/my-ph-int-train.snt > /home/phantom/Desktop/Git/AI_Assignment/assignment-6/class-13and14/data/g2p-par/bleu_improve_workspace/experiments/norm_5g_p5_rr30/giza.my-ph/my-ph.cooc
line 1000
line 2000
line 3000
line 4000
line 5000
line 6000
line 7000
line 8000
line 9000
line 10000
line 11000
line 12000
line 13000
line 14000
line 15000
line 16000
line 17000
line 18000
line 19000
line 20000
END.
(2.1b) running giza my-ph @ Fri May 22 23:30:31 +0630 2026
/home/phantom/Desktop/Git/AI_Assignment/assignment-6/class-13and14/data/g2p-par/bleu_improve_workspace/tools/GIZA++  -CoocurrenceFile /home/phantom/Desktop/Git/AI_Assignment/assignment-6/class-13and14/data/g2p-par/bleu_improve_workspace/experiments/norm_5g_p5_rr30/giza.my-ph/my-ph.cooc -c /home/phantom/Desktop/Git/AI_Assignment/assignment-6/class-13and14/data/g2p-par/bleu_improve_workspace/experiments/norm_5g_p5_rr30/corpus/my-ph-int-train.snt -m1 5 -m2 0 -m3 3 -m4 3 -model1dumpfrequency 1 -model4smoothfactor 0.4 -nodumps 1 -nsmooth 4 -o /home/phantom/Desktop/Git/AI_Assignment/assignment-6/class-13and14/data/g2p-par/bleu_improve_workspace/experiments/norm_5g_p5_rr30/giza.my-ph/my-ph -onlyaldumps 1 -p0 0.999 -s /home/phantom/Desktop/Git/AI_Assignment/assignment-6/class-13and14/data/g2p-par/bleu_improve_workspace/experiments/norm_5g_p5_rr30/corpus/ph.vcb -t /home/phantom/Desktop/Git/AI_Assignment/assignment-6/class-13and14/data/g2p-par/bleu_improve_workspace/experiments/norm_5g_p5_rr30/corpus/my.vcb
Executing: /home/phantom/Desktop/Git/AI_Assignment/assignment-6/class-13and14/data/g2p-par/bleu_improve_workspace/tools/GIZA++  -CoocurrenceFile /home/phantom/Desktop/Git/AI_Assignment/assignment-6/class-13and14/data/g2p-par/bleu_improve_workspace/experiments/norm_5g_p5_rr30/giza.my-ph/my-ph.cooc -c /home/phantom/Desktop/Git/AI_Assignment/assignment-6/class-13and14/data/g2p-par/bleu_improve_workspace/experiments/norm_5g_p5_rr30/corpus/my-ph-int-train.snt -m1 5 -m2 0 -m3 3 -m4 3 -model1dumpfrequency 1 -model4smoothfactor 0.4 -nodumps 1 -nsmooth 4 -o /home/phantom/Desktop/Git/AI_Assignment/assignment-6/class-13and14/data/g2p-par/bleu_improve_workspace/experiments/norm_5g_p5_rr30/giza.my-ph/my-ph -onlyaldumps 1 -p0 0.999 -s /home/phantom/Desktop/Git/AI_Assignment/assignment-6/class-13and14/data/g2p-par/bleu_improve_workspace/experiments/norm_5g_p5_rr30/corpus/ph.vcb -t /home/phantom/Desktop/Git/AI_Assignment/assignment-6/class-13and14/data/g2p-par/bleu_improve_workspace/experiments/norm_5g_p5_rr30/corpus/my.vcb
/home/phantom/Desktop/Git/AI_Assignment/assignment-6/class-13and14/data/g2p-par/bleu_improve_workspace/tools/GIZA++  -CoocurrenceFile /home/phantom/Desktop/Git/AI_Assignment/assignment-6/class-13and14/data/g2p-par/bleu_improve_workspace/experiments/norm_5g_p5_rr30/giza.my-ph/my-ph.cooc -c /home/phantom/Desktop/Git/AI_Assignment/assignment-6/class-13and14/data/g2p-par/bleu_improve_workspace/experiments/norm_5g_p5_rr30/corpus/my-ph-int-train.snt -m1 5 -m2 0 -m3 3 -m4 3 -model1dumpfrequency 1 -model4smoothfactor 0.4 -nodumps 1 -nsmooth 4 -o /home/phantom/Desktop/Git/AI_Assignment/assignment-6/class-13and14/data/g2p-par/bleu_improve_workspace/experiments/norm_5g_p5_rr30/giza.my-ph/my-ph -onlyaldumps 1 -p0 0.999 -s /home/phantom/Desktop/Git/AI_Assignment/assignment-6/class-13and14/data/g2p-par/bleu_improve_workspace/experiments/norm_5g_p5_rr30/corpus/ph.vcb -t /home/phantom/Desktop/Git/AI_Assignment/assignment-6/class-13and14/data/g2p-par/bleu_improve_workspace/experiments/norm_5g_p5_rr30/corpus/my.vcb
Parameter 'coocurrencefile' changed from '' to '/home/phantom/Desktop/Git/AI_Assignment/assignment-6/class-13and14/data/g2p-par/bleu_improve_workspace/experiments/norm_5g_p5_rr30/giza.my-ph/my-ph.cooc'
Parameter 'c' changed from '' to '/home/phantom/Desktop/Git/AI_Assignment/assignment-6/class-13and14/data/g2p-par/bleu_improve_workspace/experiments/norm_5g_p5_rr30/corpus/my-ph-int-train.snt'
Parameter 'm3' changed from '5' to '3'
Parameter 'm4' changed from '5' to '3'
Parameter 'model1dumpfrequency' changed from '0' to '1'
Parameter 'model4smoothfactor' changed from '0.2' to '0.4'
Parameter 'nodumps' changed from '0' to '1'
Parameter 'nsmooth' changed from '64' to '4'
Parameter 'o' changed from '2026-05-22.233031.phantom' to '/home/phantom/Desktop/Git/AI_Assignment/assignment-6/class-13and14/data/g2p-par/bleu_improve_workspace/experiments/norm_5g_p5_rr30/giza.my-ph/my-ph'
Parameter 'onlyaldumps' changed from '0' to '1'
Parameter 'p0' changed from '-1' to '0.999'
Parameter 's' changed from '' to '/home/phantom/Desktop/Git/AI_Assignment/assignment-6/class-13and14/data/g2p-par/bleu_improve_workspace/experiments/norm_5g_p5_rr30/corpus/ph.vcb'
Parameter 't' changed from '' to '/home/phantom/Desktop/Git/AI_Assignment/assignment-6/class-13and14/data/g2p-par/bleu_improve_workspace/experiments/norm_5g_p5_rr30/corpus/my.vcb'
general parameters:
-------------------
ml = 101  (maximum sentence length)

No. of iterations:
-------------------
hmmiterations = 5  (mh)
model1iterations = 5  (number of iterations for Model 1)
model2iterations = 0  (number of iterations for Model 2)
model3iterations = 3  (number of iterations for Model 3)
model4iterations = 3  (number of iterations for Model 4)
model5iterations = 0  (number of iterations for Model 5)
model6iterations = 0  (number of iterations for Model 6)

parameter for various heuristics in GIZA++ for efficient training:
------------------------------------------------------------------
countincreasecutoff = 1e-06  (Counts increment cutoff threshold)
countincreasecutoffal = 1e-05  (Counts increment cutoff threshold for alignments in training of fertility models)
mincountincrease = 1e-07  (minimal count increase)
peggedcutoff = 0.03  (relative cutoff probability for alignment-centers in pegging)
probcutoff = 1e-07  (Probability cutoff threshold for lexicon probabilities)
probsmooth = 1e-07  (probability smoothing (floor) value )

parameters for describing the type and amount of output:
-----------------------------------------------------------
compactalignmentformat = 0  (0: detailled alignment format, 1: compact alignment format )
hmmdumpfrequency = 0  (dump frequency of HMM)
l = 2026-05-22.233031.phantom.log  (log file name)
log = 0  (0: no logfile; 1: logfile)
model1dumpfrequency = 1  (dump frequency of Model 1)
model2dumpfrequency = 0  (dump frequency of Model 2)
model345dumpfrequency = 0  (dump frequency of Model 3/4/5)
nbestalignments = 0  (for printing the n best alignments)
nodumps = 1  (1: do not write any files)
o = /home/phantom/Desktop/Git/AI_Assignment/assignment-6/class-13and14/data/g2p-par/bleu_improve_workspace/experiments/norm_5g_p5_rr30/giza.my-ph/my-ph  (output file prefix)
onlyaldumps = 1  (1: do not write any files)
outputpath =   (output path)
transferdumpfrequency = 0  (output: dump of transfer from Model 2 to 3)
verbose = 0  (0: not verbose; 1: verbose)
verbosesentence = -10  (number of sentence for which a lot of information should be printed (negative: no output))

parameters describing input files:
----------------------------------
c = /home/phantom/Desktop/Git/AI_Assignment/assignment-6/class-13and14/data/g2p-par/bleu_improve_workspace/experiments/norm_5g_p5_rr30/corpus/my-ph-int-train.snt  (training corpus file name)
d =   (dictionary file name)
s = /home/phantom/Desktop/Git/AI_Assignment/assignment-6/class-13and14/data/g2p-par/bleu_improve_workspace/experiments/norm_5g_p5_rr30/corpus/ph.vcb  (source vocabulary file name)
t = /home/phantom/Desktop/Git/AI_Assignment/assignment-6/class-13and14/data/g2p-par/bleu_improve_workspace/experiments/norm_5g_p5_rr30/corpus/my.vcb  (target vocabulary file name)
tc =   (test corpus file name)

smoothing parameters:
---------------------
emalsmooth = 0.2  (f-b-trn: smoothing factor for HMM alignment model (can be ignored by -emSmoothHMM))
model23smoothfactor = 0  (smoothing parameter for IBM-2/3 (interpolation with constant))
model4smoothfactor = 0.4  (smooting parameter for alignment probabilities in Model 4)
model5smoothfactor = 0.1  (smooting parameter for distortion probabilities in Model 5 (linear interpolation with constant))
nsmooth = 4  (smoothing for fertility parameters (good value: 64): weight for wordlength-dependent fertility parameters)
nsmoothgeneral = 0  (smoothing for fertility parameters (default: 0): weight for word-independent fertility parameters)

parameters modifying the models:
--------------------------------
compactadtable = 1  (1: only 3-dimensional alignment table for IBM-2 and IBM-3)
deficientdistortionforemptyword = 0  (0: IBM-3/IBM-4 as described in (Brown et al. 1993); 1: distortion model of empty word is deficient; 2: distoriton model of empty word is deficient (differently); setting this parameter also helps to avoid that during IBM-3 and IBM-4 training too many words are aligned with the empty word)
depm4 = 76  (d_{=1}: &1:l, &2:m, &4:F, &8:E, d_{>1}&16:l, &32:m, &64:F, &128:E)
depm5 = 68  (d_{=1}: &1:l, &2:m, &4:F, &8:E, d_{>1}&16:l, &32:m, &64:F, &128:E)
emalignmentdependencies = 2  (lextrain: dependencies in the HMM alignment model.  &1: sentence length; &2: previous class; &4: previous position;  &8: French position; &16: French class)
emprobforempty = 0.4  (f-b-trn: probability for empty word)

parameters modifying the EM-algorithm:
--------------------------------------
m5p0 = -1  (fixed value for parameter p_0 in IBM-5 (if negative then it is determined in training))
manlexfactor1 = 0  ()
manlexfactor2 = 0  ()
manlexmaxmultiplicity = 20  ()
maxfertility = 10  (maximal fertility for fertility models)
p0 = 0.999  (fixed value for parameter p_0 in IBM-3/4 (if negative then it is determined in training))
pegging = 0  (0: no pegging; 1: do pegging)

general parameters:
-------------------
ml = 101  (maximum sentence length)

No. of iterations:
-------------------
hmmiterations = 5  (mh)
model1iterations = 5  (number of iterations for Model 1)
model2iterations = 0  (number of iterations for Model 2)
model3iterations = 3  (number of iterations for Model 3)
model4iterations = 3  (number of iterations for Model 4)
model5iterations = 0  (number of iterations for Model 5)
model6iterations = 0  (number of iterations for Model 6)

parameter for various heuristics in GIZA++ for efficient training:
------------------------------------------------------------------
countincreasecutoff = 1e-06  (Counts increment cutoff threshold)
countincreasecutoffal = 1e-05  (Counts increment cutoff threshold for alignments in training of fertility models)
mincountincrease = 1e-07  (minimal count increase)
peggedcutoff = 0.03  (relative cutoff probability for alignment-centers in pegging)
probcutoff = 1e-07  (Probability cutoff threshold for lexicon probabilities)
probsmooth = 1e-07  (probability smoothing (floor) value )

parameters for describing the type and amount of output:
-----------------------------------------------------------
compactalignmentformat = 0  (0: detailled alignment format, 1: compact alignment format )
hmmdumpfrequency = 0  (dump frequency of HMM)
l = 2026-05-22.233031.phantom.log  (log file name)
log = 0  (0: no logfile; 1: logfile)
model1dumpfrequency = 1  (dump frequency of Model 1)
model2dumpfrequency = 0  (dump frequency of Model 2)
model345dumpfrequency = 0  (dump frequency of Model 3/4/5)
nbestalignments = 0  (for printing the n best alignments)
nodumps = 1  (1: do not write any files)
o = /home/phantom/Desktop/Git/AI_Assignment/assignment-6/class-13and14/data/g2p-par/bleu_improve_workspace/experiments/norm_5g_p5_rr30/giza.my-ph/my-ph  (output file prefix)
onlyaldumps = 1  (1: do not write any files)
outputpath =   (output path)
transferdumpfrequency = 0  (output: dump of transfer from Model 2 to 3)
verbose = 0  (0: not verbose; 1: verbose)
verbosesentence = -10  (number of sentence for which a lot of information should be printed (negative: no output))

parameters describing input files:
----------------------------------
c = /home/phantom/Desktop/Git/AI_Assignment/assignment-6/class-13and14/data/g2p-par/bleu_improve_workspace/experiments/norm_5g_p5_rr30/corpus/my-ph-int-train.snt  (training corpus file name)
d =   (dictionary file name)
s = /home/phantom/Desktop/Git/AI_Assignment/assignment-6/class-13and14/data/g2p-par/bleu_improve_workspace/experiments/norm_5g_p5_rr30/corpus/ph.vcb  (source vocabulary file name)
t = /home/phantom/Desktop/Git/AI_Assignment/assignment-6/class-13and14/data/g2p-par/bleu_improve_workspace/experiments/norm_5g_p5_rr30/corpus/my.vcb  (target vocabulary file name)
tc =   (test corpus file name)

smoothing parameters:
---------------------
emalsmooth = 0.2  (f-b-trn: smoothing factor for HMM alignment model (can be ignored by -emSmoothHMM))
model23smoothfactor = 0  (smoothing parameter for IBM-2/3 (interpolation with constant))
model4smoothfactor = 0.4  (smooting parameter for alignment probabilities in Model 4)
model5smoothfactor = 0.1  (smooting parameter for distortion probabilities in Model 5 (linear interpolation with constant))
nsmooth = 4  (smoothing for fertility parameters (good value: 64): weight for wordlength-dependent fertility parameters)
nsmoothgeneral = 0  (smoothing for fertility parameters (default: 0): weight for word-independent fertility parameters)

parameters modifying the models:
--------------------------------
compactadtable = 1  (1: only 3-dimensional alignment table for IBM-2 and IBM-3)
deficientdistortionforemptyword = 0  (0: IBM-3/IBM-4 as described in (Brown et al. 1993); 1: distortion model of empty word is deficient; 2: distoriton model of empty word is deficient (differently); setting this parameter also helps to avoid that during IBM-3 and IBM-4 training too many words are aligned with the empty word)
depm4 = 76  (d_{=1}: &1:l, &2:m, &4:F, &8:E, d_{>1}&16:l, &32:m, &64:F, &128:E)
depm5 = 68  (d_{=1}: &1:l, &2:m, &4:F, &8:E, d_{>1}&16:l, &32:m, &64:F, &128:E)
emalignmentdependencies = 2  (lextrain: dependencies in the HMM alignment model.  &1: sentence length; &2: previous class; &4: previous position;  &8: French position; &16: French class)
emprobforempty = 0.4  (f-b-trn: probability for empty word)

parameters modifying the EM-algorithm:
--------------------------------------
m5p0 = -1  (fixed value for parameter p_0 in IBM-5 (if negative then it is determined in training))
manlexfactor1 = 0  ()
manlexfactor2 = 0  ()
manlexmaxmultiplicity = 20  ()
maxfertility = 10  (maximal fertility for fertility models)
p0 = 0.999  (fixed value for parameter p_0 in IBM-3/4 (if negative then it is determined in training))
pegging = 0  (0: no pegging; 1: do pegging)

reading vocabulary files 
Reading vocabulary file from:/home/phantom/Desktop/Git/AI_Assignment/assignment-6/class-13and14/data/g2p-par/bleu_improve_workspace/experiments/norm_5g_p5_rr30/corpus/ph.vcb
Reading vocabulary file from:/home/phantom/Desktop/Git/AI_Assignment/assignment-6/class-13and14/data/g2p-par/bleu_improve_workspace/experiments/norm_5g_p5_rr30/corpus/my.vcb
Source vocabulary list has 1835 unique tokens 
Target vocabulary list has 2281 unique tokens 
Calculating vocabulary frequencies from corpus /home/phantom/Desktop/Git/AI_Assignment/assignment-6/class-13and14/data/g2p-par/bleu_improve_workspace/experiments/norm_5g_p5_rr30/corpus/my-ph-int-train.snt
Reading more sentence pairs into memory ... 
Corpus fits in memory, corpus has: 20000 sentence pairs.
 Train total # sentence pairs (weighted): 20000
Size of source portion of the training corpus: 57346 tokens
Size of the target portion of the training corpus: 57336 tokens 
In source portion of the training corpus, only 1834 unique tokens appeared
In target portion of the training corpus, only 2279 unique tokens appeared
lambda for PP calculation in IBM-1,IBM-2,HMM:= 57336/(77346-20000)== 0.999826
There are 75243 75243 entries in table
==========================================================
Model1 Training Started at: Fri May 22 23:30:31 2026

-----------
Model1: Iteration 1
Model1: (1) TRAIN CROSS-ENTROPY 11.8915 PERPLEXITY 3799.24
Model1: (1) VITERBI TRAIN CROSS-ENTROPY 13.9158 PERPLEXITY 15455.3
Model 1 Iteration: 1 took: 0 seconds
-----------
Model1: Iteration 2
Model1: (2) TRAIN CROSS-ENTROPY 4.57328 PERPLEXITY 23.8064
Model1: (2) VITERBI TRAIN CROSS-ENTROPY 4.90725 PERPLEXITY 30.0075
Model 1 Iteration: 2 took: 1 seconds
-----------
Model1: Iteration 3
Model1: (3) TRAIN CROSS-ENTROPY 3.49251 PERPLEXITY 11.2551
Model1: (3) VITERBI TRAIN CROSS-ENTROPY 3.67766 PERPLEXITY 12.7964
Model 1 Iteration: 3 took: 0 seconds
-----------
Model1: Iteration 4
Model1: (4) TRAIN CROSS-ENTROPY 3.36728 PERPLEXITY 10.3193
Model1: (4) VITERBI TRAIN CROSS-ENTROPY 3.53288 PERPLEXITY 11.5745
Model 1 Iteration: 4 took: 0 seconds
-----------
Model1: Iteration 5
Model1: (5) TRAIN CROSS-ENTROPY 3.34576 PERPLEXITY 10.1666
Model1: (5) VITERBI TRAIN CROSS-ENTROPY 3.50421 PERPLEXITY 11.3468
Model 1 Iteration: 5 took: 0 seconds
Entire Model1 Training took: 1 seconds
NOTE: I am doing iterations with the HMM model!
Read classes: #words: 1834  #classes: 51
Read classes: #words: 2280  #classes: 51

==========================================================
Hmm Training Started at: Fri May 22 23:30:32 2026

-----------
Hmm: Iteration 1
A/D table contains 594 parameters.
Hmm: (1) TRAIN CROSS-ENTROPY 3.33965 PERPLEXITY 10.1236
Hmm: (1) VITERBI TRAIN CROSS-ENTROPY 3.49469 PERPLEXITY 11.2722

Hmm Iteration: 1 took: 0 seconds

-----------
Hmm: Iteration 2
A/D table contains 594 parameters.
Hmm: (2) TRAIN CROSS-ENTROPY 1.3636 PERPLEXITY 2.57327
Hmm: (2) VITERBI TRAIN CROSS-ENTROPY 1.37723 PERPLEXITY 2.5977

Hmm Iteration: 2 took: 0 seconds

-----------
Hmm: Iteration 3
A/D table contains 594 parameters.
Hmm: (3) TRAIN CROSS-ENTROPY 1.18348 PERPLEXITY 2.27124
Hmm: (3) VITERBI TRAIN CROSS-ENTROPY 1.18954 PERPLEXITY 2.2808

Hmm Iteration: 3 took: 0 seconds

-----------
Hmm: Iteration 4
A/D table contains 594 parameters.
Hmm: (4) TRAIN CROSS-ENTROPY 1.13813 PERPLEXITY 2.20096
Hmm: (4) VITERBI TRAIN CROSS-ENTROPY 1.14216 PERPLEXITY 2.20712

Hmm Iteration: 4 took: 0 seconds

-----------
Hmm: Iteration 5
A/D table contains 594 parameters.
Hmm: (5) TRAIN CROSS-ENTROPY 1.11789 PERPLEXITY 2.1703
Hmm: (5) VITERBI TRAIN CROSS-ENTROPY 1.12083 PERPLEXITY 2.17472

Hmm Iteration: 5 took: 0 seconds

Entire Hmm Training took: 0 seconds
==========================================================
Read classes: #words: 1834  #classes: 51
Read classes: #words: 2280  #classes: 51
Read classes: #words: 1834  #classes: 51
Read classes: #words: 2280  #classes: 51

==========================================================
Starting H333444:  Viterbi Training
 H333444 Training Started at: Fri May 22 23:30:32 2026


---------------------
THTo3: Iteration 1
10000
20000
#centers(pre/hillclimbed/real): 1 1 1  #al: 13.3431 #alsophisticatedcountcollection: 0 #hcsteps: 0
#peggingImprovements: 0
A/D table contains 594 parameters.
A/D table contains 602 parameters.
NTable contains 18350 parameter.
p0_count is 57276.3 and p1 is 29.8383; p0 is 0.999 p1: 0.001
THTo3: TRAIN CROSS-ENTROPY 0.373651 PERPLEXITY 1.29563
THTo3: (1) TRAIN VITERBI CROSS-ENTROPY 0.37597 PERPLEXITY 1.29771

THTo3 Viterbi Iteration : 1 took: 0 seconds

---------------------
Model3: Iteration 2
10000
20000
#centers(pre/hillclimbed/real): 1 1 1  #al: 13.3468 #alsophisticatedcountcollection: 0 #hcsteps: 1.0031
#peggingImprovements: 0
A/D table contains 594 parameters.
A/D table contains 592 parameters.
NTable contains 18350 parameter.
p0_count is 57318.3 and p1 is 8.83446; p0 is 0.999 p1: 0.001
Model3: TRAIN CROSS-ENTROPY 0.79631 PERPLEXITY 1.73665
Model3: (2) TRAIN VITERBI CROSS-ENTROPY 0.796563 PERPLEXITY 1.73696

Model3 Viterbi Iteration : 2 took: 0 seconds

---------------------
Model3: Iteration 3
10000
20000
#centers(pre/hillclimbed/real): 1 1 1  #al: 13.3482 #alsophisticatedcountcollection: 0 #hcsteps: 1.0019
#peggingImprovements: 0
A/D table contains 594 parameters.
A/D table contains 572 parameters.
NTable contains 18350 parameter.
p0_count is 57328 and p1 is 3.9786; p0 is 0.999 p1: 0.001
Model3: TRAIN CROSS-ENTROPY 0.777863 PERPLEXITY 1.71459
Model3: (3) TRAIN VITERBI CROSS-ENTROPY 0.777977 PERPLEXITY 1.71472

Model3 Viterbi Iteration : 3 took: 1 seconds

---------------------
T3To4: Iteration 4
10000
20000
#centers(pre/hillclimbed/real): 1 1 1  #al: 13.3483 #alsophisticatedcountcollection: 1.0012 #hcsteps: 1.00125
#peggingImprovements: 0
D4 table contains 486997 parameters.
A/D table contains 594 parameters.
A/D table contains 556 parameters.
NTable contains 18350 parameter.
p0_count is 57333.4 and p1 is 1.28625; p0 is 0.999 p1: 0.001
T3To4: TRAIN CROSS-ENTROPY 0.771867 PERPLEXITY 1.70748
T3To4: (4) TRAIN VITERBI CROSS-ENTROPY 0.771882 PERPLEXITY 1.7075

T3To4 Viterbi Iteration : 4 took: 0 seconds

---------------------
Model4: Iteration 5
10000
20000
#centers(pre/hillclimbed/real): 1 1 1  #al: 13.3484 #alsophisticatedcountcollection: 1.13095 #hcsteps: 1.0007
#peggingImprovements: 0
D4 table contains 486997 parameters.
A/D table contains 594 parameters.
A/D table contains 552 parameters.
NTable contains 18350 parameter.
p0_count is 57332.2 and p1 is 1.89153; p0 is 0.999 p1: 0.001
Model4: TRAIN CROSS-ENTROPY 1.31286 PERPLEXITY 2.48433
Model4: (5) TRAIN VITERBI CROSS-ENTROPY 1.31308 PERPLEXITY 2.48471

Model4 Viterbi Iteration : 5 took: 0 seconds

---------------------
Model4: Iteration 6
10000
20000
#centers(pre/hillclimbed/real): 1 1 1  #al: 13.3484 #alsophisticatedcountcollection: 1.13035 #hcsteps: 1.0006
#peggingImprovements: 0
D4 table contains 486997 parameters.
A/D table contains 594 parameters.
A/D table contains 549 parameters.
NTable contains 18350 parameter.
p0_count is 57332 and p1 is 1.99987; p0 is 0.999 p1: 0.001
Model4: TRAIN CROSS-ENTROPY 1.31314 PERPLEXITY 2.48481
Model4: (6) TRAIN VITERBI CROSS-ENTROPY 1.31338 PERPLEXITY 2.48523

Model4 Viterbi Iteration : 6 took: 0 seconds
H333444 Training Finished at: Fri May 22 23:30:33 2026


Entire Viterbi H333444 Training took: 1 seconds
==========================================================

Entire Training took: 2 seconds
Program Finished at: Fri May 22 23:30:33 2026

==========================================================
Executing: rm -f /home/phantom/Desktop/Git/AI_Assignment/assignment-6/class-13and14/data/g2p-par/bleu_improve_workspace/experiments/norm_5g_p5_rr30/giza.my-ph/my-ph.A3.final.gz
Executing: gzip /home/phantom/Desktop/Git/AI_Assignment/assignment-6/class-13and14/data/g2p-par/bleu_improve_workspace/experiments/norm_5g_p5_rr30/giza.my-ph/my-ph.A3.final
(2.1a) running snt2cooc ph-my @ Fri May 22 23:30:33 +0630 2026

Executing: mkdir -p /home/phantom/Desktop/Git/AI_Assignment/assignment-6/class-13and14/data/g2p-par/bleu_improve_workspace/experiments/norm_5g_p5_rr30/giza.ph-my
Executing: /home/phantom/Desktop/Git/AI_Assignment/assignment-6/class-13and14/data/g2p-par/bleu_improve_workspace/tools/snt2cooc.out /home/phantom/Desktop/Git/AI_Assignment/assignment-6/class-13and14/data/g2p-par/bleu_improve_workspace/experiments/norm_5g_p5_rr30/corpus/my.vcb /home/phantom/Desktop/Git/AI_Assignment/assignment-6/class-13and14/data/g2p-par/bleu_improve_workspace/experiments/norm_5g_p5_rr30/corpus/ph.vcb /home/phantom/Desktop/Git/AI_Assignment/assignment-6/class-13and14/data/g2p-par/bleu_improve_workspace/experiments/norm_5g_p5_rr30/corpus/ph-my-int-train.snt > /home/phantom/Desktop/Git/AI_Assignment/assignment-6/class-13and14/data/g2p-par/bleu_improve_workspace/experiments/norm_5g_p5_rr30/giza.ph-my/ph-my.cooc
/home/phantom/Desktop/Git/AI_Assignment/assignment-6/class-13and14/data/g2p-par/bleu_improve_workspace/tools/snt2cooc.out /home/phantom/Desktop/Git/AI_Assignment/assignment-6/class-13and14/data/g2p-par/bleu_improve_workspace/experiments/norm_5g_p5_rr30/corpus/my.vcb /home/phantom/Desktop/Git/AI_Assignment/assignment-6/class-13and14/data/g2p-par/bleu_improve_workspace/experiments/norm_5g_p5_rr30/corpus/ph.vcb /home/phantom/Desktop/Git/AI_Assignment/assignment-6/class-13and14/data/g2p-par/bleu_improve_workspace/experiments/norm_5g_p5_rr30/corpus/ph-my-int-train.snt > /home/phantom/Desktop/Git/AI_Assignment/assignment-6/class-13and14/data/g2p-par/bleu_improve_workspace/experiments/norm_5g_p5_rr30/giza.ph-my/ph-my.cooc
line 1000
line 2000
line 3000
line 4000
line 5000
line 6000
line 7000
line 8000
line 9000
line 10000
line 11000
line 12000
line 13000
line 14000
line 15000
line 16000
line 17000
line 18000
line 19000
line 20000
END.
(2.1b) running giza ph-my @ Fri May 22 23:30:34 +0630 2026
/home/phantom/Desktop/Git/AI_Assignment/assignment-6/class-13and14/data/g2p-par/bleu_improve_workspace/tools/GIZA++  -CoocurrenceFile /home/phantom/Desktop/Git/AI_Assignment/assignment-6/class-13and14/data/g2p-par/bleu_improve_workspace/experiments/norm_5g_p5_rr30/giza.ph-my/ph-my.cooc -c /home/phantom/Desktop/Git/AI_Assignment/assignment-6/class-13and14/data/g2p-par/bleu_improve_workspace/experiments/norm_5g_p5_rr30/corpus/ph-my-int-train.snt -m1 5 -m2 0 -m3 3 -m4 3 -model1dumpfrequency 1 -model4smoothfactor 0.4 -nodumps 1 -nsmooth 4 -o /home/phantom/Desktop/Git/AI_Assignment/assignment-6/class-13and14/data/g2p-par/bleu_improve_workspace/experiments/norm_5g_p5_rr30/giza.ph-my/ph-my -onlyaldumps 1 -p0 0.999 -s /home/phantom/Desktop/Git/AI_Assignment/assignment-6/class-13and14/data/g2p-par/bleu_improve_workspace/experiments/norm_5g_p5_rr30/corpus/my.vcb -t /home/phantom/Desktop/Git/AI_Assignment/assignment-6/class-13and14/data/g2p-par/bleu_improve_workspace/experiments/norm_5g_p5_rr30/corpus/ph.vcb
Executing: /home/phantom/Desktop/Git/AI_Assignment/assignment-6/class-13and14/data/g2p-par/bleu_improve_workspace/tools/GIZA++  -CoocurrenceFile /home/phantom/Desktop/Git/AI_Assignment/assignment-6/class-13and14/data/g2p-par/bleu_improve_workspace/experiments/norm_5g_p5_rr30/giza.ph-my/ph-my.cooc -c /home/phantom/Desktop/Git/AI_Assignment/assignment-6/class-13and14/data/g2p-par/bleu_improve_workspace/experiments/norm_5g_p5_rr30/corpus/ph-my-int-train.snt -m1 5 -m2 0 -m3 3 -m4 3 -model1dumpfrequency 1 -model4smoothfactor 0.4 -nodumps 1 -nsmooth 4 -o /home/phantom/Desktop/Git/AI_Assignment/assignment-6/class-13and14/data/g2p-par/bleu_improve_workspace/experiments/norm_5g_p5_rr30/giza.ph-my/ph-my -onlyaldumps 1 -p0 0.999 -s /home/phantom/Desktop/Git/AI_Assignment/assignment-6/class-13and14/data/g2p-par/bleu_improve_workspace/experiments/norm_5g_p5_rr30/corpus/my.vcb -t /home/phantom/Desktop/Git/AI_Assignment/assignment-6/class-13and14/data/g2p-par/bleu_improve_workspace/experiments/norm_5g_p5_rr30/corpus/ph.vcb
/home/phantom/Desktop/Git/AI_Assignment/assignment-6/class-13and14/data/g2p-par/bleu_improve_workspace/tools/GIZA++  -CoocurrenceFile /home/phantom/Desktop/Git/AI_Assignment/assignment-6/class-13and14/data/g2p-par/bleu_improve_workspace/experiments/norm_5g_p5_rr30/giza.ph-my/ph-my.cooc -c /home/phantom/Desktop/Git/AI_Assignment/assignment-6/class-13and14/data/g2p-par/bleu_improve_workspace/experiments/norm_5g_p5_rr30/corpus/ph-my-int-train.snt -m1 5 -m2 0 -m3 3 -m4 3 -model1dumpfrequency 1 -model4smoothfactor 0.4 -nodumps 1 -nsmooth 4 -o /home/phantom/Desktop/Git/AI_Assignment/assignment-6/class-13and14/data/g2p-par/bleu_improve_workspace/experiments/norm_5g_p5_rr30/giza.ph-my/ph-my -onlyaldumps 1 -p0 0.999 -s /home/phantom/Desktop/Git/AI_Assignment/assignment-6/class-13and14/data/g2p-par/bleu_improve_workspace/experiments/norm_5g_p5_rr30/corpus/my.vcb -t /home/phantom/Desktop/Git/AI_Assignment/assignment-6/class-13and14/data/g2p-par/bleu_improve_workspace/experiments/norm_5g_p5_rr30/corpus/ph.vcb
Parameter 'coocurrencefile' changed from '' to '/home/phantom/Desktop/Git/AI_Assignment/assignment-6/class-13and14/data/g2p-par/bleu_improve_workspace/experiments/norm_5g_p5_rr30/giza.ph-my/ph-my.cooc'
Parameter 'c' changed from '' to '/home/phantom/Desktop/Git/AI_Assignment/assignment-6/class-13and14/data/g2p-par/bleu_improve_workspace/experiments/norm_5g_p5_rr30/corpus/ph-my-int-train.snt'
Parameter 'm3' changed from '5' to '3'
Parameter 'm4' changed from '5' to '3'
Parameter 'model1dumpfrequency' changed from '0' to '1'
Parameter 'model4smoothfactor' changed from '0.2' to '0.4'
Parameter 'nodumps' changed from '0' to '1'
Parameter 'nsmooth' changed from '64' to '4'
Parameter 'o' changed from '2026-05-22.233034.phantom' to '/home/phantom/Desktop/Git/AI_Assignment/assignment-6/class-13and14/data/g2p-par/bleu_improve_workspace/experiments/norm_5g_p5_rr30/giza.ph-my/ph-my'
Parameter 'onlyaldumps' changed from '0' to '1'
Parameter 'p0' changed from '-1' to '0.999'
Parameter 's' changed from '' to '/home/phantom/Desktop/Git/AI_Assignment/assignment-6/class-13and14/data/g2p-par/bleu_improve_workspace/experiments/norm_5g_p5_rr30/corpus/my.vcb'
Parameter 't' changed from '' to '/home/phantom/Desktop/Git/AI_Assignment/assignment-6/class-13and14/data/g2p-par/bleu_improve_workspace/experiments/norm_5g_p5_rr30/corpus/ph.vcb'
general parameters:
-------------------
ml = 101  (maximum sentence length)

No. of iterations:
-------------------
hmmiterations = 5  (mh)
model1iterations = 5  (number of iterations for Model 1)
model2iterations = 0  (number of iterations for Model 2)
model3iterations = 3  (number of iterations for Model 3)
model4iterations = 3  (number of iterations for Model 4)
model5iterations = 0  (number of iterations for Model 5)
model6iterations = 0  (number of iterations for Model 6)

parameter for various heuristics in GIZA++ for efficient training:
------------------------------------------------------------------
countincreasecutoff = 1e-06  (Counts increment cutoff threshold)
countincreasecutoffal = 1e-05  (Counts increment cutoff threshold for alignments in training of fertility models)
mincountincrease = 1e-07  (minimal count increase)
peggedcutoff = 0.03  (relative cutoff probability for alignment-centers in pegging)
probcutoff = 1e-07  (Probability cutoff threshold for lexicon probabilities)
probsmooth = 1e-07  (probability smoothing (floor) value )

parameters for describing the type and amount of output:
-----------------------------------------------------------
compactalignmentformat = 0  (0: detailled alignment format, 1: compact alignment format )
hmmdumpfrequency = 0  (dump frequency of HMM)
l = 2026-05-22.233034.phantom.log  (log file name)
log = 0  (0: no logfile; 1: logfile)
model1dumpfrequency = 1  (dump frequency of Model 1)
model2dumpfrequency = 0  (dump frequency of Model 2)
model345dumpfrequency = 0  (dump frequency of Model 3/4/5)
nbestalignments = 0  (for printing the n best alignments)
nodumps = 1  (1: do not write any files)
o = /home/phantom/Desktop/Git/AI_Assignment/assignment-6/class-13and14/data/g2p-par/bleu_improve_workspace/experiments/norm_5g_p5_rr30/giza.ph-my/ph-my  (output file prefix)
onlyaldumps = 1  (1: do not write any files)
outputpath =   (output path)
transferdumpfrequency = 0  (output: dump of transfer from Model 2 to 3)
verbose = 0  (0: not verbose; 1: verbose)
verbosesentence = -10  (number of sentence for which a lot of information should be printed (negative: no output))

parameters describing input files:
----------------------------------
c = /home/phantom/Desktop/Git/AI_Assignment/assignment-6/class-13and14/data/g2p-par/bleu_improve_workspace/experiments/norm_5g_p5_rr30/corpus/ph-my-int-train.snt  (training corpus file name)
d =   (dictionary file name)
s = /home/phantom/Desktop/Git/AI_Assignment/assignment-6/class-13and14/data/g2p-par/bleu_improve_workspace/experiments/norm_5g_p5_rr30/corpus/my.vcb  (source vocabulary file name)
t = /home/phantom/Desktop/Git/AI_Assignment/assignment-6/class-13and14/data/g2p-par/bleu_improve_workspace/experiments/norm_5g_p5_rr30/corpus/ph.vcb  (target vocabulary file name)
tc =   (test corpus file name)

smoothing parameters:
---------------------
emalsmooth = 0.2  (f-b-trn: smoothing factor for HMM alignment model (can be ignored by -emSmoothHMM))
model23smoothfactor = 0  (smoothing parameter for IBM-2/3 (interpolation with constant))
model4smoothfactor = 0.4  (smooting parameter for alignment probabilities in Model 4)
model5smoothfactor = 0.1  (smooting parameter for distortion probabilities in Model 5 (linear interpolation with constant))
nsmooth = 4  (smoothing for fertility parameters (good value: 64): weight for wordlength-dependent fertility parameters)
nsmoothgeneral = 0  (smoothing for fertility parameters (default: 0): weight for word-independent fertility parameters)

parameters modifying the models:
--------------------------------
compactadtable = 1  (1: only 3-dimensional alignment table for IBM-2 and IBM-3)
deficientdistortionforemptyword = 0  (0: IBM-3/IBM-4 as described in (Brown et al. 1993); 1: distortion model of empty word is deficient; 2: distoriton model of empty word is deficient (differently); setting this parameter also helps to avoid that during IBM-3 and IBM-4 training too many words are aligned with the empty word)
depm4 = 76  (d_{=1}: &1:l, &2:m, &4:F, &8:E, d_{>1}&16:l, &32:m, &64:F, &128:E)
depm5 = 68  (d_{=1}: &1:l, &2:m, &4:F, &8:E, d_{>1}&16:l, &32:m, &64:F, &128:E)
emalignmentdependencies = 2  (lextrain: dependencies in the HMM alignment model.  &1: sentence length; &2: previous class; &4: previous position;  &8: French position; &16: French class)
emprobforempty = 0.4  (f-b-trn: probability for empty word)

parameters modifying the EM-algorithm:
--------------------------------------
m5p0 = -1  (fixed value for parameter p_0 in IBM-5 (if negative then it is determined in training))
manlexfactor1 = 0  ()
manlexfactor2 = 0  ()
manlexmaxmultiplicity = 20  ()
maxfertility = 10  (maximal fertility for fertility models)
p0 = 0.999  (fixed value for parameter p_0 in IBM-3/4 (if negative then it is determined in training))
pegging = 0  (0: no pegging; 1: do pegging)

general parameters:
-------------------
ml = 101  (maximum sentence length)

No. of iterations:
-------------------
hmmiterations = 5  (mh)
model1iterations = 5  (number of iterations for Model 1)
model2iterations = 0  (number of iterations for Model 2)
model3iterations = 3  (number of iterations for Model 3)
model4iterations = 3  (number of iterations for Model 4)
model5iterations = 0  (number of iterations for Model 5)
model6iterations = 0  (number of iterations for Model 6)

parameter for various heuristics in GIZA++ for efficient training:
------------------------------------------------------------------
countincreasecutoff = 1e-06  (Counts increment cutoff threshold)
countincreasecutoffal = 1e-05  (Counts increment cutoff threshold for alignments in training of fertility models)
mincountincrease = 1e-07  (minimal count increase)
peggedcutoff = 0.03  (relative cutoff probability for alignment-centers in pegging)
probcutoff = 1e-07  (Probability cutoff threshold for lexicon probabilities)
probsmooth = 1e-07  (probability smoothing (floor) value )

parameters for describing the type and amount of output:
-----------------------------------------------------------
compactalignmentformat = 0  (0: detailled alignment format, 1: compact alignment format )
hmmdumpfrequency = 0  (dump frequency of HMM)
l = 2026-05-22.233034.phantom.log  (log file name)
log = 0  (0: no logfile; 1: logfile)
model1dumpfrequency = 1  (dump frequency of Model 1)
model2dumpfrequency = 0  (dump frequency of Model 2)
model345dumpfrequency = 0  (dump frequency of Model 3/4/5)
nbestalignments = 0  (for printing the n best alignments)
nodumps = 1  (1: do not write any files)
o = /home/phantom/Desktop/Git/AI_Assignment/assignment-6/class-13and14/data/g2p-par/bleu_improve_workspace/experiments/norm_5g_p5_rr30/giza.ph-my/ph-my  (output file prefix)
onlyaldumps = 1  (1: do not write any files)
outputpath =   (output path)
transferdumpfrequency = 0  (output: dump of transfer from Model 2 to 3)
verbose = 0  (0: not verbose; 1: verbose)
verbosesentence = -10  (number of sentence for which a lot of information should be printed (negative: no output))

parameters describing input files:
----------------------------------
c = /home/phantom/Desktop/Git/AI_Assignment/assignment-6/class-13and14/data/g2p-par/bleu_improve_workspace/experiments/norm_5g_p5_rr30/corpus/ph-my-int-train.snt  (training corpus file name)
d =   (dictionary file name)
s = /home/phantom/Desktop/Git/AI_Assignment/assignment-6/class-13and14/data/g2p-par/bleu_improve_workspace/experiments/norm_5g_p5_rr30/corpus/my.vcb  (source vocabulary file name)
t = /home/phantom/Desktop/Git/AI_Assignment/assignment-6/class-13and14/data/g2p-par/bleu_improve_workspace/experiments/norm_5g_p5_rr30/corpus/ph.vcb  (target vocabulary file name)
tc =   (test corpus file name)

smoothing parameters:
---------------------
emalsmooth = 0.2  (f-b-trn: smoothing factor for HMM alignment model (can be ignored by -emSmoothHMM))
model23smoothfactor = 0  (smoothing parameter for IBM-2/3 (interpolation with constant))
model4smoothfactor = 0.4  (smooting parameter for alignment probabilities in Model 4)
model5smoothfactor = 0.1  (smooting parameter for distortion probabilities in Model 5 (linear interpolation with constant))
nsmooth = 4  (smoothing for fertility parameters (good value: 64): weight for wordlength-dependent fertility parameters)
nsmoothgeneral = 0  (smoothing for fertility parameters (default: 0): weight for word-independent fertility parameters)

parameters modifying the models:
--------------------------------
compactadtable = 1  (1: only 3-dimensional alignment table for IBM-2 and IBM-3)
deficientdistortionforemptyword = 0  (0: IBM-3/IBM-4 as described in (Brown et al. 1993); 1: distortion model of empty word is deficient; 2: distoriton model of empty word is deficient (differently); setting this parameter also helps to avoid that during IBM-3 and IBM-4 training too many words are aligned with the empty word)
depm4 = 76  (d_{=1}: &1:l, &2:m, &4:F, &8:E, d_{>1}&16:l, &32:m, &64:F, &128:E)
depm5 = 68  (d_{=1}: &1:l, &2:m, &4:F, &8:E, d_{>1}&16:l, &32:m, &64:F, &128:E)
emalignmentdependencies = 2  (lextrain: dependencies in the HMM alignment model.  &1: sentence length; &2: previous class; &4: previous position;  &8: French position; &16: French class)
emprobforempty = 0.4  (f-b-trn: probability for empty word)

parameters modifying the EM-algorithm:
--------------------------------------
m5p0 = -1  (fixed value for parameter p_0 in IBM-5 (if negative then it is determined in training))
manlexfactor1 = 0  ()
manlexfactor2 = 0  ()
manlexmaxmultiplicity = 20  ()
maxfertility = 10  (maximal fertility for fertility models)
p0 = 0.999  (fixed value for parameter p_0 in IBM-3/4 (if negative then it is determined in training))
pegging = 0  (0: no pegging; 1: do pegging)

reading vocabulary files 
Reading vocabulary file from:/home/phantom/Desktop/Git/AI_Assignment/assignment-6/class-13and14/data/g2p-par/bleu_improve_workspace/experiments/norm_5g_p5_rr30/corpus/my.vcb
Reading vocabulary file from:/home/phantom/Desktop/Git/AI_Assignment/assignment-6/class-13and14/data/g2p-par/bleu_improve_workspace/experiments/norm_5g_p5_rr30/corpus/ph.vcb
Source vocabulary list has 2281 unique tokens 
Target vocabulary list has 1835 unique tokens 
Calculating vocabulary frequencies from corpus /home/phantom/Desktop/Git/AI_Assignment/assignment-6/class-13and14/data/g2p-par/bleu_improve_workspace/experiments/norm_5g_p5_rr30/corpus/ph-my-int-train.snt
Reading more sentence pairs into memory ... 
Corpus fits in memory, corpus has: 20000 sentence pairs.
 Train total # sentence pairs (weighted): 20000
Size of source portion of the training corpus: 57336 tokens
Size of the target portion of the training corpus: 57346 tokens 
In source portion of the training corpus, only 2280 unique tokens appeared
In target portion of the training corpus, only 1833 unique tokens appeared
lambda for PP calculation in IBM-1,IBM-2,HMM:= 57346/(77336-20000)== 1.00017
There are 74797 74797 entries in table
==========================================================
Model1 Training Started at: Fri May 22 23:30:34 2026

-----------
Model1: Iteration 1
Model1: (1) TRAIN CROSS-ENTROPY 11.5775 PERPLEXITY 3056.1
Model1: (1) VITERBI TRAIN CROSS-ENTROPY 13.6016 PERPLEXITY 12430.7
Model 1 Iteration: 1 took: 0 seconds
-----------
Model1: Iteration 2
Model1: (2) TRAIN CROSS-ENTROPY 4.52842 PERPLEXITY 23.0776
Model1: (2) VITERBI TRAIN CROSS-ENTROPY 4.8809 PERPLEXITY 29.4644
Model 1 Iteration: 2 took: 0 seconds
-----------
Model1: Iteration 3
Model1: (3) TRAIN CROSS-ENTROPY 3.46398 PERPLEXITY 11.0347
Model1: (3) VITERBI TRAIN CROSS-ENTROPY 3.66238 PERPLEXITY 12.6615
Model 1 Iteration: 3 took: 0 seconds
-----------
Model1: Iteration 4
Model1: (4) TRAIN CROSS-ENTROPY 3.33652 PERPLEXITY 10.1017
Model1: (4) VITERBI TRAIN CROSS-ENTROPY 3.51218 PERPLEXITY 11.4097
Model 1 Iteration: 4 took: 0 seconds
-----------
Model1: Iteration 5
Model1: (5) TRAIN CROSS-ENTROPY 3.31479 PERPLEXITY 9.95062
Model1: (5) VITERBI TRAIN CROSS-ENTROPY 3.48201 PERPLEXITY 11.1735
Model 1 Iteration: 5 took: 0 seconds
Entire Model1 Training took: 0 seconds
NOTE: I am doing iterations with the HMM model!
Read classes: #words: 2280  #classes: 51
Read classes: #words: 1834  #classes: 51

==========================================================
Hmm Training Started at: Fri May 22 23:30:34 2026

-----------
Hmm: Iteration 1
A/D table contains 607 parameters.
Hmm: (1) TRAIN CROSS-ENTROPY 3.3088 PERPLEXITY 9.90941
Hmm: (1) VITERBI TRAIN CROSS-ENTROPY 3.47202 PERPLEXITY 11.0964

Hmm Iteration: 1 took: 0 seconds

-----------
Hmm: Iteration 2
A/D table contains 607 parameters.
Hmm: (2) TRAIN CROSS-ENTROPY 1.2912 PERPLEXITY 2.44731
Hmm: (2) VITERBI TRAIN CROSS-ENTROPY 1.30436 PERPLEXITY 2.46975

Hmm Iteration: 2 took: 0 seconds

-----------
Hmm: Iteration 3
A/D table contains 607 parameters.
Hmm: (3) TRAIN CROSS-ENTROPY 1.11686 PERPLEXITY 2.16875
Hmm: (3) VITERBI TRAIN CROSS-ENTROPY 1.12221 PERPLEXITY 2.1768

Hmm Iteration: 3 took: 0 seconds

-----------
Hmm: Iteration 4
A/D table contains 607 parameters.
Hmm: (4) TRAIN CROSS-ENTROPY 1.08168 PERPLEXITY 2.1165
Hmm: (4) VITERBI TRAIN CROSS-ENTROPY 1.08506 PERPLEXITY 2.12146

Hmm Iteration: 4 took: 0 seconds

-----------
Hmm: Iteration 5
A/D table contains 607 parameters.
Hmm: (5) TRAIN CROSS-ENTROPY 1.06826 PERPLEXITY 2.09691
Hmm: (5) VITERBI TRAIN CROSS-ENTROPY 1.07082 PERPLEXITY 2.10063

Hmm Iteration: 5 took: 0 seconds

Entire Hmm Training took: 0 seconds
==========================================================
Read classes: #words: 2280  #classes: 51
Read classes: #words: 1834  #classes: 51
Read classes: #words: 2280  #classes: 51
Read classes: #words: 1834  #classes: 51

==========================================================
Starting H333444:  Viterbi Training
 H333444 Training Started at: Fri May 22 23:30:34 2026


---------------------
THTo3: Iteration 1
10000
20000
#centers(pre/hillclimbed/real): 1 1 1  #al: 13.3463 #alsophisticatedcountcollection: 0 #hcsteps: 0
#peggingImprovements: 0
A/D table contains 607 parameters.
A/D table contains 594 parameters.
NTable contains 22810 parameter.
p0_count is 57249.9 and p1 is 48.0575; p0 is 0.999 p1: 0.001
THTo3: TRAIN CROSS-ENTROPY 0.32707 PERPLEXITY 1.25446
THTo3: (1) TRAIN VITERBI CROSS-ENTROPY 0.329237 PERPLEXITY 1.25635

THTo3 Viterbi Iteration : 1 took: 0 seconds

---------------------
Model3: Iteration 2
10000
20000
#centers(pre/hillclimbed/real): 1 1 1  #al: 13.3485 #alsophisticatedcountcollection: 0 #hcsteps: 1.0025
#peggingImprovements: 0
A/D table contains 607 parameters.
A/D table contains 582 parameters.
NTable contains 22810 parameter.
p0_count is 57324.1 and p1 is 10.9696; p0 is 0.999 p1: 0.001
Model3: TRAIN CROSS-ENTROPY 0.747822 PERPLEXITY 1.67926
Model3: (2) TRAIN VITERBI CROSS-ENTROPY 0.747968 PERPLEXITY 1.67943

Model3 Viterbi Iteration : 2 took: 1 seconds

---------------------
Model3: Iteration 3
10000
20000
#centers(pre/hillclimbed/real): 1 1 1  #al: 13.3493 #alsophisticatedcountcollection: 0 #hcsteps: 1.00195
#peggingImprovements: 0
A/D table contains 607 parameters.
A/D table contains 570 parameters.
NTable contains 22810 parameter.
p0_count is 57342.9 and p1 is 1.54451; p0 is 0.999 p1: 0.001
Model3: TRAIN CROSS-ENTROPY 0.734336 PERPLEXITY 1.66363
Model3: (3) TRAIN VITERBI CROSS-ENTROPY 0.734374 PERPLEXITY 1.66368

Model3 Viterbi Iteration : 3 took: 0 seconds

---------------------
T3To4: Iteration 4
10000
20000
#centers(pre/hillclimbed/real): 1 1 1  #al: 13.3493 #alsophisticatedcountcollection: 1.001 #hcsteps: 1.00125
#peggingImprovements: 0
D4 table contains 485373 parameters.
A/D table contains 607 parameters.
A/D table contains 546 parameters.
NTable contains 22810 parameter.
p0_count is 57343.7 and p1 is 1.13776; p0 is 0.999 p1: 0.001
T3To4: TRAIN CROSS-ENTROPY 0.731245 PERPLEXITY 1.66007
T3To4: (4) TRAIN VITERBI CROSS-ENTROPY 0.73125 PERPLEXITY 1.66008

T3To4 Viterbi Iteration : 4 took: 0 seconds

---------------------
Model4: Iteration 5
10000
20000
#centers(pre/hillclimbed/real): 1 1 1  #al: 13.3493 #alsophisticatedcountcollection: 1.1289 #hcsteps: 1.00025
#peggingImprovements: 0
D4 table contains 485373 parameters.
A/D table contains 607 parameters.
A/D table contains 537 parameters.
NTable contains 22810 parameter.
p0_count is 57344 and p1 is 0.996572; p0 is 0.999 p1: 0.001
Model4: TRAIN CROSS-ENTROPY 1.26892 PERPLEXITY 2.40982
Model4: (5) TRAIN VITERBI CROSS-ENTROPY 1.26915 PERPLEXITY 2.4102

Model4 Viterbi Iteration : 5 took: 0 seconds

---------------------
Model4: Iteration 6
10000
20000
#centers(pre/hillclimbed/real): 1 1 1  #al: 13.3493 #alsophisticatedcountcollection: 1.1288 #hcsteps: 1.00025
#peggingImprovements: 0
D4 table contains 485373 parameters.
A/D table contains 607 parameters.
A/D table contains 533 parameters.
NTable contains 22810 parameter.
p0_count is 57344 and p1 is 0.99598; p0 is 0.999 p1: 0.001
Model4: TRAIN CROSS-ENTROPY 1.26928 PERPLEXITY 2.41041
Model4: (6) TRAIN VITERBI CROSS-ENTROPY 1.26953 PERPLEXITY 2.41082

Model4 Viterbi Iteration : 6 took: 0 seconds
H333444 Training Finished at: Fri May 22 23:30:35 2026


Entire Viterbi H333444 Training took: 1 seconds
==========================================================

Entire Training took: 1 seconds
Program Finished at: Fri May 22 23:30:35 2026

==========================================================
Executing: rm -f /home/phantom/Desktop/Git/AI_Assignment/assignment-6/class-13and14/data/g2p-par/bleu_improve_workspace/experiments/norm_5g_p5_rr30/giza.ph-my/ph-my.A3.final.gz
Executing: gzip /home/phantom/Desktop/Git/AI_Assignment/assignment-6/class-13and14/data/g2p-par/bleu_improve_workspace/experiments/norm_5g_p5_rr30/giza.ph-my/ph-my.A3.final
(3) generate word alignment @ Fri May 22 23:30:36 +0630 2026
Combining forward and inverted alignment from files:
  /home/phantom/Desktop/Git/AI_Assignment/assignment-6/class-13and14/data/g2p-par/bleu_improve_workspace/experiments/norm_5g_p5_rr30/giza.my-ph/my-ph.A3.final.{bz2,gz}
  /home/phantom/Desktop/Git/AI_Assignment/assignment-6/class-13and14/data/g2p-par/bleu_improve_workspace/experiments/norm_5g_p5_rr30/giza.ph-my/ph-my.A3.final.{bz2,gz}
Executing: mkdir -p /home/phantom/Desktop/Git/AI_Assignment/assignment-6/class-13and14/data/g2p-par/bleu_improve_workspace/experiments/norm_5g_p5_rr30/model
Executing: /home/phantom/mosesdecoder/scripts/training/giza2bal.pl -d "gzip -cd /home/phantom/Desktop/Git/AI_Assignment/assignment-6/class-13and14/data/g2p-par/bleu_improve_workspace/experiments/norm_5g_p5_rr30/giza.ph-my/ph-my.A3.final.gz" -i "gzip -cd /home/phantom/Desktop/Git/AI_Assignment/assignment-6/class-13and14/data/g2p-par/bleu_improve_workspace/experiments/norm_5g_p5_rr30/giza.my-ph/my-ph.A3.final.gz" |/home/phantom/mosesdecoder/scripts/../bin/symal -alignment="grow" -diagonal="yes" -final="yes" -both="yes" > /home/phantom/Desktop/Git/AI_Assignment/assignment-6/class-13and14/data/g2p-par/bleu_improve_workspace/experiments/norm_5g_p5_rr30/model/aligned.grow-diag-final-and
symal: computing grow alignment: diagonal (1) final (1)both-uncovered (1)
skip=<0> counts=<20000>
(4) generate lexical translation table 0-0 @ Fri May 22 23:30:37 +0630 2026
(/home/phantom/Desktop/Git/AI_Assignment/assignment-6/class-13and14/data/g2p-par/bleu_improve_workspace/normalized/train.my,/home/phantom/Desktop/Git/AI_Assignment/assignment-6/class-13and14/data/g2p-par/bleu_improve_workspace/normalized/train.ph,/home/phantom/Desktop/Git/AI_Assignment/assignment-6/class-13and14/data/g2p-par/bleu_improve_workspace/experiments/norm_5g_p5_rr30/model/lex)
!!!!!!!!!!!!!!!!!!!!
Saved: /home/phantom/Desktop/Git/AI_Assignment/assignment-6/class-13and14/data/g2p-par/bleu_improve_workspace/experiments/norm_5g_p5_rr30/model/lex.f2e and /home/phantom/Desktop/Git/AI_Assignment/assignment-6/class-13and14/data/g2p-par/bleu_improve_workspace/experiments/norm_5g_p5_rr30/model/lex.e2f
FILE: /home/phantom/Desktop/Git/AI_Assignment/assignment-6/class-13and14/data/g2p-par/bleu_improve_workspace/normalized/train.ph
FILE: /home/phantom/Desktop/Git/AI_Assignment/assignment-6/class-13and14/data/g2p-par/bleu_improve_workspace/normalized/train.my
FILE: /home/phantom/Desktop/Git/AI_Assignment/assignment-6/class-13and14/data/g2p-par/bleu_improve_workspace/experiments/norm_5g_p5_rr30/model/aligned.grow-diag-final-and
(5) extract phrases @ Fri May 22 23:30:37 +0630 2026
/home/phantom/mosesdecoder/scripts/generic/extract-parallel.perl 4 split "sort    " /home/phantom/mosesdecoder/scripts/../bin/extract /home/phantom/Desktop/Git/AI_Assignment/assignment-6/class-13and14/data/g2p-par/bleu_improve_workspace/normalized/train.ph /home/phantom/Desktop/Git/AI_Assignment/assignment-6/class-13and14/data/g2p-par/bleu_improve_workspace/normalized/train.my /home/phantom/Desktop/Git/AI_Assignment/assignment-6/class-13and14/data/g2p-par/bleu_improve_workspace/experiments/norm_5g_p5_rr30/model/aligned.grow-diag-final-and /home/phantom/Desktop/Git/AI_Assignment/assignment-6/class-13and14/data/g2p-par/bleu_improve_workspace/experiments/norm_5g_p5_rr30/model/extract 5 orientation --model wbe-msd --GZOutput 
Executing: /home/phantom/mosesdecoder/scripts/generic/extract-parallel.perl 4 split "sort    " /home/phantom/mosesdecoder/scripts/../bin/extract /home/phantom/Desktop/Git/AI_Assignment/assignment-6/class-13and14/data/g2p-par/bleu_improve_workspace/normalized/train.ph /home/phantom/Desktop/Git/AI_Assignment/assignment-6/class-13and14/data/g2p-par/bleu_improve_workspace/normalized/train.my /home/phantom/Desktop/Git/AI_Assignment/assignment-6/class-13and14/data/g2p-par/bleu_improve_workspace/experiments/norm_5g_p5_rr30/model/aligned.grow-diag-final-and /home/phantom/Desktop/Git/AI_Assignment/assignment-6/class-13and14/data/g2p-par/bleu_improve_workspace/experiments/norm_5g_p5_rr30/model/extract 5 orientation --model wbe-msd --GZOutput 
MAX 5 1 0
Started Fri May 22 23:30:37 2026
using gzip 
isBSDSplit=0 
Executing: mkdir -p /home/phantom/Desktop/Git/AI_Assignment/assignment-6/class-13and14/data/g2p-par/bleu_improve_workspace/experiments/norm_5g_p5_rr30/model/tmp.634; ls -l /home/phantom/Desktop/Git/AI_Assignment/assignment-6/class-13and14/data/g2p-par/bleu_improve_workspace/experiments/norm_5g_p5_rr30/model/tmp.634 
total=20000 line-per-split=5001 
split -d -l 5001 -a 7 /home/phantom/Desktop/Git/AI_Assignment/assignment-6/class-13and14/data/g2p-par/bleu_improve_workspace/normalized/train.ph /home/phantom/Desktop/Git/AI_Assignment/assignment-6/class-13and14/data/g2p-par/bleu_improve_workspace/experiments/norm_5g_p5_rr30/model/tmp.634/target.split -d -l 5001 -a 7 /home/phantom/Desktop/Git/AI_Assignment/assignment-6/class-13and14/data/g2p-par/bleu_improve_workspace/normalized/train.my /home/phantom/Desktop/Git/AI_Assignment/assignment-6/class-13and14/data/g2p-par/bleu_improve_workspace/experiments/norm_5g_p5_rr30/model/tmp.634/source.split -d -l 5001 -a 7 /home/phantom/Desktop/Git/AI_Assignment/assignment-6/class-13and14/data/g2p-par/bleu_improve_workspace/experiments/norm_5g_p5_rr30/model/aligned.grow-diag-final-and /home/phantom/Desktop/Git/AI_Assignment/assignment-6/class-13and14/data/g2p-par/bleu_improve_workspace/experiments/norm_5g_p5_rr30/model/tmp.634/align.PhraseExtract v1.5, written by Philipp Koehn et al.
phrase extraction from an aligned parallel corpus
PhraseExtract v1.5, written by Philipp Koehn et al.
phrase extraction from an aligned parallel corpus
PhraseExtract v1.5, written by Philipp Koehn et al.
phrase extraction from an aligned parallel corpus
PhraseExtract v1.5, written by Philipp Koehn et al.
phrase extraction from an aligned parallel corpus

.
.

merging extract / extract.inv
gunzip -c /home/phantom/Desktop/Git/AI_Assignment/assignment-6/class-13and14/data/g2p-par/bleu_improve_workspace/experiments/norm_5g_p5_rr30/model/tmp.634/extract.0000000.gz /home/phantom/Desktop/Git/AI_Assignment/assignment-6/class-13and14/data/g2p-par/bleu_improve_workspace/experiments/norm_5g_p5_rr30/model/tmp.634/extract.0000001.gz /home/phantom/Desktop/Git/AI_Assignment/assignment-6/class-13and14/data/g2p-par/bleu_improve_workspace/experiments/norm_5g_p5_rr30/model/tmp.634/extract.0000002.gz /home/phantom/Desktop/Git/AI_Assignment/assignment-6/class-13and14/data/g2p-par/bleu_improve_workspace/experiments/norm_5g_p5_rr30/model/tmp.634/extract.0000003.gz  | LC_ALL=C sort     -T /home/phantom/Desktop/Git/AI_Assignment/assignment-6/class-13and14/data/g2p-par/bleu_improve_workspace/experiments/norm_5g_p5_rr30/model/tmp.634 2>> /dev/stderr | gzip -c > /home/phantom/Desktop/Git/AI_Assignment/assignment-6/class-13and14/data/g2p-par/bleu_improve_workspace/experiments/norm_5g_p5_rr30/model/extract.sorted.gz 2>> /dev/stderr 
gunzip -c /home/phantom/Desktop/Git/AI_Assignment/assignment-6/class-13and14/data/g2p-par/bleu_improve_workspace/experiments/norm_5g_p5_rr30/model/tmp.634/extract.0000000.inv.gz /home/phantom/Desktop/Git/AI_Assignment/assignment-6/class-13and14/data/g2p-par/bleu_improve_workspace/experiments/norm_5g_p5_rr30/model/tmp.634/extract.0000001.inv.gz /home/phantom/Desktop/Git/AI_Assignment/assignment-6/class-13and14/data/g2p-par/bleu_improve_workspace/experiments/norm_5g_p5_rr30/model/tmp.634/extract.0000002.inv.gz /home/phantom/Desktop/Git/AI_Assignment/assignment-6/class-13and14/data/g2p-par/bleu_improve_workspace/experiments/norm_5g_p5_rr30/model/tmp.634/extract.0000003.inv.gz  | LC_ALL=C sort     -T /home/phantom/Desktop/Git/AI_Assignment/assignment-6/class-13and14/data/g2p-par/bleu_improve_workspace/experiments/norm_5g_p5_rr30/model/tmp.634 2>> /dev/stderr | gzip -c > /home/phantom/Desktop/Git/AI_Assignment/assignment-6/class-13and14/data/g2p-par/bleu_improve_workspace/experiments/norm_5g_p5_rr30/model/extract.inv.sorted.gz 2>> /dev/stderr 
gunzip -c /home/phantom/Desktop/Git/AI_Assignment/assignment-6/class-13and14/data/g2p-par/bleu_improve_workspace/experiments/norm_5g_p5_rr30/model/tmp.634/extract.0000000.o.gz /home/phantom/Desktop/Git/AI_Assignment/assignment-6/class-13and14/data/g2p-par/bleu_improve_workspace/experiments/norm_5g_p5_rr30/model/tmp.634/extract.0000001.o.gz /home/phantom/Desktop/Git/AI_Assignment/assignment-6/class-13and14/data/g2p-par/bleu_improve_workspace/experiments/norm_5g_p5_rr30/model/tmp.634/extract.0000002.o.gz /home/phantom/Desktop/Git/AI_Assignment/assignment-6/class-13and14/data/g2p-par/bleu_improve_workspace/experiments/norm_5g_p5_rr30/model/tmp.634/extract.0000003.o.gz  | LC_ALL=C sort     -T /home/phantom/Desktop/Git/AI_Assignment/assignment-6/class-13and14/data/g2p-par/bleu_improve_workspace/experiments/norm_5g_p5_rr30/model/tmp.634 2>> /dev/stderr | gzip -c > /home/phantom/Desktop/Git/AI_Assignment/assignment-6/class-13and14/data/g2p-par/bleu_improve_workspace/experiments/norm_5g_p5_rr30/model/extract.o.sorted.gz 2>> /dev/stderr 
Finished Fri May 22 23:30:38 2026
(6) score phrases @ Fri May 22 23:30:38 +0630 2026
(6.1)  creating table half /home/phantom/Desktop/Git/AI_Assignment/assignment-6/class-13and14/data/g2p-par/bleu_improve_workspace/experiments/norm_5g_p5_rr30/model/phrase-table.half.f2e @ Fri May 22 23:30:38 +0630 2026
/home/phantom/mosesdecoder/scripts/generic/score-parallel.perl 4 "sort    " /home/phantom/mosesdecoder/scripts/../bin/score /home/phantom/Desktop/Git/AI_Assignment/assignment-6/class-13and14/data/g2p-par/bleu_improve_workspace/experiments/norm_5g_p5_rr30/model/extract.sorted.gz /home/phantom/Desktop/Git/AI_Assignment/assignment-6/class-13and14/data/g2p-par/bleu_improve_workspace/experiments/norm_5g_p5_rr30/model/lex.f2e /home/phantom/Desktop/Git/AI_Assignment/assignment-6/class-13and14/data/g2p-par/bleu_improve_workspace/experiments/norm_5g_p5_rr30/model/phrase-table.half.f2e.gz  0 
Executing: /home/phantom/mosesdecoder/scripts/generic/score-parallel.perl 4 "sort    " /home/phantom/mosesdecoder/scripts/../bin/score /home/phantom/Desktop/Git/AI_Assignment/assignment-6/class-13and14/data/g2p-par/bleu_improve_workspace/experiments/norm_5g_p5_rr30/model/extract.sorted.gz /home/phantom/Desktop/Git/AI_Assignment/assignment-6/class-13and14/data/g2p-par/bleu_improve_workspace/experiments/norm_5g_p5_rr30/model/lex.f2e /home/phantom/Desktop/Git/AI_Assignment/assignment-6/class-13and14/data/g2p-par/bleu_improve_workspace/experiments/norm_5g_p5_rr30/model/phrase-table.half.f2e.gz  0 
using gzip 
Started Fri May 22 23:30:38 2026
/home/phantom/mosesdecoder/scripts/../bin/score /home/phantom/Desktop/Git/AI_Assignment/assignment-6/class-13and14/data/g2p-par/bleu_improve_workspace/experiments/norm_5g_p5_rr30/model/tmp.683/extract.0.gz /home/phantom/Desktop/Git/AI_Assignment/assignment-6/class-13and14/data/g2p-par/bleu_improve_workspace/experiments/norm_5g_p5_rr30/model/lex.f2e /home/phantom/Desktop/Git/AI_Assignment/assignment-6/class-13and14/data/g2p-par/bleu_improve_workspace/experiments/norm_5g_p5_rr30/model/tmp.683/phrase-table.half.0000000.gz  2>> /dev/stderr 
/home/phantom/Desktop/Git/AI_Assignment/assignment-6/class-13and14/data/g2p-par/bleu_improve_workspace/experiments/norm_5g_p5_rr30/model/tmp.683/run.0.sh/home/phantom/Desktop/Git/AI_Assignment/assignment-6/class-13and14/data/g2p-par/bleu_improve_workspace/experiments/norm_5g_p5_rr30/model/tmp.683/run.1.sh/home/phantom/Desktop/Git/AI_Assignment/assignment-6/class-13and14/data/g2p-par/bleu_improve_workspace/experiments/norm_5g_p5_rr30/model/tmp.683/run.2.sh/home/phantom/Desktop/Git/AI_Assignment/assignment-6/class-13and14/data/g2p-par/bleu_improve_workspace/experiments/norm_5g_p5_rr30/model/tmp.683/run.3.shScore v2.1 -- scoring methods for extracted rules
Loading lexical translation table from /home/phantom/Desktop/Git/AI_Assignment/assignment-6/class-13and14/data/g2p-par/bleu_improve_workspace/experiments/norm_5g_p5_rr30/model/lex.f2e
.
mv /home/phantom/Desktop/Git/AI_Assignment/assignment-6/class-13and14/data/g2p-par/bleu_improve_workspace/experiments/norm_5g_p5_rr30/model/tmp.683/phrase-table.half.0000000.gz /home/phantom/Desktop/Git/AI_Assignment/assignment-6/class-13and14/data/g2p-par/bleu_improve_workspace/experiments/norm_5g_p5_rr30/model/phrase-table.half.f2e.gzrm -rf /home/phantom/Desktop/Git/AI_Assignment/assignment-6/class-13and14/data/g2p-par/bleu_improve_workspace/experiments/norm_5g_p5_rr30/model/tmp.683 
Finished Fri May 22 23:30:39 2026
(6.3)  creating table half /home/phantom/Desktop/Git/AI_Assignment/assignment-6/class-13and14/data/g2p-par/bleu_improve_workspace/experiments/norm_5g_p5_rr30/model/phrase-table.half.e2f @ Fri May 22 23:30:39 +0630 2026
/home/phantom/mosesdecoder/scripts/generic/score-parallel.perl 4 "sort    " /home/phantom/mosesdecoder/scripts/../bin/score /home/phantom/Desktop/Git/AI_Assignment/assignment-6/class-13and14/data/g2p-par/bleu_improve_workspace/experiments/norm_5g_p5_rr30/model/extract.inv.sorted.gz /home/phantom/Desktop/Git/AI_Assignment/assignment-6/class-13and14/data/g2p-par/bleu_improve_workspace/experiments/norm_5g_p5_rr30/model/lex.e2f /home/phantom/Desktop/Git/AI_Assignment/assignment-6/class-13and14/data/g2p-par/bleu_improve_workspace/experiments/norm_5g_p5_rr30/model/phrase-table.half.e2f.gz --Inverse 1 
Executing: /home/phantom/mosesdecoder/scripts/generic/score-parallel.perl 4 "sort    " /home/phantom/mosesdecoder/scripts/../bin/score /home/phantom/Desktop/Git/AI_Assignment/assignment-6/class-13and14/data/g2p-par/bleu_improve_workspace/experiments/norm_5g_p5_rr30/model/extract.inv.sorted.gz /home/phantom/Desktop/Git/AI_Assignment/assignment-6/class-13and14/data/g2p-par/bleu_improve_workspace/experiments/norm_5g_p5_rr30/model/lex.e2f /home/phantom/Desktop/Git/AI_Assignment/assignment-6/class-13and14/data/g2p-par/bleu_improve_workspace/experiments/norm_5g_p5_rr30/model/phrase-table.half.e2f.gz --Inverse 1 
using gzip 
Started Fri May 22 23:30:39 2026
/home/phantom/mosesdecoder/scripts/../bin/score /home/phantom/Desktop/Git/AI_Assignment/assignment-6/class-13and14/data/g2p-par/bleu_improve_workspace/experiments/norm_5g_p5_rr30/model/tmp.706/extract.0.gz /home/phantom/Desktop/Git/AI_Assignment/assignment-6/class-13and14/data/g2p-par/bleu_improve_workspace/experiments/norm_5g_p5_rr30/model/lex.e2f /home/phantom/Desktop/Git/AI_Assignment/assignment-6/class-13and14/data/g2p-par/bleu_improve_workspace/experiments/norm_5g_p5_rr30/model/tmp.706/phrase-table.half.0000000.gz --Inverse  2>> /dev/stderr 
/home/phantom/Desktop/Git/AI_Assignment/assignment-6/class-13and14/data/g2p-par/bleu_improve_workspace/experiments/norm_5g_p5_rr30/model/tmp.706/run.0.sh/home/phantom/Desktop/Git/AI_Assignment/assignment-6/class-13and14/data/g2p-par/bleu_improve_workspace/experiments/norm_5g_p5_rr30/model/tmp.706/run.1.sh/home/phantom/Desktop/Git/AI_Assignment/assignment-6/class-13and14/data/g2p-par/bleu_improve_workspace/experiments/norm_5g_p5_rr30/model/tmp.706/run.2.sh/home/phantom/Desktop/Git/AI_Assignment/assignment-6/class-13and14/data/g2p-par/bleu_improve_workspace/experiments/norm_5g_p5_rr30/model/tmp.706/run.3.shScore v2.1 -- scoring methods for extracted rules
using inverse mode
Loading lexical translation table from /home/phantom/Desktop/Git/AI_Assignment/assignment-6/class-13and14/data/g2p-par/bleu_improve_workspace/experiments/norm_5g_p5_rr30/model/lex.e2f
.
gunzip -c /home/phantom/Desktop/Git/AI_Assignment/assignment-6/class-13and14/data/g2p-par/bleu_improve_workspace/experiments/norm_5g_p5_rr30/model/tmp.706/phrase-table.half.*.gz 2>> /dev/stderr| LC_ALL=C sort     -T /home/phantom/Desktop/Git/AI_Assignment/assignment-6/class-13and14/data/g2p-par/bleu_improve_workspace/experiments/norm_5g_p5_rr30/model/tmp.706  | gzip -c > /home/phantom/Desktop/Git/AI_Assignment/assignment-6/class-13and14/data/g2p-par/bleu_improve_workspace/experiments/norm_5g_p5_rr30/model/phrase-table.half.e2f.gz  2>> /dev/stderr rm -rf /home/phantom/Desktop/Git/AI_Assignment/assignment-6/class-13and14/data/g2p-par/bleu_improve_workspace/experiments/norm_5g_p5_rr30/model/tmp.706 
Finished Fri May 22 23:30:39 2026
(6.6) consolidating the two halves @ Fri May 22 23:30:39 +0630 2026
Executing: /home/phantom/mosesdecoder/scripts/../bin/consolidate /home/phantom/Desktop/Git/AI_Assignment/assignment-6/class-13and14/data/g2p-par/bleu_improve_workspace/experiments/norm_5g_p5_rr30/model/phrase-table.half.f2e.gz /home/phantom/Desktop/Git/AI_Assignment/assignment-6/class-13and14/data/g2p-par/bleu_improve_workspace/experiments/norm_5g_p5_rr30/model/phrase-table.half.e2f.gz /dev/stdout | gzip -c > /home/phantom/Desktop/Git/AI_Assignment/assignment-6/class-13and14/data/g2p-par/bleu_improve_workspace/experiments/norm_5g_p5_rr30/model/phrase-table.gz
Consolidate v2.0 written by Philipp Koehn
consolidating direct and indirect rule tables

Executing: rm -f /home/phantom/Desktop/Git/AI_Assignment/assignment-6/class-13and14/data/g2p-par/bleu_improve_workspace/experiments/norm_5g_p5_rr30/model/phrase-table.half.*
(7) learn reordering model @ Fri May 22 23:30:40 +0630 2026
(7.1) [no factors] learn reordering model @ Fri May 22 23:30:40 +0630 2026
(7.2) building tables @ Fri May 22 23:30:40 +0630 2026
Executing: /home/phantom/mosesdecoder/scripts/../bin/lexical-reordering-score /home/phantom/Desktop/Git/AI_Assignment/assignment-6/class-13and14/data/g2p-par/bleu_improve_workspace/experiments/norm_5g_p5_rr30/model/extract.o.sorted.gz 0.5 /home/phantom/Desktop/Git/AI_Assignment/assignment-6/class-13and14/data/g2p-par/bleu_improve_workspace/experiments/norm_5g_p5_rr30/model/reordering-table. --model "wbe msd wbe-msd-bidirectional-fe"
Lexical Reordering Scorer
scores lexical reordering models of several types (hierarchical, phrase-based and word-based-extraction
(8) learn generation model @ Fri May 22 23:30:40 +0630 2026
  no generation model requested, skipping step
(9) create moses.ini @ Fri May 22 23:30:40 +0630 2026
