perl: warning: Setting locale failed.
perl: warning: Please check that your locale settings:
	LANGUAGE = (unset),
	LC_ALL = (unset),
	LC_CTYPE = "C.UTF-8",
	LANG = "en_US.UTF-8"
    are supported and installed on your system.
perl: warning: Falling back to the standard locale ("C").
Using SCRIPTS_ROOTDIR: /home/kyalkalay/tools/mosesdecoder/scripts
Asking moses for feature names and values from /media/kyalkalay/Data/AI-Class/assignment-6_aung_hein/pbsmt-big-normalize/baseline/my-ph/tuning/moses.filtered.ini.1
Executing: /home/kyalkalay/tools/mosesdecoder/bin/moses  -v 0  -config /media/kyalkalay/Data/AI-Class/assignment-6_aung_hein/pbsmt-big-normalize/baseline/my-ph/tuning/moses.filtered.ini.1 -show-weights
exec: /home/kyalkalay/tools/mosesdecoder/bin/moses  -v 0  -config /media/kyalkalay/Data/AI-Class/assignment-6_aung_hein/pbsmt-big-normalize/baseline/my-ph/tuning/moses.filtered.ini.1 -show-weights
Executing: /home/kyalkalay/tools/mosesdecoder/bin/moses  -v 0  -config /media/kyalkalay/Data/AI-Class/assignment-6_aung_hein/pbsmt-big-normalize/baseline/my-ph/tuning/moses.filtered.ini.1 -show-weights > ./features.list 2> /dev/null
MERT starting values and ranges for random generation:
  LexicalReordering0 =   0.300 ( 0.00 ..  1.00)
  LexicalReordering0 =   0.300 ( 0.00 ..  1.00)
  LexicalReordering0 =   0.300 ( 0.00 ..  1.00)
  LexicalReordering0 =   0.300 ( 0.00 ..  1.00)
  LexicalReordering0 =   0.300 ( 0.00 ..  1.00)
  LexicalReordering0 =   0.300 ( 0.00 ..  1.00)
  Distortion0 =   0.300 ( 0.00 ..  1.00)
    LM0 =   0.500 ( 0.00 ..  1.00)
  WordPenalty0 =  -1.000 ( 0.00 ..  1.00)
  PhrasePenalty0 =   0.200 ( 0.00 ..  1.00)
  TranslationModel0 =   0.200 ( 0.00 ..  1.00)
  TranslationModel0 =   0.200 ( 0.00 ..  1.00)
  TranslationModel0 =   0.200 ( 0.00 ..  1.00)
  TranslationModel0 =   0.200 ( 0.00 ..  1.00)
featlist: LexicalReordering0=0.300000 
featlist: LexicalReordering0=0.300000 
featlist: LexicalReordering0=0.300000 
featlist: LexicalReordering0=0.300000 
featlist: LexicalReordering0=0.300000 
featlist: LexicalReordering0=0.300000 
featlist: Distortion0=0.300000 
featlist: LM0=0.500000 
featlist: WordPenalty0=-1.000000 
featlist: PhrasePenalty0=0.200000 
featlist: TranslationModel0=0.200000 
featlist: TranslationModel0=0.200000 
featlist: TranslationModel0=0.200000 
featlist: TranslationModel0=0.200000 
Saved: ./run1.moses.ini
Normalizing lambdas: 0.300000 0.300000 0.300000 0.300000 0.300000 0.300000 0.300000 0.500000 -1.000000 0.200000 0.200000 0.200000 0.200000 0.200000
DECODER_CFG = -weight-overwrite 'LexicalReordering0= 0.065217 0.065217 0.065217 0.065217 0.065217 0.065217 Distortion0= 0.065217 TranslationModel0= 0.043478 0.043478 0.043478 0.043478 PhrasePenalty0= 0.043478 WordPenalty0= -0.217391 LM0= 0.108696'
Executing: /home/kyalkalay/tools/mosesdecoder/bin/moses -v 0   -config /media/kyalkalay/Data/AI-Class/assignment-6_aung_hein/pbsmt-big-normalize/baseline/my-ph/tuning/moses.filtered.ini.1 -weight-overwrite 'LexicalReordering0= 0.065217 0.065217 0.065217 0.065217 0.065217 0.065217 Distortion0= 0.065217 TranslationModel0= 0.043478 0.043478 0.043478 0.043478 PhrasePenalty0= 0.043478 WordPenalty0= -0.217391 LM0= 0.108696'  -n-best-list run1.best100.out 100 distinct  -input-file /media/kyalkalay/Data/AI-Class/assignment-6_aung_hein/g2p-par/dev_clean.my > run1.out 
Executing: /home/kyalkalay/tools/mosesdecoder/bin/moses -v 0   -config /media/kyalkalay/Data/AI-Class/assignment-6_aung_hein/pbsmt-big-normalize/baseline/my-ph/tuning/moses.filtered.ini.1 -weight-overwrite 'LexicalReordering0= 0.065217 0.065217 0.065217 0.065217 0.065217 0.065217 Distortion0= 0.065217 TranslationModel0= 0.043478 0.043478 0.043478 0.043478 PhrasePenalty0= 0.043478 WordPenalty0= -0.217391 LM0= 0.108696'  -n-best-list run1.best100.out 100 distinct  -input-file /media/kyalkalay/Data/AI-Class/assignment-6_aung_hein/g2p-par/dev_clean.my > run1.out
Loading table into memory...done.
Name:moses	VmPeak:158304 kB	VmRSS:19932 kB	RSSMax:23200 kB	user:1.537	sys:0.045	CPU:1.582	real:1.548
The decoder returns the scores in this order: LexicalReordering0 LexicalReordering0 LexicalReordering0 LexicalReordering0 LexicalReordering0 LexicalReordering0 Distortion0 LM0 WordPenalty0 PhrasePenalty0 TranslationModel0 TranslationModel0 TranslationModel0 TranslationModel0
Executing: gzip -f run1.best100.out
Scoring the nbestlist.
exec: /media/kyalkalay/Data/AI-Class/assignment-6_aung_hein/pbsmt-big-normalize/baseline/my-ph/tuning/tmp.1/extractor.sh
Executing: /media/kyalkalay/Data/AI-Class/assignment-6_aung_hein/pbsmt-big-normalize/baseline/my-ph/tuning/tmp.1/extractor.sh > extract.out 2> extract.err
Executing: \cp -f init.opt run1.init.opt
exec: /home/kyalkalay/tools/mosesdecoder/bin/mert -d 14  --sctype BLEU --scconfig case:true --ffile run1.features.dat --scfile run1.scores.dat --ifile run1.init.opt -n 20
Executing: /home/kyalkalay/tools/mosesdecoder/bin/mert -d 14  --sctype BLEU --scconfig case:true --ffile run1.features.dat --scfile run1.scores.dat --ifile run1.init.opt -n 20 > mert.out 2> mert.log
Executing: \cp -f extract.err run1.extract.err
Executing: \cp -f extract.out run1.extract.out
Executing: \cp -f mert.out run1.mert.out
Executing: \cp -f mert.log run1.mert.log
Executing: touch mert.log run1.mert.log
Executing: \cp -f weights.txt run1.weights.txt
featlist: LexicalReordering0=0.11687 
featlist: LexicalReordering0=0.0101987 
featlist: LexicalReordering0=0.00687853 
featlist: LexicalReordering0=0.10004 
featlist: LexicalReordering0=0.0348196 
featlist: LexicalReordering0=0.128927 
featlist: Distortion0=0.053946 
featlist: LM0=0.0610743 
featlist: WordPenalty0=0.27843 
featlist: PhrasePenalty0=0.0440222 
featlist: TranslationModel0=0.123996 
featlist: TranslationModel0=-0.0211012 
featlist: TranslationModel0=0.0155859 
featlist: TranslationModel0=0.00411103 
Saved: ./run2.moses.ini
DECODER_CFG = -weight-overwrite 'LexicalReordering0= 0.116870 0.010199 0.006879 0.100040 0.034820 0.128927 Distortion0= 0.053946 TranslationModel0= 0.123996 -0.021101 0.015586 0.004111 PhrasePenalty0= 0.044022 WordPenalty0= 0.278430 LM0= 0.061074'
Executing: /home/kyalkalay/tools/mosesdecoder/bin/moses -v 0   -config /media/kyalkalay/Data/AI-Class/assignment-6_aung_hein/pbsmt-big-normalize/baseline/my-ph/tuning/moses.filtered.ini.1 -weight-overwrite 'LexicalReordering0= 0.116870 0.010199 0.006879 0.100040 0.034820 0.128927 Distortion0= 0.053946 TranslationModel0= 0.123996 -0.021101 0.015586 0.004111 PhrasePenalty0= 0.044022 WordPenalty0= 0.278430 LM0= 0.061074'  -n-best-list run2.best100.out 100 distinct  -input-file /media/kyalkalay/Data/AI-Class/assignment-6_aung_hein/g2p-par/dev_clean.my > run2.out 
Executing: /home/kyalkalay/tools/mosesdecoder/bin/moses -v 0   -config /media/kyalkalay/Data/AI-Class/assignment-6_aung_hein/pbsmt-big-normalize/baseline/my-ph/tuning/moses.filtered.ini.1 -weight-overwrite 'LexicalReordering0= 0.116870 0.010199 0.006879 0.100040 0.034820 0.128927 Distortion0= 0.053946 TranslationModel0= 0.123996 -0.021101 0.015586 0.004111 PhrasePenalty0= 0.044022 WordPenalty0= 0.278430 LM0= 0.061074'  -n-best-list run2.best100.out 100 distinct  -input-file /media/kyalkalay/Data/AI-Class/assignment-6_aung_hein/g2p-par/dev_clean.my > run2.out
Loading table into memory...done.
Name:moses	VmPeak:158304 kB	VmRSS:23156 kB	RSSMax:23504 kB	user:1.499	sys:0.051	CPU:1.550	real:1.520
The decoder returns the scores in this order: LexicalReordering0 LexicalReordering0 LexicalReordering0 LexicalReordering0 LexicalReordering0 LexicalReordering0 Distortion0 LM0 WordPenalty0 PhrasePenalty0 TranslationModel0 TranslationModel0 TranslationModel0 TranslationModel0
Executing: gzip -f run2.best100.out
Scoring the nbestlist.
exec: /media/kyalkalay/Data/AI-Class/assignment-6_aung_hein/pbsmt-big-normalize/baseline/my-ph/tuning/tmp.1/extractor.sh
Executing: /media/kyalkalay/Data/AI-Class/assignment-6_aung_hein/pbsmt-big-normalize/baseline/my-ph/tuning/tmp.1/extractor.sh > extract.out 2> extract.err
Executing: \cp -f init.opt run2.init.opt
exec: /home/kyalkalay/tools/mosesdecoder/bin/mert -d 14  --sctype BLEU --scconfig case:true --ffile run1.features.dat,run2.features.dat --scfile run1.scores.dat,run2.scores.dat --ifile run2.init.opt -n 20
Executing: /home/kyalkalay/tools/mosesdecoder/bin/mert -d 14  --sctype BLEU --scconfig case:true --ffile run1.features.dat,run2.features.dat --scfile run1.scores.dat,run2.scores.dat --ifile run2.init.opt -n 20 > mert.out 2> mert.log
Executing: \cp -f extract.err run2.extract.err
Executing: \cp -f extract.out run2.extract.out
Executing: \cp -f mert.out run2.mert.out
Executing: \cp -f mert.log run2.mert.log
Executing: touch mert.log run2.mert.log
Executing: \cp -f weights.txt run2.weights.txt
featlist: LexicalReordering0=0.117775 
featlist: LexicalReordering0=0.0102777 
featlist: LexicalReordering0=0.00693181 
featlist: LexicalReordering0=0.100815 
featlist: LexicalReordering0=0.0350893 
featlist: LexicalReordering0=0.129926 
featlist: Distortion0=0.0543639 
featlist: LM0=0.0615474 
featlist: WordPenalty0=0.280587 
featlist: PhrasePenalty0=0.0366165 
featlist: TranslationModel0=0.124957 
featlist: TranslationModel0=-0.0212647 
featlist: TranslationModel0=0.0157066 
featlist: TranslationModel0=0.00414288 
Saved: ./run3.moses.ini
DECODER_CFG = -weight-overwrite 'TranslationModel0= 0.124957 -0.021265 0.015707 0.004143 WordPenalty0= 0.280587 PhrasePenalty0= 0.036617 LM0= 0.061547 LexicalReordering0= 0.117775 0.010278 0.006932 0.100815 0.035089 0.129926 Distortion0= 0.054364'
Executing: /home/kyalkalay/tools/mosesdecoder/bin/moses -v 0   -config /media/kyalkalay/Data/AI-Class/assignment-6_aung_hein/pbsmt-big-normalize/baseline/my-ph/tuning/moses.filtered.ini.1 -weight-overwrite 'TranslationModel0= 0.124957 -0.021265 0.015707 0.004143 WordPenalty0= 0.280587 PhrasePenalty0= 0.036617 LM0= 0.061547 LexicalReordering0= 0.117775 0.010278 0.006932 0.100815 0.035089 0.129926 Distortion0= 0.054364'  -n-best-list run3.best100.out 100 distinct  -input-file /media/kyalkalay/Data/AI-Class/assignment-6_aung_hein/g2p-par/dev_clean.my > run3.out 
Executing: /home/kyalkalay/tools/mosesdecoder/bin/moses -v 0   -config /media/kyalkalay/Data/AI-Class/assignment-6_aung_hein/pbsmt-big-normalize/baseline/my-ph/tuning/moses.filtered.ini.1 -weight-overwrite 'TranslationModel0= 0.124957 -0.021265 0.015707 0.004143 WordPenalty0= 0.280587 PhrasePenalty0= 0.036617 LM0= 0.061547 LexicalReordering0= 0.117775 0.010278 0.006932 0.100815 0.035089 0.129926 Distortion0= 0.054364'  -n-best-list run3.best100.out 100 distinct  -input-file /media/kyalkalay/Data/AI-Class/assignment-6_aung_hein/g2p-par/dev_clean.my > run3.out
Loading table into memory...done.
Name:moses	VmPeak:158304 kB	VmRSS:16268 kB	RSSMax:23420 kB	user:2.799	sys:0.074	CPU:2.873	real:2.853
The decoder returns the scores in this order: LexicalReordering0 LexicalReordering0 LexicalReordering0 LexicalReordering0 LexicalReordering0 LexicalReordering0 Distortion0 LM0 WordPenalty0 PhrasePenalty0 TranslationModel0 TranslationModel0 TranslationModel0 TranslationModel0
Executing: gzip -f run3.best100.out
Scoring the nbestlist.
exec: /media/kyalkalay/Data/AI-Class/assignment-6_aung_hein/pbsmt-big-normalize/baseline/my-ph/tuning/tmp.1/extractor.sh
Executing: /media/kyalkalay/Data/AI-Class/assignment-6_aung_hein/pbsmt-big-normalize/baseline/my-ph/tuning/tmp.1/extractor.sh > extract.out 2> extract.err
Executing: \cp -f init.opt run3.init.opt
exec: /home/kyalkalay/tools/mosesdecoder/bin/mert -d 14  --sctype BLEU --scconfig case:true --ffile run1.features.dat,run2.features.dat,run3.features.dat --scfile run1.scores.dat,run2.scores.dat,run3.scores.dat --ifile run3.init.opt -n 20
Executing: /home/kyalkalay/tools/mosesdecoder/bin/mert -d 14  --sctype BLEU --scconfig case:true --ffile run1.features.dat,run2.features.dat,run3.features.dat --scfile run1.scores.dat,run2.scores.dat,run3.scores.dat --ifile run3.init.opt -n 20 > mert.out 2> mert.log
Executing: \cp -f extract.err run3.extract.err
Executing: \cp -f extract.out run3.extract.out
Executing: \cp -f mert.out run3.mert.out
Executing: \cp -f mert.log run3.mert.log
Executing: touch mert.log run3.mert.log
Executing: \cp -f weights.txt run3.weights.txt
featlist: LexicalReordering0=0.118625 
featlist: LexicalReordering0=0.0103519 
featlist: LexicalReordering0=0.00698183 
featlist: LexicalReordering0=0.101543 
featlist: LexicalReordering0=0.0353425 
featlist: LexicalReordering0=0.130864 
featlist: Distortion0=0.0547562 
featlist: LM0=0.0619916 
featlist: WordPenalty0=0.282612 
featlist: PhrasePenalty0=0.0296633 
featlist: TranslationModel0=0.125859 
featlist: TranslationModel0=-0.0214182 
featlist: TranslationModel0=0.01582 
featlist: TranslationModel0=0.00417278 
Saved: ./run4.moses.ini
DECODER_CFG = -weight-overwrite 'TranslationModel0= 0.125859 -0.021418 0.015820 0.004173 WordPenalty0= 0.282612 PhrasePenalty0= 0.029663 LM0= 0.061992 LexicalReordering0= 0.118625 0.010352 0.006982 0.101543 0.035342 0.130864 Distortion0= 0.054756'
Executing: /home/kyalkalay/tools/mosesdecoder/bin/moses -v 0   -config /media/kyalkalay/Data/AI-Class/assignment-6_aung_hein/pbsmt-big-normalize/baseline/my-ph/tuning/moses.filtered.ini.1 -weight-overwrite 'TranslationModel0= 0.125859 -0.021418 0.015820 0.004173 WordPenalty0= 0.282612 PhrasePenalty0= 0.029663 LM0= 0.061992 LexicalReordering0= 0.118625 0.010352 0.006982 0.101543 0.035342 0.130864 Distortion0= 0.054756'  -n-best-list run4.best100.out 100 distinct  -input-file /media/kyalkalay/Data/AI-Class/assignment-6_aung_hein/g2p-par/dev_clean.my > run4.out 
Executing: /home/kyalkalay/tools/mosesdecoder/bin/moses -v 0   -config /media/kyalkalay/Data/AI-Class/assignment-6_aung_hein/pbsmt-big-normalize/baseline/my-ph/tuning/moses.filtered.ini.1 -weight-overwrite 'TranslationModel0= 0.125859 -0.021418 0.015820 0.004173 WordPenalty0= 0.282612 PhrasePenalty0= 0.029663 LM0= 0.061992 LexicalReordering0= 0.118625 0.010352 0.006982 0.101543 0.035342 0.130864 Distortion0= 0.054756'  -n-best-list run4.best100.out 100 distinct  -input-file /media/kyalkalay/Data/AI-Class/assignment-6_aung_hein/g2p-par/dev_clean.my > run4.out
Loading table into memory...done.
Name:moses	VmPeak:158304 kB	VmRSS:16240 kB	RSSMax:23492 kB	user:1.529	sys:0.050	CPU:1.579	real:1.545
The decoder returns the scores in this order: LexicalReordering0 LexicalReordering0 LexicalReordering0 LexicalReordering0 LexicalReordering0 LexicalReordering0 Distortion0 LM0 WordPenalty0 PhrasePenalty0 TranslationModel0 TranslationModel0 TranslationModel0 TranslationModel0
Executing: gzip -f run4.best100.out
Scoring the nbestlist.
exec: /media/kyalkalay/Data/AI-Class/assignment-6_aung_hein/pbsmt-big-normalize/baseline/my-ph/tuning/tmp.1/extractor.sh
Executing: /media/kyalkalay/Data/AI-Class/assignment-6_aung_hein/pbsmt-big-normalize/baseline/my-ph/tuning/tmp.1/extractor.sh > extract.out 2> extract.err
Executing: \cp -f init.opt run4.init.opt
exec: /home/kyalkalay/tools/mosesdecoder/bin/mert -d 14  --sctype BLEU --scconfig case:true --ffile run1.features.dat,run2.features.dat,run3.features.dat,run4.features.dat --scfile run1.scores.dat,run2.scores.dat,run3.scores.dat,run4.scores.dat --ifile run4.init.opt -n 20
Executing: /home/kyalkalay/tools/mosesdecoder/bin/mert -d 14  --sctype BLEU --scconfig case:true --ffile run1.features.dat,run2.features.dat,run3.features.dat,run4.features.dat --scfile run1.scores.dat,run2.scores.dat,run3.scores.dat,run4.scores.dat --ifile run4.init.opt -n 20 > mert.out 2> mert.log
Executing: \cp -f extract.err run4.extract.err
Executing: \cp -f extract.out run4.extract.out
Executing: \cp -f mert.out run4.mert.out
Executing: \cp -f mert.log run4.mert.log
Executing: touch mert.log run4.mert.log
Executing: \cp -f weights.txt run4.weights.txt
None of the weights changed more than 1e-05. Stopping.
Executing: \cp -f init.opt run4.init.opt
Executing: \cp -f mert.log run4.mert.log
featlist: LexicalReordering0=0.118625 
featlist: LexicalReordering0=0.0103519 
featlist: LexicalReordering0=0.00698182 
featlist: LexicalReordering0=0.101543 
featlist: LexicalReordering0=0.0353424 
featlist: LexicalReordering0=0.130864 
featlist: Distortion0=0.0547561 
featlist: LM0=0.0619915 
featlist: WordPenalty0=0.282612 
featlist: PhrasePenalty0=0.0296633 
featlist: TranslationModel0=0.125859 
featlist: TranslationModel0=-0.0214182 
featlist: TranslationModel0=0.01582 
featlist: TranslationModel0=0.00417277 
Saved: ./moses.ini
